<?xml version="1.0" encoding="UTF-8"?>
<!-- Generated by org.testng.reporters.JUnitXMLReporter -->
<testsuite hostname="Vofox-Sebastian" ignored="0" name="Test" tests="8" failures="0" timestamp="31 Oct 2018 12:21:51 GMT" time="104.401" errors="0">
  <testcase name="TCED16201" time="6.67" classname="com.localassessment.Question_Bank_Apply_Standards"/>
  <testcase name="TCED16202" time="14.541" classname="com.localassessment.Question_Bank_Apply_Standards"/>
  <testcase name="TCED16203" time="1.534" classname="com.localassessment.Question_Bank_Apply_Standards"/>
  <testcase name="TCED16204" time="5.147" classname="com.localassessment.Question_Bank_Apply_Standards"/>
  <testcase name="TCED16205" time="14.467" classname="com.localassessment.Question_Bank_Apply_Standards"/>
  <testcase name="TCED16206" time="17.376" classname="com.localassessment.Question_Bank_Apply_Standards"/>
  <testcase name="TCED16207" time="19.175" classname="com.localassessment.Question_Bank_Apply_Standards"/>
  <testcase name="TCED16208" time="14.705" classname="com.localassessment.Question_Bank_Apply_Standards"/>
</testsuite> <!-- Test -->
