<?xml version="1.0" encoding="UTF-8"?>
<!-- Generated by org.testng.reporters.JUnitXMLReporter -->
<testsuite hostname="Vofox-Sebastian" ignored="0" name="Default test" tests="3" failures="0" timestamp="04 Sep 2018 14:56:59 GMT" time="50.056" errors="0">
  <testcase name="TCED22807" time="22.414" classname="com.MTSS.InterventionEffectivenessBySkill"/>
  <testcase name="TCED22808" time="9.303" classname="com.MTSS.InterventionEffectivenessBySkill"/>
  <testcase name="TCED22811" time="9.289" classname="com.MTSS.InterventionEffectivenessBySkill"/>
</testsuite> <!-- Default test -->
