<?xml version="1.0" encoding="UTF-8"?>
<!-- Generated by org.testng.reporters.JUnitXMLReporter -->
<testsuite hostname="Vofox-Sebastian" ignored="0" name="Default test" tests="5" failures="0" timestamp="12 Oct 2018 15:10:34 GMT" time="112.071" errors="0">
  <testcase name="TCED30601" time="8.95" classname="com.curriculum.Custom_Reports"/>
  <testcase name="TCED30602" time="1.822" classname="com.curriculum.Custom_Reports"/>
  <testcase name="TCED30603" time="1.101" classname="com.curriculum.Custom_Reports"/>
  <testcase name="TCED30604" time="45.294" classname="com.curriculum.Custom_Reports"/>
  <testcase name="TCED30605" time="45.896" classname="com.curriculum.Custom_Reports"/>
</testsuite> <!-- Default test -->
