<?xml version="1.0" encoding="UTF-8"?>
<!-- Generated by org.testng.reporters.JUnitXMLReporter -->
<testsuite hostname="Vofox-Sebastian" ignored="0" name="Default test" tests="16" failures="0" timestamp="30 Oct 2018 09:12:19 GMT" time="97.322" errors="0">
  <testcase name="TCED34201" time="12.746" classname="com.Home.Assessments"/>
  <testcase name="TCED34202" time="0.474" classname="com.Home.Assessments"/>
  <testcase name="TCED34203" time="0.934" classname="com.Home.Assessments"/>
  <testcase name="TCED34204" time="0.258" classname="com.Home.Assessments"/>
  <testcase name="TCED34205" time="11.304" classname="com.Home.Assessments"/>
  <testcase name="TCED34206" time="6.06" classname="com.Home.Assessments"/>
  <testcase name="TCED34207" time="0.389" classname="com.Home.Assessments"/>
  <testcase name="TCED34208" time="3.01" classname="com.Home.Assessments"/>
  <testcase name="TCED34209" time="11.321" classname="com.Home.Assessments"/>
  <testcase name="TCED34210" time="6.09" classname="com.Home.Assessments"/>
  <testcase name="TCED34211" time="1.256" classname="com.Home.Assessments"/>
  <testcase name="TCED34212" time="6.742" classname="com.Home.Assessments"/>
  <testcase name="TCED34213" time="11.387" classname="com.Home.Assessments"/>
  <testcase name="TCED34214" time="5.418" classname="com.Home.Assessments"/>
  <testcase name="TCED34215" time="0.316" classname="com.Home.Assessments"/>
  <testcase name="TCED34216" time="11.309" classname="com.Home.Assessments"/>
</testsuite> <!-- Default test -->
