<?xml version="1.0" encoding="UTF-8"?>
<!-- Generated by org.testng.reporters.JUnitXMLReporter -->
<testsuite hostname="Vofox-Sebastian" ignored="0" name="Default test" tests="6" failures="0" timestamp="26 Oct 2018 07:03:44 GMT" time="26.276" errors="0">
  <testcase name="TCED15001" time="6.044" classname="com.localassessment.Copy_assessment_vendor"/>
  <testcase name="TCED15002" time="3.033" classname="com.localassessment.Copy_assessment_vendor"/>
  <testcase name="TCED15003" time="0.055" classname="com.localassessment.Copy_assessment_vendor"/>
  <testcase name="TCED15004" time="0.136" classname="com.localassessment.Copy_assessment_vendor"/>
  <testcase name="TCED15005" time="5.395" classname="com.localassessment.Copy_assessment_vendor"/>
  <testcase name="TCED15006" time="3.931" classname="com.localassessment.Copy_assessment_vendor"/>
</testsuite> <!-- Default test -->
