<?xml version="1.0" encoding="UTF-8"?>
<!-- Generated by org.testng.reporters.JUnitXMLReporter -->
<testsuite hostname="Vofox-Sebastian" ignored="0" name="Default test" tests="15" failures="0" timestamp="27 Nov 2018 10:31:28 GMT" time="95.004" errors="0">
  <testcase name="TCED33201" time="9.349" classname="com.Home.Student_Building_Grade_Lists"/>
  <testcase name="TCED33202" time="0.455" classname="com.Home.Student_Building_Grade_Lists"/>
  <testcase name="TCED33203" time="5.564" classname="com.Home.Student_Building_Grade_Lists"/>
  <testcase name="TCED33204" time="0.268" classname="com.Home.Student_Building_Grade_Lists"/>
  <testcase name="TCED33205" time="11.286" classname="com.Home.Student_Building_Grade_Lists"/>
  <testcase name="TCED33206" time="11.321" classname="com.Home.Student_Building_Grade_Lists"/>
  <testcase name="TCED33207" time="2.22" classname="com.Home.Student_Building_Grade_Lists"/>
  <testcase name="TCED33208" time="1.141" classname="com.Home.Student_Building_Grade_Lists"/>
  <testcase name="TCED33209" time="4.296" classname="com.Home.Student_Building_Grade_Lists"/>
  <testcase name="TCED33210" time="0.243" classname="com.Home.Student_Building_Grade_Lists"/>
  <testcase name="TCED33211" time="11.283" classname="com.Home.Student_Building_Grade_Lists"/>
  <testcase name="TCED33212" time="11.306" classname="com.Home.Student_Building_Grade_Lists"/>
  <testcase name="TCED33213" time="2.221" classname="com.Home.Student_Building_Grade_Lists"/>
  <testcase name="TCED33214" time="1.156" classname="com.Home.Student_Building_Grade_Lists"/>
  <testcase name="TCED33215" time="11.804" classname="com.Home.Student_Building_Grade_Lists"/>
</testsuite> <!-- Default test -->
