<?xml version="1.0" encoding="UTF-8"?>
<!-- Generated by org.testng.reporters.JUnitXMLReporter -->
<testsuite hostname="AKHIL-TS" name="Default test" tests="10" failures="2" timestamp="29 Oct 2018 13:54:10 GMT" time="125.331" errors="0">
  <testcase name="TCED22501" time="7.811" classname="com.MTSS.Meeting_History_Report"/>
  <testcase name="TCED22502" time="0.18" classname="com.MTSS.Meeting_History_Report"/>
  <testcase name="TCED22503" time="1.346" classname="com.MTSS.Meeting_History_Report"/>
  <testcase name="TCED22511" time="9.732" classname="com.MTSS.Meeting_History_Report"/>
  <testcase name="TCED22512" time="11.32" classname="com.MTSS.Meeting_History_Report"/>
  <testcase name="TCED22513" time="11.317" classname="com.MTSS.Meeting_History_Report"/>
  <testcase name="TCED22514" time="3.378" classname="com.MTSS.Meeting_History_Report"/>
  <testcase name="TCED22515" time="30.222" classname="com.MTSS.Meeting_History_Report">
    <failure type="java.lang.AssertionError" message="Timeout during waiting for element: &amp;apos;//*[@id=&amp;apos;ctl00_MainContent_btnExportCSV&amp;apos;]&amp;apos;">
      <![CDATA[java.lang.AssertionError: Timeout during waiting for element: '//*[@id='ctl00_MainContent_btnExportCSV']'
	at Library.BaseClassOne.waitFor(BaseClassOne.java:271)
	at Library.BaseClassOne.click(BaseClassOne.java:183)
	at com.MTSS.Meeting_History_Report.TCED22515(Meeting_History_Report.java:475)
	at sun.reflect.NativeMethodAccessorImpl.invoke0(Native Method)
	at sun.reflect.NativeMethodAccessorImpl.invoke(NativeMethodAccessorImpl.java:62)
	at sun.reflect.DelegatingMethodAccessorImpl.invoke(DelegatingMethodAccessorImpl.java:43)
	at java.lang.reflect.Method.invoke(Method.java:498)
	at org.testng.internal.MethodInvocationHelper.invokeMethod(MethodInvocationHelper.java:100)
	at org.testng.internal.Invoker.invokeMethod(Invoker.java:646)
	at org.testng.internal.Invoker.invokeTestMethod(Invoker.java:811)
	at org.testng.internal.Invoker.invokeTestMethods(Invoker.java:1137)
	at org.testng.internal.TestMethodWorker.invokeTestMethods(TestMethodWorker.java:129)
	at org.testng.internal.TestMethodWorker.run(TestMethodWorker.java:112)
	at org.testng.TestRunner.privateRun(TestRunner.java:753)
	at org.testng.TestRunner.run(TestRunner.java:607)
	at org.testng.SuiteRunner.runTest(SuiteRunner.java:368)
	at org.testng.SuiteRunner.runSequentially(SuiteRunner.java:363)
	at org.testng.SuiteRunner.privateRun(SuiteRunner.java:321)
	at org.testng.SuiteRunner.run(SuiteRunner.java:270)
	at org.testng.SuiteRunnerWorker.runSuite(SuiteRunnerWorker.java:52)
	at org.testng.SuiteRunnerWorker.run(SuiteRunnerWorker.java:86)
	at org.testng.TestNG.runSuitesSequentially(TestNG.java:1284)
	at org.testng.TestNG.runSuitesLocally(TestNG.java:1209)
	at org.testng.TestNG.runSuites(TestNG.java:1124)
	at org.testng.TestNG.run(TestNG.java:1096)
	at org.testng.remote.AbstractRemoteTestNG.run(AbstractRemoteTestNG.java:132)
	at org.testng.remote.RemoteTestNG.initAndRun(RemoteTestNG.java:236)
	at org.testng.remote.RemoteTestNG.main(RemoteTestNG.java:81)
]]>
    </failure>
  </testcase> <!-- TCED22515 -->
  <testcase name="TCED22516" time="30.246" classname="com.MTSS.Meeting_History_Report">
    <failure type="java.lang.AssertionError" message="Timeout during waiting for element: &amp;apos;//*[@id=&amp;apos;ctl00_MainContent_btnExportpdf&amp;apos;]&amp;apos;">
      <![CDATA[java.lang.AssertionError: Timeout during waiting for element: '//*[@id='ctl00_MainContent_btnExportpdf']'
	at Library.BaseClassOne.waitFor(BaseClassOne.java:271)
	at Library.BaseClassOne.click(BaseClassOne.java:183)
	at com.MTSS.Meeting_History_Report.TCED22516(Meeting_History_Report.java:499)
	at sun.reflect.NativeMethodAccessorImpl.invoke0(Native Method)
	at sun.reflect.NativeMethodAccessorImpl.invoke(NativeMethodAccessorImpl.java:62)
	at sun.reflect.DelegatingMethodAccessorImpl.invoke(DelegatingMethodAccessorImpl.java:43)
	at java.lang.reflect.Method.invoke(Method.java:498)
	at org.testng.internal.MethodInvocationHelper.invokeMethod(MethodInvocationHelper.java:100)
	at org.testng.internal.Invoker.invokeMethod(Invoker.java:646)
	at org.testng.internal.Invoker.invokeTestMethod(Invoker.java:811)
	at org.testng.internal.Invoker.invokeTestMethods(Invoker.java:1137)
	at org.testng.internal.TestMethodWorker.invokeTestMethods(TestMethodWorker.java:129)
	at org.testng.internal.TestMethodWorker.run(TestMethodWorker.java:112)
	at org.testng.TestRunner.privateRun(TestRunner.java:753)
	at org.testng.TestRunner.run(TestRunner.java:607)
	at org.testng.SuiteRunner.runTest(SuiteRunner.java:368)
	at org.testng.SuiteRunner.runSequentially(SuiteRunner.java:363)
	at org.testng.SuiteRunner.privateRun(SuiteRunner.java:321)
	at org.testng.SuiteRunner.run(SuiteRunner.java:270)
	at org.testng.SuiteRunnerWorker.runSuite(SuiteRunnerWorker.java:52)
	at org.testng.SuiteRunnerWorker.run(SuiteRunnerWorker.java:86)
	at org.testng.TestNG.runSuitesSequentially(TestNG.java:1284)
	at org.testng.TestNG.runSuitesLocally(TestNG.java:1209)
	at org.testng.TestNG.runSuites(TestNG.java:1124)
	at org.testng.TestNG.run(TestNG.java:1096)
	at org.testng.remote.AbstractRemoteTestNG.run(AbstractRemoteTestNG.java:132)
	at org.testng.remote.RemoteTestNG.initAndRun(RemoteTestNG.java:236)
	at org.testng.remote.RemoteTestNG.main(RemoteTestNG.java:81)
]]>
    </failure>
  </testcase> <!-- TCED22516 -->
  <testcase name="TCED22517" time="11.739" classname="com.MTSS.Meeting_History_Report"/>
</testsuite> <!-- Default test -->
