<?xml version="1.0" encoding="UTF-8"?>
<!-- Generated by org.testng.reporters.JUnitXMLReporter -->
<testsuite hostname="AKHIL-TS" name="Default test" tests="17" failures="1" timestamp="1 Nov 2018 06:10:44 GMT" time="128.429" errors="0">
  <testcase name="TCED22501" time="7.871" classname="com.MTSS.Meeting_History_Report"/>
  <testcase name="TCED22502" time="0.199" classname="com.MTSS.Meeting_History_Report"/>
  <testcase name="TCED22503" time="1.216" classname="com.MTSS.Meeting_History_Report"/>
  <testcase name="TCED22504" time="0.053" classname="com.MTSS.Meeting_History_Report"/>
  <testcase name="TCED22505" time="0.297" classname="com.MTSS.Meeting_History_Report"/>
  <testcase name="TCED22506" time="11.323" classname="com.MTSS.Meeting_History_Report"/>
  <testcase name="TCED22507" time="11.299" classname="com.MTSS.Meeting_History_Report"/>
  <testcase name="TCED22508" time="2.216" classname="com.MTSS.Meeting_History_Report"/>
  <testcase name="TCED22509" time="1.101" classname="com.MTSS.Meeting_History_Report"/>
  <testcase name="TCED22510" time="1.307" classname="com.MTSS.Meeting_History_Report"/>
  <testcase name="TCED22511" time="18.837" classname="com.MTSS.Meeting_History_Report">
    <failure type="java.lang.AssertionError" message="expected [Date Range: 2/1/2018 - 8/8/2018] but found [Date Range:2/1/2018 - 8/3/2018]">
      <![CDATA[java.lang.AssertionError: expected [Date Range: 2/1/2018 - 8/8/2018] but found [Date Range:2/1/2018 - 8/3/2018]
	at org.testng.Assert.fail(Assert.java:94)
	at org.testng.Assert.failNotEquals(Assert.java:513)
	at org.testng.Assert.assertEqualsImpl(Assert.java:135)
	at org.testng.Assert.assertEquals(Assert.java:116)
	at org.testng.Assert.assertEquals(Assert.java:190)
	at org.testng.Assert.assertEquals(Assert.java:200)
	at com.MTSS.Meeting_History_Report.TCED22511(Meeting_History_Report.java:382)
	at sun.reflect.NativeMethodAccessorImpl.invoke0(Native Method)
	at sun.reflect.NativeMethodAccessorImpl.invoke(NativeMethodAccessorImpl.java:62)
	at sun.reflect.DelegatingMethodAccessorImpl.invoke(DelegatingMethodAccessorImpl.java:43)
	at java.lang.reflect.Method.invoke(Method.java:498)
	at org.testng.internal.MethodInvocationHelper.invokeMethod(MethodInvocationHelper.java:100)
	at org.testng.internal.Invoker.invokeMethod(Invoker.java:646)
	at org.testng.internal.Invoker.invokeTestMethod(Invoker.java:811)
	at org.testng.internal.Invoker.invokeTestMethods(Invoker.java:1137)
	at org.testng.internal.TestMethodWorker.invokeTestMethods(TestMethodWorker.java:129)
	at org.testng.internal.TestMethodWorker.run(TestMethodWorker.java:112)
	at org.testng.TestRunner.privateRun(TestRunner.java:753)
	at org.testng.TestRunner.run(TestRunner.java:607)
	at org.testng.SuiteRunner.runTest(SuiteRunner.java:368)
	at org.testng.SuiteRunner.runSequentially(SuiteRunner.java:363)
	at org.testng.SuiteRunner.privateRun(SuiteRunner.java:321)
	at org.testng.SuiteRunner.run(SuiteRunner.java:270)
	at org.testng.SuiteRunnerWorker.runSuite(SuiteRunnerWorker.java:52)
	at org.testng.SuiteRunnerWorker.run(SuiteRunnerWorker.java:86)
	at org.testng.TestNG.runSuitesSequentially(TestNG.java:1284)
	at org.testng.TestNG.runSuitesLocally(TestNG.java:1209)
	at org.testng.TestNG.runSuites(TestNG.java:1124)
	at org.testng.TestNG.run(TestNG.java:1096)
	at org.testng.remote.AbstractRemoteTestNG.run(AbstractRemoteTestNG.java:132)
	at org.testng.remote.RemoteTestNG.initAndRun(RemoteTestNG.java:236)
	at org.testng.remote.RemoteTestNG.main(RemoteTestNG.java:81)
]]>
    </failure>
  </testcase> <!-- TCED22511 -->
  <testcase name="TCED22512" time="11.274" classname="com.MTSS.Meeting_History_Report"/>
  <testcase name="TCED22513" time="11.308" classname="com.MTSS.Meeting_History_Report"/>
  <testcase name="TCED22514" time="3.797" classname="com.MTSS.Meeting_History_Report"/>
  <testcase name="TCED22515" time="11.28" classname="com.MTSS.Meeting_History_Report"/>
  <testcase name="TCED22516" time="11.278" classname="com.MTSS.Meeting_History_Report"/>
  <testcase name="TCED22517" time="11.76" classname="com.MTSS.Meeting_History_Report"/>
</testsuite> <!-- Default test -->
