<?xml version="1.0" encoding="UTF-8"?>
<!-- Generated by org.testng.reporters.JUnitXMLReporter -->
<testsuite hostname="Vofox-Sebastian" ignored="0" name="Default test" tests="13" failures="0" timestamp="26 Sep 2018 06:05:47 GMT" time="166.837" errors="0">
  <testcase name="TCED29201" time="8.23" classname="com.curriculum.Edit_Curriculum"/>
  <testcase name="TCED29202" time="1.412" classname="com.curriculum.Edit_Curriculum"/>
  <testcase name="TCED29203" time="12.943" classname="com.curriculum.Edit_Curriculum"/>
  <testcase name="TCED29204" time="14.364" classname="com.curriculum.Edit_Curriculum"/>
  <testcase name="TCED29205" time="15.841" classname="com.curriculum.Edit_Curriculum"/>
  <testcase name="TCED29206" time="23.657" classname="com.curriculum.Edit_Curriculum"/>
  <testcase name="TCED29207" time="23.971" classname="com.curriculum.Edit_Curriculum"/>
  <testcase name="TCED29208" time="9.977" classname="com.curriculum.Edit_Curriculum"/>
  <testcase name="TCED29209" time="9.803" classname="com.curriculum.Edit_Curriculum"/>
  <testcase name="TCED29210" time="9.874" classname="com.curriculum.Edit_Curriculum"/>
  <testcase name="TCED29211" time="1.337" classname="com.curriculum.Edit_Curriculum"/>
  <testcase name="TCED29212" time="4.808" classname="com.curriculum.Edit_Curriculum"/>
  <testcase name="TCED29213" time="20.361" classname="com.curriculum.Edit_Curriculum"/>
</testsuite> <!-- Default test -->
