<?xml version="1.0" encoding="UTF-8"?>
<!-- Generated by org.testng.reporters.JUnitXMLReporter -->
<testsuite hostname="Vofox-Sebastian" ignored="0" name="Default test" tests="27" failures="0" timestamp="20 Nov 2018 05:31:01 GMT" time="0.474" errors="0">
  <testcase name="@BeforeTest setup1" time="0.233" classname="Library.BaseClassOne">
    <failure type="java.lang.IllegalStateException" message="The driver executable does not exist: E:\Edinsight\geckodriver.exe">
      <![CDATA[java.lang.IllegalStateException: The driver executable does not exist: E:\Edinsight\geckodriver.exe
at com.google.common.base.Preconditions.checkState(Preconditions.java:585)
at org.openqa.selenium.remote.service.DriverService.checkExecutable(DriverService.java:136)
at org.openqa.selenium.remote.service.DriverService.findExecutable(DriverService.java:131)
at org.openqa.selenium.firefox.GeckoDriverService.access$100(GeckoDriverService.java:41)
at org.openqa.selenium.firefox.GeckoDriverService$Builder.findDefaultExecutable(GeckoDriverService.java:141)
at org.openqa.selenium.remote.service.DriverService$Builder.build(DriverService.java:339)
at org.openqa.selenium.firefox.FirefoxDriver.toExecutor(FirefoxDriver.java:158)
at org.openqa.selenium.firefox.FirefoxDriver.<init>(FirefoxDriver.java:120)
at Library.BaseClassOne.setup1(BaseClassOne.java:121)
at sun.reflect.NativeMethodAccessorImpl.invoke0(Native Method)
at sun.reflect.NativeMethodAccessorImpl.invoke(NativeMethodAccessorImpl.java:62)
at sun.reflect.DelegatingMethodAccessorImpl.invoke(DelegatingMethodAccessorImpl.java:43)
at java.lang.reflect.Method.invoke(Method.java:498)
at org.testng.internal.MethodInvocationHelper.invokeMethod(MethodInvocationHelper.java:124)
at org.testng.internal.MethodInvocationHelper.invokeMethodConsideringTimeout(MethodInvocationHelper.java:59)
at org.testng.internal.Invoker.invokeConfigurationMethod(Invoker.java:458)
at org.testng.internal.Invoker.invokeConfigurations(Invoker.java:222)
at org.testng.internal.Invoker.invokeConfigurations(Invoker.java:142)
at org.testng.TestRunner.beforeRun(TestRunner.java:529)
at org.testng.TestRunner.run(TestRunner.java:497)
at org.testng.SuiteRunner.runTest(SuiteRunner.java:455)
at org.testng.SuiteRunner.runSequentially(SuiteRunner.java:450)
at org.testng.SuiteRunner.privateRun(SuiteRunner.java:415)
at org.testng.SuiteRunner.run(SuiteRunner.java:364)
at org.testng.SuiteRunnerWorker.runSuite(SuiteRunnerWorker.java:52)
at org.testng.SuiteRunnerWorker.run(SuiteRunnerWorker.java:84)
at org.testng.TestNG.runSuitesSequentially(TestNG.java:1208)
at org.testng.TestNG.runSuitesLocally(TestNG.java:1137)
at org.testng.TestNG.runSuites(TestNG.java:1049)
at org.testng.TestNG.run(TestNG.java:1017)
at org.testng.remote.AbstractRemoteTestNG.run(AbstractRemoteTestNG.java:114)
at org.testng.remote.RemoteTestNG.initAndRun(RemoteTestNG.java:251)
at org.testng.remote.RemoteTestNG.main(RemoteTestNG.java:77)
]]>
    </failure>
  </testcase> <!-- @BeforeTest setup1 -->
  <testcase name="@AfterTest tearDown" time="0.0" classname="Library.BaseClassOne">
    <skipped/>
  </testcase> <!-- @AfterTest tearDown -->
  <testcase name="TCED14301" time="0.0" classname="com.analyzeByScore.Local_Assessment_AnalyzeByTag">
    <skipped/>
  </testcase> <!-- TCED14301 -->
  <testcase name="TCED14302" time="0.0" classname="com.analyzeByScore.Local_Assessment_AnalyzeByTag">
    <skipped/>
  </testcase> <!-- TCED14302 -->
  <testcase name="TCED14303" time="0.0" classname="com.analyzeByScore.Local_Assessment_AnalyzeByTag">
    <skipped/>
  </testcase> <!-- TCED14303 -->
  <testcase name="TCED14304" time="0.0" classname="com.analyzeByScore.Local_Assessment_AnalyzeByTag">
    <skipped/>
  </testcase> <!-- TCED14304 -->
  <testcase name="TCED14305" time="0.0" classname="com.analyzeByScore.Local_Assessment_AnalyzeByTag">
    <skipped/>
  </testcase> <!-- TCED14305 -->
  <testcase name="TCED14306" time="0.0" classname="com.analyzeByScore.Local_Assessment_AnalyzeByTag">
    <skipped/>
  </testcase> <!-- TCED14306 -->
  <testcase name="TCED14307" time="0.0" classname="com.analyzeByScore.Local_Assessment_AnalyzeByTag">
    <skipped/>
  </testcase> <!-- TCED14307 -->
  <testcase name="TCED14308" time="0.0" classname="com.analyzeByScore.Local_Assessment_AnalyzeByTag">
    <skipped/>
  </testcase> <!-- TCED14308 -->
  <testcase name="TCED14309" time="0.0" classname="com.analyzeByScore.Local_Assessment_AnalyzeByTag">
    <skipped/>
  </testcase> <!-- TCED14309 -->
  <testcase name="TCED14310" time="0.0" classname="com.analyzeByScore.Local_Assessment_AnalyzeByTag">
    <skipped/>
  </testcase> <!-- TCED14310 -->
  <testcase name="TCED14311" time="0.0" classname="com.analyzeByScore.Local_Assessment_AnalyzeByTag">
    <skipped/>
  </testcase> <!-- TCED14311 -->
  <testcase name="TCED14312" time="0.0" classname="com.analyzeByScore.Local_Assessment_AnalyzeByTag">
    <skipped/>
  </testcase> <!-- TCED14312 -->
  <testcase name="TCED14313" time="0.0" classname="com.analyzeByScore.Local_Assessment_AnalyzeByTag">
    <skipped/>
  </testcase> <!-- TCED14313 -->
  <testcase name="TCED14314" time="0.0" classname="com.analyzeByScore.Local_Assessment_AnalyzeByTag">
    <skipped/>
  </testcase> <!-- TCED14314 -->
  <testcase name="TCED14315" time="0.0" classname="com.analyzeByScore.Local_Assessment_AnalyzeByTag">
    <skipped/>
  </testcase> <!-- TCED14315 -->
  <testcase name="TCED14316" time="0.0" classname="com.analyzeByScore.Local_Assessment_AnalyzeByTag">
    <skipped/>
  </testcase> <!-- TCED14316 -->
  <testcase name="TCED14317" time="0.0" classname="com.analyzeByScore.Local_Assessment_AnalyzeByTag">
    <skipped/>
  </testcase> <!-- TCED14317 -->
  <testcase name="TCED14318" time="0.0" classname="com.analyzeByScore.Local_Assessment_AnalyzeByTag">
    <skipped/>
  </testcase> <!-- TCED14318 -->
  <testcase name="TCED14319" time="0.0" classname="com.analyzeByScore.Local_Assessment_AnalyzeByTag">
    <skipped/>
  </testcase> <!-- TCED14319 -->
  <testcase name="TCED14320" time="0.0" classname="com.analyzeByScore.Local_Assessment_AnalyzeByTag">
    <skipped/>
  </testcase> <!-- TCED14320 -->
  <testcase name="TCED14321" time="0.0" classname="com.analyzeByScore.Local_Assessment_AnalyzeByTag">
    <skipped/>
  </testcase> <!-- TCED14321 -->
  <testcase name="TCED14322" time="0.0" classname="com.analyzeByScore.Local_Assessment_AnalyzeByTag">
    <skipped/>
  </testcase> <!-- TCED14322 -->
  <testcase name="TCED14323" time="0.0" classname="com.analyzeByScore.Local_Assessment_AnalyzeByTag">
    <skipped/>
  </testcase> <!-- TCED14323 -->
  <testcase name="TCED14324" time="0.0" classname="com.analyzeByScore.Local_Assessment_AnalyzeByTag">
    <skipped/>
  </testcase> <!-- TCED14324 -->
  <testcase name="TCED14325" time="0.0" classname="com.analyzeByScore.Local_Assessment_AnalyzeByTag">
    <skipped/>
  </testcase> <!-- TCED14325 -->
  <testcase name="TCED14326" time="0.0" classname="com.analyzeByScore.Local_Assessment_AnalyzeByTag">
    <skipped/>
  </testcase> <!-- TCED14326 -->
  <testcase name="TCED14327" time="0.0" classname="com.analyzeByScore.Local_Assessment_AnalyzeByTag">
    <skipped/>
  </testcase> <!-- TCED14327 -->
</testsuite> <!-- Default test -->
