<?xml version="1.0" encoding="UTF-8"?>
<!-- Generated by org.testng.reporters.JUnitXMLReporter -->
<testsuite hostname="AKHIL-TS" name="Default test" tests="16" failures="0" timestamp="6 Dec 2018 11:20:30 GMT" time="112.706" errors="0">
  <testcase name="TCED34201" time="13.319" classname="com.Home.Assessments"/>
  <testcase name="TCED34202" time="0.417" classname="com.Home.Assessments"/>
  <testcase name="TCED34203" time="0.985" classname="com.Home.Assessments"/>
  <testcase name="TCED34204" time="0.253" classname="com.Home.Assessments"/>
  <testcase name="TCED34205" time="11.291" classname="com.Home.Assessments"/>
  <testcase name="TCED34206" time="5.668" classname="com.Home.Assessments"/>
  <testcase name="TCED34207" time="0.349" classname="com.Home.Assessments"/>
  <testcase name="TCED34208" time="3.161" classname="com.Home.Assessments"/>
  <testcase name="TCED34209" time="11.306" classname="com.Home.Assessments"/>
  <testcase name="TCED34210" time="5.055" classname="com.Home.Assessments"/>
  <testcase name="TCED34211" time="1.093" classname="com.Home.Assessments"/>
  <testcase name="TCED34212" time="6.308" classname="com.Home.Assessments"/>
  <testcase name="TCED34213" time="11.319" classname="com.Home.Assessments"/>
  <testcase name="TCED34214" time="5.203" classname="com.Home.Assessments"/>
  <testcase name="TCED34215" time="0.34" classname="com.Home.Assessments"/>
  <testcase name="TCED34216" time="11.262" classname="com.Home.Assessments"/>
</testsuite> <!-- Default test -->
