<?xml version="1.0" encoding="UTF-8"?>
<!-- Generated by org.testng.reporters.JUnitXMLReporter -->
<testsuite hostname="Vofox-Sebastian" ignored="0" name="Default test" tests="24" failures="0" timestamp="21 Nov 2018 08:52:26 GMT" time="352.057" errors="0">
  <testcase name="TCED14081" time="12.284" classname="com.analyzeByScore.ItemAnalysisbyQuestion"/>
  <testcase name="TCED14082" time="0.263" classname="com.analyzeByScore.ItemAnalysisbyQuestion"/>
  <testcase name="TCED14083" time="0.968" classname="com.analyzeByScore.ItemAnalysisbyQuestion"/>
  <testcase name="TCED14084" time="1.27" classname="com.analyzeByScore.ItemAnalysisbyQuestion"/>
  <testcase name="TCED14085" time="7.481" classname="com.analyzeByScore.ItemAnalysisbyQuestion"/>
  <testcase name="TCED14086" time="7.171" classname="com.analyzeByScore.ItemAnalysisbyQuestion"/>
  <testcase name="TCED14087" time="7.447" classname="com.analyzeByScore.ItemAnalysisbyQuestion"/>
  <testcase name="TCED14088" time="7.519" classname="com.analyzeByScore.ItemAnalysisbyQuestion"/>
  <testcase name="TCED14089" time="11.089" classname="com.analyzeByScore.ItemAnalysisbyQuestion"/>
  <testcase name="TCED14090" time="1.571" classname="com.analyzeByScore.ItemAnalysisbyQuestion"/>
  <testcase name="TCED14091" time="12.627" classname="com.analyzeByScore.ItemAnalysisbyQuestion"/>
  <testcase name="TCED14092" time="12.787" classname="com.analyzeByScore.ItemAnalysisbyQuestion"/>
  <testcase name="TCED14093" time="12.203" classname="com.analyzeByScore.ItemAnalysisbyQuestion"/>
  <testcase name="TCED14094" time="12.516" classname="com.analyzeByScore.ItemAnalysisbyQuestion"/>
  <testcase name="TCED14095" time="8.423" classname="com.analyzeByScore.ItemAnalysisbyQuestion"/>
  <testcase name="TCED14096" time="1.448" classname="com.analyzeByScore.ItemAnalysisbyQuestion"/>
  <testcase name="TCED14097" time="11.653" classname="com.analyzeByScore.ItemAnalysisbyQuestion"/>
  <testcase name="TCED14098" time="11.704" classname="com.analyzeByScore.ItemAnalysisbyQuestion"/>
  <testcase name="TCED14099" time="11.696" classname="com.analyzeByScore.ItemAnalysisbyQuestion"/>
  <testcase name="TCED14100" time="11.53" classname="com.analyzeByScore.ItemAnalysisbyQuestion"/>
  <testcase name="TCED14101" time="15.224" classname="com.analyzeByScore.ItemAnalysisbyQuestion"/>
  <testcase name="TCED14102" time="19.519" classname="com.analyzeByScore.ItemAnalysisbyQuestion"/>
  <testcase name="TCED14103" time="34.821" classname="com.analyzeByScore.ItemAnalysisbyQuestion"/>
  <testcase name="TCED14104" time="111.115" classname="com.analyzeByScore.ItemAnalysisbyQuestion"/>
</testsuite> <!-- Default test -->
