<?xml version="1.0" encoding="UTF-8"?>
<!-- Generated by org.testng.reporters.JUnitXMLReporter -->
<testsuite hostname="Vofox-Sebastian" ignored="0" name="Default test" tests="16" failures="0" timestamp="18 Oct 2018 06:49:04 GMT" time="108.132" errors="0">
  <testcase name="TCED34201" time="20.35" classname="com.Home.Assessments"/>
  <testcase name="TCED34202" time="0.167" classname="com.Home.Assessments"/>
  <testcase name="TCED34203" time="2.391" classname="com.Home.Assessments"/>
  <testcase name="TCED34204" time="0.187" classname="com.Home.Assessments"/>
  <testcase name="TCED34205" time="11.301" classname="com.Home.Assessments"/>
  <testcase name="TCED34206" time="5.928" classname="com.Home.Assessments"/>
  <testcase name="TCED34207" time="0.328" classname="com.Home.Assessments"/>
  <testcase name="TCED34208" time="3.05" classname="com.Home.Assessments"/>
  <testcase name="TCED34209" time="11.292" classname="com.Home.Assessments"/>
  <testcase name="TCED34210" time="5.049" classname="com.Home.Assessments"/>
  <testcase name="TCED34211" time="1.045" classname="com.Home.Assessments"/>
  <testcase name="TCED34212" time="6.703" classname="com.Home.Assessments"/>
  <testcase name="TCED34213" time="11.298" classname="com.Home.Assessments"/>
  <testcase name="TCED34214" time="6.146" classname="com.Home.Assessments"/>
  <testcase name="TCED34215" time="0.247" classname="com.Home.Assessments"/>
  <testcase name="TCED34216" time="11.808" classname="com.Home.Assessments"/>
</testsuite> <!-- Default test -->
