<?xml version="1.0" encoding="UTF-8"?>
<!-- Generated by org.testng.reporters.JUnitXMLReporter -->
<testsuite hostname="Ans-A" name="Default test" tests="17" failures="0" timestamp="30 Oct 2018 11:25:36 GMT" time="161.786" errors="0">
  <testcase name="TCED22601" time="9.5" classname="com.MTSS.TeamDecisionReport"/>
  <testcase name="TCED22602" time="0.184" classname="com.MTSS.TeamDecisionReport"/>
  <testcase name="TCED22603" time="2.935" classname="com.MTSS.TeamDecisionReport"/>
  <testcase name="TCED22604" time="0.054" classname="com.MTSS.TeamDecisionReport"/>
  <testcase name="TCED22605" time="0.157" classname="com.MTSS.TeamDecisionReport"/>
  <testcase name="TCED22606" time="9.252" classname="com.MTSS.TeamDecisionReport"/>
  <testcase name="TCED22607" time="9.298" classname="com.MTSS.TeamDecisionReport"/>
  <testcase name="TCED22608" time="19.327" classname="com.MTSS.TeamDecisionReport"/>
  <testcase name="TCED22609" time="21.417" classname="com.MTSS.TeamDecisionReport"/>
  <testcase name="TCED22610" time="4.007" classname="com.MTSS.TeamDecisionReport"/>
  <testcase name="TCED22611" time="21.905" classname="com.MTSS.TeamDecisionReport"/>
  <testcase name="TCED22612" time="9.253" classname="com.MTSS.TeamDecisionReport"/>
  <testcase name="TCED22613" time="9.312" classname="com.MTSS.TeamDecisionReport"/>
  <testcase name="TCED22614" time="7.791" classname="com.MTSS.TeamDecisionReport"/>
  <testcase name="TCED22615" time="9.263" classname="com.MTSS.TeamDecisionReport"/>
  <testcase name="TCED22616" time="9.287" classname="com.MTSS.TeamDecisionReport"/>
  <testcase name="TCED22617" time="9.287" classname="com.MTSS.TeamDecisionReport"/>
</testsuite> <!-- Default test -->
