<?xml version="1.0" encoding="UTF-8"?>
<!-- Generated by org.testng.reporters.JUnitXMLReporter -->
<testsuite hostname="Vofox-Sebastian" ignored="0" name="Default test" tests="7" failures="0" timestamp="19 Oct 2018 15:28:32 GMT" time="30.65" errors="0">
  <testcase name="TCED16501" time="6.309" classname="com.questionBank.Local_Assessment_Question_Bank_Add_Edit_or_View_Exhibits"/>
  <testcase name="TCED16502" time="3.882" classname="com.questionBank.Local_Assessment_Question_Bank_Add_Edit_or_View_Exhibits"/>
  <testcase name="TCED16503" time="0.262" classname="com.questionBank.Local_Assessment_Question_Bank_Add_Edit_or_View_Exhibits"/>
  <testcase name="TCED16504" time="0.284" classname="com.questionBank.Local_Assessment_Question_Bank_Add_Edit_or_View_Exhibits"/>
  <testcase name="TCED16505" time="4.697" classname="com.questionBank.Local_Assessment_Question_Bank_Add_Edit_or_View_Exhibits"/>
  <testcase name="TCED16506" time="1.501" classname="com.questionBank.Local_Assessment_Question_Bank_Add_Edit_or_View_Exhibits"/>
  <testcase name="TCED16507" time="2.166" classname="com.questionBank.Local_Assessment_Question_Bank_Add_Edit_or_View_Exhibits"/>
</testsuite> <!-- Default test -->
