<?xml version="1.0" encoding="UTF-8"?>
<!-- Generated by org.testng.reporters.JUnitXMLReporter -->
<testsuite hostname="Ans-A" name="Default test" tests="23" failures="0" timestamp="28 Nov 2018 12:13:49 GMT" time="243.688" errors="0">
  <testcase name="TCED20201" time="90.115" classname="com.MTSS.Manage_meetings"/>
  <testcase name="TCED20202" time="0.13" classname="com.MTSS.Manage_meetings"/>
  <testcase name="TCED20203" time="2.595" classname="com.MTSS.Manage_meetings"/>
  <testcase name="TCED20204" time="2.326" classname="com.MTSS.Manage_meetings"/>
  <testcase name="TCED20205" time="0.099" classname="com.MTSS.Manage_meetings"/>
  <testcase name="TCED20206" time="6.409" classname="com.MTSS.Manage_meetings"/>
  <testcase name="TCED20207" time="0.066" classname="com.MTSS.Manage_meetings"/>
  <testcase name="TCED20208" time="7.362" classname="com.MTSS.Manage_meetings"/>
  <testcase name="TCED20209" time="4.212" classname="com.MTSS.Manage_meetings"/>
  <testcase name="TCED20210" time="7.948" classname="com.MTSS.Manage_meetings"/>
  <testcase name="TCED20211" time="10.844" classname="com.MTSS.Manage_meetings"/>
  <testcase name="TCED20212" time="10.592" classname="com.MTSS.Manage_meetings"/>
  <testcase name="TCED20213" time="0.044" classname="com.MTSS.Manage_meetings"/>
  <testcase name="TCED20214" time="13.705" classname="com.MTSS.Manage_meetings"/>
  <testcase name="TCED20215" time="13.188" classname="com.MTSS.Manage_meetings"/>
  <testcase name="TCED20217" time="9.248" classname="com.MTSS.Manage_meetings"/>
  <testcase name="TCED20218" time="0.071" classname="com.MTSS.Manage_meetings"/>
  <testcase name="TCED20219" time="12.034" classname="com.MTSS.Manage_meetings"/>
  <testcase name="TCED20220" time="0.17" classname="com.MTSS.Manage_meetings"/>
  <testcase name="TCED20221" time="8.16" classname="com.MTSS.Manage_meetings"/>
  <testcase name="TCED20222" time="30.558" classname="com.MTSS.Manage_meetings"/>
  <testcase name="TCED20223" time="0.044" classname="com.MTSS.Manage_meetings"/>
  <testcase name="TCED20224" time="2.682" classname="com.MTSS.Manage_meetings"/>
</testsuite> <!-- Default test -->
