<?xml version="1.0" encoding="UTF-8"?>
<!-- Generated by org.testng.reporters.JUnitXMLReporter -->
<testsuite hostname="AKHIL-TS" name="Default test" tests="3" failures="0" timestamp="14 Aug 2018 12:21:21 GMT" time="71.208" errors="0">
  <testcase name="TCED24103" time="21.455" classname="com.curriculum.My_lesson_plans_calendar"/>
  <testcase name="TCED24105" time="12.911" classname="com.curriculum.My_lesson_plans_calendar"/>
  <testcase name="TCED24104" time="3.157" classname="com.curriculum.My_lesson_plans_calendar"/>
</testsuite> <!-- Default test -->
