<?xml version="1.0" encoding="UTF-8"?>
<!-- Generated by org.testng.reporters.JUnitXMLReporter -->
<testsuite hostname="AKHIL-TS" name="Default test" tests="5" failures="0" timestamp="19 Sep 2018 12:04:43 GMT" time="48.278" errors="0">
  <testcase name="TCED29501" time="16.053" classname="com.curriculum.Copy_Current_Map"/>
  <testcase name="TCED29502" time="1.547" classname="com.curriculum.Copy_Current_Map"/>
  <testcase name="TCED29503" time="1.537" classname="com.curriculum.Copy_Current_Map"/>
  <testcase name="TCED29504" time="4.767" classname="com.curriculum.Copy_Current_Map"/>
  <testcase name="TCED29505" time="15.172" classname="com.curriculum.Copy_Current_Map"/>
</testsuite> <!-- Default test -->
