<?xml version="1.0" encoding="UTF-8"?>
<!-- Generated by org.testng.reporters.JUnitXMLReporter -->
<testsuite hostname="Vofox-Sebastian" ignored="0" name="Default test" tests="8" failures="0" timestamp="25 Sep 2018 14:25:31 GMT" time="55.761" errors="0">
  <testcase name="TCED30201" time="14.004" classname="com.curriculum.Standards_Coverage_Report"/>
  <testcase name="TCED30202" time="0.956" classname="com.curriculum.Standards_Coverage_Report"/>
  <testcase name="TCED30203" time="4.274" classname="com.curriculum.Standards_Coverage_Report"/>
  <testcase name="TCED30204" time="0.19" classname="com.curriculum.Standards_Coverage_Report"/>
  <testcase name="TCED30205" time="2.495" classname="com.curriculum.Standards_Coverage_Report"/>
  <testcase name="TCED30206" time="0.202" classname="com.curriculum.Standards_Coverage_Report"/>
  <testcase name="TCED30207" time="11.317" classname="com.curriculum.Standards_Coverage_Report"/>
  <testcase name="TCED30208" time="11.346" classname="com.curriculum.Standards_Coverage_Report"/>
</testsuite> <!-- Default test -->
