<?xml version="1.0" encoding="UTF-8"?>
<!-- Generated by org.testng.reporters.JUnitXMLReporter -->
<testsuite hostname="Vofox-Sebastian" ignored="0" name="Default test" tests="7" failures="0" timestamp="11 Sep 2018 14:43:31 GMT" time="122.65" errors="0">
  <testcase name="TCED22906" time="20.631" classname="com.MTSS.FacilitatorPersonResponsibleList"/>
  <testcase name="TCED22907" time="9.337" classname="com.MTSS.FacilitatorPersonResponsibleList"/>
  <testcase name="TCED22911" time="20.966" classname="com.MTSS.FacilitatorPersonResponsibleList"/>
  <testcase name="TCED22912" time="10.283" classname="com.MTSS.FacilitatorPersonResponsibleList"/>
  <testcase name="TCED22914" time="18.73" classname="com.MTSS.FacilitatorPersonResponsibleList"/>
  <testcase name="TCED22915" time="10.329" classname="com.MTSS.FacilitatorPersonResponsibleList"/>
  <testcase name="TCED22916" time="10.301" classname="com.MTSS.FacilitatorPersonResponsibleList"/>
</testsuite> <!-- Default test -->
