<?xml version="1.0" encoding="UTF-8"?>
<!-- Generated by org.testng.reporters.JUnitXMLReporter -->
<testsuite hostname="Ans-A" name="Default test" tests="15" failures="1" timestamp="19 Nov 2018 06:03:54 GMT" time="169.923" errors="0">
  <testcase name="TCED14151" time="12.353" classname="com.analyzeByScore.StudentAssessmentAdministrationResultsbyTeacher"/>
  <testcase name="TCED14152" time="0.186" classname="com.analyzeByScore.StudentAssessmentAdministrationResultsbyTeacher"/>
  <testcase name="TCED14153" time="1.756" classname="com.analyzeByScore.StudentAssessmentAdministrationResultsbyTeacher"/>
  <testcase name="TCED14154" time="16.887" classname="com.analyzeByScore.StudentAssessmentAdministrationResultsbyTeacher"/>
  <testcase name="TCED14155" time="9.28" classname="com.analyzeByScore.StudentAssessmentAdministrationResultsbyTeacher"/>
  <testcase name="TCED14156" time="9.259" classname="com.analyzeByScore.StudentAssessmentAdministrationResultsbyTeacher"/>
  <testcase name="TCED14157" time="2.365" classname="com.analyzeByScore.StudentAssessmentAdministrationResultsbyTeacher"/>
  <testcase name="TCED14158" time="10.833" classname="com.analyzeByScore.StudentAssessmentAdministrationResultsbyTeacher"/>
  <testcase name="TCED14159" time="9.255" classname="com.analyzeByScore.StudentAssessmentAdministrationResultsbyTeacher"/>
  <testcase name="TCED14160" time="1.577" classname="com.analyzeByScore.StudentAssessmentAdministrationResultsbyTeacher"/>
  <testcase name="TCED14161" time="10.402" classname="com.analyzeByScore.StudentAssessmentAdministrationResultsbyTeacher"/>
  <testcase name="TCED14162" time="1.677" classname="com.analyzeByScore.StudentAssessmentAdministrationResultsbyTeacher"/>
  <testcase name="TCED14163" time="12.639" classname="com.analyzeByScore.StudentAssessmentAdministrationResultsbyTeacher"/>
  <testcase name="TCED14164" time="27.947" classname="com.analyzeByScore.StudentAssessmentAdministrationResultsbyTeacher"/>
  <testcase name="TCED14165" time="34.273" classname="com.analyzeByScore.StudentAssessmentAdministrationResultsbyTeacher">
    <failure type="java.lang.AssertionError" message="Failed to download document which has extension .PDF expected [true] but found [false]">
      <![CDATA[java.lang.AssertionError: Failed to download document which has extension .PDF expected [true] but found [false]
	at org.testng.Assert.fail(Assert.java:94)
	at org.testng.Assert.failNotEquals(Assert.java:513)
	at org.testng.Assert.assertTrue(Assert.java:42)
	at com.analyzeByScore.StudentAssessmentAdministrationResultsbyTeacher.TCED14165(StudentAssessmentAdministrationResultsbyTeacher.java:645)
	at sun.reflect.NativeMethodAccessorImpl.invoke0(Native Method)
	at sun.reflect.NativeMethodAccessorImpl.invoke(NativeMethodAccessorImpl.java:62)
	at sun.reflect.DelegatingMethodAccessorImpl.invoke(DelegatingMethodAccessorImpl.java:43)
	at java.lang.reflect.Method.invoke(Method.java:498)
	at org.testng.internal.MethodInvocationHelper.invokeMethod(MethodInvocationHelper.java:100)
	at org.testng.internal.Invoker.invokeMethod(Invoker.java:646)
	at org.testng.internal.Invoker.invokeTestMethod(Invoker.java:811)
	at org.testng.internal.Invoker.invokeTestMethods(Invoker.java:1137)
	at org.testng.internal.TestMethodWorker.invokeTestMethods(TestMethodWorker.java:129)
	at org.testng.internal.TestMethodWorker.run(TestMethodWorker.java:112)
	at org.testng.TestRunner.privateRun(TestRunner.java:753)
	at org.testng.TestRunner.run(TestRunner.java:607)
	at org.testng.SuiteRunner.runTest(SuiteRunner.java:368)
	at org.testng.SuiteRunner.runSequentially(SuiteRunner.java:363)
	at org.testng.SuiteRunner.privateRun(SuiteRunner.java:321)
	at org.testng.SuiteRunner.run(SuiteRunner.java:270)
	at org.testng.SuiteRunnerWorker.runSuite(SuiteRunnerWorker.java:52)
	at org.testng.SuiteRunnerWorker.run(SuiteRunnerWorker.java:86)
	at org.testng.TestNG.runSuitesSequentially(TestNG.java:1284)
	at org.testng.TestNG.runSuitesLocally(TestNG.java:1209)
	at org.testng.TestNG.runSuites(TestNG.java:1124)
	at org.testng.TestNG.run(TestNG.java:1096)
	at org.testng.remote.AbstractRemoteTestNG.run(AbstractRemoteTestNG.java:132)
	at org.testng.remote.RemoteTestNG.initAndRun(RemoteTestNG.java:236)
	at org.testng.remote.RemoteTestNG.main(RemoteTestNG.java:81)
]]>
    </failure>
  </testcase> <!-- TCED14165 -->
</testsuite> <!-- Default test -->
