<?xml version="1.0" encoding="UTF-8"?>
<!-- Generated by org.testng.reporters.JUnitXMLReporter -->
<testsuite hostname="AKHIL-TS" name="Default test" tests="15" failures="0" timestamp="12 Nov 2018 12:14:23 GMT" time="110.107" errors="0">
  <testcase name="TCED33201" time="10.373" classname="com.Home.Student_Building_Grade_Lists"/>
  <testcase name="TCED33202" time="0.481" classname="com.Home.Student_Building_Grade_Lists"/>
  <testcase name="TCED33203" time="6.212" classname="com.Home.Student_Building_Grade_Lists"/>
  <testcase name="TCED33204" time="0.255" classname="com.Home.Student_Building_Grade_Lists"/>
  <testcase name="TCED33205" time="11.291" classname="com.Home.Student_Building_Grade_Lists"/>
  <testcase name="TCED33206" time="11.298" classname="com.Home.Student_Building_Grade_Lists"/>
  <testcase name="TCED33207" time="2.574" classname="com.Home.Student_Building_Grade_Lists"/>
  <testcase name="TCED33208" time="2.549" classname="com.Home.Student_Building_Grade_Lists"/>
  <testcase name="TCED33209" time="3.085" classname="com.Home.Student_Building_Grade_Lists"/>
  <testcase name="TCED33210" time="0.208" classname="com.Home.Student_Building_Grade_Lists"/>
  <testcase name="TCED33211" time="11.268" classname="com.Home.Student_Building_Grade_Lists"/>
  <testcase name="TCED33212" time="11.312" classname="com.Home.Student_Building_Grade_Lists"/>
  <testcase name="TCED33213" time="2.504" classname="com.Home.Student_Building_Grade_Lists"/>
  <testcase name="TCED33214" time="2.635" classname="com.Home.Student_Building_Grade_Lists"/>
  <testcase name="TCED33215" time="11.838" classname="com.Home.Student_Building_Grade_Lists"/>
</testsuite> <!-- Default test -->
