<?xml version="1.0" encoding="UTF-8"?>
<!-- Generated by org.testng.reporters.JUnitXMLReporter -->
<testsuite hostname="Ans-A" name="Default test" tests="26" failures="0" timestamp="30 Nov 2018 12:01:53 GMT" time="422.72" errors="0">
  <testcase name="TCED14401" time="11.588" classname="com.analyzeByScore.AnalyzebyHigherOrderThinkingSkills"/>
  <testcase name="TCED14402" time="0.163" classname="com.analyzeByScore.AnalyzebyHigherOrderThinkingSkills"/>
  <testcase name="TCED14403" time="0.949" classname="com.analyzeByScore.AnalyzebyHigherOrderThinkingSkills"/>
  <testcase name="TCED14404" time="4.985" classname="com.analyzeByScore.AnalyzebyHigherOrderThinkingSkills"/>
  <testcase name="TCED14405" time="5.551" classname="com.analyzeByScore.AnalyzebyHigherOrderThinkingSkills"/>
  <testcase name="TCED14406" time="13.54" classname="com.analyzeByScore.AnalyzebyHigherOrderThinkingSkills"/>
  <testcase name="TCED14407" time="72.156" classname="com.analyzeByScore.AnalyzebyHigherOrderThinkingSkills"/>
  <testcase name="TCED14408" time="15.336" classname="com.analyzeByScore.AnalyzebyHigherOrderThinkingSkills"/>
  <testcase name="TCED14409" time="7.052" classname="com.analyzeByScore.AnalyzebyHigherOrderThinkingSkills"/>
  <testcase name="TCED14410" time="1.093" classname="com.analyzeByScore.AnalyzebyHigherOrderThinkingSkills"/>
  <testcase name="TCED14411" time="5.22" classname="com.analyzeByScore.AnalyzebyHigherOrderThinkingSkills"/>
  <testcase name="TCED14412" time="5.583" classname="com.analyzeByScore.AnalyzebyHigherOrderThinkingSkills"/>
  <testcase name="TCED14413" time="13.306" classname="com.analyzeByScore.AnalyzebyHigherOrderThinkingSkills"/>
  <testcase name="TCED14414" time="17.319" classname="com.analyzeByScore.AnalyzebyHigherOrderThinkingSkills"/>
  <testcase name="TCED14415" time="13.122" classname="com.analyzeByScore.AnalyzebyHigherOrderThinkingSkills"/>
  <testcase name="TCED14416" time="6.184" classname="com.analyzeByScore.AnalyzebyHigherOrderThinkingSkills"/>
  <testcase name="TCED14417" time="1.343" classname="com.analyzeByScore.AnalyzebyHigherOrderThinkingSkills"/>
  <testcase name="TCED14418" time="5.129" classname="com.analyzeByScore.AnalyzebyHigherOrderThinkingSkills"/>
  <testcase name="TCED14419" time="4.992" classname="com.analyzeByScore.AnalyzebyHigherOrderThinkingSkills"/>
  <testcase name="TCED14420" time="13.279" classname="com.analyzeByScore.AnalyzebyHigherOrderThinkingSkills"/>
  <testcase name="TCED14421" time="16.74" classname="com.analyzeByScore.AnalyzebyHigherOrderThinkingSkills"/>
  <testcase name="TCED14422" time="13.222" classname="com.analyzeByScore.AnalyzebyHigherOrderThinkingSkills"/>
  <testcase name="TCED14423" time="13.207" classname="com.analyzeByScore.AnalyzebyHigherOrderThinkingSkills"/>
  <testcase name="TCED14424" time="8.838" classname="com.analyzeByScore.AnalyzebyHigherOrderThinkingSkills"/>
  <testcase name="TCED14425" time="27.993" classname="com.analyzeByScore.AnalyzebyHigherOrderThinkingSkills"/>
  <testcase name="TCED14426" time="113.455" classname="com.analyzeByScore.AnalyzebyHigherOrderThinkingSkills"/>
</testsuite> <!-- Default test -->
