<?xml version="1.0" encoding="UTF-8"?>
<!-- Generated by org.testng.reporters.JUnitXMLReporter -->
<testsuite hostname="Vofox-Sebastian" ignored="0" name="Default test" tests="7" failures="1" timestamp="04 Oct 2018 15:44:05 GMT" time="26.397" errors="0">
  <testcase name="TCED29101" time="7.8" classname="com.curriculum.Create_New_Map"/>
  <testcase name="TCED29102" time="0.073" classname="com.curriculum.Create_New_Map"/>
  <testcase name="TCED29103" time="1.005" classname="com.curriculum.Create_New_Map"/>
  <testcase name="TCED29104" time="0.521" classname="com.curriculum.Create_New_Map"/>
  <testcase name="TCED29105" time="1.06" classname="com.curriculum.Create_New_Map"/>
  <testcase name="TCED29106" time="1.974" classname="com.curriculum.Create_New_Map"/>
  <testcase name="TCED29107" time="1.81" classname="com.curriculum.Create_New_Map">
    <failure type="java.lang.AssertionError" message="expected [Standards Aligned for Entire Course Map] but found []">
      <![CDATA[java.lang.AssertionError: expected [Standards Aligned for Entire Course Map] but found []
at org.testng.Assert.fail(Assert.java:96)
at org.testng.Assert.failNotEquals(Assert.java:776)
at org.testng.Assert.assertEqualsImpl(Assert.java:137)
at org.testng.Assert.assertEquals(Assert.java:118)
at org.testng.Assert.assertEquals(Assert.java:453)
at org.testng.Assert.assertEquals(Assert.java:463)
at com.curriculum.Create_New_Map.EditpopUp(Create_New_Map.java:292)
at com.curriculum.Create_New_Map.TCED29107(Create_New_Map.java:252)
at sun.reflect.NativeMethodAccessorImpl.invoke0(Native Method)
at sun.reflect.NativeMethodAccessorImpl.invoke(NativeMethodAccessorImpl.java:62)
at sun.reflect.DelegatingMethodAccessorImpl.invoke(DelegatingMethodAccessorImpl.java:43)
at java.lang.reflect.Method.invoke(Method.java:498)
at org.testng.internal.MethodInvocationHelper.invokeMethod(MethodInvocationHelper.java:124)
at org.testng.internal.Invoker.invokeMethod(Invoker.java:583)
at org.testng.internal.Invoker.invokeTestMethod(Invoker.java:719)
at org.testng.internal.Invoker.invokeTestMethods(Invoker.java:989)
at org.testng.internal.TestMethodWorker.invokeTestMethods(TestMethodWorker.java:125)
at org.testng.internal.TestMethodWorker.run(TestMethodWorker.java:109)
at org.testng.TestRunner.privateRun(TestRunner.java:648)
at org.testng.TestRunner.run(TestRunner.java:505)
at org.testng.SuiteRunner.runTest(SuiteRunner.java:455)
at org.testng.SuiteRunner.runSequentially(SuiteRunner.java:450)
at org.testng.SuiteRunner.privateRun(SuiteRunner.java:415)
at org.testng.SuiteRunner.run(SuiteRunner.java:364)
at org.testng.SuiteRunnerWorker.runSuite(SuiteRunnerWorker.java:52)
at org.testng.SuiteRunnerWorker.run(SuiteRunnerWorker.java:84)
at org.testng.TestNG.runSuitesSequentially(TestNG.java:1208)
at org.testng.TestNG.runSuitesLocally(TestNG.java:1137)
at org.testng.TestNG.runSuites(TestNG.java:1049)
at org.testng.TestNG.run(TestNG.java:1017)
at org.testng.remote.AbstractRemoteTestNG.run(AbstractRemoteTestNG.java:114)
at org.testng.remote.RemoteTestNG.initAndRun(RemoteTestNG.java:251)
at org.testng.remote.RemoteTestNG.main(RemoteTestNG.java:77)
]]>
    </failure>
  </testcase> <!-- TCED29107 -->
</testsuite> <!-- Default test -->
