<?xml version="1.0" encoding="UTF-8"?>
<!-- Generated by org.testng.reporters.JUnitXMLReporter -->
<testsuite hostname="Vofox-Sebastian" ignored="0" name="Default test" tests="6" failures="0" timestamp="13 Nov 2018 09:01:05 GMT" time="42.255" errors="0">
  <testcase name="TCED33601" time="10.103" classname="com.Home.Notes_Tracking_Summary"/>
  <testcase name="TCED33602" time="0.153" classname="com.Home.Notes_Tracking_Summary"/>
  <testcase name="TCED33603" time="3.907" classname="com.Home.Notes_Tracking_Summary"/>
  <testcase name="TCED33604" time="11.361" classname="com.Home.Notes_Tracking_Summary"/>
  <testcase name="TCED33605" time="0.231" classname="com.Home.Notes_Tracking_Summary"/>
  <testcase name="TCED33606" time="0.635" classname="com.Home.Notes_Tracking_Summary"/>
</testsuite> <!-- Default test -->
