<?xml version="1.0" encoding="UTF-8"?>
<!-- Generated by org.testng.reporters.JUnitXMLReporter -->
<testsuite hostname="Vofox-Sebastian" ignored="0" name="Default test" tests="15" failures="2" timestamp="20 Nov 2018 07:34:55 GMT" time="190.721" errors="0">
  <testcase name="TCED14151" time="12.267" classname="com.analyzeByScore.StudentAssessmentAdministrationResultsbyTeacher"/>
  <testcase name="TCED14152" time="0.282" classname="com.analyzeByScore.StudentAssessmentAdministrationResultsbyTeacher"/>
  <testcase name="TCED14153" time="1.968" classname="com.analyzeByScore.StudentAssessmentAdministrationResultsbyTeacher"/>
  <testcase name="TCED14154" time="17.265" classname="com.analyzeByScore.StudentAssessmentAdministrationResultsbyTeacher"/>
  <testcase name="TCED14155" time="4.275" classname="com.analyzeByScore.StudentAssessmentAdministrationResultsbyTeacher">
    <failure type="java.lang.AssertionError" message="Failed to download document which has extension .PDF expected [true] but found [false]">
      <![CDATA[java.lang.AssertionError: Failed to download document which has extension .PDF expected [true] but found [false]
at org.testng.Assert.fail(Assert.java:96)
at org.testng.Assert.failNotEquals(Assert.java:776)
at org.testng.Assert.assertTrue(Assert.java:44)
at com.analyzeByScore.StudentAssessmentAdministrationResultsbyTeacher.TCED14155(StudentAssessmentAdministrationResultsbyTeacher.java:236)
at sun.reflect.NativeMethodAccessorImpl.invoke0(Native Method)
at sun.reflect.NativeMethodAccessorImpl.invoke(NativeMethodAccessorImpl.java:62)
at sun.reflect.DelegatingMethodAccessorImpl.invoke(DelegatingMethodAccessorImpl.java:43)
at java.lang.reflect.Method.invoke(Method.java:498)
at org.testng.internal.MethodInvocationHelper.invokeMethod(MethodInvocationHelper.java:124)
at org.testng.internal.Invoker.invokeMethod(Invoker.java:583)
at org.testng.internal.Invoker.invokeTestMethod(Invoker.java:719)
at org.testng.internal.Invoker.invokeTestMethods(Invoker.java:989)
at org.testng.internal.TestMethodWorker.invokeTestMethods(TestMethodWorker.java:125)
at org.testng.internal.TestMethodWorker.run(TestMethodWorker.java:109)
at org.testng.TestRunner.privateRun(TestRunner.java:648)
at org.testng.TestRunner.run(TestRunner.java:505)
at org.testng.SuiteRunner.runTest(SuiteRunner.java:455)
at org.testng.SuiteRunner.runSequentially(SuiteRunner.java:450)
at org.testng.SuiteRunner.privateRun(SuiteRunner.java:415)
at org.testng.SuiteRunner.run(SuiteRunner.java:364)
at org.testng.SuiteRunnerWorker.runSuite(SuiteRunnerWorker.java:52)
at org.testng.SuiteRunnerWorker.run(SuiteRunnerWorker.java:84)
at org.testng.TestNG.runSuitesSequentially(TestNG.java:1208)
at org.testng.TestNG.runSuitesLocally(TestNG.java:1137)
at org.testng.TestNG.runSuites(TestNG.java:1049)
at org.testng.TestNG.run(TestNG.java:1017)
at org.testng.remote.AbstractRemoteTestNG.run(AbstractRemoteTestNG.java:114)
at org.testng.remote.RemoteTestNG.initAndRun(RemoteTestNG.java:251)
at org.testng.remote.RemoteTestNG.main(RemoteTestNG.java:77)
]]>
    </failure>
  </testcase> <!-- TCED14155 -->
  <testcase name="TCED14156" time="4.326" classname="com.analyzeByScore.StudentAssessmentAdministrationResultsbyTeacher">
    <failure type="java.lang.AssertionError" message="Failed to download document which has extension .CSV expected [true] but found [false]">
      <![CDATA[java.lang.AssertionError: Failed to download document which has extension .CSV expected [true] but found [false]
at org.testng.Assert.fail(Assert.java:96)
at org.testng.Assert.failNotEquals(Assert.java:776)
at org.testng.Assert.assertTrue(Assert.java:44)
at com.analyzeByScore.StudentAssessmentAdministrationResultsbyTeacher.TCED14156(StudentAssessmentAdministrationResultsbyTeacher.java:258)
at sun.reflect.NativeMethodAccessorImpl.invoke0(Native Method)
at sun.reflect.NativeMethodAccessorImpl.invoke(NativeMethodAccessorImpl.java:62)
at sun.reflect.DelegatingMethodAccessorImpl.invoke(DelegatingMethodAccessorImpl.java:43)
at java.lang.reflect.Method.invoke(Method.java:498)
at org.testng.internal.MethodInvocationHelper.invokeMethod(MethodInvocationHelper.java:124)
at org.testng.internal.Invoker.invokeMethod(Invoker.java:583)
at org.testng.internal.Invoker.invokeTestMethod(Invoker.java:719)
at org.testng.internal.Invoker.invokeTestMethods(Invoker.java:989)
at org.testng.internal.TestMethodWorker.invokeTestMethods(TestMethodWorker.java:125)
at org.testng.internal.TestMethodWorker.run(TestMethodWorker.java:109)
at org.testng.TestRunner.privateRun(TestRunner.java:648)
at org.testng.TestRunner.run(TestRunner.java:505)
at org.testng.SuiteRunner.runTest(SuiteRunner.java:455)
at org.testng.SuiteRunner.runSequentially(SuiteRunner.java:450)
at org.testng.SuiteRunner.privateRun(SuiteRunner.java:415)
at org.testng.SuiteRunner.run(SuiteRunner.java:364)
at org.testng.SuiteRunnerWorker.runSuite(SuiteRunnerWorker.java:52)
at org.testng.SuiteRunnerWorker.run(SuiteRunnerWorker.java:84)
at org.testng.TestNG.runSuitesSequentially(TestNG.java:1208)
at org.testng.TestNG.runSuitesLocally(TestNG.java:1137)
at org.testng.TestNG.runSuites(TestNG.java:1049)
at org.testng.TestNG.run(TestNG.java:1017)
at org.testng.remote.AbstractRemoteTestNG.run(AbstractRemoteTestNG.java:114)
at org.testng.remote.RemoteTestNG.initAndRun(RemoteTestNG.java:251)
at org.testng.remote.RemoteTestNG.main(RemoteTestNG.java:77)
]]>
    </failure>
  </testcase> <!-- TCED14156 -->
  <testcase name="TCED14157" time="2.493" classname="com.analyzeByScore.StudentAssessmentAdministrationResultsbyTeacher"/>
  <testcase name="TCED14158" time="10.451" classname="com.analyzeByScore.StudentAssessmentAdministrationResultsbyTeacher"/>
  <testcase name="TCED14159" time="9.31" classname="com.analyzeByScore.StudentAssessmentAdministrationResultsbyTeacher"/>
  <testcase name="TCED14160" time="2.564" classname="com.analyzeByScore.StudentAssessmentAdministrationResultsbyTeacher"/>
  <testcase name="TCED14161" time="10.393" classname="com.analyzeByScore.StudentAssessmentAdministrationResultsbyTeacher"/>
  <testcase name="TCED14162" time="1.982" classname="com.analyzeByScore.StudentAssessmentAdministrationResultsbyTeacher"/>
  <testcase name="TCED14163" time="12.936" classname="com.analyzeByScore.StudentAssessmentAdministrationResultsbyTeacher"/>
  <testcase name="TCED14164" time="28.191" classname="com.analyzeByScore.StudentAssessmentAdministrationResultsbyTeacher"/>
  <testcase name="TCED14165" time="63.337" classname="com.analyzeByScore.StudentAssessmentAdministrationResultsbyTeacher"/>
</testsuite> <!-- Default test -->
