<?xml version="1.0" encoding="UTF-8"?>
<!-- Generated by org.testng.reporters.JUnitXMLReporter -->
<testsuite hostname="Ans-A" name="Default test" tests="24" failures="0" timestamp="18 Oct 2018 05:43:43 GMT" time="420.308" errors="0">
  <testcase name="TCED14081" time="14.241" classname="com.analyzeByScore.ItemAnalysisbyQuestion"/>
  <testcase name="TCED14082" time="0.187" classname="com.analyzeByScore.ItemAnalysisbyQuestion"/>
  <testcase name="TCED14083" time="1.295" classname="com.analyzeByScore.ItemAnalysisbyQuestion"/>
  <testcase name="TCED14084" time="1.268" classname="com.analyzeByScore.ItemAnalysisbyQuestion"/>
  <testcase name="TCED14085" time="14.421" classname="com.analyzeByScore.ItemAnalysisbyQuestion"/>
  <testcase name="TCED14086" time="13.25" classname="com.analyzeByScore.ItemAnalysisbyQuestion"/>
  <testcase name="TCED14087" time="13.664" classname="com.analyzeByScore.ItemAnalysisbyQuestion"/>
  <testcase name="TCED14088" time="14.737" classname="com.analyzeByScore.ItemAnalysisbyQuestion"/>
  <testcase name="TCED14089" time="17.213" classname="com.analyzeByScore.ItemAnalysisbyQuestion"/>
  <testcase name="TCED14090" time="1.01" classname="com.analyzeByScore.ItemAnalysisbyQuestion"/>
  <testcase name="TCED14091" time="17.916" classname="com.analyzeByScore.ItemAnalysisbyQuestion"/>
  <testcase name="TCED14092" time="18.27" classname="com.analyzeByScore.ItemAnalysisbyQuestion"/>
  <testcase name="TCED14093" time="18.728" classname="com.analyzeByScore.ItemAnalysisbyQuestion"/>
  <testcase name="TCED14094" time="18.674" classname="com.analyzeByScore.ItemAnalysisbyQuestion"/>
  <testcase name="TCED14095" time="15.709" classname="com.analyzeByScore.ItemAnalysisbyQuestion"/>
  <testcase name="TCED14096" time="1.007" classname="com.analyzeByScore.ItemAnalysisbyQuestion"/>
  <testcase name="TCED14097" time="17.407" classname="com.analyzeByScore.ItemAnalysisbyQuestion"/>
  <testcase name="TCED14098" time="17.526" classname="com.analyzeByScore.ItemAnalysisbyQuestion"/>
  <testcase name="TCED14099" time="17.176" classname="com.analyzeByScore.ItemAnalysisbyQuestion"/>
  <testcase name="TCED14100" time="17.698" classname="com.analyzeByScore.ItemAnalysisbyQuestion"/>
  <testcase name="TCED14101" time="23.423" classname="com.analyzeByScore.ItemAnalysisbyQuestion"/>
  <testcase name="TCED14102" time="22.377" classname="com.analyzeByScore.ItemAnalysisbyQuestion"/>
  <testcase name="TCED14103" time="40.752" classname="com.analyzeByScore.ItemAnalysisbyQuestion"/>
  <testcase name="TCED14104" time="71.49" classname="com.analyzeByScore.ItemAnalysisbyQuestion"/>
</testsuite> <!-- Default test -->
