<?xml version="1.0" encoding="UTF-8"?>
<!-- Generated by org.testng.reporters.JUnitXMLReporter -->
<testsuite hostname="Vofox-Sebastian" ignored="0" name="Default test" tests="8" failures="0" timestamp="05 Nov 2018 06:44:36 GMT" time="93.088" errors="0">
  <testcase name="TCED22601" time="8.179" classname="com.MTSS.TeamDecisionReport"/>
  <testcase name="TCED22611" time="22.132" classname="com.MTSS.TeamDecisionReport"/>
  <testcase name="TCED22612" time="9.3" classname="com.MTSS.TeamDecisionReport"/>
  <testcase name="TCED22613" time="9.327" classname="com.MTSS.TeamDecisionReport"/>
  <testcase name="TCED22614" time="8.207" classname="com.MTSS.TeamDecisionReport"/>
  <testcase name="TCED22615" time="9.281" classname="com.MTSS.TeamDecisionReport"/>
  <testcase name="TCED22616" time="9.306" classname="com.MTSS.TeamDecisionReport"/>
  <testcase name="TCED22617" time="9.331" classname="com.MTSS.TeamDecisionReport"/>
</testsuite> <!-- Default test -->
