<?xml version="1.0" encoding="UTF-8"?>
<!-- Generated by org.testng.reporters.JUnitXMLReporter -->
<testsuite hostname="Vofox-Sebastian" ignored="0" name="Default test" tests="17" failures="0" timestamp="19 Nov 2018 11:39:50 GMT" time="117.74" errors="0">
  <testcase name="TCED22501" time="7.627" classname="com.MTSS.Meeting_History_Report"/>
  <testcase name="TCED22502" time="0.199" classname="com.MTSS.Meeting_History_Report"/>
  <testcase name="TCED22503" time="1.036" classname="com.MTSS.Meeting_History_Report"/>
  <testcase name="TCED22504" time="0.057" classname="com.MTSS.Meeting_History_Report"/>
  <testcase name="TCED22505" time="0.295" classname="com.MTSS.Meeting_History_Report"/>
  <testcase name="TCED22506" time="11.275" classname="com.MTSS.Meeting_History_Report"/>
  <testcase name="TCED22507" time="11.311" classname="com.MTSS.Meeting_History_Report"/>
  <testcase name="TCED22508" time="2.876" classname="com.MTSS.Meeting_History_Report"/>
  <testcase name="TCED22509" time="1.002" classname="com.MTSS.Meeting_History_Report"/>
  <testcase name="TCED22510" time="0.285" classname="com.MTSS.Meeting_History_Report"/>
  <testcase name="TCED22511" time="12.511" classname="com.MTSS.Meeting_History_Report"/>
  <testcase name="TCED22512" time="11.274" classname="com.MTSS.Meeting_History_Report"/>
  <testcase name="TCED22513" time="11.296" classname="com.MTSS.Meeting_History_Report"/>
  <testcase name="TCED22514" time="3.323" classname="com.MTSS.Meeting_History_Report"/>
  <testcase name="TCED22515" time="11.281" classname="com.MTSS.Meeting_History_Report"/>
  <testcase name="TCED22516" time="11.311" classname="com.MTSS.Meeting_History_Report"/>
  <testcase name="TCED22517" time="11.765" classname="com.MTSS.Meeting_History_Report"/>
</testsuite> <!-- Default test -->
