<?xml version="1.0" encoding="UTF-8"?>
<!-- Generated by org.testng.reporters.JUnitXMLReporter -->
<testsuite hostname="AKHIL-TS" name="Default test" tests="18" failures="0" timestamp="15 Oct 2018 13:30:27 GMT" time="159.738" errors="0">
  <testcase name="TCED29701" time="21.217" classname="com.curriculum.Analyze_curriculam"/>
  <testcase name="TCED29702" time="4.491" classname="com.curriculum.Analyze_curriculam"/>
  <testcase name="TCED29703" time="0.812" classname="com.curriculum.Analyze_curriculam"/>
  <testcase name="TCED29704" time="4.488" classname="com.curriculum.Analyze_curriculam"/>
  <testcase name="TCED29705" time="0.161" classname="com.curriculum.Analyze_curriculam"/>
  <testcase name="TCED29706" time="3.191" classname="com.curriculum.Analyze_curriculam"/>
  <testcase name="TCED29707" time="0.225" classname="com.curriculum.Analyze_curriculam"/>
  <testcase name="TCED29708" time="11.329" classname="com.curriculum.Analyze_curriculam"/>
  <testcase name="TCED29709" time="11.322" classname="com.curriculum.Analyze_curriculam"/>
  <testcase name="TCED29710" time="4.595" classname="com.curriculum.Analyze_curriculam"/>
  <testcase name="TCED29711" time="19.669" classname="com.curriculum.Analyze_curriculam"/>
  <testcase name="TCED29712" time="11.507" classname="com.curriculum.Analyze_curriculam"/>
  <testcase name="TCED29713" time="11.301" classname="com.curriculum.Analyze_curriculam"/>
  <testcase name="TCED29714" time="1.212" classname="com.curriculum.Analyze_curriculam"/>
  <testcase name="TCED29715" time="0.36" classname="com.curriculum.Analyze_curriculam"/>
  <testcase name="TCED29716" time="6.399" classname="com.curriculum.Analyze_curriculam"/>
  <testcase name="TCED29717" time="23.568" classname="com.curriculum.Analyze_curriculam"/>
  <testcase name="TCED29718" time="1.33" classname="com.curriculum.Analyze_curriculam"/>
</testsuite> <!-- Default test -->
