<?xml version="1.0" encoding="UTF-8"?>
<!-- Generated by org.testng.reporters.JUnitXMLReporter -->
<testsuite hostname="AKHIL-TS" name="Default test" tests="8" failures="0" timestamp="20 Nov 2018 11:51:33 GMT" time="78.44" errors="0">
  <testcase name="TCED16201" time="6.348" classname="com.localassessment.Question_Bank_Apply_Standards"/>
  <testcase name="TCED16202" time="7.915" classname="com.localassessment.Question_Bank_Apply_Standards"/>
  <testcase name="TCED16203" time="0.574" classname="com.localassessment.Question_Bank_Apply_Standards"/>
  <testcase name="TCED16204" time="2.517" classname="com.localassessment.Question_Bank_Apply_Standards"/>
  <testcase name="TCED16205" time="10.266" classname="com.localassessment.Question_Bank_Apply_Standards"/>
  <testcase name="TCED16206" time="11.597" classname="com.localassessment.Question_Bank_Apply_Standards"/>
  <testcase name="TCED16207" time="18.276" classname="com.localassessment.Question_Bank_Apply_Standards"/>
  <testcase name="TCED16208" time="11.909" classname="com.localassessment.Question_Bank_Apply_Standards"/>
</testsuite> <!-- Default test -->
