<?xml version="1.0" encoding="UTF-8"?>
<!-- Generated by org.testng.reporters.JUnitXMLReporter -->
<testsuite hostname="Vofox-Sebastian" ignored="0" name="Default test" tests="10" failures="0" timestamp="29 Oct 2018 11:05:47 GMT" time="136.843" errors="0">
  <testcase name="TCED22101" time="10.123" classname="com.MTSS.Early_Warning_Identification"/>
  <testcase name="TCED22102" time="7.819" classname="com.MTSS.Early_Warning_Identification"/>
  <testcase name="TCED22103" time="0.379" classname="com.MTSS.Early_Warning_Identification"/>
  <testcase name="TCED22104" time="0.169" classname="com.MTSS.Early_Warning_Identification"/>
  <testcase name="TCED22106" time="65.315" classname="com.MTSS.Early_Warning_Identification"/>
  <testcase name="TCED22107" time="13.996" classname="com.MTSS.Early_Warning_Identification"/>
  <testcase name="TCED22108" time="7.734" classname="com.MTSS.Early_Warning_Identification"/>
  <testcase name="TCED22109" time="5.45" classname="com.MTSS.Early_Warning_Identification"/>
  <testcase name="TCED22111" time="3.894" classname="com.MTSS.Early_Warning_Identification"/>
  <testcase name="TCED22113" time="13.318" classname="com.MTSS.Early_Warning_Identification"/>
</testsuite> <!-- Default test -->
