<?xml version="1.0" encoding="UTF-8"?>
<!-- Generated by org.testng.reporters.JUnitXMLReporter -->
<testsuite hostname="AKHIL-TS" name="Default test" tests="11" failures="0" timestamp="31 Aug 2018 10:51:40 GMT" time="73.086" errors="0">
  <testcase name="TCED27101" time="9.006" classname="com.curriculum.Submitted_Lesson_Plans"/>
  <testcase name="TCED27102" time="1.963" classname="com.curriculum.Submitted_Lesson_Plans"/>
  <testcase name="TCED27103" time="2.032" classname="com.curriculum.Submitted_Lesson_Plans"/>
  <testcase name="TCED27104" time="12.986" classname="com.curriculum.Submitted_Lesson_Plans"/>
  <testcase name="TCED27105" time="13.06" classname="com.curriculum.Submitted_Lesson_Plans"/>
  <testcase name="TCED27106" time="5.236" classname="com.curriculum.Submitted_Lesson_Plans"/>
  <testcase name="TCED27107" time="5.077" classname="com.curriculum.Submitted_Lesson_Plans"/>
  <testcase name="TCED27108" time="5.226" classname="com.curriculum.Submitted_Lesson_Plans"/>
  <testcase name="TCED27109" time="2.835" classname="com.curriculum.Submitted_Lesson_Plans"/>
  <testcase name="TCED27111" time="5.559" classname="com.curriculum.Submitted_Lesson_Plans"/>
  <testcase name="TCED27112" time="2.435" classname="com.curriculum.Submitted_Lesson_Plans"/>
</testsuite> <!-- Default test -->
