<?xml version="1.0" encoding="UTF-8"?>
<!-- Generated by org.testng.reporters.JUnitXMLReporter -->
<testsuite hostname="Ans-A" name="Default test" tests="16" failures="0" timestamp="18 Oct 2018 07:13:03 GMT" time="0.328" errors="0">
  <testcase name="@BeforeTest setup1" time="0.0" classname="com.Home.Assessments">
    <failure type="java.lang.IllegalStateException" message="The driver executable does not exist: D:\Jars\Drivers\New-geckodriver\geckodriver.exe">
      <![CDATA[java.lang.IllegalStateException: The driver executable does not exist: D:\Jars\Drivers\New-geckodriver\geckodriver.exe
	at com.google.common.base.Preconditions.checkState(Preconditions.java:585)
	at org.openqa.selenium.remote.service.DriverService.checkExecutable(DriverService.java:136)
	at org.openqa.selenium.remote.service.DriverService.findExecutable(DriverService.java:131)
	at org.openqa.selenium.firefox.GeckoDriverService.access$100(GeckoDriverService.java:41)
	at org.openqa.selenium.firefox.GeckoDriverService$Builder.findDefaultExecutable(GeckoDriverService.java:141)
	at org.openqa.selenium.remote.service.DriverService$Builder.build(DriverService.java:339)
	at org.openqa.selenium.firefox.FirefoxDriver.toExecutor(FirefoxDriver.java:158)
	at org.openqa.selenium.firefox.FirefoxDriver.<init>(FirefoxDriver.java:120)
	at Library.BaseClassOne.setup1(BaseClassOne.java:114)
	at sun.reflect.NativeMethodAccessorImpl.invoke0(Native Method)
	at sun.reflect.NativeMethodAccessorImpl.invoke(NativeMethodAccessorImpl.java:62)
	at sun.reflect.DelegatingMethodAccessorImpl.invoke(DelegatingMethodAccessorImpl.java:43)
	at java.lang.reflect.Method.invoke(Method.java:498)
	at org.testng.internal.MethodInvocationHelper.invokeMethod(MethodInvocationHelper.java:100)
	at org.testng.internal.Invoker.invokeConfigurationMethod(Invoker.java:515)
	at org.testng.internal.Invoker.invokeConfigurations(Invoker.java:216)
	at org.testng.internal.Invoker.invokeConfigurations(Invoker.java:143)
	at org.testng.TestRunner.beforeRun(TestRunner.java:631)
	at org.testng.TestRunner.run(TestRunner.java:599)
	at org.testng.SuiteRunner.runTest(SuiteRunner.java:368)
	at org.testng.SuiteRunner.runSequentially(SuiteRunner.java:363)
	at org.testng.SuiteRunner.privateRun(SuiteRunner.java:321)
	at org.testng.SuiteRunner.run(SuiteRunner.java:270)
	at org.testng.SuiteRunnerWorker.runSuite(SuiteRunnerWorker.java:52)
	at org.testng.SuiteRunnerWorker.run(SuiteRunnerWorker.java:86)
	at org.testng.TestNG.runSuitesSequentially(TestNG.java:1284)
	at org.testng.TestNG.runSuitesLocally(TestNG.java:1209)
	at org.testng.TestNG.runSuites(TestNG.java:1124)
	at org.testng.TestNG.run(TestNG.java:1096)
	at org.testng.remote.AbstractRemoteTestNG.run(AbstractRemoteTestNG.java:132)
	at org.testng.remote.RemoteTestNG.initAndRun(RemoteTestNG.java:236)
	at org.testng.remote.RemoteTestNG.main(RemoteTestNG.java:81)
]]>
    </failure>
  </testcase> <!-- @BeforeTest setup1 -->
  <testcase name="@AfterTest tearDown" time="0.0" classname="com.Home.Assessments">
    <skipped/>
  </testcase> <!-- @AfterTest tearDown -->
  <testcase name="TCED34201" time="0.003" classname="com.Home.Assessments">
    <skipped/>
  </testcase> <!-- TCED34201 -->
  <testcase name="TCED34202" time="0.001" classname="com.Home.Assessments">
    <skipped/>
  </testcase> <!-- TCED34202 -->
  <testcase name="TCED34203" time="0.002" classname="com.Home.Assessments">
    <skipped/>
  </testcase> <!-- TCED34203 -->
  <testcase name="TCED34204" time="0.002" classname="com.Home.Assessments">
    <skipped/>
  </testcase> <!-- TCED34204 -->
  <testcase name="TCED34205" time="0.002" classname="com.Home.Assessments">
    <skipped/>
  </testcase> <!-- TCED34205 -->
  <testcase name="TCED34206" time="0.001" classname="com.Home.Assessments">
    <skipped/>
  </testcase> <!-- TCED34206 -->
  <testcase name="TCED34207" time="0.001" classname="com.Home.Assessments">
    <skipped/>
  </testcase> <!-- TCED34207 -->
  <testcase name="TCED34208" time="0.001" classname="com.Home.Assessments">
    <skipped/>
  </testcase> <!-- TCED34208 -->
  <testcase name="TCED34209" time="0.006" classname="com.Home.Assessments">
    <skipped/>
  </testcase> <!-- TCED34209 -->
  <testcase name="TCED34210" time="0.002" classname="com.Home.Assessments">
    <skipped/>
  </testcase> <!-- TCED34210 -->
  <testcase name="TCED34211" time="0.001" classname="com.Home.Assessments">
    <skipped/>
  </testcase> <!-- TCED34211 -->
  <testcase name="TCED34212" time="0.0" classname="com.Home.Assessments">
    <skipped/>
  </testcase> <!-- TCED34212 -->
  <testcase name="TCED34213" time="0.002" classname="com.Home.Assessments">
    <skipped/>
  </testcase> <!-- TCED34213 -->
  <testcase name="TCED34214" time="0.002" classname="com.Home.Assessments">
    <skipped/>
  </testcase> <!-- TCED34214 -->
  <testcase name="TCED34215" time="0.003" classname="com.Home.Assessments">
    <skipped/>
  </testcase> <!-- TCED34215 -->
  <testcase name="TCED34216" time="0.002" classname="com.Home.Assessments">
    <skipped/>
  </testcase> <!-- TCED34216 -->
</testsuite> <!-- Default test -->
