<?xml version="1.0" encoding="UTF-8"?>
<!-- Generated by org.testng.reporters.JUnitXMLReporter -->
<testsuite hostname="Ans-A" name="Default test" tests="9" failures="0" timestamp="12 Oct 2018 05:40:12 GMT" time="40.054" errors="0">
  <testcase name="TCED13022" time="11.92" classname="com.ScoreClassResultsOnline.ScoreClassResultsOnline"/>
  <testcase name="TCED13023" time="0.162" classname="com.ScoreClassResultsOnline.ScoreClassResultsOnline"/>
  <testcase name="TCED13024" time="0.629" classname="com.ScoreClassResultsOnline.ScoreClassResultsOnline"/>
  <testcase name="TCED13025" time="0.852" classname="com.ScoreClassResultsOnline.ScoreClassResultsOnline"/>
  <testcase name="TCED13026" time="1.92" classname="com.ScoreClassResultsOnline.ScoreClassResultsOnline"/>
  <testcase name="TCED13027" time="3.592" classname="com.ScoreClassResultsOnline.ScoreClassResultsOnline"/>
  <testcase name="TCED13028" time="2.708" classname="com.ScoreClassResultsOnline.ScoreClassResultsOnline"/>
  <testcase name="TCED13029" time="0.843" classname="com.ScoreClassResultsOnline.ScoreClassResultsOnline"/>
  <testcase name="TCED13030" time="3.648" classname="com.ScoreClassResultsOnline.ScoreClassResultsOnline"/>
</testsuite> <!-- Default test -->
