<?xml version="1.0" encoding="UTF-8"?>
<!-- Generated by org.testng.reporters.JUnitXMLReporter -->
<testsuite hostname="AKHIL-TS" name="Default test" tests="12" failures="0" timestamp="14 Nov 2018 09:01:21 GMT" time="97.61" errors="0">
  <testcase name="TCED19801" time="8.736" classname="com.MTSS.Fix_and_Delete_intervention_plan"/>
  <testcase name="TCED19802" time="0.201" classname="com.MTSS.Fix_and_Delete_intervention_plan"/>
  <testcase name="TCED19803" time="1.415" classname="com.MTSS.Fix_and_Delete_intervention_plan"/>
  <testcase name="TCED19804" time="3.1" classname="com.MTSS.Fix_and_Delete_intervention_plan"/>
  <testcase name="TCED19805" time="1.419" classname="com.MTSS.Fix_and_Delete_intervention_plan"/>
  <testcase name="TCED19806" time="0.45" classname="com.MTSS.Fix_and_Delete_intervention_plan"/>
  <testcase name="TCED19807" time="7.491" classname="com.MTSS.Fix_and_Delete_intervention_plan"/>
  <testcase name="TCED19808" time="23.234" classname="com.MTSS.Fix_and_Delete_intervention_plan"/>
  <testcase name="TCED19809" time="11.493" classname="com.MTSS.Fix_and_Delete_intervention_plan"/>
  <testcase name="TCED19810" time="1.387" classname="com.MTSS.Fix_and_Delete_intervention_plan"/>
  <testcase name="TCED19811" time="10.914" classname="com.MTSS.Fix_and_Delete_intervention_plan"/>
  <testcase name="TCED19812" time="1.483" classname="com.MTSS.Fix_and_Delete_intervention_plan"/>
</testsuite> <!-- Default test -->
