<?xml version="1.0" encoding="UTF-8"?>
<!-- Generated by org.testng.reporters.JUnitXMLReporter -->
<testsuite hostname="AKHIL-TS" name="Default test" tests="7" failures="0" timestamp="11 Oct 2018 12:00:23 GMT" time="74.774" errors="0">
  <testcase name="TCED13301" time="6.199" classname="com.localassessment.Test_Suite_Print_Login_Codes"/>
  <testcase name="TCED13302" time="5.249" classname="com.localassessment.Test_Suite_Print_Login_Codes"/>
  <testcase name="TCED13303" time="0.484" classname="com.localassessment.Test_Suite_Print_Login_Codes"/>
  <testcase name="TCED13304" time="1.988" classname="com.localassessment.Test_Suite_Print_Login_Codes"/>
  <testcase name="TCED13305" time="4.073" classname="com.localassessment.Test_Suite_Print_Login_Codes"/>
  <testcase name="TCED13306" time="22.907" classname="com.localassessment.Test_Suite_Print_Login_Codes"/>
  <testcase name="TCED13307" time="22.829" classname="com.localassessment.Test_Suite_Print_Login_Codes"/>
</testsuite> <!-- Default test -->
