<?xml version="1.0" encoding="UTF-8"?>
<!-- Generated by org.testng.reporters.JUnitXMLReporter -->
<testsuite hostname="Vofox-Sebastian" ignored="0" name="Default test" tests="14" failures="0" timestamp="09 Jun 2020 13:08:02 GMT" time="153.745" errors="0">
  <testcase name="TCED43501" time="11.005" classname="Report.SingleYearCollegeSAT"/>
  <testcase name="TCED43502" time="1.021" classname="Report.SingleYearCollegeSAT"/>
  <testcase name="TCED43503" time="2.392" classname="Report.SingleYearCollegeSAT"/>
  <testcase name="TCED43504" time="12.394" classname="Report.SingleYearCollegeSAT"/>
  <testcase name="TCED43505" time="0.37" classname="Report.SingleYearCollegeSAT"/>
  <testcase name="TCED43506" time="3.14" classname="Report.SingleYearCollegeSAT"/>
  <testcase name="TCED43507" time="16.103" classname="Report.SingleYearCollegeSAT"/>
  <testcase name="TCED43508" time="1.165" classname="Report.SingleYearCollegeSAT"/>
  <testcase name="TCED43509" time="36.951" classname="Report.SingleYearCollegeSAT"/>
  <testcase name="TCED43510" time="18.481" classname="Report.SingleYearCollegeSAT"/>
  <testcase name="TCED43511" time="8.759" classname="Report.SingleYearCollegeSAT"/>
  <testcase name="TCED43512" time="8.763" classname="Report.SingleYearCollegeSAT"/>
  <testcase name="TCED43513" time="6.563" classname="Report.SingleYearCollegeSAT"/>
  <testcase name="TCED43514" time="15.531" classname="Report.SingleYearCollegeSAT"/>
</testsuite> <!-- Default test -->
