<?xml version="1.0" encoding="UTF-8"?>
<!-- Generated by org.testng.reporters.JUnitXMLReporter -->
<testsuite hostname="AKHIL-TS" name="Default test" tests="5" failures="0" timestamp="12 Oct 2018 10:31:55 GMT" time="111.35" errors="0">
  <testcase name="TCED30601" time="8.36" classname="com.curriculum.Custom_Reports"/>
  <testcase name="TCED30602" time="2.038" classname="com.curriculum.Custom_Reports"/>
  <testcase name="TCED30603" time="1.32" classname="com.curriculum.Custom_Reports"/>
  <testcase name="TCED30604" time="45.278" classname="com.curriculum.Custom_Reports"/>
  <testcase name="TCED30605" time="45.831" classname="com.curriculum.Custom_Reports"/>
</testsuite> <!-- Default test -->
