<?xml version="1.0" encoding="UTF-8"?>
<!-- Generated by org.testng.reporters.JUnitXMLReporter -->
<testsuite hostname="AKHIL-TS" name="Default test" tests="17" failures="0" timestamp="15 Nov 2018 11:14:28 GMT" time="116.399" errors="0">
  <testcase name="TCED22501" time="8.032" classname="com.MTSS.Meeting_History_Report"/>
  <testcase name="TCED22502" time="0.187" classname="com.MTSS.Meeting_History_Report"/>
  <testcase name="TCED22503" time="1.035" classname="com.MTSS.Meeting_History_Report"/>
  <testcase name="TCED22504" time="0.059" classname="com.MTSS.Meeting_History_Report"/>
  <testcase name="TCED22505" time="0.434" classname="com.MTSS.Meeting_History_Report"/>
  <testcase name="TCED22506" time="11.271" classname="com.MTSS.Meeting_History_Report"/>
  <testcase name="TCED22507" time="11.311" classname="com.MTSS.Meeting_History_Report"/>
  <testcase name="TCED22508" time="2.278" classname="com.MTSS.Meeting_History_Report"/>
  <testcase name="TCED22509" time="1.085" classname="com.MTSS.Meeting_History_Report"/>
  <testcase name="TCED22510" time="1.272" classname="com.MTSS.Meeting_History_Report"/>
  <testcase name="TCED22511" time="11.908" classname="com.MTSS.Meeting_History_Report"/>
  <testcase name="TCED22512" time="11.271" classname="com.MTSS.Meeting_History_Report"/>
  <testcase name="TCED22513" time="11.284" classname="com.MTSS.Meeting_History_Report"/>
  <testcase name="TCED22514" time="3.717" classname="com.MTSS.Meeting_History_Report"/>
  <testcase name="TCED22515" time="11.317" classname="com.MTSS.Meeting_History_Report"/>
  <testcase name="TCED22516" time="11.291" classname="com.MTSS.Meeting_History_Report"/>
  <testcase name="TCED22517" time="11.751" classname="com.MTSS.Meeting_History_Report"/>
</testsuite> <!-- Default test -->
