<?xml version="1.0" encoding="UTF-8"?>
<!-- Generated by org.testng.reporters.JUnitXMLReporter -->
<testsuite hostname="Vofox-Sebastian" ignored="0" name="Default test" tests="22" failures="1" timestamp="09 Oct 2018 13:14:00 GMT" time="92.513" errors="0">
  <testcase name="TCED29101" time="8.514" classname="com.curriculum.Create_New_Map"/>
  <testcase name="TCED29102" time="0.08" classname="com.curriculum.Create_New_Map"/>
  <testcase name="TCED29103" time="0.97" classname="com.curriculum.Create_New_Map"/>
  <testcase name="TCED29104" time="0.623" classname="com.curriculum.Create_New_Map"/>
  <testcase name="TCED29105" time="0.89" classname="com.curriculum.Create_New_Map"/>
  <testcase name="TCED29106" time="3.761" classname="com.curriculum.Create_New_Map"/>
  <testcase name="TCED29120" time="1.24" classname="com.curriculum.Create_New_Map"/>
  <testcase name="TCED29121" time="0.343" classname="com.curriculum.Create_New_Map"/>
  <testcase name="TCED29122" time="1.228" classname="com.curriculum.Create_New_Map"/>
  <testcase name="TCED29123" time="0.396" classname="com.curriculum.Create_New_Map"/>
  <testcase name="TCED29124" time="0.287" classname="com.curriculum.Create_New_Map"/>
  <testcase name="TCED29125" time="4.458" classname="com.curriculum.Create_New_Map"/>
  <testcase name="TCED29126" time="1.653" classname="com.curriculum.Create_New_Map"/>
  <testcase name="TCED29127" time="1.384" classname="com.curriculum.Create_New_Map"/>
  <testcase name="TCED29128" time="0.177" classname="com.curriculum.Create_New_Map"/>
  <testcase name="TCED29129" time="1.029" classname="com.curriculum.Create_New_Map"/>
  <testcase name="TCED29130" time="3.869" classname="com.curriculum.Create_New_Map"/>
  <testcase name="TCED29134" time="12.164" classname="com.curriculum.Create_New_Map"/>
  <testcase name="TCED29135" time="12.353" classname="com.curriculum.Create_New_Map"/>
  <testcase name="TCED29136" time="12.36" classname="com.curriculum.Create_New_Map"/>
  <testcase name="TCED29137" time="12.093" classname="com.curriculum.Create_New_Map"/>
  <testcase name="TCED29138" time="4.377" classname="com.curriculum.Create_New_Map">
    <failure type="java.lang.AssertionError" message="expected [Lorem Ipsum is simply dummy text of the printing and typesetting industry. Lorem Ipsum has been the industry&amp;apos;s standard dummy text ever since the 1500s, when an unknown printer took a galley of type and scrambled it to make a type specimen book.] but found [It is a long established fact that a reader will be distracted by the readable content of a page when looking at its layout. The point of using Lorem Ipsum is that it has a more-or-less normal distribution of lettersLorem Ipsum is simply dummy text of the printing and typesetting industry. Lorem Ipsum has been the industry&amp;apos;s standard dummy text ever since the 1500s, when an unknown printer took a galley of type and scrambled it to make a type specimen book.]">
      <![CDATA[java.lang.AssertionError: expected [Lorem Ipsum is simply dummy text of the printing and typesetting industry. Lorem Ipsum has been the industry's standard dummy text ever since the 1500s, when an unknown printer took a galley of type and scrambled it to make a type specimen book.] but found [It is a long established fact that a reader will be distracted by the readable content of a page when looking at its layout. The point of using Lorem Ipsum is that it has a more-or-less normal distribution of lettersLorem Ipsum is simply dummy text of the printing and typesetting industry. Lorem Ipsum has been the industry's standard dummy text ever since the 1500s, when an unknown printer took a galley of type and scrambled it to make a type specimen book.]
at org.testng.Assert.fail(Assert.java:96)
at org.testng.Assert.failNotEquals(Assert.java:776)
at org.testng.Assert.assertEqualsImpl(Assert.java:137)
at org.testng.Assert.assertEquals(Assert.java:118)
at org.testng.Assert.assertEquals(Assert.java:453)
at org.testng.Assert.assertEquals(Assert.java:463)
at com.curriculum.Create_New_Map.TCED29138(Create_New_Map.java:1214)
at sun.reflect.NativeMethodAccessorImpl.invoke0(Native Method)
at sun.reflect.NativeMethodAccessorImpl.invoke(NativeMethodAccessorImpl.java:62)
at sun.reflect.DelegatingMethodAccessorImpl.invoke(DelegatingMethodAccessorImpl.java:43)
at java.lang.reflect.Method.invoke(Method.java:498)
at org.testng.internal.MethodInvocationHelper.invokeMethod(MethodInvocationHelper.java:124)
at org.testng.internal.Invoker.invokeMethod(Invoker.java:583)
at org.testng.internal.Invoker.invokeTestMethod(Invoker.java:719)
at org.testng.internal.Invoker.invokeTestMethods(Invoker.java:989)
at org.testng.internal.TestMethodWorker.invokeTestMethods(TestMethodWorker.java:125)
at org.testng.internal.TestMethodWorker.run(TestMethodWorker.java:109)
at org.testng.TestRunner.privateRun(TestRunner.java:648)
at org.testng.TestRunner.run(TestRunner.java:505)
at org.testng.SuiteRunner.runTest(SuiteRunner.java:455)
at org.testng.SuiteRunner.runSequentially(SuiteRunner.java:450)
at org.testng.SuiteRunner.privateRun(SuiteRunner.java:415)
at org.testng.SuiteRunner.run(SuiteRunner.java:364)
at org.testng.SuiteRunnerWorker.runSuite(SuiteRunnerWorker.java:52)
at org.testng.SuiteRunnerWorker.run(SuiteRunnerWorker.java:84)
at org.testng.TestNG.runSuitesSequentially(TestNG.java:1208)
at org.testng.TestNG.runSuitesLocally(TestNG.java:1137)
at org.testng.TestNG.runSuites(TestNG.java:1049)
at org.testng.TestNG.run(TestNG.java:1017)
at org.testng.remote.AbstractRemoteTestNG.run(AbstractRemoteTestNG.java:114)
at org.testng.remote.RemoteTestNG.initAndRun(RemoteTestNG.java:251)
at org.testng.remote.RemoteTestNG.main(RemoteTestNG.java:77)
]]>
    </failure>
  </testcase> <!-- TCED29138 -->
</testsuite> <!-- Default test -->
