<?xml version="1.0" encoding="UTF-8"?>
<!-- Generated by org.testng.reporters.JUnitXMLReporter -->
<testsuite hostname="Ans-A" name="Default test" tests="23" failures="0" timestamp="28 Nov 2018 10:52:02 GMT" time="260.627" errors="0">
  <testcase name="TCED20201" time="99.387" classname="com.MTSS.Manage_meetings"/>
  <testcase name="TCED20202" time="0.12" classname="com.MTSS.Manage_meetings"/>
  <testcase name="TCED20203" time="2.645" classname="com.MTSS.Manage_meetings"/>
  <testcase name="TCED20204" time="3.821" classname="com.MTSS.Manage_meetings"/>
  <testcase name="TCED20205" time="0.136" classname="com.MTSS.Manage_meetings"/>
  <testcase name="TCED20206" time="6.482" classname="com.MTSS.Manage_meetings"/>
  <testcase name="TCED20207" time="0.049" classname="com.MTSS.Manage_meetings"/>
  <testcase name="TCED20208" time="8.85" classname="com.MTSS.Manage_meetings"/>
  <testcase name="TCED20209" time="4.197" classname="com.MTSS.Manage_meetings"/>
  <testcase name="TCED20210" time="8.118" classname="com.MTSS.Manage_meetings"/>
  <testcase name="TCED20211" time="10.932" classname="com.MTSS.Manage_meetings"/>
  <testcase name="TCED20212" time="10.576" classname="com.MTSS.Manage_meetings"/>
  <testcase name="TCED20213" time="0.052" classname="com.MTSS.Manage_meetings"/>
  <testcase name="TCED20214" time="13.738" classname="com.MTSS.Manage_meetings"/>
  <testcase name="TCED20215" time="13.259" classname="com.MTSS.Manage_meetings"/>
  <testcase name="TCED20217" time="9.573" classname="com.MTSS.Manage_meetings"/>
  <testcase name="TCED20218" time="0.087" classname="com.MTSS.Manage_meetings"/>
  <testcase name="TCED20219" time="11.877" classname="com.MTSS.Manage_meetings"/>
  <testcase name="TCED20220" time="0.177" classname="com.MTSS.Manage_meetings"/>
  <testcase name="TCED20221" time="8.216" classname="com.MTSS.Manage_meetings"/>
  <testcase name="TCED20222" time="30.776" classname="com.MTSS.Manage_meetings"/>
  <testcase name="TCED20223" time="0.036" classname="com.MTSS.Manage_meetings"/>
  <testcase name="TCED20224" time="2.735" classname="com.MTSS.Manage_meetings"/>
</testsuite> <!-- Default test -->
