<?xml version="1.0" encoding="UTF-8"?>
<!-- Generated by org.testng.reporters.JUnitXMLReporter -->
<testsuite hostname="Vofox-Sebastian" ignored="0" name="Default test" tests="10" failures="0" timestamp="12 Oct 2018 08:14:44 GMT" time="107.51" errors="0">
  <testcase name="TCED13301" time="6.245" classname="com.localassessment.Test_Suite_Print_Login_Codes"/>
  <testcase name="TCED13302" time="4.988" classname="com.localassessment.Test_Suite_Print_Login_Codes"/>
  <testcase name="TCED13303" time="0.439" classname="com.localassessment.Test_Suite_Print_Login_Codes"/>
  <testcase name="TCED13304" time="1.934" classname="com.localassessment.Test_Suite_Print_Login_Codes"/>
  <testcase name="TCED13305" time="4.175" classname="com.localassessment.Test_Suite_Print_Login_Codes"/>
  <testcase name="TCED13306" time="22.934" classname="com.localassessment.Test_Suite_Print_Login_Codes"/>
  <testcase name="TCED13307" time="22.924" classname="com.localassessment.Test_Suite_Print_Login_Codes"/>
  <testcase name="TCED13308" time="23.207" classname="com.localassessment.Test_Suite_Print_Login_Codes"/>
  <testcase name="TCED13309" time="12.152" classname="com.localassessment.Test_Suite_Print_Login_Codes"/>
  <testcase name="TCED13310" time="1.274" classname="com.localassessment.Test_Suite_Print_Login_Codes"/>
</testsuite> <!-- Default test -->
