<?xml version="1.0" encoding="UTF-8"?>
<!-- Generated by org.testng.reporters.JUnitXMLReporter -->
<testsuite hostname="Vofox-Sebastian" ignored="0" name="Default test" tests="5" failures="0" timestamp="24 Oct 2018 08:32:05 GMT" time="23.414" errors="0">
  <testcase name="TCED19101" time="8.513" classname="com.MTSS.MTSS_Tier_Intervention_Menu"/>
  <testcase name="TCED19102" time="1.076" classname="com.MTSS.MTSS_Tier_Intervention_Menu"/>
  <testcase name="TCED19103" time="1.964" classname="com.MTSS.MTSS_Tier_Intervention_Menu"/>
  <testcase name="TCED19104" time="1.758" classname="com.MTSS.MTSS_Tier_Intervention_Menu"/>
  <testcase name="TCED19105" time="1.866" classname="com.MTSS.MTSS_Tier_Intervention_Menu"/>
</testsuite> <!-- Default test -->
