<?xml version="1.0" encoding="UTF-8"?>
<!-- Generated by org.testng.reporters.JUnitXMLReporter -->
<testsuite hostname="Vofox-Sebastian" ignored="0" name="Default test" tests="5" failures="0" timestamp="12 Oct 2018 13:04:55 GMT" time="48.432" errors="0">
  <testcase name="TCED28101" time="8.188" classname="com.curriculum.Batch_Print"/>
  <testcase name="TCED28102" time="1.694" classname="com.curriculum.Batch_Print"/>
  <testcase name="TCED28103" time="5.695" classname="com.curriculum.Batch_Print"/>
  <testcase name="TCED28104" time="23.466" classname="com.curriculum.Batch_Print"/>
  <testcase name="TCED28105" time="0.544" classname="com.curriculum.Batch_Print"/>
</testsuite> <!-- Default test -->
