<?xml version="1.0" encoding="UTF-8"?>
<!-- Generated by org.testng.reporters.JUnitXMLReporter -->
<testsuite hostname="AKHIL-TS" name="Default test" tests="8" failures="0" timestamp="12 Nov 2018 10:58:58 GMT" time="100.511" errors="0">
  <testcase name="TCED22501" time="8.549" classname="com.MTSS.Meeting_History_Report"/>
  <testcase name="TCED22511" time="3.403" classname="com.MTSS.Meeting_History_Report"/>
  <testcase name="TCED22512" time="11.278" classname="com.MTSS.Meeting_History_Report"/>
  <testcase name="TCED22513" time="11.297" classname="com.MTSS.Meeting_History_Report"/>
  <testcase name="TCED22514" time="3.691" classname="com.MTSS.Meeting_History_Report"/>
  <testcase name="TCED22515" time="11.277" classname="com.MTSS.Meeting_History_Report"/>
  <testcase name="TCED22516" time="11.288" classname="com.MTSS.Meeting_History_Report"/>
  <testcase name="TCED22517" time="11.895" classname="com.MTSS.Meeting_History_Report"/>
</testsuite> <!-- Default test -->
