<?xml version="1.0" encoding="UTF-8"?>
<!-- Generated by org.testng.reporters.JUnitXMLReporter -->
<testsuite hostname="Ans-A" name="Default test" tests="23" failures="0" timestamp="15 Nov 2018 08:48:46 GMT" time="247.252" errors="0">
  <testcase name="TCED20201" time="91.41" classname="com.MTSS.Manage_meetings"/>
  <testcase name="TCED20202" time="0.121" classname="com.MTSS.Manage_meetings"/>
  <testcase name="TCED20203" time="2.679" classname="com.MTSS.Manage_meetings"/>
  <testcase name="TCED20204" time="2.439" classname="com.MTSS.Manage_meetings"/>
  <testcase name="TCED20205" time="0.106" classname="com.MTSS.Manage_meetings"/>
  <testcase name="TCED20206" time="6.364" classname="com.MTSS.Manage_meetings"/>
  <testcase name="TCED20207" time="0.125" classname="com.MTSS.Manage_meetings"/>
  <testcase name="TCED20208" time="7.536" classname="com.MTSS.Manage_meetings"/>
  <testcase name="TCED20209" time="4.242" classname="com.MTSS.Manage_meetings"/>
  <testcase name="TCED20210" time="8.058" classname="com.MTSS.Manage_meetings"/>
  <testcase name="TCED20211" time="10.893" classname="com.MTSS.Manage_meetings"/>
  <testcase name="TCED20212" time="10.617" classname="com.MTSS.Manage_meetings"/>
  <testcase name="TCED20213" time="0.046" classname="com.MTSS.Manage_meetings"/>
  <testcase name="TCED20214" time="13.739" classname="com.MTSS.Manage_meetings"/>
  <testcase name="TCED20215" time="13.263" classname="com.MTSS.Manage_meetings"/>
  <testcase name="TCED20217" time="9.77" classname="com.MTSS.Manage_meetings"/>
  <testcase name="TCED20218" time="0.077" classname="com.MTSS.Manage_meetings"/>
  <testcase name="TCED20219" time="11.891" classname="com.MTSS.Manage_meetings"/>
  <testcase name="TCED20220" time="0.161" classname="com.MTSS.Manage_meetings"/>
  <testcase name="TCED20221" time="8.08" classname="com.MTSS.Manage_meetings"/>
  <testcase name="TCED20222" time="30.834" classname="com.MTSS.Manage_meetings"/>
  <testcase name="TCED20223" time="0.023" classname="com.MTSS.Manage_meetings"/>
  <testcase name="TCED20224" time="2.955" classname="com.MTSS.Manage_meetings"/>
</testsuite> <!-- Default test -->
