<?xml version="1.0" encoding="UTF-8"?>
<!-- Generated by org.testng.reporters.JUnitXMLReporter -->
<testsuite hostname="Ans-A" name="Default test" tests="24" failures="1" timestamp="18 Oct 2018 09:19:01 GMT" time="300.728" errors="0">
  <testcase name="TCED14081" time="14.213" classname="com.analyzeByScore.ItemAnalysisbyQuestion"/>
  <testcase name="TCED14082" time="0.18" classname="com.analyzeByScore.ItemAnalysisbyQuestion"/>
  <testcase name="TCED14083" time="1.68" classname="com.analyzeByScore.ItemAnalysisbyQuestion"/>
  <testcase name="TCED14084" time="1.163" classname="com.analyzeByScore.ItemAnalysisbyQuestion"/>
  <testcase name="TCED14085" time="7.255" classname="com.analyzeByScore.ItemAnalysisbyQuestion"/>
  <testcase name="TCED14086" time="7.864" classname="com.analyzeByScore.ItemAnalysisbyQuestion"/>
  <testcase name="TCED14087" time="7.643" classname="com.analyzeByScore.ItemAnalysisbyQuestion"/>
  <testcase name="TCED14088" time="7.136" classname="com.analyzeByScore.ItemAnalysisbyQuestion"/>
  <testcase name="TCED14089" time="10.635" classname="com.analyzeByScore.ItemAnalysisbyQuestion"/>
  <testcase name="TCED14090" time="1.145" classname="com.analyzeByScore.ItemAnalysisbyQuestion"/>
  <testcase name="TCED14091" time="14.323" classname="com.analyzeByScore.ItemAnalysisbyQuestion"/>
  <testcase name="TCED14092" time="12.471" classname="com.analyzeByScore.ItemAnalysisbyQuestion"/>
  <testcase name="TCED14093" time="11.375" classname="com.analyzeByScore.ItemAnalysisbyQuestion"/>
  <testcase name="TCED14094" time="12.297" classname="com.analyzeByScore.ItemAnalysisbyQuestion"/>
  <testcase name="TCED14095" time="8.622" classname="com.analyzeByScore.ItemAnalysisbyQuestion"/>
  <testcase name="TCED14096" time="1.054" classname="com.analyzeByScore.ItemAnalysisbyQuestion"/>
  <testcase name="TCED14097" time="10.508" classname="com.analyzeByScore.ItemAnalysisbyQuestion"/>
  <testcase name="TCED14098" time="11.771" classname="com.analyzeByScore.ItemAnalysisbyQuestion"/>
  <testcase name="TCED14099" time="10.356" classname="com.analyzeByScore.ItemAnalysisbyQuestion"/>
  <testcase name="TCED14100" time="10.268" classname="com.analyzeByScore.ItemAnalysisbyQuestion"/>
  <testcase name="TCED14101" time="14.985" classname="com.analyzeByScore.ItemAnalysisbyQuestion"/>
  <testcase name="TCED14102" time="15.376" classname="com.analyzeByScore.ItemAnalysisbyQuestion"/>
  <testcase name="TCED14103" time="27.197" classname="com.analyzeByScore.ItemAnalysisbyQuestion">
    <failure type="java.lang.AssertionError" message="Timeout during waiting for element: &amp;apos;//a[@onclick=&amp;apos;return ShowTestSummeryPopUp(&amp;apos;1268&amp;apos;);&amp;apos;]&amp;apos;">
      <![CDATA[java.lang.AssertionError: Timeout during waiting for element: '//a[@onclick='return ShowTestSummeryPopUp('1268');']'
	at Library.BaseClassOne.waitFor(BaseClassOne.java:271)
	at Library.BaseClassOne.click(BaseClassOne.java:183)
	at com.generalMethods.TestingSummary.TestingSummarypopup(TestingSummary.java:16)
	at com.analyzeByScore.ItemAnalysisbyQuestion.TCED14103(ItemAnalysisbyQuestion.java:551)
	at sun.reflect.NativeMethodAccessorImpl.invoke0(Native Method)
	at sun.reflect.NativeMethodAccessorImpl.invoke(NativeMethodAccessorImpl.java:62)
	at sun.reflect.DelegatingMethodAccessorImpl.invoke(DelegatingMethodAccessorImpl.java:43)
	at java.lang.reflect.Method.invoke(Method.java:498)
	at org.testng.internal.MethodInvocationHelper.invokeMethod(MethodInvocationHelper.java:100)
	at org.testng.internal.Invoker.invokeMethod(Invoker.java:646)
	at org.testng.internal.Invoker.invokeTestMethod(Invoker.java:811)
	at org.testng.internal.Invoker.invokeTestMethods(Invoker.java:1137)
	at org.testng.internal.TestMethodWorker.invokeTestMethods(TestMethodWorker.java:129)
	at org.testng.internal.TestMethodWorker.run(TestMethodWorker.java:112)
	at org.testng.TestRunner.privateRun(TestRunner.java:753)
	at org.testng.TestRunner.run(TestRunner.java:607)
	at org.testng.SuiteRunner.runTest(SuiteRunner.java:368)
	at org.testng.SuiteRunner.runSequentially(SuiteRunner.java:363)
	at org.testng.SuiteRunner.privateRun(SuiteRunner.java:321)
	at org.testng.SuiteRunner.run(SuiteRunner.java:270)
	at org.testng.SuiteRunnerWorker.runSuite(SuiteRunnerWorker.java:52)
	at org.testng.SuiteRunnerWorker.run(SuiteRunnerWorker.java:86)
	at org.testng.TestNG.runSuitesSequentially(TestNG.java:1284)
	at org.testng.TestNG.runSuitesLocally(TestNG.java:1209)
	at org.testng.TestNG.runSuites(TestNG.java:1124)
	at org.testng.TestNG.run(TestNG.java:1096)
	at org.testng.remote.AbstractRemoteTestNG.run(AbstractRemoteTestNG.java:132)
	at org.testng.remote.RemoteTestNG.initAndRun(RemoteTestNG.java:236)
	at org.testng.remote.RemoteTestNG.main(RemoteTestNG.java:81)
]]>
    </failure>
  </testcase> <!-- TCED14103 -->
  <testcase name="TCED14104" time="70.468" classname="com.analyzeByScore.ItemAnalysisbyQuestion"/>
</testsuite> <!-- Default test -->
