<?xml version="1.0" encoding="UTF-8"?>
<!-- Generated by org.testng.reporters.JUnitXMLReporter -->
<testsuite hostname="AKHIL-TS" name="Default test" tests="13" failures="0" timestamp="25 Sep 2018 09:27:59 GMT" time="164.619" errors="0">
  <testcase name="TCED29201" time="8.75" classname="com.curriculum.Edit_Curriculum"/>
  <testcase name="TCED29202" time="1.349" classname="com.curriculum.Edit_Curriculum"/>
  <testcase name="TCED29203" time="12.959" classname="com.curriculum.Edit_Curriculum"/>
  <testcase name="TCED29204" time="14.809" classname="com.curriculum.Edit_Curriculum"/>
  <testcase name="TCED29205" time="15.825" classname="com.curriculum.Edit_Curriculum"/>
  <testcase name="TCED29206" time="23.293" classname="com.curriculum.Edit_Curriculum"/>
  <testcase name="TCED29207" time="23.784" classname="com.curriculum.Edit_Curriculum"/>
  <testcase name="TCED29208" time="10.108" classname="com.curriculum.Edit_Curriculum"/>
  <testcase name="TCED29209" time="9.812" classname="com.curriculum.Edit_Curriculum"/>
  <testcase name="TCED29210" time="9.755" classname="com.curriculum.Edit_Curriculum"/>
  <testcase name="TCED29211" time="1.457" classname="com.curriculum.Edit_Curriculum"/>
  <testcase name="TCED29212" time="4.667" classname="com.curriculum.Edit_Curriculum"/>
  <testcase name="TCED29213" time="20.274" classname="com.curriculum.Edit_Curriculum"/>
</testsuite> <!-- Default test -->
