<?xml version="1.0" encoding="UTF-8"?>
<!-- Generated by org.testng.reporters.JUnitXMLReporter -->
<testsuite hostname="Vofox-Sebastian" ignored="0" name="Default test" tests="5" failures="0" timestamp="03 Oct 2018 07:10:37 GMT" time="152.685" errors="0">
  <testcase name="TCED30701" time="31.868" classname="com.curriculum.CTE_Competency_List"/>
  <testcase name="TCED30702" time="0.736" classname="com.curriculum.CTE_Competency_List"/>
  <testcase name="TCED30703" time="35.676" classname="com.curriculum.CTE_Competency_List"/>
  <testcase name="TCED30704" time="35.697" classname="com.curriculum.CTE_Competency_List"/>
  <testcase name="TCED30705" time="36.641" classname="com.curriculum.CTE_Competency_List"/>
</testsuite> <!-- Default test -->
