<?xml version="1.0" encoding="UTF-8"?>
<!-- Generated by org.testng.reporters.JUnitXMLReporter -->
<testsuite hostname="Vofox-Sebastian" ignored="0" name="Default test" tests="10" failures="0" timestamp="16 Oct 2018 10:43:24 GMT" time="40.242" errors="0">
  <testcase name="TCED13021" time="6.143" classname="com.localassessment.Score_Class_Results_Online"/>
  <testcase name="TCED13022" time="7.231" classname="com.localassessment.Score_Class_Results_Online"/>
  <testcase name="TCED13023" time="0.378" classname="com.localassessment.Score_Class_Results_Online"/>
  <testcase name="TCED13024" time="1.003" classname="com.localassessment.Score_Class_Results_Online"/>
  <testcase name="TCED13025" time="1.185" classname="com.localassessment.Score_Class_Results_Online"/>
  <testcase name="TCED13026" time="2.868" classname="com.localassessment.Score_Class_Results_Online"/>
  <testcase name="TCED13027" time="3.965" classname="com.localassessment.Score_Class_Results_Online"/>
  <testcase name="TCED13028" time="2.881" classname="com.localassessment.Score_Class_Results_Online"/>
  <testcase name="TCED13029" time="1.209" classname="com.localassessment.Score_Class_Results_Online"/>
  <testcase name="TCED13030" time="3.78" classname="com.localassessment.Score_Class_Results_Online"/>
</testsuite> <!-- Default test -->
