<?xml version="1.0" encoding="UTF-8"?>
<!-- Generated by org.testng.reporters.JUnitXMLReporter -->
<testsuite hostname="AKHIL-TS" name="Default test" tests="5" failures="0" timestamp="16 Oct 2018 09:46:10 GMT" time="33.298" errors="0">
  <testcase name="TCED19701" time="9.676" classname="com.MTSS.Test_Suite_MTSS_T1_Interventions"/>
  <testcase name="TCED19702" time="0.209" classname="com.MTSS.Test_Suite_MTSS_T1_Interventions"/>
  <testcase name="TCED19703" time="3.474" classname="com.MTSS.Test_Suite_MTSS_T1_Interventions"/>
  <testcase name="TCED19704" time="11.307" classname="com.MTSS.Test_Suite_MTSS_T1_Interventions"/>
  <testcase name="TCED19705" time="1.349" classname="com.MTSS.Test_Suite_MTSS_T1_Interventions"/>
</testsuite> <!-- Default test -->
