<?xml version="1.0" encoding="UTF-8"?>
<!-- Generated by org.testng.reporters.JUnitXMLReporter -->
<testsuite hostname="AKHIL-TS" name="Default test" tests="5" failures="0" timestamp="27 Nov 2018 13:33:39 GMT" time="159.672" errors="0">
  <testcase name="TCED30701" time="32.348" classname="com.curriculum.CTE_Competency_List"/>
  <testcase name="TCED30702" time="1.545" classname="com.curriculum.CTE_Competency_List"/>
  <testcase name="TCED30703" time="35.874" classname="com.curriculum.CTE_Competency_List"/>
  <testcase name="TCED30704" time="40.883" classname="com.curriculum.CTE_Competency_List"/>
  <testcase name="TCED30705" time="41.593" classname="com.curriculum.CTE_Competency_List"/>
</testsuite> <!-- Default test -->
