<?xml version="1.0" encoding="UTF-8"?>
<!-- Generated by org.testng.reporters.JUnitXMLReporter -->
<testsuite hostname="AKHIL-TS" name="Default test" tests="17" failures="0" timestamp="30 Oct 2018 09:44:40 GMT" time="220.858" errors="0">
  <testcase name="TCED22501" time="35.683" classname="com.MTSS.Meeting_History_Report"/>
  <testcase name="TCED22502" time="0.199" classname="com.MTSS.Meeting_History_Report"/>
  <testcase name="TCED22503" time="1.541" classname="com.MTSS.Meeting_History_Report"/>
  <testcase name="TCED22504" time="0.099" classname="com.MTSS.Meeting_History_Report"/>
  <testcase name="TCED22505" time="0.313" classname="com.MTSS.Meeting_History_Report"/>
  <testcase name="TCED22506" time="11.286" classname="com.MTSS.Meeting_History_Report"/>
  <testcase name="TCED22507" time="11.3" classname="com.MTSS.Meeting_History_Report"/>
  <testcase name="TCED22508" time="2.211" classname="com.MTSS.Meeting_History_Report"/>
  <testcase name="TCED22509" time="1.368" classname="com.MTSS.Meeting_History_Report"/>
  <testcase name="TCED22510" time="1.333" classname="com.MTSS.Meeting_History_Report"/>
  <testcase name="TCED22511" time="18.077" classname="com.MTSS.Meeting_History_Report"/>
  <testcase name="TCED22512" time="11.28" classname="com.MTSS.Meeting_History_Report"/>
  <testcase name="TCED22513" time="11.274" classname="com.MTSS.Meeting_History_Report"/>
  <testcase name="TCED22514" time="3.909" classname="com.MTSS.Meeting_History_Report"/>
  <testcase name="TCED22515" time="11.284" classname="com.MTSS.Meeting_History_Report"/>
  <testcase name="TCED22516" time="11.297" classname="com.MTSS.Meeting_History_Report"/>
  <testcase name="TCED22517" time="11.809" classname="com.MTSS.Meeting_History_Report"/>
</testsuite> <!-- Default test -->
