<?xml version="1.0" encoding="UTF-8"?>
<!-- Generated by org.testng.reporters.JUnitXMLReporter -->
<testsuite hostname="Vofox-Sebastian" ignored="0" name="Default test" tests="10" failures="0" timestamp="11 Oct 2018 14:52:37 GMT" time="28.438" errors="0">
  <testcase name="@BeforeTest setup1" time="28.337" classname="Library.BaseClassOne">
    <failure type="org.openqa.selenium.WebDriverException" message="Reached error page: about:neterror?e=netTimeout&amp;amp;u=http%3A//192.168.10.124/Edinsight/Login.aspx&amp;amp;c=UTF-8&amp;amp;f=regular&amp;amp;d=The%20server%20at%20192.168.10.124%20is%20taking%20too%20long%20to%20respond.
Build info: version: &amp;apos;3.11.0&amp;apos;, revision: &amp;apos;e59cfb3&amp;apos;, time: &amp;apos;2018-03-11T20:26:55.152Z&amp;apos;
System info: host: &amp;apos;VOFOX-SEBASTIAN&amp;apos;, ip: &amp;apos;192.168.10.130&amp;apos;, os.name: &amp;apos;Windows 10&amp;apos;, os.arch: &amp;apos;amd64&amp;apos;, os.version: &amp;apos;10.0&amp;apos;, java.version: &amp;apos;1.8.0_111&amp;apos;
Driver info: org.openqa.selenium.firefox.FirefoxDriver
Capabilities {acceptInsecureCerts: true, browserName: firefox, browserVersion: 61.0.1, javascriptEnabled: true, moz:accessibilityChecks: false, moz:headless: false, moz:processID: 3612, moz:profile: C:\Users\sebastian.VOFOX\Ap..., moz:useNonSpecCompliantPointerOrigin: false, moz:webdriverClick: true, pageLoadStrategy: normal, platform: XP, platformName: XP, platformVersion: 10.0, rotatable: false, timeouts: {implicit: 0, pageLoad: 300000, script: 30000}}
Session ID: 85984a93-0b50-4a0d-9056-3b0fba95beaf">
      <![CDATA[org.openqa.selenium.WebDriverException: Reached error page: about:neterror?e=netTimeout&u=http%3A//192.168.10.124/Edinsight/Login.aspx&c=UTF-8&f=regular&d=The%20server%20at%20192.168.10.124%20is%20taking%20too%20long%20to%20respond.
Build info: version: '3.11.0', revision: 'e59cfb3', time: '2018-03-11T20:26:55.152Z'
System info: host: 'VOFOX-SEBASTIAN', ip: '192.168.10.130', os.name: 'Windows 10', os.arch: 'amd64', os.version: '10.0', java.version: '1.8.0_111'
Driver info: org.openqa.selenium.firefox.FirefoxDriver
Capabilities {acceptInsecureCerts: true, browserName: firefox, browserVersion: 61.0.1, javascriptEnabled: true, moz:accessibilityChecks: false, moz:headless: false, moz:processID: 3612, moz:profile: C:\Users\sebastian.VOFOX\Ap..., moz:useNonSpecCompliantPointerOrigin: false, moz:webdriverClick: true, pageLoadStrategy: normal, platform: XP, platformName: XP, platformVersion: 10.0, rotatable: false, timeouts: {implicit: 0, pageLoad: 300000, script: 30000}}
Session ID: 85984a93-0b50-4a0d-9056-3b0fba95beaf
at sun.reflect.NativeConstructorAccessorImpl.newInstance0(Native Method)
at sun.reflect.NativeConstructorAccessorImpl.newInstance(NativeConstructorAccessorImpl.java:62)
at sun.reflect.DelegatingConstructorAccessorImpl.newInstance(DelegatingConstructorAccessorImpl.java:45)
at java.lang.reflect.Constructor.newInstance(Constructor.java:423)
at org.openqa.selenium.remote.http.W3CHttpResponseCodec.createException(W3CHttpResponseCodec.java:187)
at org.openqa.selenium.remote.http.W3CHttpResponseCodec.decode(W3CHttpResponseCodec.java:122)
at org.openqa.selenium.remote.http.W3CHttpResponseCodec.decode(W3CHttpResponseCodec.java:49)
at org.openqa.selenium.remote.HttpCommandExecutor.execute(HttpCommandExecutor.java:158)
at org.openqa.selenium.remote.service.DriverCommandExecutor.execute(DriverCommandExecutor.java:83)
at org.openqa.selenium.remote.RemoteWebDriver.execute(RemoteWebDriver.java:545)
at org.openqa.selenium.remote.RemoteWebDriver.get(RemoteWebDriver.java:273)
at Library.BaseClassOne.setup1(BaseClassOne.java:107)
at sun.reflect.NativeMethodAccessorImpl.invoke0(Native Method)
at sun.reflect.NativeMethodAccessorImpl.invoke(NativeMethodAccessorImpl.java:62)
at sun.reflect.DelegatingMethodAccessorImpl.invoke(DelegatingMethodAccessorImpl.java:43)
at java.lang.reflect.Method.invoke(Method.java:498)
at org.testng.internal.MethodInvocationHelper.invokeMethod(MethodInvocationHelper.java:124)
at org.testng.internal.MethodInvocationHelper.invokeMethodConsideringTimeout(MethodInvocationHelper.java:59)
at org.testng.internal.Invoker.invokeConfigurationMethod(Invoker.java:458)
at org.testng.internal.Invoker.invokeConfigurations(Invoker.java:222)
at org.testng.internal.Invoker.invokeConfigurations(Invoker.java:142)
at org.testng.TestRunner.beforeRun(TestRunner.java:529)
at org.testng.TestRunner.run(TestRunner.java:497)
at org.testng.SuiteRunner.runTest(SuiteRunner.java:455)
at org.testng.SuiteRunner.runSequentially(SuiteRunner.java:450)
at org.testng.SuiteRunner.privateRun(SuiteRunner.java:415)
at org.testng.SuiteRunner.run(SuiteRunner.java:364)
at org.testng.SuiteRunnerWorker.runSuite(SuiteRunnerWorker.java:52)
at org.testng.SuiteRunnerWorker.run(SuiteRunnerWorker.java:84)
at org.testng.TestNG.runSuitesSequentially(TestNG.java:1208)
at org.testng.TestNG.runSuitesLocally(TestNG.java:1137)
at org.testng.TestNG.runSuites(TestNG.java:1049)
at org.testng.TestNG.run(TestNG.java:1017)
at org.testng.remote.AbstractRemoteTestNG.run(AbstractRemoteTestNG.java:114)
at org.testng.remote.RemoteTestNG.initAndRun(RemoteTestNG.java:251)
at org.testng.remote.RemoteTestNG.main(RemoteTestNG.java:77)
]]>
    </failure>
  </testcase> <!-- @BeforeTest setup1 -->
  <testcase name="@AfterTest tearDown" time="0.0" classname="Library.BaseClassOne">
    <skipped/>
  </testcase> <!-- @AfterTest tearDown -->
  <testcase name="TCED13301" time="0.0" classname="com.localassessment.Test_Suite_Print_Login_Codes">
    <skipped/>
  </testcase> <!-- TCED13301 -->
  <testcase name="TCED13302" time="0.0" classname="com.localassessment.Test_Suite_Print_Login_Codes">
    <skipped/>
  </testcase> <!-- TCED13302 -->
  <testcase name="TCED13303" time="0.0" classname="com.localassessment.Test_Suite_Print_Login_Codes">
    <skipped/>
  </testcase> <!-- TCED13303 -->
  <testcase name="TCED13304" time="0.0" classname="com.localassessment.Test_Suite_Print_Login_Codes">
    <skipped/>
  </testcase> <!-- TCED13304 -->
  <testcase name="TCED13305" time="0.0" classname="com.localassessment.Test_Suite_Print_Login_Codes">
    <skipped/>
  </testcase> <!-- TCED13305 -->
  <testcase name="TCED13306" time="0.0" classname="com.localassessment.Test_Suite_Print_Login_Codes">
    <skipped/>
  </testcase> <!-- TCED13306 -->
  <testcase name="TCED13307" time="0.0" classname="com.localassessment.Test_Suite_Print_Login_Codes">
    <skipped/>
  </testcase> <!-- TCED13307 -->
  <testcase name="TCED13308" time="0.0" classname="com.localassessment.Test_Suite_Print_Login_Codes">
    <skipped/>
  </testcase> <!-- TCED13308 -->
  <testcase name="TCED13309" time="0.0" classname="com.localassessment.Test_Suite_Print_Login_Codes">
    <skipped/>
  </testcase> <!-- TCED13309 -->
  <testcase name="TCED13310" time="0.0" classname="com.localassessment.Test_Suite_Print_Login_Codes">
    <skipped/>
  </testcase> <!-- TCED13310 -->
</testsuite> <!-- Default test -->
