<?xml version="1.0" encoding="UTF-8"?>
<!-- Generated by org.testng.reporters.JUnitXMLReporter -->
<testsuite hostname="Ans-A" name="Default test" tests="7" failures="0" timestamp="15 Oct 2018 11:20:01 GMT" time="89.226" errors="0">
  <testcase name="TCED14291" time="9.005" classname="com.analyzeByScore.AdministrationComparisonbyStudent"/>
  <testcase name="TCED14292" time="0.726" classname="com.analyzeByScore.AdministrationComparisonbyStudent"/>
  <testcase name="TCED14293" time="5.904" classname="com.analyzeByScore.AdministrationComparisonbyStudent"/>
  <testcase name="TCED14294" time="1.335" classname="com.analyzeByScore.AdministrationComparisonbyStudent"/>
  <testcase name="TCED14295" time="29.054" classname="com.analyzeByScore.AdministrationComparisonbyStudent"/>
  <testcase name="TCED14296" time="0.154" classname="com.analyzeByScore.AdministrationComparisonbyStudent"/>
  <testcase name="TCED14297" time="33.698" classname="com.analyzeByScore.AdministrationComparisonbyStudent"/>
</testsuite> <!-- Default test -->
