<?xml version="1.0" encoding="UTF-8"?>
<!-- Generated by org.testng.reporters.JUnitXMLReporter -->
<testsuite hostname="Vofox-Sebastian" ignored="0" name="Default test" tests="4" failures="0" timestamp="18 Oct 2018 08:36:37 GMT" time="23.134" errors="0">
  <testcase name="TCED19601" time="9.589" classname="com.MTSS.Track_Student_Interventions"/>
  <testcase name="TCED19602" time="0.265" classname="com.MTSS.Track_Student_Interventions"/>
  <testcase name="TCED19603" time="2.828" classname="com.MTSS.Track_Student_Interventions"/>
  <testcase name="TCED19604" time="2.638" classname="com.MTSS.Track_Student_Interventions"/>
</testsuite> <!-- Default test -->
