<?xml version="1.0" encoding="UTF-8"?>
<!-- Generated by org.testng.reporters.JUnitXMLReporter -->
<testsuite hostname="Ans-A" name="Default test" tests="26" failures="0" timestamp="23 Nov 2018 09:49:10 GMT" time="367.193" errors="0">
  <testcase name="TCED14401" time="11.9" classname="com.analyzeByScore.AnalyzebyHigherOrderThinkingSkills"/>
  <testcase name="TCED14402" time="0.265" classname="com.analyzeByScore.AnalyzebyHigherOrderThinkingSkills"/>
  <testcase name="TCED14403" time="1.005" classname="com.analyzeByScore.AnalyzebyHigherOrderThinkingSkills"/>
  <testcase name="TCED14404" time="5.242" classname="com.analyzeByScore.AnalyzebyHigherOrderThinkingSkills"/>
  <testcase name="TCED14405" time="6.813" classname="com.analyzeByScore.AnalyzebyHigherOrderThinkingSkills"/>
  <testcase name="TCED14406" time="14.117" classname="com.analyzeByScore.AnalyzebyHigherOrderThinkingSkills"/>
  <testcase name="TCED14407" time="17.008" classname="com.analyzeByScore.AnalyzebyHigherOrderThinkingSkills"/>
  <testcase name="TCED14408" time="13.371" classname="com.analyzeByScore.AnalyzebyHigherOrderThinkingSkills"/>
  <testcase name="TCED14409" time="6.59" classname="com.analyzeByScore.AnalyzebyHigherOrderThinkingSkills"/>
  <testcase name="TCED14410" time="1.318" classname="com.analyzeByScore.AnalyzebyHigherOrderThinkingSkills"/>
  <testcase name="TCED14411" time="5.109" classname="com.analyzeByScore.AnalyzebyHigherOrderThinkingSkills"/>
  <testcase name="TCED14412" time="5.183" classname="com.analyzeByScore.AnalyzebyHigherOrderThinkingSkills"/>
  <testcase name="TCED14413" time="13.067" classname="com.analyzeByScore.AnalyzebyHigherOrderThinkingSkills"/>
  <testcase name="TCED14414" time="16.941" classname="com.analyzeByScore.AnalyzebyHigherOrderThinkingSkills"/>
  <testcase name="TCED14415" time="13.34" classname="com.analyzeByScore.AnalyzebyHigherOrderThinkingSkills"/>
  <testcase name="TCED14416" time="6.299" classname="com.analyzeByScore.AnalyzebyHigherOrderThinkingSkills"/>
  <testcase name="TCED14417" time="1.056" classname="com.analyzeByScore.AnalyzebyHigherOrderThinkingSkills"/>
  <testcase name="TCED14418" time="5.004" classname="com.analyzeByScore.AnalyzebyHigherOrderThinkingSkills"/>
  <testcase name="TCED14419" time="5.454" classname="com.analyzeByScore.AnalyzebyHigherOrderThinkingSkills"/>
  <testcase name="TCED14420" time="13.243" classname="com.analyzeByScore.AnalyzebyHigherOrderThinkingSkills"/>
  <testcase name="TCED14421" time="16.864" classname="com.analyzeByScore.AnalyzebyHigherOrderThinkingSkills"/>
  <testcase name="TCED14422" time="13.471" classname="com.analyzeByScore.AnalyzebyHigherOrderThinkingSkills"/>
  <testcase name="TCED14423" time="13.387" classname="com.analyzeByScore.AnalyzebyHigherOrderThinkingSkills"/>
  <testcase name="TCED14424" time="8.278" classname="com.analyzeByScore.AnalyzebyHigherOrderThinkingSkills"/>
  <testcase name="TCED14425" time="27.973" classname="com.analyzeByScore.AnalyzebyHigherOrderThinkingSkills"/>
  <testcase name="TCED14426" time="114.14" classname="com.analyzeByScore.AnalyzebyHigherOrderThinkingSkills"/>
</testsuite> <!-- Default test -->
