<?xml version="1.0" encoding="UTF-8"?>
<!-- Generated by org.testng.reporters.JUnitXMLReporter -->
<testsuite hostname="AKHIL-TS" name="Default test" tests="3" failures="0" timestamp="27 Sep 2018 13:35:15 GMT" time="47.011" errors="0">
  <testcase name="TCED34301" time="21.718" classname="com.Home.Attendance"/>
  <testcase name="TCED34302" time="0.032" classname="com.Home.Attendance"/>
  <testcase name="TCED34303" time="0.604" classname="com.Home.Attendance"/>
</testsuite> <!-- Default test -->
