<?xml version="1.0" encoding="UTF-8"?>
<!-- Generated by org.testng.reporters.JUnitXMLReporter -->
<testsuite hostname="AKHIL-TS" name="Default test" tests="15" failures="0" timestamp="4 Sep 2018 11:36:43 GMT" time="64.164" errors="0">
  <testcase name="TCED23101" time="7.286" classname="com.MTSS.Configure_Settings"/>
  <testcase name="TCED23102" time="0.963" classname="com.MTSS.Configure_Settings"/>
  <testcase name="TCED23103" time="2.141" classname="com.MTSS.Configure_Settings"/>
  <testcase name="TCED23104" time="2.36" classname="com.MTSS.Configure_Settings"/>
  <testcase name="TCED23105" time="3.453" classname="com.MTSS.Configure_Settings"/>
  <testcase name="TCED23106" time="2.279" classname="com.MTSS.Configure_Settings"/>
  <testcase name="TCED23107" time="1.743" classname="com.MTSS.Configure_Settings"/>
  <testcase name="TCED23108" time="2.237" classname="com.MTSS.Configure_Settings"/>
  <testcase name="TCED23109" time="1.882" classname="com.MTSS.Configure_Settings"/>
  <testcase name="TCED23110" time="1.851" classname="com.MTSS.Configure_Settings"/>
  <testcase name="TCED23111" time="1.851" classname="com.MTSS.Configure_Settings"/>
  <testcase name="TCED23112" time="1.881" classname="com.MTSS.Configure_Settings"/>
  <testcase name="TCED23113" time="2.003" classname="com.MTSS.Configure_Settings"/>
  <testcase name="TCED23114" time="2.331" classname="com.MTSS.Configure_Settings"/>
  <testcase name="TCED23115" time="2.47" classname="com.MTSS.Configure_Settings"/>
</testsuite> <!-- Default test -->
