<?xml version="1.0" encoding="UTF-8"?>
<!-- Generated by org.testng.reporters.JUnitXMLReporter -->
<testsuite hostname="Vofox-Sebastian" ignored="0" name="Default test" tests="10" failures="0" timestamp="29 Oct 2018 11:13:00 GMT" time="0.354" errors="0">
  <testcase name="@BeforeTest setup1" time="0.254" classname="Library.BaseClassOne">
    <failure type="java.lang.IllegalStateException" message="The driver executable does not exist: f:\Jars\geckodriver.exe">
      <![CDATA[java.lang.IllegalStateException: The driver executable does not exist: f:\Jars\geckodriver.exe
at com.google.common.base.Preconditions.checkState(Preconditions.java:585)
at org.openqa.selenium.remote.service.DriverService.checkExecutable(DriverService.java:136)
at org.openqa.selenium.remote.service.DriverService.findExecutable(DriverService.java:131)
at org.openqa.selenium.firefox.GeckoDriverService.access$100(GeckoDriverService.java:41)
at org.openqa.selenium.firefox.GeckoDriverService$Builder.findDefaultExecutable(GeckoDriverService.java:141)
at org.openqa.selenium.remote.service.DriverService$Builder.build(DriverService.java:339)
at org.openqa.selenium.firefox.FirefoxDriver.toExecutor(FirefoxDriver.java:158)
at org.openqa.selenium.firefox.FirefoxDriver.<init>(FirefoxDriver.java:120)
at Library.BaseClassOne.setup1(BaseClassOne.java:114)
at sun.reflect.NativeMethodAccessorImpl.invoke0(Native Method)
at sun.reflect.NativeMethodAccessorImpl.invoke(NativeMethodAccessorImpl.java:62)
at sun.reflect.DelegatingMethodAccessorImpl.invoke(DelegatingMethodAccessorImpl.java:43)
at java.lang.reflect.Method.invoke(Method.java:498)
at org.testng.internal.MethodInvocationHelper.invokeMethod(MethodInvocationHelper.java:124)
at org.testng.internal.MethodInvocationHelper.invokeMethodConsideringTimeout(MethodInvocationHelper.java:59)
at org.testng.internal.Invoker.invokeConfigurationMethod(Invoker.java:458)
at org.testng.internal.Invoker.invokeConfigurations(Invoker.java:222)
at org.testng.internal.Invoker.invokeConfigurations(Invoker.java:142)
at org.testng.TestRunner.beforeRun(TestRunner.java:529)
at org.testng.TestRunner.run(TestRunner.java:497)
at org.testng.SuiteRunner.runTest(SuiteRunner.java:455)
at org.testng.SuiteRunner.runSequentially(SuiteRunner.java:450)
at org.testng.SuiteRunner.privateRun(SuiteRunner.java:415)
at org.testng.SuiteRunner.run(SuiteRunner.java:364)
at org.testng.SuiteRunnerWorker.runSuite(SuiteRunnerWorker.java:52)
at org.testng.SuiteRunnerWorker.run(SuiteRunnerWorker.java:84)
at org.testng.TestNG.runSuitesSequentially(TestNG.java:1208)
at org.testng.TestNG.runSuitesLocally(TestNG.java:1137)
at org.testng.TestNG.runSuites(TestNG.java:1049)
at org.testng.TestNG.run(TestNG.java:1017)
at org.testng.remote.AbstractRemoteTestNG.run(AbstractRemoteTestNG.java:114)
at org.testng.remote.RemoteTestNG.initAndRun(RemoteTestNG.java:251)
at org.testng.remote.RemoteTestNG.main(RemoteTestNG.java:77)
]]>
    </failure>
  </testcase> <!-- @BeforeTest setup1 -->
  <testcase name="@AfterTest tearDown" time="0.0" classname="Library.BaseClassOne">
    <skipped/>
  </testcase> <!-- @AfterTest tearDown -->
  <testcase name="TCED22101" time="0.0" classname="com.MTSS.Early_Warning_Identification">
    <skipped/>
  </testcase> <!-- TCED22101 -->
  <testcase name="TCED22102" time="0.0" classname="com.MTSS.Early_Warning_Identification">
    <skipped/>
  </testcase> <!-- TCED22102 -->
  <testcase name="TCED22103" time="0.0" classname="com.MTSS.Early_Warning_Identification">
    <skipped/>
  </testcase> <!-- TCED22103 -->
  <testcase name="TCED22104" time="0.0" classname="com.MTSS.Early_Warning_Identification">
    <skipped/>
  </testcase> <!-- TCED22104 -->
  <testcase name="TCED22106" time="0.0" classname="com.MTSS.Early_Warning_Identification">
    <skipped/>
  </testcase> <!-- TCED22106 -->
  <testcase name="TCED22107" time="0.0" classname="com.MTSS.Early_Warning_Identification">
    <skipped/>
  </testcase> <!-- TCED22107 -->
  <testcase name="TCED22108" time="0.0" classname="com.MTSS.Early_Warning_Identification">
    <skipped/>
  </testcase> <!-- TCED22108 -->
  <testcase name="TCED22109" time="0.0" classname="com.MTSS.Early_Warning_Identification">
    <skipped/>
  </testcase> <!-- TCED22109 -->
  <testcase name="TCED22111" time="0.0" classname="com.MTSS.Early_Warning_Identification">
    <skipped/>
  </testcase> <!-- TCED22111 -->
  <testcase name="TCED22113" time="0.0" classname="com.MTSS.Early_Warning_Identification">
    <skipped/>
  </testcase> <!-- TCED22113 -->
</testsuite> <!-- Default test -->
