<?xml version="1.0" encoding="UTF-8"?>
<!-- Generated by org.testng.reporters.JUnitXMLReporter -->
<testsuite hostname="AKHIL-TS" name="Default test" tests="14" failures="0" timestamp="10 Dec 2018 07:18:21 GMT" time="43.494" errors="0">
  <testcase name="TCED62401" time="8.054" classname="com.Student_Data_Depot.Data_Depot_Menu_Items"/>
  <testcase name="TCED62402" time="0.25" classname="com.Student_Data_Depot.Data_Depot_Menu_Items"/>
  <testcase name="TCED62403" time="3.14" classname="com.Student_Data_Depot.Data_Depot_Menu_Items"/>
  <testcase name="TCED62404" time="2.096" classname="com.Student_Data_Depot.Data_Depot_Menu_Items"/>
  <testcase name="TCED62405" time="1.809" classname="com.Student_Data_Depot.Data_Depot_Menu_Items"/>
  <testcase name="TCED62406" time="1.657" classname="com.Student_Data_Depot.Data_Depot_Menu_Items"/>
  <testcase name="TCED62407" time="3.217" classname="com.Student_Data_Depot.Data_Depot_Menu_Items"/>
  <testcase name="TCED62409" time="1.748" classname="com.Student_Data_Depot.Data_Depot_Menu_Items"/>
  <testcase name="TCED62410" time="1.621" classname="com.Student_Data_Depot.Data_Depot_Menu_Items"/>
  <testcase name="TCED62411" time="1.434" classname="com.Student_Data_Depot.Data_Depot_Menu_Items"/>
  <testcase name="TCED62412" time="1.953" classname="com.Student_Data_Depot.Data_Depot_Menu_Items"/>
  <testcase name="TCED62413" time="0.76" classname="com.Student_Data_Depot.Data_Depot_Menu_Items"/>
  <testcase name="TCED62414" time="1.694" classname="com.Student_Data_Depot.Data_Depot_Menu_Items"/>
  <testcase name="TCED62415" time="1.836" classname="com.Student_Data_Depot.Data_Depot_Menu_Items"/>
</testsuite> <!-- Default test -->
