<?xml version="1.0" encoding="UTF-8"?>
<!-- Generated by org.testng.reporters.JUnitXMLReporter -->
<testsuite hostname="AKHIL-TS" name="Default test" tests="8" failures="0" timestamp="12 Oct 2018 05:31:39 GMT" time="84.796" errors="0">
  <testcase name="TCED16201" time="6.343" classname="com.localassessment.apply_standard"/>
  <testcase name="TCED16202" time="7.32" classname="com.localassessment.apply_standard"/>
  <testcase name="TCED16203" time="0.69" classname="com.localassessment.apply_standard"/>
  <testcase name="TCED16204" time="2.625" classname="com.localassessment.apply_standard"/>
  <testcase name="TCED16205" time="10.608" classname="com.localassessment.apply_standard"/>
  <testcase name="TCED16206" time="11.444" classname="com.localassessment.apply_standard"/>
  <testcase name="TCED16207" time="16.937" classname="com.localassessment.apply_standard"/>
  <testcase name="TCED16208" time="11.613" classname="com.localassessment.apply_standard"/>
</testsuite> <!-- Default test -->
