<?xml version="1.0" encoding="UTF-8"?>
<!-- Generated by org.testng.reporters.JUnitXMLReporter -->
<testsuite hostname="Vofox-Sebastian" ignored="0" name="Default test" tests="16" failures="0" timestamp="17 Oct 2018 07:17:14 GMT" time="102.116" errors="0">
  <testcase name="TCED34201" time="17.721" classname="com.Home.Assessments"/>
  <testcase name="TCED34202" time="0.138" classname="com.Home.Assessments"/>
  <testcase name="TCED34203" time="2.29" classname="com.Home.Assessments"/>
  <testcase name="TCED34204" time="0.2" classname="com.Home.Assessments"/>
  <testcase name="TCED34205" time="11.339" classname="com.Home.Assessments"/>
  <testcase name="TCED34206" time="5.369" classname="com.Home.Assessments"/>
  <testcase name="TCED34207" time="0.301" classname="com.Home.Assessments"/>
  <testcase name="TCED34208" time="2.791" classname="com.Home.Assessments"/>
  <testcase name="TCED34209" time="11.316" classname="com.Home.Assessments"/>
  <testcase name="TCED34210" time="6.303" classname="com.Home.Assessments"/>
  <testcase name="TCED34211" time="1.303" classname="com.Home.Assessments"/>
  <testcase name="TCED34212" time="6.216" classname="com.Home.Assessments"/>
  <testcase name="TCED34213" time="11.317" classname="com.Home.Assessments"/>
  <testcase name="TCED34214" time="5.988" classname="com.Home.Assessments"/>
  <testcase name="TCED34215" time="0.232" classname="com.Home.Assessments"/>
  <testcase name="TCED34216" time="11.678" classname="com.Home.Assessments"/>
</testsuite> <!-- Default test -->
