<?xml version="1.0" encoding="UTF-8"?>
<!-- Generated by org.testng.reporters.JUnitXMLReporter -->
<testsuite hostname="Vofox-Sebastian" ignored="0" name="Default test" tests="3" failures="0" timestamp="12 Sep 2018 10:04:24 GMT" time="65.589" errors="0">
  <testcase name="TCED221105" time="21.034" classname="com.MTSS.TieredStudentsWithNoInterventionPlan"/>
  <testcase name="TCED221106" time="9.306" classname="com.MTSS.TieredStudentsWithNoInterventionPlan"/>
  <testcase name="TCED221111" time="9.293" classname="com.MTSS.TieredStudentsWithNoInterventionPlan"/>
</testsuite> <!-- Default test -->
