<?xml version="1.0" encoding="UTF-8"?>
<!-- Generated by org.testng.reporters.JUnitXMLReporter -->
<testsuite hostname="Vofox-Sebastian" ignored="0" name="Default test" tests="6" failures="0" timestamp="27 Nov 2018 07:20:54 GMT" time="65.995" errors="0">
  <testcase name="TCED351101" time="14.317" classname="com.Home.Teacher_Course_Section_MTSS"/>
  <testcase name="TCED351102" time="0.329" classname="com.Home.Teacher_Course_Section_MTSS"/>
  <testcase name="TCED351103" time="11.322" classname="com.Home.Teacher_Course_Section_MTSS"/>
  <testcase name="TCED351104" time="11.321" classname="com.Home.Teacher_Course_Section_MTSS"/>
  <testcase name="TCED351105" time="5.76" classname="com.Home.Teacher_Course_Section_MTSS"/>
  <testcase name="TCED351106" time="11.917" classname="com.Home.Teacher_Course_Section_MTSS"/>
</testsuite> <!-- Default test -->
