<?xml version="1.0" encoding="UTF-8"?>
<!-- Generated by org.testng.reporters.JUnitXMLReporter -->
<testsuite hostname="AKHIL-TS" name="Default test" tests="7" failures="0" timestamp="21 Nov 2018 06:27:14 GMT" time="57.811" errors="0">
  <testcase name="TCED35601" time="14.368" classname="com.Home.Teacher_Course_Section_Attendance"/>
  <testcase name="TCED35602" time="0.205" classname="com.Home.Teacher_Course_Section_Attendance"/>
  <testcase name="TCED35603" time="11.335" classname="com.Home.Teacher_Course_Section_Attendance"/>
  <testcase name="TCED35604" time="5.955" classname="com.Home.Teacher_Course_Section_Attendance"/>
  <testcase name="TCED35605" time="11.668" classname="com.Home.Teacher_Course_Section_Attendance"/>
  <testcase name="TCED35606" time="0.082" classname="com.Home.Teacher_Course_Section_Attendance"/>
  <testcase name="TCED35607" time="0.658" classname="com.Home.Teacher_Course_Section_Attendance"/>
</testsuite> <!-- Default test -->
