<?xml version="1.0" encoding="UTF-8"?>
<!-- Generated by org.testng.reporters.JUnitXMLReporter -->
<testsuite hostname="Ans-A" name="Default test" tests="15" failures="0" timestamp="21 Nov 2018 10:52:25 GMT" time="214.561" errors="0">
  <testcase name="TCED14151" time="11.583" classname="com.analyzeByScore.StudentAssessmentAdministrationResultsbyTeacher"/>
  <testcase name="TCED14152" time="0.174" classname="com.analyzeByScore.StudentAssessmentAdministrationResultsbyTeacher"/>
  <testcase name="TCED14153" time="1.501" classname="com.analyzeByScore.StudentAssessmentAdministrationResultsbyTeacher"/>
  <testcase name="TCED14154" time="17.105" classname="com.analyzeByScore.StudentAssessmentAdministrationResultsbyTeacher"/>
  <testcase name="TCED14155" time="15.287" classname="com.analyzeByScore.StudentAssessmentAdministrationResultsbyTeacher"/>
  <testcase name="TCED14156" time="12.284" classname="com.analyzeByScore.StudentAssessmentAdministrationResultsbyTeacher"/>
  <testcase name="TCED14157" time="2.763" classname="com.analyzeByScore.StudentAssessmentAdministrationResultsbyTeacher"/>
  <testcase name="TCED14158" time="10.325" classname="com.analyzeByScore.StudentAssessmentAdministrationResultsbyTeacher"/>
  <testcase name="TCED14159" time="12.333" classname="com.analyzeByScore.StudentAssessmentAdministrationResultsbyTeacher"/>
  <testcase name="TCED14160" time="1.345" classname="com.analyzeByScore.StudentAssessmentAdministrationResultsbyTeacher"/>
  <testcase name="TCED14161" time="10.244" classname="com.analyzeByScore.StudentAssessmentAdministrationResultsbyTeacher"/>
  <testcase name="TCED14162" time="1.859" classname="com.analyzeByScore.StudentAssessmentAdministrationResultsbyTeacher"/>
  <testcase name="TCED14163" time="15.883" classname="com.analyzeByScore.StudentAssessmentAdministrationResultsbyTeacher"/>
  <testcase name="TCED14164" time="27.866" classname="com.analyzeByScore.StudentAssessmentAdministrationResultsbyTeacher"/>
  <testcase name="TCED14165" time="62.873" classname="com.analyzeByScore.StudentAssessmentAdministrationResultsbyTeacher"/>
</testsuite> <!-- Default test -->
