<?xml version="1.0" encoding="UTF-8"?>
<!-- Generated by org.testng.reporters.JUnitXMLReporter -->
<testsuite hostname="AKHIL-TS" name="Default test" tests="27" failures="0" timestamp="20 Nov 2018 06:59:24 GMT" time="311.388" errors="0">
  <testcase name="TCED14301" time="6.685" classname="com.analyzeByScore.Local_Assessment_AnalyzeByTag"/>
  <testcase name="TCED14302" time="6.265" classname="com.analyzeByScore.Local_Assessment_AnalyzeByTag"/>
  <testcase name="TCED14303" time="0.31" classname="com.analyzeByScore.Local_Assessment_AnalyzeByTag"/>
  <testcase name="TCED14304" time="1.218" classname="com.analyzeByScore.Local_Assessment_AnalyzeByTag"/>
  <testcase name="TCED14305" time="6.44" classname="com.analyzeByScore.Local_Assessment_AnalyzeByTag"/>
  <testcase name="TCED14306" time="7.287" classname="com.analyzeByScore.Local_Assessment_AnalyzeByTag"/>
  <testcase name="TCED14307" time="8.696" classname="com.analyzeByScore.Local_Assessment_AnalyzeByTag"/>
  <testcase name="TCED14308" time="9.425" classname="com.analyzeByScore.Local_Assessment_AnalyzeByTag"/>
  <testcase name="TCED14309" time="11.31" classname="com.analyzeByScore.Local_Assessment_AnalyzeByTag"/>
  <testcase name="TCED14310" time="10.728" classname="com.analyzeByScore.Local_Assessment_AnalyzeByTag"/>
  <testcase name="TCED14311" time="1.434" classname="com.analyzeByScore.Local_Assessment_AnalyzeByTag"/>
  <testcase name="TCED14312" time="6.429" classname="com.analyzeByScore.Local_Assessment_AnalyzeByTag"/>
  <testcase name="TCED14313" time="11.917" classname="com.analyzeByScore.Local_Assessment_AnalyzeByTag"/>
  <testcase name="TCED14314" time="12.463" classname="com.analyzeByScore.Local_Assessment_AnalyzeByTag"/>
  <testcase name="TCED14315" time="13.556" classname="com.analyzeByScore.Local_Assessment_AnalyzeByTag"/>
  <testcase name="TCED14316" time="14.625" classname="com.analyzeByScore.Local_Assessment_AnalyzeByTag"/>
  <testcase name="TCED14317" time="8.685" classname="com.analyzeByScore.Local_Assessment_AnalyzeByTag"/>
  <testcase name="TCED14318" time="1.126" classname="com.analyzeByScore.Local_Assessment_AnalyzeByTag"/>
  <testcase name="TCED14319" time="9.989" classname="com.analyzeByScore.Local_Assessment_AnalyzeByTag"/>
  <testcase name="TCED14320" time="8.796" classname="com.analyzeByScore.Local_Assessment_AnalyzeByTag"/>
  <testcase name="TCED14321" time="9.162" classname="com.analyzeByScore.Local_Assessment_AnalyzeByTag"/>
  <testcase name="TCED14322" time="8.592" classname="com.analyzeByScore.Local_Assessment_AnalyzeByTag"/>
  <testcase name="TCED14323" time="11.71" classname="com.analyzeByScore.Local_Assessment_AnalyzeByTag"/>
  <testcase name="TCED14324" time="13.991" classname="com.analyzeByScore.Local_Assessment_AnalyzeByTag"/>
  <testcase name="TCED14325" time="8.302" classname="com.analyzeByScore.Local_Assessment_AnalyzeByTag"/>
  <testcase name="TCED14326" time="18.893" classname="com.analyzeByScore.Local_Assessment_AnalyzeByTag"/>
  <testcase name="TCED14327" time="59.382" classname="com.analyzeByScore.Local_Assessment_AnalyzeByTag"/>
</testsuite> <!-- Default test -->
