<?xml version="1.0" encoding="UTF-8"?>
<!-- Generated by org.testng.reporters.JUnitXMLReporter -->
<testsuite hostname="AKHIL-TS" name="Default test" tests="5" failures="0" timestamp="9 Oct 2018 13:11:11 GMT" time="26.997" errors="0">
  <testcase name="TCED13301" time="6.132" classname="com.localassessment.Test_Suite_Print_Login_Codes"/>
  <testcase name="TCED13302" time="6.376" classname="com.localassessment.Test_Suite_Print_Login_Codes"/>
  <testcase name="TCED13303" time="0.464" classname="com.localassessment.Test_Suite_Print_Login_Codes"/>
  <testcase name="TCED13304" time="0.191" classname="com.localassessment.Test_Suite_Print_Login_Codes"/>
  <testcase name="TCED13305" time="1.028" classname="com.localassessment.Test_Suite_Print_Login_Codes"/>
</testsuite> <!-- Default test -->
