<?xml version="1.0" encoding="UTF-8"?>
<!-- Generated by org.testng.reporters.JUnitXMLReporter -->
<testsuite hostname="AKHIL-TS" name="Default test" tests="13" failures="0" timestamp="13 Sep 2018 13:24:44 GMT" time="191.076" errors="0">
  <testcase name="TCED29201" time="9.427" classname="com.curriculum.Edit_Curriculum"/>
  <testcase name="TCED29202" time="1.567" classname="com.curriculum.Edit_Curriculum"/>
  <testcase name="TCED29203" time="13.37" classname="com.curriculum.Edit_Curriculum"/>
  <testcase name="TCED29204" time="15.69" classname="com.curriculum.Edit_Curriculum"/>
  <testcase name="TCED29205" time="15.959" classname="com.curriculum.Edit_Curriculum"/>
  <testcase name="TCED29206" time="23.612" classname="com.curriculum.Edit_Curriculum"/>
  <testcase name="TCED29207" time="23.92" classname="com.curriculum.Edit_Curriculum"/>
  <testcase name="TCED29208" time="10.36" classname="com.curriculum.Edit_Curriculum"/>
  <testcase name="TCED29209" time="10.199" classname="com.curriculum.Edit_Curriculum"/>
  <testcase name="TCED29210" time="10.428" classname="com.curriculum.Edit_Curriculum"/>
  <testcase name="TCED29211" time="2.332" classname="com.curriculum.Edit_Curriculum"/>
  <testcase name="TCED29212" time="5.562" classname="com.curriculum.Edit_Curriculum"/>
  <testcase name="TCED29213" time="26.089" classname="com.curriculum.Edit_Curriculum"/>
</testsuite> <!-- Default test -->
