<?xml version="1.0" encoding="UTF-8"?>
<!-- Generated by org.testng.reporters.JUnitXMLReporter -->
<testsuite hostname="Vofox-Sebastian" ignored="0" name="Test" tests="6" failures="0" timestamp="13 Nov 2018 08:52:15 GMT" time="30.997" errors="0">
  <testcase name="TCED33601" time="8.46" classname="com.Home.Notes_Tracking_Summary"/>
  <testcase name="TCED33602" time="0.088" classname="com.Home.Notes_Tracking_Summary"/>
  <testcase name="TCED33603" time="2.159" classname="com.Home.Notes_Tracking_Summary"/>
  <testcase name="TCED33604" time="11.285" classname="com.Home.Notes_Tracking_Summary"/>
  <testcase name="TCED33605" time="0.169" classname="com.Home.Notes_Tracking_Summary"/>
  <testcase name="TCED33606" time="0.416" classname="com.Home.Notes_Tracking_Summary"/>
</testsuite> <!-- Test -->
