<?xml version="1.0" encoding="UTF-8"?>
<!-- Generated by org.testng.reporters.JUnitXMLReporter -->
<testsuite ignored="0" hostname="QA-Scheduler" failures="0" tests="10" name="Test" time="131.343" errors="0" timestamp="31 Oct 2018 12:37:26 GMT">
  <testcase classname="com.MTSS.Early_Warning_Identification" name="TCED22101" time="9.553"/>
  <testcase classname="com.MTSS.Early_Warning_Identification" name="TCED22102" time="8.228"/>
  <testcase classname="com.MTSS.Early_Warning_Identification" name="TCED22103" time="0.219"/>
  <testcase classname="com.MTSS.Early_Warning_Identification" name="TCED22104" time="0.109"/>
  <testcase classname="com.MTSS.Early_Warning_Identification" name="TCED22106" time="65.281"/>
  <testcase classname="com.MTSS.Early_Warning_Identification" name="TCED22107" time="13.408"/>
  <testcase classname="com.MTSS.Early_Warning_Identification" name="TCED22108" time="6.997"/>
  <testcase classname="com.MTSS.Early_Warning_Identification" name="TCED22109" time="5.296"/>
  <testcase classname="com.MTSS.Early_Warning_Identification" name="TCED22111" time="2.949"/>
  <testcase classname="com.MTSS.Early_Warning_Identification" name="TCED22113" time="13.301"/>
</testsuite> <!-- Test -->
