<?xml version="1.0" encoding="UTF-8"?>
<!-- Generated by org.testng.reporters.JUnitXMLReporter -->
<testsuite hostname="QA-Scheduler" ignored="0" name="Test" tests="8" failures="2" timestamp="19 Nov 2018 11:10:06 GMT" time="71.527" errors="0">
  <testcase name="TCED16201" time="5.544" classname="com.localassessment.Question_Bank_Apply_Standards"/>
  <testcase name="TCED16202" time="5.427" classname="com.localassessment.Question_Bank_Apply_Standards"/>
  <testcase name="TCED16203" time="0.406" classname="com.localassessment.Question_Bank_Apply_Standards"/>
  <testcase name="TCED16204" time="1.903" classname="com.localassessment.Question_Bank_Apply_Standards"/>
  <testcase name="TCED16205" time="6.913" classname="com.localassessment.Question_Bank_Apply_Standards">
    <failure type="java.lang.AssertionError" message="Assigned standard not found expected [true] but found [false]">
      <![CDATA[java.lang.AssertionError: Assigned standard not found expected [true] but found [false]
at com.localassessment.Question_Bank_Apply_Standards.TCED16205(Question_Bank_Apply_Standards.java:196)
... Removed 31 stack frames]]>
    </failure>
  </testcase> <!-- TCED16205 -->
  <testcase name="TCED16206" time="20.276" classname="com.localassessment.Question_Bank_Apply_Standards">
    <failure type="java.lang.AssertionError" message="Timeout during waiting for element: &amp;apos;//a[contains(text(),&amp;apos;Question Bank&amp;apos;)]&amp;apos;">
      <![CDATA[java.lang.AssertionError: Timeout during waiting for element: '//a[contains(text(),'Question Bank')]'
at Library.BaseClassOne.waitFor(BaseClassOne.java:278)
at Library.BaseClassOne.click(BaseClassOne.java:190)
at com.localassessment.Question_Bank_Apply_Standards.TCED16206(Question_Bank_Apply_Standards.java:218)
... Removed 28 stack frames]]>
    </failure>
  </testcase> <!-- TCED16206 -->
  <testcase name="TCED16207" time="15.417" classname="com.localassessment.Question_Bank_Apply_Standards"/>
  <testcase name="TCED16208" time="9.69" classname="com.localassessment.Question_Bank_Apply_Standards"/>
</testsuite> <!-- Test -->
