<?xml version="1.0" encoding="UTF-8"?>
<!-- Generated by org.testng.reporters.JUnitXMLReporter -->
<testsuite ignored="0" hostname="QA-Scheduler" failures="0" tests="15" name="Test" time="36.274" errors="0" timestamp="31 Oct 2018 12:38:57 GMT">
  <testcase classname="com.MTSS.Configure_Settings" name="TCED23101" time="7.389"/>
  <testcase classname="com.MTSS.Configure_Settings" name="TCED23102" time="0.558"/>
  <testcase classname="com.MTSS.Configure_Settings" name="TCED23103" time="4.311"/>
  <testcase classname="com.MTSS.Configure_Settings" name="TCED23104" time="1.624"/>
  <testcase classname="com.MTSS.Configure_Settings" name="TCED23105" time="1.951"/>
  <testcase classname="com.MTSS.Configure_Settings" name="TCED23106" time="1.588"/>
  <testcase classname="com.MTSS.Configure_Settings" name="TCED23107" time="1.695"/>
  <testcase classname="com.MTSS.Configure_Settings" name="TCED23108" time="1.6"/>
  <testcase classname="com.MTSS.Configure_Settings" name="TCED23109" time="1.48"/>
  <testcase classname="com.MTSS.Configure_Settings" name="TCED23110" time="1.415"/>
  <testcase classname="com.MTSS.Configure_Settings" name="TCED23111" time="1.341"/>
  <testcase classname="com.MTSS.Configure_Settings" name="TCED23112" time="1.302"/>
  <testcase classname="com.MTSS.Configure_Settings" name="TCED23113" time="1.324"/>
  <testcase classname="com.MTSS.Configure_Settings" name="TCED23114" time="1.67"/>
  <testcase classname="com.MTSS.Configure_Settings" name="TCED23115" time="1.677"/>
</testsuite> <!-- Test -->
