<?xml version="1.0" encoding="UTF-8"?>
<!-- Generated by org.testng.reporters.JUnitXMLReporter -->
<testsuite hostname="Vofox-Sebastian" ignored="0" name="Test" tests="8" failures="4" timestamp="31 Oct 2018 12:46:29 GMT" time="53.853" errors="0">
  <testcase name="TCED30201" time="14.861" classname="com.curriculum.Standards_Coverage_Report">
    <failure type="java.lang.AssertionError" message="failed to assert text  For Automation [Do not Edit and Delete] expected [true] but found [false]">
      <![CDATA[java.lang.AssertionError: failed to assert text  For Automation [Do not Edit and Delete] expected [true] but found [false]
at com.curriculum.Standards_Coverage_Report.TCED30201(Standards_Coverage_Report.java:65)
... Removed 31 stack frames]]>
    </failure>
  </testcase> <!-- TCED30201 -->
  <testcase name="TCED30202" time="0.623" classname="com.curriculum.Standards_Coverage_Report">
    <failure type="java.lang.AssertionError" message="failed to assert textMaps selected: For Automation [Do not Edit and Delete] expected [true] but found [false]">
      <![CDATA[java.lang.AssertionError: failed to assert textMaps selected: For Automation [Do not Edit and Delete] expected [true] but found [false]
at com.curriculum.Analyze_curriculam.TCED29703(Analyze_curriculam.java:115)
at com.curriculum.Standards_Coverage_Report.TCED30202(Standards_Coverage_Report.java:89)
... Removed 31 stack frames]]>
    </failure>
  </testcase> <!-- TCED30202 -->
  <testcase name="TCED30203" time="3.035" classname="com.curriculum.Standards_Coverage_Report"/>
  <testcase name="TCED30204" time="0.03" classname="com.curriculum.Standards_Coverage_Report">
    <failure type="java.lang.AssertionError" message="failed to assert text For Automation [Do not Edit and Delete] expected [true] but found [false]">
      <![CDATA[java.lang.AssertionError: failed to assert text For Automation [Do not Edit and Delete] expected [true] but found [false]
at com.curriculum.Analyze_curriculam.TCED29705(Analyze_curriculam.java:187)
at com.curriculum.Standards_Coverage_Report.TCED30204(Standards_Coverage_Report.java:130)
... Removed 31 stack frames]]>
    </failure>
  </testcase> <!-- TCED30204 -->
  <testcase name="TCED30205" time="2.634" classname="com.curriculum.Standards_Coverage_Report"/>
  <testcase name="TCED30206" time="0.048" classname="com.curriculum.Standards_Coverage_Report">
    <failure type="java.lang.AssertionError" message="failed to assert text  For Automation [Do not Edit and Delete] expected [true] but found [false]">
      <![CDATA[java.lang.AssertionError: failed to assert text  For Automation [Do not Edit and Delete] expected [true] but found [false]
at com.curriculum.Analyze_curriculam.TCED29707(Analyze_curriculam.java:252)
at com.curriculum.Standards_Coverage_Report.TCED30206(Standards_Coverage_Report.java:171)
... Removed 31 stack frames]]>
    </failure>
  </testcase> <!-- TCED30206 -->
  <testcase name="TCED30207" time="11.351" classname="com.curriculum.Standards_Coverage_Report"/>
  <testcase name="TCED30208" time="11.327" classname="com.curriculum.Standards_Coverage_Report"/>
</testsuite> <!-- Test -->
