<?xml version="1.0" encoding="UTF-8"?>
<testng-results skipped="0" failed="0" ignored="0" total="6" passed="6">
  <reporter-output>
  </reporter-output>
  <suite name="Suite" duration-ms="61225" started-at="2018-11-27T11:25:26Z" finished-at="2018-11-27T11:26:27Z">
    <groups>
    </groups>
    <test name="Test" duration-ms="61225" started-at="2018-11-27T11:25:26Z" finished-at="2018-11-27T11:26:27Z">
      <class name="com.Home.Teacher_Course_Section_MTSS">
        <test-method status="PASS" signature="setup1()[pri:0, instance:com.Home.Teacher_Course_Section_MTSS@3108bc]" name="setup1" is-config="true" duration-ms="5620" started-at="2018-11-27T11:25:26Z" finished-at="2018-11-27T11:25:32Z">
          <reporter-output>
          </reporter-output>
        </test-method> <!-- setup1 -->
        <test-method status="PASS" signature="TCED351101()[pri:1, instance:com.Home.Teacher_Course_Section_MTSS@3108bc]" name="TCED351101" duration-ms="15176" started-at="2018-11-27T11:25:32Z" finished-at="2018-11-27T11:25:47Z">
          <reporter-output>
          </reporter-output>
        </test-method> <!-- TCED351101 -->
        <test-method status="PASS" signature="TCED351102()[pri:2, instance:com.Home.Teacher_Course_Section_MTSS@3108bc]" name="TCED351102" duration-ms="141" started-at="2018-11-27T11:25:47Z" finished-at="2018-11-27T11:25:47Z">
          <reporter-output>
          </reporter-output>
        </test-method> <!-- TCED351102 -->
        <test-method status="PASS" signature="TCED351103()[pri:3, instance:com.Home.Teacher_Course_Section_MTSS@3108bc]" name="TCED351103" duration-ms="11277" started-at="2018-11-27T11:25:47Z" finished-at="2018-11-27T11:25:58Z">
          <reporter-output>
          </reporter-output>
        </test-method> <!-- TCED351103 -->
        <test-method status="PASS" signature="TCED351104()[pri:4, instance:com.Home.Teacher_Course_Section_MTSS@3108bc]" name="TCED351104" duration-ms="11326" started-at="2018-11-27T11:25:58Z" finished-at="2018-11-27T11:26:10Z">
          <reporter-output>
          </reporter-output>
        </test-method> <!-- TCED351104 -->
        <test-method status="PASS" signature="TCED351105()[pri:5, instance:com.Home.Teacher_Course_Section_MTSS@3108bc]" name="TCED351105" duration-ms="6077" started-at="2018-11-27T11:26:10Z" finished-at="2018-11-27T11:26:16Z">
          <reporter-output>
          </reporter-output>
        </test-method> <!-- TCED351105 -->
        <test-method status="PASS" signature="TCED351106()[pri:6, instance:com.Home.Teacher_Course_Section_MTSS@3108bc]" name="TCED351106" duration-ms="11591" started-at="2018-11-27T11:26:16Z" finished-at="2018-11-27T11:26:27Z">
          <reporter-output>
          </reporter-output>
        </test-method> <!-- TCED351106 -->
        <test-method status="PASS" signature="tearDown()[pri:0, instance:com.Home.Teacher_Course_Section_MTSS@3108bc]" name="tearDown" is-config="true" duration-ms="0" started-at="2018-11-27T11:26:27Z" finished-at="2018-11-27T11:26:27Z">
          <reporter-output>
          </reporter-output>
        </test-method> <!-- tearDown -->
      </class> <!-- com.Home.Teacher_Course_Section_MTSS -->
    </test> <!-- Test -->
  </suite> <!-- Suite -->
</testng-results>
