<?xml version="1.0" encoding="UTF-8"?>
<testng-results skipped="0" failed="0" ignored="0" total="6" passed="6">
  <reporter-output>
  </reporter-output>
  <suite name="Suite" duration-ms="43436" started-at="2018-11-27T10:37:39Z" finished-at="2018-11-27T10:38:23Z">
    <groups>
    </groups>
    <test name="Test" duration-ms="43436" started-at="2018-11-27T10:37:39Z" finished-at="2018-11-27T10:38:23Z">
      <class name="com.curriculum.Report_By_Standard">
        <test-method status="PASS" signature="setup1()[pri:0, instance:com.curriculum.Report_By_Standard@3108bc]" name="setup1" is-config="true" duration-ms="5426" started-at="2018-11-27T10:37:39Z" finished-at="2018-11-27T10:37:45Z">
          <reporter-output>
          </reporter-output>
        </test-method> <!-- setup1 -->
        <test-method status="PASS" signature="TCED26101()[pri:0, instance:com.curriculum.Report_By_Standard@3108bc]" name="TCED26101" duration-ms="8648" started-at="2018-11-27T10:37:45Z" finished-at="2018-11-27T10:37:53Z">
          <reporter-output>
          </reporter-output>
        </test-method> <!-- TCED26101 -->
        <test-method status="PASS" signature="TCED26102()[pri:1, instance:com.curriculum.Report_By_Standard@3108bc]" name="TCED26102" duration-ms="725" started-at="2018-11-27T10:37:53Z" finished-at="2018-11-27T10:37:54Z">
          <reporter-output>
          </reporter-output>
        </test-method> <!-- TCED26102 -->
        <test-method status="PASS" signature="TCED26103()[pri:2, instance:com.curriculum.Report_By_Standard@3108bc]" name="TCED26103" duration-ms="1233" started-at="2018-11-27T10:37:54Z" finished-at="2018-11-27T10:37:55Z">
          <reporter-output>
          </reporter-output>
        </test-method> <!-- TCED26103 -->
        <test-method status="PASS" signature="TCED26104()[pri:3, instance:com.curriculum.Report_By_Standard@3108bc]" name="TCED26104" duration-ms="24986" started-at="2018-11-27T10:37:55Z" finished-at="2018-11-27T10:38:20Z">
          <reporter-output>
          </reporter-output>
        </test-method> <!-- TCED26104 -->
        <test-method status="PASS" signature="TCED26105()[pri:4, instance:com.curriculum.Report_By_Standard@3108bc]" name="TCED26105" duration-ms="1429" started-at="2018-11-27T10:38:20Z" finished-at="2018-11-27T10:38:22Z">
          <reporter-output>
          </reporter-output>
        </test-method> <!-- TCED26105 -->
        <test-method status="PASS" signature="TCED26106()[pri:5, instance:com.curriculum.Report_By_Standard@3108bc]" name="TCED26106" duration-ms="970" started-at="2018-11-27T10:38:22Z" finished-at="2018-11-27T10:38:23Z">
          <reporter-output>
          </reporter-output>
        </test-method> <!-- TCED26106 -->
        <test-method status="PASS" signature="tearDown()[pri:0, instance:com.curriculum.Report_By_Standard@3108bc]" name="tearDown" is-config="true" duration-ms="0" started-at="2018-11-27T10:38:23Z" finished-at="2018-11-27T10:38:23Z">
          <reporter-output>
          </reporter-output>
        </test-method> <!-- tearDown -->
      </class> <!-- com.curriculum.Report_By_Standard -->
    </test> <!-- Test -->
  </suite> <!-- Suite -->
</testng-results>
