<?xml version="1.0" encoding="UTF-8"?>
<testng-results skipped="0" failed="0" total="16" passed="16">
  <reporter-output>
  </reporter-output>
  <suite name="Default suite" duration-ms="112706" started-at="2018-12-06T11:18:38Z" finished-at="2018-12-06T11:20:30Z">
    <groups>
    </groups>
    <test name="Default test" duration-ms="112706" started-at="2018-12-06T11:18:38Z" finished-at="2018-12-06T11:20:30Z">
      <class name="com.Home.Assessments">
        <test-method status="PASS" signature="setup1()[pri:0, instance:com.Home.Assessments@149dace]" name="setup1" is-config="true" duration-ms="25313" started-at="2018-12-06T16:48:38Z" finished-at="2018-12-06T16:49:03Z">
          <reporter-output>
          </reporter-output>
        </test-method> <!-- setup1 -->
        <test-method status="PASS" signature="TCED34201()[pri:0, instance:com.Home.Assessments@149dace]" name="TCED34201" duration-ms="13319" started-at="2018-12-06T16:49:03Z" finished-at="2018-12-06T16:49:16Z">
          <reporter-output>
          </reporter-output>
        </test-method> <!-- TCED34201 -->
        <test-method status="PASS" signature="TCED34202()[pri:1, instance:com.Home.Assessments@149dace]" name="TCED34202" duration-ms="417" started-at="2018-12-06T16:49:16Z" finished-at="2018-12-06T16:49:17Z">
          <reporter-output>
          </reporter-output>
        </test-method> <!-- TCED34202 -->
        <test-method status="PASS" signature="TCED34203()[pri:2, instance:com.Home.Assessments@149dace]" name="TCED34203" duration-ms="985" started-at="2018-12-06T16:49:17Z" finished-at="2018-12-06T16:49:18Z">
          <reporter-output>
          </reporter-output>
        </test-method> <!-- TCED34203 -->
        <test-method status="PASS" signature="TCED34204()[pri:3, instance:com.Home.Assessments@149dace]" name="TCED34204" duration-ms="253" started-at="2018-12-06T16:49:18Z" finished-at="2018-12-06T16:49:18Z">
          <reporter-output>
          </reporter-output>
        </test-method> <!-- TCED34204 -->
        <test-method status="PASS" signature="TCED34205()[pri:4, instance:com.Home.Assessments@149dace]" name="TCED34205" duration-ms="11291" started-at="2018-12-06T16:49:18Z" finished-at="2018-12-06T16:49:29Z">
          <reporter-output>
          </reporter-output>
        </test-method> <!-- TCED34205 -->
        <test-method status="PASS" signature="TCED34206()[pri:5, instance:com.Home.Assessments@149dace]" name="TCED34206" duration-ms="5668" started-at="2018-12-06T16:49:29Z" finished-at="2018-12-06T16:49:35Z">
          <reporter-output>
          </reporter-output>
        </test-method> <!-- TCED34206 -->
        <test-method status="PASS" signature="TCED34207()[pri:6, instance:com.Home.Assessments@149dace]" name="TCED34207" duration-ms="349" started-at="2018-12-06T16:49:35Z" finished-at="2018-12-06T16:49:35Z">
          <reporter-output>
          </reporter-output>
        </test-method> <!-- TCED34207 -->
        <test-method status="PASS" signature="TCED34208()[pri:7, instance:com.Home.Assessments@149dace]" name="TCED34208" duration-ms="3161" started-at="2018-12-06T16:49:35Z" finished-at="2018-12-06T16:49:39Z">
          <reporter-output>
          </reporter-output>
        </test-method> <!-- TCED34208 -->
        <test-method status="PASS" signature="TCED34209()[pri:8, instance:com.Home.Assessments@149dace]" name="TCED34209" duration-ms="11306" started-at="2018-12-06T16:49:39Z" finished-at="2018-12-06T16:49:50Z">
          <reporter-output>
          </reporter-output>
        </test-method> <!-- TCED34209 -->
        <test-method status="PASS" signature="TCED34210()[pri:9, instance:com.Home.Assessments@149dace]" name="TCED34210" duration-ms="5055" started-at="2018-12-06T16:49:50Z" finished-at="2018-12-06T16:49:55Z">
          <reporter-output>
          </reporter-output>
        </test-method> <!-- TCED34210 -->
        <test-method status="PASS" signature="TCED34211()[pri:10, instance:com.Home.Assessments@149dace]" name="TCED34211" duration-ms="1093" started-at="2018-12-06T16:49:55Z" finished-at="2018-12-06T16:49:56Z">
          <reporter-output>
          </reporter-output>
        </test-method> <!-- TCED34211 -->
        <test-method status="PASS" signature="TCED34212()[pri:11, instance:com.Home.Assessments@149dace]" name="TCED34212" duration-ms="6308" started-at="2018-12-06T16:49:56Z" finished-at="2018-12-06T16:50:02Z">
          <reporter-output>
          </reporter-output>
        </test-method> <!-- TCED34212 -->
        <test-method status="PASS" signature="TCED34213()[pri:12, instance:com.Home.Assessments@149dace]" name="TCED34213" duration-ms="11319" started-at="2018-12-06T16:50:02Z" finished-at="2018-12-06T16:50:14Z">
          <reporter-output>
          </reporter-output>
        </test-method> <!-- TCED34213 -->
        <test-method status="PASS" signature="TCED34214()[pri:13, instance:com.Home.Assessments@149dace]" name="TCED34214" duration-ms="5203" started-at="2018-12-06T16:50:14Z" finished-at="2018-12-06T16:50:19Z">
          <reporter-output>
          </reporter-output>
        </test-method> <!-- TCED34214 -->
        <test-method status="PASS" signature="TCED34215()[pri:14, instance:com.Home.Assessments@149dace]" name="TCED34215" duration-ms="340" started-at="2018-12-06T16:50:19Z" finished-at="2018-12-06T16:50:19Z">
          <reporter-output>
          </reporter-output>
        </test-method> <!-- TCED34215 -->
        <test-method status="PASS" signature="TCED34216()[pri:15, instance:com.Home.Assessments@149dace]" name="TCED34216" duration-ms="11262" started-at="2018-12-06T16:50:19Z" finished-at="2018-12-06T16:50:30Z">
          <reporter-output>
          </reporter-output>
        </test-method> <!-- TCED34216 -->
        <test-method status="PASS" signature="tearDown()[pri:0, instance:com.Home.Assessments@149dace]" name="tearDown" is-config="true" duration-ms="0" started-at="2018-12-06T16:50:30Z" finished-at="2018-12-06T16:50:30Z">
          <reporter-output>
          </reporter-output>
        </test-method> <!-- tearDown -->
      </class> <!-- com.Home.Assessments -->
    </test> <!-- Default test -->
  </suite> <!-- Default suite -->
</testng-results>
