<?xml version="1.0" encoding="UTF-8"?>
<testng-results skipped="0" failed="0" ignored="0" total="9" passed="9">
  <reporter-output>
  </reporter-output>
  <suite name="Default suite" duration-ms="68550" started-at="2018-11-20T10:59:23Z" finished-at="2018-11-20T11:00:32Z">
    <groups>
    </groups>
    <test name="Default test" duration-ms="68550" started-at="2018-11-20T10:59:23Z" finished-at="2018-11-20T11:00:32Z">
      <class name="com.MTSS.Fix_and_Delete_intervention_plan">
        <test-method status="PASS" signature="setup1()[pri:0, instance:com.MTSS.Fix_and_Delete_intervention_plan@553a3d88]" name="setup1" is-config="true" duration-ms="8720" started-at="2018-11-20T10:59:23Z" finished-at="2018-11-20T10:59:32Z">
          <reporter-output>
          </reporter-output>
        </test-method> <!-- setup1 -->
        <test-method status="PASS" signature="TCED19801()[pri:1, instance:com.MTSS.Fix_and_Delete_intervention_plan@553a3d88]" name="TCED19801" duration-ms="8572" started-at="2018-11-20T10:59:32Z" finished-at="2018-11-20T10:59:41Z">
          <reporter-output>
          </reporter-output>
        </test-method> <!-- TCED19801 -->
        <test-method status="PASS" signature="TCED19802()[pri:2, instance:com.MTSS.Fix_and_Delete_intervention_plan@553a3d88]" name="TCED19802" duration-ms="275" started-at="2018-11-20T10:59:41Z" finished-at="2018-11-20T10:59:41Z">
          <reporter-output>
          </reporter-output>
        </test-method> <!-- TCED19802 -->
        <test-method status="PASS" signature="TCED19803()[pri:3, instance:com.MTSS.Fix_and_Delete_intervention_plan@553a3d88]" name="TCED19803" duration-ms="1728" started-at="2018-11-20T10:59:41Z" finished-at="2018-11-20T10:59:43Z">
          <reporter-output>
          </reporter-output>
        </test-method> <!-- TCED19803 -->
        <test-method status="PASS" signature="TCED19804()[pri:4, instance:com.MTSS.Fix_and_Delete_intervention_plan@553a3d88]" name="TCED19804" duration-ms="3036" started-at="2018-11-20T10:59:43Z" finished-at="2018-11-20T10:59:46Z">
          <reporter-output>
          </reporter-output>
        </test-method> <!-- TCED19804 -->
        <test-method status="PASS" signature="TCED19805()[pri:5, instance:com.MTSS.Fix_and_Delete_intervention_plan@553a3d88]" name="TCED19805" duration-ms="1406" started-at="2018-11-20T10:59:46Z" finished-at="2018-11-20T10:59:47Z">
          <reporter-output>
          </reporter-output>
        </test-method> <!-- TCED19805 -->
        <test-method status="PASS" signature="TCED19806()[pri:6, instance:com.MTSS.Fix_and_Delete_intervention_plan@553a3d88]" name="TCED19806" duration-ms="587" started-at="2018-11-20T10:59:47Z" finished-at="2018-11-20T10:59:48Z">
          <reporter-output>
          </reporter-output>
        </test-method> <!-- TCED19806 -->
        <test-method status="PASS" signature="TCED19807()[pri:7, instance:com.MTSS.Fix_and_Delete_intervention_plan@553a3d88]" name="TCED19807" duration-ms="5362" started-at="2018-11-20T10:59:48Z" finished-at="2018-11-20T10:59:53Z">
          <reporter-output>
          </reporter-output>
        </test-method> <!-- TCED19807 -->
        <test-method status="PASS" signature="TCED19808()[pri:8, instance:com.MTSS.Fix_and_Delete_intervention_plan@553a3d88]" name="TCED19808" duration-ms="22972" started-at="2018-11-20T10:59:53Z" finished-at="2018-11-20T11:00:16Z">
          <reporter-output>
          </reporter-output>
        </test-method> <!-- TCED19808 -->
        <test-method status="PASS" signature="TCED19809()[pri:9, instance:com.MTSS.Fix_and_Delete_intervention_plan@553a3d88]" name="TCED19809" duration-ms="15845" started-at="2018-11-20T11:00:16Z" finished-at="2018-11-20T11:00:32Z">
          <reporter-output>
          </reporter-output>
        </test-method> <!-- TCED19809 -->
        <test-method status="PASS" signature="tearDown()[pri:0, instance:com.MTSS.Fix_and_Delete_intervention_plan@553a3d88]" name="tearDown" is-config="true" duration-ms="0" started-at="2018-11-20T11:00:32Z" finished-at="2018-11-20T11:00:32Z">
          <reporter-output>
          </reporter-output>
        </test-method> <!-- tearDown -->
      </class> <!-- com.MTSS.Fix_and_Delete_intervention_plan -->
    </test> <!-- Default test -->
  </suite> <!-- Default suite -->
</testng-results>
