<?xml version="1.0" encoding="UTF-8"?>
<testng-results ignored="0" total="5" passed="5" failed="0" skipped="0">
  <reporter-output>
  </reporter-output>
  <suite started-at="2018-09-25T10:39:44Z" name="Suite" finished-at="2018-09-25T10:41:13Z" duration-ms="89516">
    <groups>
    </groups>
    <test started-at="2018-09-25T10:39:44Z" name="Test" finished-at="2018-09-25T10:41:13Z" duration-ms="89516">
      <class name="com.curriculum.View_Print">
        <test-method is-config="true" signature="setup1()[pri:0, instance:com.curriculum.View_Print@13fd2ccd]" started-at="2018-09-25T10:39:44Z" name="setup1" finished-at="2018-09-25T10:39:50Z" duration-ms="5712" status="PASS">
          <reporter-output>
          </reporter-output>
        </test-method> <!-- setup1 -->
        <test-method signature="TCED29601()[pri:0, instance:com.curriculum.View_Print@13fd2ccd]" started-at="2018-09-25T10:39:50Z" name="TCED29601" finished-at="2018-09-25T10:40:05Z" duration-ms="15141" status="PASS">
          <reporter-output>
          </reporter-output>
        </test-method> <!-- TCED29601 -->
        <test-method signature="TCED29602()[pri:1, instance:com.curriculum.View_Print@13fd2ccd]" started-at="2018-09-25T10:40:05Z" name="TCED29602" finished-at="2018-09-25T10:40:18Z" duration-ms="13329" status="PASS">
          <reporter-output>
          </reporter-output>
        </test-method> <!-- TCED29602 -->
        <test-method signature="TCED29603()[pri:2, instance:com.curriculum.View_Print@13fd2ccd]" started-at="2018-09-25T10:40:18Z" name="TCED29603" finished-at="2018-09-25T10:40:33Z" duration-ms="15034" status="PASS">
          <reporter-output>
          </reporter-output>
        </test-method> <!-- TCED29603 -->
        <test-method signature="TCED29604()[pri:3, instance:com.curriculum.View_Print@13fd2ccd]" started-at="2018-09-25T10:40:33Z" name="TCED29604" finished-at="2018-09-25T10:40:48Z" duration-ms="14628" status="PASS">
          <reporter-output>
          </reporter-output>
        </test-method> <!-- TCED29604 -->
        <test-method signature="TCED29605()[pri:4, instance:com.curriculum.View_Print@13fd2ccd]" started-at="2018-09-25T10:40:48Z" name="TCED29605" finished-at="2018-09-25T10:41:12Z" duration-ms="23885" status="PASS">
          <reporter-output>
          </reporter-output>
        </test-method> <!-- TCED29605 -->
        <test-method is-config="true" signature="tearDown()[pri:0, instance:com.curriculum.View_Print@13fd2ccd]" started-at="2018-09-25T10:41:12Z" name="tearDown" finished-at="2018-09-25T10:41:13Z" duration-ms="1756" status="PASS">
          <reporter-output>
          </reporter-output>
        </test-method> <!-- tearDown -->
      </class> <!-- com.curriculum.View_Print -->
    </test> <!-- Test -->
  </suite> <!-- Suite -->
</testng-results>
