<?xml version="1.0" encoding="UTF-8"?>
<testng-results skipped="0" failed="0" ignored="0" total="7" passed="7">
  <reporter-output>
  </reporter-output>
  <suite name="Suite" duration-ms="53913" started-at="2018-10-31T11:59:11Z" finished-at="2018-10-31T12:00:05Z">
    <groups>
    </groups>
    <test name="Test" duration-ms="53913" started-at="2018-10-31T11:59:11Z" finished-at="2018-10-31T12:00:05Z">
      <class name="com.MTSS.Mass_Change_Person_Responsible">
        <test-method status="PASS" signature="setup1()[pri:0, instance:com.MTSS.Mass_Change_Person_Responsible@64f6106c]" name="setup1" is-config="true" duration-ms="8839" started-at="2018-10-31T11:59:11Z" finished-at="2018-10-31T11:59:20Z">
          <reporter-output>
          </reporter-output>
        </test-method> <!-- setup1 -->
        <test-method status="PASS" signature="TCED21101()[pri:1, instance:com.MTSS.Mass_Change_Person_Responsible@64f6106c]" name="TCED21101" duration-ms="10184" started-at="2018-10-31T11:59:20Z" finished-at="2018-10-31T11:59:30Z">
          <reporter-output>
          </reporter-output>
        </test-method> <!-- TCED21101 -->
        <test-method status="PASS" signature="TCED21102()[pri:2, instance:com.MTSS.Mass_Change_Person_Responsible@64f6106c]" name="TCED21102" duration-ms="310" started-at="2018-10-31T11:59:30Z" finished-at="2018-10-31T11:59:30Z">
          <reporter-output>
          </reporter-output>
        </test-method> <!-- TCED21102 -->
        <test-method status="PASS" signature="TCED21103()[pri:3, instance:com.MTSS.Mass_Change_Person_Responsible@64f6106c]" name="TCED21103" duration-ms="2755" started-at="2018-10-31T11:59:30Z" finished-at="2018-10-31T11:59:33Z">
          <reporter-output>
          </reporter-output>
        </test-method> <!-- TCED21103 -->
        <test-method status="PASS" signature="TCED21104()[pri:4, instance:com.MTSS.Mass_Change_Person_Responsible@64f6106c]" name="TCED21104" duration-ms="248" started-at="2018-10-31T11:59:33Z" finished-at="2018-10-31T11:59:33Z">
          <reporter-output>
          </reporter-output>
        </test-method> <!-- TCED21104 -->
        <test-method status="PASS" signature="TCED21105()[pri:5, instance:com.MTSS.Mass_Change_Person_Responsible@64f6106c]" name="TCED21105" duration-ms="26509" started-at="2018-10-31T11:59:33Z" finished-at="2018-10-31T12:00:00Z">
          <reporter-output>
          </reporter-output>
        </test-method> <!-- TCED21105 -->
        <test-method status="PASS" signature="TCED21106()[pri:6, instance:com.MTSS.Mass_Change_Person_Responsible@64f6106c]" name="TCED21106" duration-ms="3127" started-at="2018-10-31T12:00:00Z" finished-at="2018-10-31T12:00:03Z">
          <reporter-output>
          </reporter-output>
        </test-method> <!-- TCED21106 -->
        <test-method status="PASS" signature="TCED21107()[pri:7, instance:com.MTSS.Mass_Change_Person_Responsible@64f6106c]" name="TCED21107" duration-ms="1911" started-at="2018-10-31T12:00:03Z" finished-at="2018-10-31T12:00:05Z">
          <reporter-output>
          </reporter-output>
        </test-method> <!-- TCED21107 -->
        <test-method status="PASS" signature="tearDown()[pri:0, instance:com.MTSS.Mass_Change_Person_Responsible@64f6106c]" name="tearDown" is-config="true" duration-ms="0" started-at="2018-10-31T12:00:05Z" finished-at="2018-10-31T12:00:05Z">
          <reporter-output>
          </reporter-output>
        </test-method> <!-- tearDown -->
      </class> <!-- com.MTSS.Mass_Change_Person_Responsible -->
    </test> <!-- Test -->
  </suite> <!-- Suite -->
</testng-results>
