<?xml version="1.0" encoding="UTF-8"?>
<testng-results skipped="0" failed="3" total="15" passed="12">
  <reporter-output>
  </reporter-output>
  <suite name="Suite" duration-ms="148629" started-at="2018-11-15T11:38:02Z" finished-at="2018-11-15T11:40:31Z">
    <groups>
    </groups>
    <test name="Test" duration-ms="148629" started-at="2018-11-15T11:38:02Z" finished-at="2018-11-15T11:40:31Z">
      <class name="com.analyzeByScore.StudentAssessmentAdministrationResultsbyTeacher">
        <test-method status="PASS" signature="setup1()[pri:0, instance:com.analyzeByScore.StudentAssessmentAdministrationResultsbyTeacher@dafa95]" name="setup1" is-config="true" duration-ms="13341" started-at="2018-11-15T17:08:02Z" finished-at="2018-11-15T17:08:15Z">
          <reporter-output>
          </reporter-output>
        </test-method> <!-- setup1 -->
        <test-method status="PASS" signature="TCED14151()[pri:1, instance:com.analyzeByScore.StudentAssessmentAdministrationResultsbyTeacher@dafa95]" name="TCED14151" duration-ms="12431" started-at="2018-11-15T17:08:15Z" finished-at="2018-11-15T17:08:28Z">
          <reporter-output>
          </reporter-output>
        </test-method> <!-- TCED14151 -->
        <test-method status="PASS" signature="TCED14152()[pri:2, instance:com.analyzeByScore.StudentAssessmentAdministrationResultsbyTeacher@dafa95]" name="TCED14152" duration-ms="287" started-at="2018-11-15T17:08:28Z" finished-at="2018-11-15T17:08:28Z">
          <reporter-output>
          </reporter-output>
        </test-method> <!-- TCED14152 -->
        <test-method status="PASS" signature="TCED14153()[pri:3, instance:com.analyzeByScore.StudentAssessmentAdministrationResultsbyTeacher@dafa95]" name="TCED14153" duration-ms="2020" started-at="2018-11-15T17:08:28Z" finished-at="2018-11-15T17:08:30Z">
          <reporter-output>
          </reporter-output>
        </test-method> <!-- TCED14153 -->
        <test-method status="PASS" signature="TCED14154()[pri:4, instance:com.analyzeByScore.StudentAssessmentAdministrationResultsbyTeacher@dafa95]" name="TCED14154" duration-ms="17282" started-at="2018-11-15T17:08:30Z" finished-at="2018-11-15T17:08:47Z">
          <reporter-output>
          </reporter-output>
        </test-method> <!-- TCED14154 -->
        <test-method status="FAIL" signature="TCED14155()[pri:5, instance:com.analyzeByScore.StudentAssessmentAdministrationResultsbyTeacher@dafa95]" name="TCED14155" duration-ms="4272" started-at="2018-11-15T17:08:47Z" finished-at="2018-11-15T17:08:52Z">
          <exception class="java.lang.AssertionError">
            <message>
              <![CDATA[Failed to download document which has extension .PDF expected [true] but found [false]]]>
            </message>
            <full-stacktrace>
              <![CDATA[java.lang.AssertionError: Failed to download document which has extension .PDF expected [true] but found [false]
	at org.testng.Assert.fail(Assert.java:94)
	at org.testng.Assert.failNotEquals(Assert.java:513)
	at org.testng.Assert.assertTrue(Assert.java:42)
	at com.analyzeByScore.StudentAssessmentAdministrationResultsbyTeacher.TCED14155(StudentAssessmentAdministrationResultsbyTeacher.java:236)
	at sun.reflect.NativeMethodAccessorImpl.invoke0(Native Method)
	at sun.reflect.NativeMethodAccessorImpl.invoke(NativeMethodAccessorImpl.java:62)
	at sun.reflect.DelegatingMethodAccessorImpl.invoke(DelegatingMethodAccessorImpl.java:43)
	at java.lang.reflect.Method.invoke(Method.java:498)
	at org.testng.internal.MethodInvocationHelper.invokeMethod(MethodInvocationHelper.java:100)
	at org.testng.internal.Invoker.invokeMethod(Invoker.java:646)
	at org.testng.internal.Invoker.invokeTestMethod(Invoker.java:811)
	at org.testng.internal.Invoker.invokeTestMethods(Invoker.java:1137)
	at org.testng.internal.TestMethodWorker.invokeTestMethods(TestMethodWorker.java:129)
	at org.testng.internal.TestMethodWorker.run(TestMethodWorker.java:112)
	at org.testng.TestRunner.privateRun(TestRunner.java:753)
	at org.testng.TestRunner.run(TestRunner.java:607)
	at org.testng.SuiteRunner.runTest(SuiteRunner.java:368)
	at org.testng.SuiteRunner.runSequentially(SuiteRunner.java:363)
	at org.testng.SuiteRunner.privateRun(SuiteRunner.java:321)
	at org.testng.SuiteRunner.run(SuiteRunner.java:270)
	at org.testng.SuiteRunnerWorker.runSuite(SuiteRunnerWorker.java:52)
	at org.testng.SuiteRunnerWorker.run(SuiteRunnerWorker.java:86)
	at org.testng.TestNG.runSuitesSequentially(TestNG.java:1284)
	at org.testng.TestNG.runSuitesLocally(TestNG.java:1209)
	at org.testng.TestNG.runSuites(TestNG.java:1124)
	at org.testng.TestNG.run(TestNG.java:1096)
	at org.testng.remote.AbstractRemoteTestNG.run(AbstractRemoteTestNG.java:132)
	at org.testng.remote.RemoteTestNG.initAndRun(RemoteTestNG.java:236)
	at org.testng.remote.RemoteTestNG.main(RemoteTestNG.java:81)
]]>
            </full-stacktrace>
          </exception> <!-- java.lang.AssertionError -->
          <reporter-output>
          </reporter-output>
        </test-method> <!-- TCED14155 -->
        <test-method status="FAIL" signature="TCED14156()[pri:6, instance:com.analyzeByScore.StudentAssessmentAdministrationResultsbyTeacher@dafa95]" name="TCED14156" duration-ms="4329" started-at="2018-11-15T17:08:52Z" finished-at="2018-11-15T17:08:56Z">
          <exception class="java.lang.AssertionError">
            <message>
              <![CDATA[Failed to download document which has extension .CSV expected [true] but found [false]]]>
            </message>
            <full-stacktrace>
              <![CDATA[java.lang.AssertionError: Failed to download document which has extension .CSV expected [true] but found [false]
	at org.testng.Assert.fail(Assert.java:94)
	at org.testng.Assert.failNotEquals(Assert.java:513)
	at org.testng.Assert.assertTrue(Assert.java:42)
	at com.analyzeByScore.StudentAssessmentAdministrationResultsbyTeacher.TCED14156(StudentAssessmentAdministrationResultsbyTeacher.java:258)
	at sun.reflect.NativeMethodAccessorImpl.invoke0(Native Method)
	at sun.reflect.NativeMethodAccessorImpl.invoke(NativeMethodAccessorImpl.java:62)
	at sun.reflect.DelegatingMethodAccessorImpl.invoke(DelegatingMethodAccessorImpl.java:43)
	at java.lang.reflect.Method.invoke(Method.java:498)
	at org.testng.internal.MethodInvocationHelper.invokeMethod(MethodInvocationHelper.java:100)
	at org.testng.internal.Invoker.invokeMethod(Invoker.java:646)
	at org.testng.internal.Invoker.invokeTestMethod(Invoker.java:811)
	at org.testng.internal.Invoker.invokeTestMethods(Invoker.java:1137)
	at org.testng.internal.TestMethodWorker.invokeTestMethods(TestMethodWorker.java:129)
	at org.testng.internal.TestMethodWorker.run(TestMethodWorker.java:112)
	at org.testng.TestRunner.privateRun(TestRunner.java:753)
	at org.testng.TestRunner.run(TestRunner.java:607)
	at org.testng.SuiteRunner.runTest(SuiteRunner.java:368)
	at org.testng.SuiteRunner.runSequentially(SuiteRunner.java:363)
	at org.testng.SuiteRunner.privateRun(SuiteRunner.java:321)
	at org.testng.SuiteRunner.run(SuiteRunner.java:270)
	at org.testng.SuiteRunnerWorker.runSuite(SuiteRunnerWorker.java:52)
	at org.testng.SuiteRunnerWorker.run(SuiteRunnerWorker.java:86)
	at org.testng.TestNG.runSuitesSequentially(TestNG.java:1284)
	at org.testng.TestNG.runSuitesLocally(TestNG.java:1209)
	at org.testng.TestNG.runSuites(TestNG.java:1124)
	at org.testng.TestNG.run(TestNG.java:1096)
	at org.testng.remote.AbstractRemoteTestNG.run(AbstractRemoteTestNG.java:132)
	at org.testng.remote.RemoteTestNG.initAndRun(RemoteTestNG.java:236)
	at org.testng.remote.RemoteTestNG.main(RemoteTestNG.java:81)
]]>
            </full-stacktrace>
          </exception> <!-- java.lang.AssertionError -->
          <reporter-output>
          </reporter-output>
        </test-method> <!-- TCED14156 -->
        <test-method status="PASS" signature="TCED14157()[pri:7, instance:com.analyzeByScore.StudentAssessmentAdministrationResultsbyTeacher@dafa95]" name="TCED14157" duration-ms="2421" started-at="2018-11-15T17:08:56Z" finished-at="2018-11-15T17:08:58Z">
          <reporter-output>
          </reporter-output>
        </test-method> <!-- TCED14157 -->
        <test-method status="PASS" signature="TCED14158()[pri:8, instance:com.analyzeByScore.StudentAssessmentAdministrationResultsbyTeacher@dafa95]" name="TCED14158" duration-ms="10442" started-at="2018-11-15T17:08:58Z" finished-at="2018-11-15T17:09:09Z">
          <reporter-output>
          </reporter-output>
        </test-method> <!-- TCED14158 -->
        <test-method status="PASS" signature="TCED14159()[pri:9, instance:com.analyzeByScore.StudentAssessmentAdministrationResultsbyTeacher@dafa95]" name="TCED14159" duration-ms="9280" started-at="2018-11-15T17:09:09Z" finished-at="2018-11-15T17:09:18Z">
          <reporter-output>
          </reporter-output>
        </test-method> <!-- TCED14159 -->
        <test-method status="PASS" signature="TCED14160()[pri:10, instance:com.analyzeByScore.StudentAssessmentAdministrationResultsbyTeacher@dafa95]" name="TCED14160" duration-ms="1727" started-at="2018-11-15T17:09:18Z" finished-at="2018-11-15T17:09:20Z">
          <reporter-output>
          </reporter-output>
        </test-method> <!-- TCED14160 -->
        <test-method status="PASS" signature="TCED14161()[pri:11, instance:com.analyzeByScore.StudentAssessmentAdministrationResultsbyTeacher@dafa95]" name="TCED14161" duration-ms="10521" started-at="2018-11-15T17:09:20Z" finished-at="2018-11-15T17:09:30Z">
          <reporter-output>
          </reporter-output>
        </test-method> <!-- TCED14161 -->
        <test-method status="PASS" signature="TCED14162()[pri:12, instance:com.analyzeByScore.StudentAssessmentAdministrationResultsbyTeacher@dafa95]" name="TCED14162" duration-ms="2530" started-at="2018-11-15T17:09:30Z" finished-at="2018-11-15T17:09:33Z">
          <reporter-output>
          </reporter-output>
        </test-method> <!-- TCED14162 -->
        <test-method status="PASS" signature="TCED14163()[pri:13, instance:com.analyzeByScore.StudentAssessmentAdministrationResultsbyTeacher@dafa95]" name="TCED14163" duration-ms="11077" started-at="2018-11-15T17:09:33Z" finished-at="2018-11-15T17:09:44Z">
          <reporter-output>
          </reporter-output>
        </test-method> <!-- TCED14163 -->
        <test-method status="PASS" signature="TCED14164()[pri:14, instance:com.analyzeByScore.StudentAssessmentAdministrationResultsbyTeacher@dafa95]" name="TCED14164" duration-ms="28196" started-at="2018-11-15T17:09:44Z" finished-at="2018-11-15T17:10:12Z">
          <reporter-output>
          </reporter-output>
        </test-method> <!-- TCED14164 -->
        <test-method status="FAIL" signature="TCED14165()[pri:15, instance:com.analyzeByScore.StudentAssessmentAdministrationResultsbyTeacher@dafa95]" name="TCED14165" duration-ms="18400" started-at="2018-11-15T17:10:12Z" finished-at="2018-11-15T17:10:31Z">
          <exception class="java.lang.AssertionError">
            <message>
              <![CDATA[Failed to download document which has extension .PDF expected [true] but found [false]]]>
            </message>
            <full-stacktrace>
              <![CDATA[java.lang.AssertionError: Failed to download document which has extension .PDF expected [true] but found [false]
	at org.testng.Assert.fail(Assert.java:94)
	at org.testng.Assert.failNotEquals(Assert.java:513)
	at org.testng.Assert.assertTrue(Assert.java:42)
	at com.generalMethods.AssessmentPrint.AssessmentPrintReports(AssessmentPrint.java:28)
	at com.analyzeByScore.StudentAssessmentAdministrationResultsbyTeacher.TCED14165(StudentAssessmentAdministrationResultsbyTeacher.java:624)
	at sun.reflect.NativeMethodAccessorImpl.invoke0(Native Method)
	at sun.reflect.NativeMethodAccessorImpl.invoke(NativeMethodAccessorImpl.java:62)
	at sun.reflect.DelegatingMethodAccessorImpl.invoke(DelegatingMethodAccessorImpl.java:43)
	at java.lang.reflect.Method.invoke(Method.java:498)
	at org.testng.internal.MethodInvocationHelper.invokeMethod(MethodInvocationHelper.java:100)
	at org.testng.internal.Invoker.invokeMethod(Invoker.java:646)
	at org.testng.internal.Invoker.invokeTestMethod(Invoker.java:811)
	at org.testng.internal.Invoker.invokeTestMethods(Invoker.java:1137)
	at org.testng.internal.TestMethodWorker.invokeTestMethods(TestMethodWorker.java:129)
	at org.testng.internal.TestMethodWorker.run(TestMethodWorker.java:112)
	at org.testng.TestRunner.privateRun(TestRunner.java:753)
	at org.testng.TestRunner.run(TestRunner.java:607)
	at org.testng.SuiteRunner.runTest(SuiteRunner.java:368)
	at org.testng.SuiteRunner.runSequentially(SuiteRunner.java:363)
	at org.testng.SuiteRunner.privateRun(SuiteRunner.java:321)
	at org.testng.SuiteRunner.run(SuiteRunner.java:270)
	at org.testng.SuiteRunnerWorker.runSuite(SuiteRunnerWorker.java:52)
	at org.testng.SuiteRunnerWorker.run(SuiteRunnerWorker.java:86)
	at org.testng.TestNG.runSuitesSequentially(TestNG.java:1284)
	at org.testng.TestNG.runSuitesLocally(TestNG.java:1209)
	at org.testng.TestNG.runSuites(TestNG.java:1124)
	at org.testng.TestNG.run(TestNG.java:1096)
	at org.testng.remote.AbstractRemoteTestNG.run(AbstractRemoteTestNG.java:132)
	at org.testng.remote.RemoteTestNG.initAndRun(RemoteTestNG.java:236)
	at org.testng.remote.RemoteTestNG.main(RemoteTestNG.java:81)
]]>
            </full-stacktrace>
          </exception> <!-- java.lang.AssertionError -->
          <reporter-output>
          </reporter-output>
        </test-method> <!-- TCED14165 -->
        <test-method status="PASS" signature="tearDown()[pri:0, instance:com.analyzeByScore.StudentAssessmentAdministrationResultsbyTeacher@dafa95]" name="tearDown" is-config="true" duration-ms="1" started-at="2018-11-15T17:10:31Z" finished-at="2018-11-15T17:10:31Z">
          <reporter-output>
          </reporter-output>
        </test-method> <!-- tearDown -->
      </class> <!-- com.analyzeByScore.StudentAssessmentAdministrationResultsbyTeacher -->
    </test> <!-- Test -->
  </suite> <!-- Suite -->
</testng-results>
