<?xml version="1.0" encoding="UTF-8"?>
<testng-results skipped="0" failed="1" total="5" passed="4">
  <reporter-output>
  </reporter-output>
  <suite name="Default suite" duration-ms="25086" started-at="2018-10-17T10:40:45Z" finished-at="2018-10-17T10:41:10Z">
    <groups>
    </groups>
    <test name="Default test" duration-ms="25086" started-at="2018-10-17T10:40:45Z" finished-at="2018-10-17T10:41:10Z">
      <class name="com.localassessment.Local_Assessment_Item_Analysisby_Student">
        <test-method status="PASS" signature="setup1()[pri:0, instance:com.localassessment.Local_Assessment_Item_Analysisby_Student@17d0008]" name="setup1" is-config="true" duration-ms="6602" started-at="2018-10-17T16:10:45Z" finished-at="2018-10-17T16:10:51Z">
          <reporter-output>
          </reporter-output>
        </test-method> <!-- setup1 -->
        <test-method status="PASS" signature="TCED14121()[pri:0, instance:com.localassessment.Local_Assessment_Item_Analysisby_Student@17d0008]" name="TCED14121" duration-ms="6347" started-at="2018-10-17T16:10:51Z" finished-at="2018-10-17T16:10:58Z">
          <reporter-output>
          </reporter-output>
        </test-method> <!-- TCED14121 -->
        <test-method status="PASS" signature="TCED14122()[pri:1, instance:com.localassessment.Local_Assessment_Item_Analysisby_Student@17d0008]" name="TCED14122" duration-ms="7177" started-at="2018-10-17T16:10:58Z" finished-at="2018-10-17T16:11:05Z">
          <reporter-output>
          </reporter-output>
        </test-method> <!-- TCED14122 -->
        <test-method status="PASS" signature="TCED14123()[pri:2, instance:com.localassessment.Local_Assessment_Item_Analysisby_Student@17d0008]" name="TCED14123" duration-ms="314" started-at="2018-10-17T16:11:05Z" finished-at="2018-10-17T16:11:05Z">
          <reporter-output>
          </reporter-output>
        </test-method> <!-- TCED14123 -->
        <test-method status="PASS" signature="TCED14124()[pri:3, instance:com.localassessment.Local_Assessment_Item_Analysisby_Student@17d0008]" name="TCED14124" duration-ms="2457" started-at="2018-10-17T16:11:05Z" finished-at="2018-10-17T16:11:08Z">
          <reporter-output>
          </reporter-output>
        </test-method> <!-- TCED14124 -->
        <test-method status="FAIL" signature="TCED14125()[pri:4, instance:com.localassessment.Local_Assessment_Item_Analysisby_Student@17d0008]" name="TCED14125" duration-ms="2148" started-at="2018-10-17T16:11:08Z" finished-at="2018-10-17T16:11:10Z">
          <exception class="java.lang.AssertionError">
            <message>
              <![CDATA[expected [Percent Correct1] but found [Percent Correct]]]>
            </message>
            <full-stacktrace>
              <![CDATA[java.lang.AssertionError: expected [Percent Correct1] but found [Percent Correct]
	at org.testng.Assert.fail(Assert.java:94)
	at org.testng.Assert.failNotEquals(Assert.java:513)
	at org.testng.Assert.assertEqualsImpl(Assert.java:135)
	at org.testng.Assert.assertEquals(Assert.java:116)
	at org.testng.Assert.assertEquals(Assert.java:190)
	at org.testng.Assert.assertEquals(Assert.java:200)
	at com.localassessment.Local_Assessment_Item_Analysisby_Student.TCED14125(Local_Assessment_Item_Analysisby_Student.java:207)
	at sun.reflect.NativeMethodAccessorImpl.invoke0(Native Method)
	at sun.reflect.NativeMethodAccessorImpl.invoke(NativeMethodAccessorImpl.java:62)
	at sun.reflect.DelegatingMethodAccessorImpl.invoke(DelegatingMethodAccessorImpl.java:43)
	at java.lang.reflect.Method.invoke(Method.java:498)
	at org.testng.internal.MethodInvocationHelper.invokeMethod(MethodInvocationHelper.java:100)
	at org.testng.internal.Invoker.invokeMethod(Invoker.java:646)
	at org.testng.internal.Invoker.invokeTestMethod(Invoker.java:811)
	at org.testng.internal.Invoker.invokeTestMethods(Invoker.java:1137)
	at org.testng.internal.TestMethodWorker.invokeTestMethods(TestMethodWorker.java:129)
	at org.testng.internal.TestMethodWorker.run(TestMethodWorker.java:112)
	at org.testng.TestRunner.privateRun(TestRunner.java:753)
	at org.testng.TestRunner.run(TestRunner.java:607)
	at org.testng.SuiteRunner.runTest(SuiteRunner.java:368)
	at org.testng.SuiteRunner.runSequentially(SuiteRunner.java:363)
	at org.testng.SuiteRunner.privateRun(SuiteRunner.java:321)
	at org.testng.SuiteRunner.run(SuiteRunner.java:270)
	at org.testng.SuiteRunnerWorker.runSuite(SuiteRunnerWorker.java:52)
	at org.testng.SuiteRunnerWorker.run(SuiteRunnerWorker.java:86)
	at org.testng.TestNG.runSuitesSequentially(TestNG.java:1284)
	at org.testng.TestNG.runSuitesLocally(TestNG.java:1209)
	at org.testng.TestNG.runSuites(TestNG.java:1124)
	at org.testng.TestNG.run(TestNG.java:1096)
	at org.testng.remote.AbstractRemoteTestNG.run(AbstractRemoteTestNG.java:132)
	at org.testng.remote.RemoteTestNG.initAndRun(RemoteTestNG.java:236)
	at org.testng.remote.RemoteTestNG.main(RemoteTestNG.java:81)
]]>
            </full-stacktrace>
          </exception> <!-- java.lang.AssertionError -->
          <reporter-output>
          </reporter-output>
        </test-method> <!-- TCED14125 -->
        <test-method status="PASS" signature="tearDown()[pri:0, instance:com.localassessment.Local_Assessment_Item_Analysisby_Student@17d0008]" name="tearDown" is-config="true" duration-ms="1" started-at="2018-10-17T16:11:10Z" finished-at="2018-10-17T16:11:10Z">
          <reporter-output>
          </reporter-output>
        </test-method> <!-- tearDown -->
      </class> <!-- com.localassessment.Local_Assessment_Item_Analysisby_Student -->
    </test> <!-- Default test -->
  </suite> <!-- Default suite -->
</testng-results>
