<?xml version="1.0" encoding="UTF-8"?>
<testng-results skipped="0" failed="1" total="24" passed="23">
  <reporter-output>
  </reporter-output>
  <suite name="Default suite" duration-ms="300728" started-at="2018-10-18T09:14:00Z" finished-at="2018-10-18T09:19:01Z">
    <groups>
    </groups>
    <test name="Default test" duration-ms="300728" started-at="2018-10-18T09:14:00Z" finished-at="2018-10-18T09:19:01Z">
      <class name="com.analyzeByScore.ItemAnalysisbyQuestion">
        <test-method status="PASS" signature="setup1()[pri:0, instance:com.analyzeByScore.ItemAnalysisbyQuestion@271053e1]" name="setup1" is-config="true" duration-ms="10676" started-at="2018-10-18T14:44:00Z" finished-at="2018-10-18T14:44:11Z">
          <reporter-output>
          </reporter-output>
        </test-method> <!-- setup1 -->
        <test-method status="PASS" signature="TCED14081()[pri:1, instance:com.analyzeByScore.ItemAnalysisbyQuestion@271053e1]" name="TCED14081" duration-ms="14213" started-at="2018-10-18T14:44:11Z" finished-at="2018-10-18T14:44:25Z">
          <reporter-output>
          </reporter-output>
        </test-method> <!-- TCED14081 -->
        <test-method status="PASS" signature="TCED14082()[pri:2, instance:com.analyzeByScore.ItemAnalysisbyQuestion@271053e1]" name="TCED14082" duration-ms="180" started-at="2018-10-18T14:44:25Z" finished-at="2018-10-18T14:44:25Z">
          <reporter-output>
          </reporter-output>
        </test-method> <!-- TCED14082 -->
        <test-method status="PASS" signature="TCED14083()[pri:3, instance:com.analyzeByScore.ItemAnalysisbyQuestion@271053e1]" name="TCED14083" duration-ms="1680" started-at="2018-10-18T14:44:25Z" finished-at="2018-10-18T14:44:27Z">
          <reporter-output>
          </reporter-output>
        </test-method> <!-- TCED14083 -->
        <test-method status="PASS" signature="TCED14084()[pri:4, instance:com.analyzeByScore.ItemAnalysisbyQuestion@271053e1]" name="TCED14084" duration-ms="1163" started-at="2018-10-18T14:44:27Z" finished-at="2018-10-18T14:44:28Z">
          <reporter-output>
          </reporter-output>
        </test-method> <!-- TCED14084 -->
        <test-method status="PASS" signature="TCED14085()[pri:5, instance:com.analyzeByScore.ItemAnalysisbyQuestion@271053e1]" name="TCED14085" duration-ms="7255" started-at="2018-10-18T14:44:28Z" finished-at="2018-10-18T14:44:35Z">
          <reporter-output>
          </reporter-output>
        </test-method> <!-- TCED14085 -->
        <test-method status="PASS" signature="TCED14086()[pri:6, instance:com.analyzeByScore.ItemAnalysisbyQuestion@271053e1]" name="TCED14086" duration-ms="7864" started-at="2018-10-18T14:44:35Z" finished-at="2018-10-18T14:44:43Z">
          <reporter-output>
          </reporter-output>
        </test-method> <!-- TCED14086 -->
        <test-method status="PASS" signature="TCED14087()[pri:7, instance:com.analyzeByScore.ItemAnalysisbyQuestion@271053e1]" name="TCED14087" duration-ms="7643" started-at="2018-10-18T14:44:43Z" finished-at="2018-10-18T14:44:51Z">
          <reporter-output>
          </reporter-output>
        </test-method> <!-- TCED14087 -->
        <test-method status="PASS" signature="TCED14088()[pri:8, instance:com.analyzeByScore.ItemAnalysisbyQuestion@271053e1]" name="TCED14088" duration-ms="7136" started-at="2018-10-18T14:44:51Z" finished-at="2018-10-18T14:44:58Z">
          <reporter-output>
          </reporter-output>
        </test-method> <!-- TCED14088 -->
        <test-method status="PASS" signature="TCED14089()[pri:9, instance:com.analyzeByScore.ItemAnalysisbyQuestion@271053e1]" name="TCED14089" duration-ms="10635" started-at="2018-10-18T14:44:58Z" finished-at="2018-10-18T14:45:09Z">
          <reporter-output>
          </reporter-output>
        </test-method> <!-- TCED14089 -->
        <test-method status="PASS" signature="TCED14090()[pri:10, instance:com.analyzeByScore.ItemAnalysisbyQuestion@271053e1]" name="TCED14090" duration-ms="1145" started-at="2018-10-18T14:45:09Z" finished-at="2018-10-18T14:45:10Z">
          <reporter-output>
          </reporter-output>
        </test-method> <!-- TCED14090 -->
        <test-method status="PASS" signature="TCED14091()[pri:11, instance:com.analyzeByScore.ItemAnalysisbyQuestion@271053e1]" name="TCED14091" duration-ms="14323" started-at="2018-10-18T14:45:10Z" finished-at="2018-10-18T14:45:24Z">
          <reporter-output>
          </reporter-output>
        </test-method> <!-- TCED14091 -->
        <test-method status="PASS" signature="TCED14092()[pri:12, instance:com.analyzeByScore.ItemAnalysisbyQuestion@271053e1]" name="TCED14092" duration-ms="12471" started-at="2018-10-18T14:45:24Z" finished-at="2018-10-18T14:45:37Z">
          <reporter-output>
          </reporter-output>
        </test-method> <!-- TCED14092 -->
        <test-method status="PASS" signature="TCED14093()[pri:13, instance:com.analyzeByScore.ItemAnalysisbyQuestion@271053e1]" name="TCED14093" duration-ms="11375" started-at="2018-10-18T14:45:37Z" finished-at="2018-10-18T14:45:48Z">
          <reporter-output>
          </reporter-output>
        </test-method> <!-- TCED14093 -->
        <test-method status="PASS" signature="TCED14094()[pri:14, instance:com.analyzeByScore.ItemAnalysisbyQuestion@271053e1]" name="TCED14094" duration-ms="12297" started-at="2018-10-18T14:45:48Z" finished-at="2018-10-18T14:46:00Z">
          <reporter-output>
          </reporter-output>
        </test-method> <!-- TCED14094 -->
        <test-method status="PASS" signature="TCED14095()[pri:15, instance:com.analyzeByScore.ItemAnalysisbyQuestion@271053e1]" name="TCED14095" duration-ms="8622" started-at="2018-10-18T14:46:00Z" finished-at="2018-10-18T14:46:09Z">
          <reporter-output>
          </reporter-output>
        </test-method> <!-- TCED14095 -->
        <test-method status="PASS" signature="TCED14096()[pri:16, instance:com.analyzeByScore.ItemAnalysisbyQuestion@271053e1]" name="TCED14096" duration-ms="1054" started-at="2018-10-18T14:46:09Z" finished-at="2018-10-18T14:46:10Z">
          <reporter-output>
          </reporter-output>
        </test-method> <!-- TCED14096 -->
        <test-method status="PASS" signature="TCED14097()[pri:17, instance:com.analyzeByScore.ItemAnalysisbyQuestion@271053e1]" name="TCED14097" duration-ms="10508" started-at="2018-10-18T14:46:10Z" finished-at="2018-10-18T14:46:20Z">
          <reporter-output>
          </reporter-output>
        </test-method> <!-- TCED14097 -->
        <test-method status="PASS" signature="TCED14098()[pri:18, instance:com.analyzeByScore.ItemAnalysisbyQuestion@271053e1]" name="TCED14098" duration-ms="11771" started-at="2018-10-18T14:46:20Z" finished-at="2018-10-18T14:46:32Z">
          <reporter-output>
          </reporter-output>
        </test-method> <!-- TCED14098 -->
        <test-method status="PASS" signature="TCED14099()[pri:19, instance:com.analyzeByScore.ItemAnalysisbyQuestion@271053e1]" name="TCED14099" duration-ms="10356" started-at="2018-10-18T14:46:32Z" finished-at="2018-10-18T14:46:43Z">
          <reporter-output>
          </reporter-output>
        </test-method> <!-- TCED14099 -->
        <test-method status="PASS" signature="TCED14100()[pri:20, instance:com.analyzeByScore.ItemAnalysisbyQuestion@271053e1]" name="TCED14100" duration-ms="10268" started-at="2018-10-18T14:46:43Z" finished-at="2018-10-18T14:46:53Z">
          <reporter-output>
          </reporter-output>
        </test-method> <!-- TCED14100 -->
        <test-method status="PASS" signature="TCED14101()[pri:21, instance:com.analyzeByScore.ItemAnalysisbyQuestion@271053e1]" name="TCED14101" duration-ms="14985" started-at="2018-10-18T14:46:53Z" finished-at="2018-10-18T14:47:08Z">
          <reporter-output>
          </reporter-output>
        </test-method> <!-- TCED14101 -->
        <test-method status="PASS" signature="TCED14102()[pri:22, instance:com.analyzeByScore.ItemAnalysisbyQuestion@271053e1]" name="TCED14102" duration-ms="15376" started-at="2018-10-18T14:47:08Z" finished-at="2018-10-18T14:47:23Z">
          <reporter-output>
          </reporter-output>
        </test-method> <!-- TCED14102 -->
        <test-method status="FAIL" signature="TCED14103()[pri:23, instance:com.analyzeByScore.ItemAnalysisbyQuestion@271053e1]" name="TCED14103" duration-ms="27197" started-at="2018-10-18T14:47:23Z" finished-at="2018-10-18T14:47:50Z">
          <exception class="java.lang.AssertionError">
            <message>
              <![CDATA[Timeout during waiting for element: '//a[@onclick='return ShowTestSummeryPopUp('1268');']']]>
            </message>
            <full-stacktrace>
              <![CDATA[java.lang.AssertionError: Timeout during waiting for element: '//a[@onclick='return ShowTestSummeryPopUp('1268');']'
	at Library.BaseClassOne.waitFor(BaseClassOne.java:271)
	at Library.BaseClassOne.click(BaseClassOne.java:183)
	at com.generalMethods.TestingSummary.TestingSummarypopup(TestingSummary.java:16)
	at com.analyzeByScore.ItemAnalysisbyQuestion.TCED14103(ItemAnalysisbyQuestion.java:551)
	at sun.reflect.NativeMethodAccessorImpl.invoke0(Native Method)
	at sun.reflect.NativeMethodAccessorImpl.invoke(NativeMethodAccessorImpl.java:62)
	at sun.reflect.DelegatingMethodAccessorImpl.invoke(DelegatingMethodAccessorImpl.java:43)
	at java.lang.reflect.Method.invoke(Method.java:498)
	at org.testng.internal.MethodInvocationHelper.invokeMethod(MethodInvocationHelper.java:100)
	at org.testng.internal.Invoker.invokeMethod(Invoker.java:646)
	at org.testng.internal.Invoker.invokeTestMethod(Invoker.java:811)
	at org.testng.internal.Invoker.invokeTestMethods(Invoker.java:1137)
	at org.testng.internal.TestMethodWorker.invokeTestMethods(TestMethodWorker.java:129)
	at org.testng.internal.TestMethodWorker.run(TestMethodWorker.java:112)
	at org.testng.TestRunner.privateRun(TestRunner.java:753)
	at org.testng.TestRunner.run(TestRunner.java:607)
	at org.testng.SuiteRunner.runTest(SuiteRunner.java:368)
	at org.testng.SuiteRunner.runSequentially(SuiteRunner.java:363)
	at org.testng.SuiteRunner.privateRun(SuiteRunner.java:321)
	at org.testng.SuiteRunner.run(SuiteRunner.java:270)
	at org.testng.SuiteRunnerWorker.runSuite(SuiteRunnerWorker.java:52)
	at org.testng.SuiteRunnerWorker.run(SuiteRunnerWorker.java:86)
	at org.testng.TestNG.runSuitesSequentially(TestNG.java:1284)
	at org.testng.TestNG.runSuitesLocally(TestNG.java:1209)
	at org.testng.TestNG.runSuites(TestNG.java:1124)
	at org.testng.TestNG.run(TestNG.java:1096)
	at org.testng.remote.AbstractRemoteTestNG.run(AbstractRemoteTestNG.java:132)
	at org.testng.remote.RemoteTestNG.initAndRun(RemoteTestNG.java:236)
	at org.testng.remote.RemoteTestNG.main(RemoteTestNG.java:81)
]]>
            </full-stacktrace>
          </exception> <!-- java.lang.AssertionError -->
          <reporter-output>
          </reporter-output>
        </test-method> <!-- TCED14103 -->
        <test-method status="PASS" signature="TCED14104()[pri:24, instance:com.analyzeByScore.ItemAnalysisbyQuestion@271053e1]" name="TCED14104" duration-ms="70468" started-at="2018-10-18T14:47:50Z" finished-at="2018-10-18T14:49:01Z">
          <reporter-output>
          </reporter-output>
        </test-method> <!-- TCED14104 -->
        <test-method status="PASS" signature="tearDown()[pri:0, instance:com.analyzeByScore.ItemAnalysisbyQuestion@271053e1]" name="tearDown" is-config="true" duration-ms="1" started-at="2018-10-18T14:49:01Z" finished-at="2018-10-18T14:49:01Z">
          <reporter-output>
          </reporter-output>
        </test-method> <!-- tearDown -->
      </class> <!-- com.analyzeByScore.ItemAnalysisbyQuestion -->
    </test> <!-- Default test -->
  </suite> <!-- Default suite -->
</testng-results>
