<?xml version="1.0" encoding="UTF-8"?>
<testng-results skipped="0" failed="1" ignored="0" total="13" passed="12">
  <reporter-output>
  </reporter-output>
  <suite name="Suite" duration-ms="125500" started-at="2018-09-25T14:31:31Z" finished-at="2018-09-25T14:33:37Z">
    <groups>
    </groups>
    <test name="Test" duration-ms="125500" started-at="2018-09-25T14:31:31Z" finished-at="2018-09-25T14:33:37Z">
      <class name="com.curriculum.Analyze_curriculam">
        <test-method status="PASS" signature="setup1()[pri:0, instance:com.curriculum.Analyze_curriculam@4e718207]" name="setup1" is-config="true" duration-ms="8852" started-at="2018-09-25T14:31:31Z" finished-at="2018-09-25T14:31:40Z">
          <reporter-output>
          </reporter-output>
        </test-method> <!-- setup1 -->
        <test-method status="PASS" signature="TCED29701()[pri:0, instance:com.curriculum.Analyze_curriculam@4e718207]" name="TCED29701" duration-ms="21388" started-at="2018-09-25T14:31:40Z" finished-at="2018-09-25T14:32:02Z">
          <reporter-output>
          </reporter-output>
        </test-method> <!-- TCED29701 -->
        <test-method status="PASS" signature="TCED29702()[pri:1, instance:com.curriculum.Analyze_curriculam@4e718207]" name="TCED29702" duration-ms="4533" started-at="2018-09-25T14:32:02Z" finished-at="2018-09-25T14:32:06Z">
          <reporter-output>
          </reporter-output>
        </test-method> <!-- TCED29702 -->
        <test-method status="PASS" signature="TCED29703()[pri:2, instance:com.curriculum.Analyze_curriculam@4e718207]" name="TCED29703" duration-ms="805" started-at="2018-09-25T14:32:06Z" finished-at="2018-09-25T14:32:07Z">
          <reporter-output>
          </reporter-output>
        </test-method> <!-- TCED29703 -->
        <test-method status="PASS" signature="TCED29704()[pri:3, instance:com.curriculum.Analyze_curriculam@4e718207]" name="TCED29704" duration-ms="5559" started-at="2018-09-25T14:32:07Z" finished-at="2018-09-25T14:32:12Z">
          <reporter-output>
          </reporter-output>
        </test-method> <!-- TCED29704 -->
        <test-method status="PASS" signature="TCED29705()[pri:4, instance:com.curriculum.Analyze_curriculam@4e718207]" name="TCED29705" duration-ms="201" started-at="2018-09-25T14:32:12Z" finished-at="2018-09-25T14:32:13Z">
          <reporter-output>
          </reporter-output>
        </test-method> <!-- TCED29705 -->
        <test-method status="PASS" signature="TCED29706()[pri:5, instance:com.curriculum.Analyze_curriculam@4e718207]" name="TCED29706" duration-ms="2918" started-at="2018-09-25T14:32:13Z" finished-at="2018-09-25T14:32:16Z">
          <reporter-output>
          </reporter-output>
        </test-method> <!-- TCED29706 -->
        <test-method status="PASS" signature="TCED29707()[pri:6, instance:com.curriculum.Analyze_curriculam@4e718207]" name="TCED29707" duration-ms="182" started-at="2018-09-25T14:32:16Z" finished-at="2018-09-25T14:32:16Z">
          <reporter-output>
          </reporter-output>
        </test-method> <!-- TCED29707 -->
        <test-method status="PASS" signature="TCED29708()[pri:7, instance:com.curriculum.Analyze_curriculam@4e718207]" name="TCED29708" duration-ms="11318" started-at="2018-09-25T14:32:16Z" finished-at="2018-09-25T14:32:27Z">
          <reporter-output>
          </reporter-output>
        </test-method> <!-- TCED29708 -->
        <test-method status="PASS" signature="TCED29709()[pri:8, instance:com.curriculum.Analyze_curriculam@4e718207]" name="TCED29709" duration-ms="11330" started-at="2018-09-25T14:32:27Z" finished-at="2018-09-25T14:32:38Z">
          <reporter-output>
          </reporter-output>
        </test-method> <!-- TCED29709 -->
        <test-method status="PASS" signature="TCED29710()[pri:9, instance:com.curriculum.Analyze_curriculam@4e718207]" name="TCED29710" duration-ms="4262" started-at="2018-09-25T14:32:38Z" finished-at="2018-09-25T14:32:43Z">
          <reporter-output>
          </reporter-output>
        </test-method> <!-- TCED29710 -->
        <test-method status="PASS" signature="TCED29711()[pri:10, instance:com.curriculum.Analyze_curriculam@4e718207]" name="TCED29711" duration-ms="12488" started-at="2018-09-25T14:32:43Z" finished-at="2018-09-25T14:32:55Z">
          <reporter-output>
          </reporter-output>
        </test-method> <!-- TCED29711 -->
        <test-method status="PASS" signature="TCED29712()[pri:11, instance:com.curriculum.Analyze_curriculam@4e718207]" name="TCED29712" duration-ms="11368" started-at="2018-09-25T14:32:55Z" finished-at="2018-09-25T14:33:07Z">
          <reporter-output>
          </reporter-output>
        </test-method> <!-- TCED29712 -->
        <test-method status="FAIL" signature="TCED29718()[pri:17, instance:com.curriculum.Analyze_curriculam@4e718207]" name="TCED29718" duration-ms="30230" started-at="2018-09-25T14:33:07Z" finished-at="2018-09-25T14:33:37Z">
          <exception class="java.lang.AssertionError">
            <message>
              <![CDATA[Timeout during waiting for element: '//*[@id='ctl00_MainContent_CurriculumReportByStandards1_btnClearPrintList']']]>
            </message>
            <full-stacktrace>
              <![CDATA[java.lang.AssertionError: Timeout during waiting for element: '//*[@id='ctl00_MainContent_CurriculumReportByStandards1_btnClearPrintList']'
at Library.BaseClassOne.waitFor(BaseClassOne.java:258)
at Library.BaseClassOne.click(BaseClassOne.java:170)
at com.curriculum.Analyze_curriculam.TCED29718(Analyze_curriculam.java:800)
at sun.reflect.NativeMethodAccessorImpl.invoke0(Native Method)
at sun.reflect.NativeMethodAccessorImpl.invoke(NativeMethodAccessorImpl.java:62)
at sun.reflect.DelegatingMethodAccessorImpl.invoke(DelegatingMethodAccessorImpl.java:43)
at java.lang.reflect.Method.invoke(Method.java:498)
at org.testng.internal.MethodInvocationHelper.invokeMethod(MethodInvocationHelper.java:124)
at org.testng.internal.Invoker.invokeMethod(Invoker.java:583)
at org.testng.internal.Invoker.invokeTestMethod(Invoker.java:719)
at org.testng.internal.Invoker.invokeTestMethods(Invoker.java:989)
at org.testng.internal.TestMethodWorker.invokeTestMethods(TestMethodWorker.java:125)
at org.testng.internal.TestMethodWorker.run(TestMethodWorker.java:109)
at org.testng.TestRunner.privateRun(TestRunner.java:648)
at org.testng.TestRunner.run(TestRunner.java:505)
at org.testng.SuiteRunner.runTest(SuiteRunner.java:455)
at org.testng.SuiteRunner.runSequentially(SuiteRunner.java:450)
at org.testng.SuiteRunner.privateRun(SuiteRunner.java:415)
at org.testng.SuiteRunner.run(SuiteRunner.java:364)
at org.testng.SuiteRunnerWorker.runSuite(SuiteRunnerWorker.java:52)
at org.testng.SuiteRunnerWorker.run(SuiteRunnerWorker.java:84)
at org.testng.TestNG.runSuitesSequentially(TestNG.java:1208)
at org.testng.TestNG.runSuitesLocally(TestNG.java:1137)
at org.testng.TestNG.runSuites(TestNG.java:1049)
at org.testng.TestNG.run(TestNG.java:1017)
at org.testng.remote.AbstractRemoteTestNG.run(AbstractRemoteTestNG.java:114)
at org.testng.remote.RemoteTestNG.initAndRun(RemoteTestNG.java:251)
at org.testng.remote.RemoteTestNG.main(RemoteTestNG.java:77)
]]>
            </full-stacktrace>
          </exception> <!-- java.lang.AssertionError -->
          <reporter-output>
          </reporter-output>
        </test-method> <!-- TCED29718 -->
        <test-method status="PASS" signature="tearDown()[pri:0, instance:com.curriculum.Analyze_curriculam@4e718207]" name="tearDown" is-config="true" duration-ms="1" started-at="2018-09-25T14:33:37Z" finished-at="2018-09-25T14:33:37Z">
          <reporter-output>
          </reporter-output>
        </test-method> <!-- tearDown -->
      </class> <!-- com.curriculum.Analyze_curriculam -->
    </test> <!-- Test -->
  </suite> <!-- Suite -->
</testng-results>
