<?xml version="1.0" encoding="UTF-8"?>
<testng-results skipped="0" failed="0" ignored="0" total="24" passed="24">
  <reporter-output>
  </reporter-output>
  <suite name="Suite" duration-ms="366867" started-at="2018-11-20T12:07:13Z" finished-at="2018-11-20T12:13:20Z">
    <groups>
    </groups>
    <test name="Test" duration-ms="366867" started-at="2018-11-20T12:07:13Z" finished-at="2018-11-20T12:13:20Z">
      <class name="com.analyzeByScore.ItemAnalysisbyQuestion">
        <test-method status="PASS" signature="setup1()[pri:0, instance:com.analyzeByScore.ItemAnalysisbyQuestion@7cbd213e]" name="setup1" is-config="true" duration-ms="8081" started-at="2018-11-20T12:07:13Z" finished-at="2018-11-20T12:07:21Z">
          <reporter-output>
          </reporter-output>
        </test-method> <!-- setup1 -->
        <test-method status="PASS" signature="TCED14081()[pri:1, instance:com.analyzeByScore.ItemAnalysisbyQuestion@7cbd213e]" name="TCED14081" duration-ms="13337" started-at="2018-11-20T12:07:21Z" finished-at="2018-11-20T12:07:34Z">
          <reporter-output>
          </reporter-output>
        </test-method> <!-- TCED14081 -->
        <test-method status="PASS" signature="TCED14082()[pri:2, instance:com.analyzeByScore.ItemAnalysisbyQuestion@7cbd213e]" name="TCED14082" duration-ms="246" started-at="2018-11-20T12:07:34Z" finished-at="2018-11-20T12:07:34Z">
          <reporter-output>
          </reporter-output>
        </test-method> <!-- TCED14082 -->
        <test-method status="PASS" signature="TCED14083()[pri:3, instance:com.analyzeByScore.ItemAnalysisbyQuestion@7cbd213e]" name="TCED14083" duration-ms="1019" started-at="2018-11-20T12:07:34Z" finished-at="2018-11-20T12:07:36Z">
          <reporter-output>
          </reporter-output>
        </test-method> <!-- TCED14083 -->
        <test-method status="PASS" signature="TCED14084()[pri:4, instance:com.analyzeByScore.ItemAnalysisbyQuestion@7cbd213e]" name="TCED14084" duration-ms="1317" started-at="2018-11-20T12:07:36Z" finished-at="2018-11-20T12:07:37Z">
          <reporter-output>
          </reporter-output>
        </test-method> <!-- TCED14084 -->
        <test-method status="PASS" signature="TCED14085()[pri:5, instance:com.analyzeByScore.ItemAnalysisbyQuestion@7cbd213e]" name="TCED14085" duration-ms="7805" started-at="2018-11-20T12:07:37Z" finished-at="2018-11-20T12:07:45Z">
          <reporter-output>
          </reporter-output>
        </test-method> <!-- TCED14085 -->
        <test-method status="PASS" signature="TCED14086()[pri:6, instance:com.analyzeByScore.ItemAnalysisbyQuestion@7cbd213e]" name="TCED14086" duration-ms="8307" started-at="2018-11-20T12:07:45Z" finished-at="2018-11-20T12:07:53Z">
          <reporter-output>
          </reporter-output>
        </test-method> <!-- TCED14086 -->
        <test-method status="PASS" signature="TCED14087()[pri:7, instance:com.analyzeByScore.ItemAnalysisbyQuestion@7cbd213e]" name="TCED14087" duration-ms="8319" started-at="2018-11-20T12:07:53Z" finished-at="2018-11-20T12:08:01Z">
          <reporter-output>
          </reporter-output>
        </test-method> <!-- TCED14087 -->
        <test-method status="PASS" signature="TCED14088()[pri:8, instance:com.analyzeByScore.ItemAnalysisbyQuestion@7cbd213e]" name="TCED14088" duration-ms="7760" started-at="2018-11-20T12:08:01Z" finished-at="2018-11-20T12:08:09Z">
          <reporter-output>
          </reporter-output>
        </test-method> <!-- TCED14088 -->
        <test-method status="PASS" signature="TCED14089()[pri:9, instance:com.analyzeByScore.ItemAnalysisbyQuestion@7cbd213e]" name="TCED14089" duration-ms="11983" started-at="2018-11-20T12:08:09Z" finished-at="2018-11-20T12:08:21Z">
          <reporter-output>
          </reporter-output>
        </test-method> <!-- TCED14089 -->
        <test-method status="PASS" signature="TCED14090()[pri:10, instance:com.analyzeByScore.ItemAnalysisbyQuestion@7cbd213e]" name="TCED14090" duration-ms="1519" started-at="2018-11-20T12:08:21Z" finished-at="2018-11-20T12:08:23Z">
          <reporter-output>
          </reporter-output>
        </test-method> <!-- TCED14090 -->
        <test-method status="PASS" signature="TCED14091()[pri:11, instance:com.analyzeByScore.ItemAnalysisbyQuestion@7cbd213e]" name="TCED14091" duration-ms="12469" started-at="2018-11-20T12:08:23Z" finished-at="2018-11-20T12:08:35Z">
          <reporter-output>
          </reporter-output>
        </test-method> <!-- TCED14091 -->
        <test-method status="PASS" signature="TCED14092()[pri:12, instance:com.analyzeByScore.ItemAnalysisbyQuestion@7cbd213e]" name="TCED14092" duration-ms="13613" started-at="2018-11-20T12:08:35Z" finished-at="2018-11-20T12:08:49Z">
          <reporter-output>
          </reporter-output>
        </test-method> <!-- TCED14092 -->
        <test-method status="PASS" signature="TCED14093()[pri:13, instance:com.analyzeByScore.ItemAnalysisbyQuestion@7cbd213e]" name="TCED14093" duration-ms="13822" started-at="2018-11-20T12:08:49Z" finished-at="2018-11-20T12:09:02Z">
          <reporter-output>
          </reporter-output>
        </test-method> <!-- TCED14093 -->
        <test-method status="PASS" signature="TCED14094()[pri:14, instance:com.analyzeByScore.ItemAnalysisbyQuestion@7cbd213e]" name="TCED14094" duration-ms="13268" started-at="2018-11-20T12:09:02Z" finished-at="2018-11-20T12:09:16Z">
          <reporter-output>
          </reporter-output>
        </test-method> <!-- TCED14094 -->
        <test-method status="PASS" signature="TCED14095()[pri:15, instance:com.analyzeByScore.ItemAnalysisbyQuestion@7cbd213e]" name="TCED14095" duration-ms="9204" started-at="2018-11-20T12:09:16Z" finished-at="2018-11-20T12:09:25Z">
          <reporter-output>
          </reporter-output>
        </test-method> <!-- TCED14095 -->
        <test-method status="PASS" signature="TCED14096()[pri:16, instance:com.analyzeByScore.ItemAnalysisbyQuestion@7cbd213e]" name="TCED14096" duration-ms="1233" started-at="2018-11-20T12:09:25Z" finished-at="2018-11-20T12:09:26Z">
          <reporter-output>
          </reporter-output>
        </test-method> <!-- TCED14096 -->
        <test-method status="PASS" signature="TCED14097()[pri:17, instance:com.analyzeByScore.ItemAnalysisbyQuestion@7cbd213e]" name="TCED14097" duration-ms="11780" started-at="2018-11-20T12:09:26Z" finished-at="2018-11-20T12:09:38Z">
          <reporter-output>
          </reporter-output>
        </test-method> <!-- TCED14097 -->
        <test-method status="PASS" signature="TCED14098()[pri:18, instance:com.analyzeByScore.ItemAnalysisbyQuestion@7cbd213e]" name="TCED14098" duration-ms="12712" started-at="2018-11-20T12:09:38Z" finished-at="2018-11-20T12:09:51Z">
          <reporter-output>
          </reporter-output>
        </test-method> <!-- TCED14098 -->
        <test-method status="PASS" signature="TCED14099()[pri:19, instance:com.analyzeByScore.ItemAnalysisbyQuestion@7cbd213e]" name="TCED14099" duration-ms="11682" started-at="2018-11-20T12:09:51Z" finished-at="2018-11-20T12:10:02Z">
          <reporter-output>
          </reporter-output>
        </test-method> <!-- TCED14099 -->
        <test-method status="PASS" signature="TCED14100()[pri:20, instance:com.analyzeByScore.ItemAnalysisbyQuestion@7cbd213e]" name="TCED14100" duration-ms="12659" started-at="2018-11-20T12:10:02Z" finished-at="2018-11-20T12:10:15Z">
          <reporter-output>
          </reporter-output>
        </test-method> <!-- TCED14100 -->
        <test-method status="PASS" signature="TCED14101()[pri:21, instance:com.analyzeByScore.ItemAnalysisbyQuestion@7cbd213e]" name="TCED14101" duration-ms="15553" started-at="2018-11-20T12:10:15Z" finished-at="2018-11-20T12:10:31Z">
          <reporter-output>
          </reporter-output>
        </test-method> <!-- TCED14101 -->
        <test-method status="PASS" signature="TCED14102()[pri:22, instance:com.analyzeByScore.ItemAnalysisbyQuestion@7cbd213e]" name="TCED14102" duration-ms="21236" started-at="2018-11-20T12:10:31Z" finished-at="2018-11-20T12:10:52Z">
          <reporter-output>
          </reporter-output>
        </test-method> <!-- TCED14102 -->
        <test-method status="PASS" signature="TCED14103()[pri:23, instance:com.analyzeByScore.ItemAnalysisbyQuestion@7cbd213e]" name="TCED14103" duration-ms="36531" started-at="2018-11-20T12:10:52Z" finished-at="2018-11-20T12:11:28Z">
          <reporter-output>
          </reporter-output>
        </test-method> <!-- TCED14103 -->
        <test-method status="PASS" signature="TCED14104()[pri:24, instance:com.analyzeByScore.ItemAnalysisbyQuestion@7cbd213e]" name="TCED14104" duration-ms="111373" started-at="2018-11-20T12:11:28Z" finished-at="2018-11-20T12:13:20Z">
          <reporter-output>
          </reporter-output>
        </test-method> <!-- TCED14104 -->
        <test-method status="PASS" signature="tearDown()[pri:0, instance:com.analyzeByScore.ItemAnalysisbyQuestion@7cbd213e]" name="tearDown" is-config="true" duration-ms="0" started-at="2018-11-20T12:13:20Z" finished-at="2018-11-20T12:13:20Z">
          <reporter-output>
          </reporter-output>
        </test-method> <!-- tearDown -->
      </class> <!-- com.analyzeByScore.ItemAnalysisbyQuestion -->
    </test> <!-- Test -->
  </suite> <!-- Suite -->
</testng-results>
