<?xml version="1.0" encoding="UTF-8"?>
<testng-results skipped="0" failed="0" total="15" passed="15">
  <reporter-output>
  </reporter-output>
  <suite name="Default suite" duration-ms="205919" started-at="2018-10-23T04:30:43Z" finished-at="2018-10-23T04:34:08Z">
    <groups>
    </groups>
    <test name="Default test" duration-ms="205919" started-at="2018-10-23T04:30:43Z" finished-at="2018-10-23T04:34:08Z">
      <class name="com.analyzeByScore.StudentAssessmentAdministrationResultsbyTeacher">
        <test-method status="PASS" signature="setup1()[pri:0, instance:com.analyzeByScore.StudentAssessmentAdministrationResultsbyTeacher@42dafa95]" name="setup1" is-config="true" duration-ms="10086" started-at="2018-10-23T10:00:43Z" finished-at="2018-10-23T10:00:53Z">
          <reporter-output>
          </reporter-output>
        </test-method> <!-- setup1 -->
        <test-method status="PASS" signature="TCED14151()[pri:1, instance:com.analyzeByScore.StudentAssessmentAdministrationResultsbyTeacher@42dafa95]" name="TCED14151" duration-ms="13086" started-at="2018-10-23T10:00:53Z" finished-at="2018-10-23T10:01:06Z">
          <reporter-output>
          </reporter-output>
        </test-method> <!-- TCED14151 -->
        <test-method status="PASS" signature="TCED14152()[pri:2, instance:com.analyzeByScore.StudentAssessmentAdministrationResultsbyTeacher@42dafa95]" name="TCED14152" duration-ms="234" started-at="2018-10-23T10:01:06Z" finished-at="2018-10-23T10:01:06Z">
          <reporter-output>
          </reporter-output>
        </test-method> <!-- TCED14152 -->
        <test-method status="PASS" signature="TCED14153()[pri:3, instance:com.analyzeByScore.StudentAssessmentAdministrationResultsbyTeacher@42dafa95]" name="TCED14153" duration-ms="1672" started-at="2018-10-23T10:01:06Z" finished-at="2018-10-23T10:01:08Z">
          <reporter-output>
          </reporter-output>
        </test-method> <!-- TCED14153 -->
        <test-method status="PASS" signature="TCED14154()[pri:4, instance:com.analyzeByScore.StudentAssessmentAdministrationResultsbyTeacher@42dafa95]" name="TCED14154" duration-ms="16648" started-at="2018-10-23T10:01:08Z" finished-at="2018-10-23T10:01:24Z">
          <reporter-output>
          </reporter-output>
        </test-method> <!-- TCED14154 -->
        <test-method status="PASS" signature="TCED14155()[pri:5, instance:com.analyzeByScore.StudentAssessmentAdministrationResultsbyTeacher@42dafa95]" name="TCED14155" duration-ms="9268" started-at="2018-10-23T10:01:24Z" finished-at="2018-10-23T10:01:34Z">
          <reporter-output>
          </reporter-output>
        </test-method> <!-- TCED14155 -->
        <test-method status="PASS" signature="TCED14156()[pri:6, instance:com.analyzeByScore.StudentAssessmentAdministrationResultsbyTeacher@42dafa95]" name="TCED14156" duration-ms="9305" started-at="2018-10-23T10:01:34Z" finished-at="2018-10-23T10:01:43Z">
          <reporter-output>
          </reporter-output>
        </test-method> <!-- TCED14156 -->
        <test-method status="PASS" signature="TCED14157()[pri:7, instance:com.analyzeByScore.StudentAssessmentAdministrationResultsbyTeacher@42dafa95]" name="TCED14157" duration-ms="1972" started-at="2018-10-23T10:01:43Z" finished-at="2018-10-23T10:01:45Z">
          <reporter-output>
          </reporter-output>
        </test-method> <!-- TCED14157 -->
        <test-method status="PASS" signature="TCED14158()[pri:8, instance:com.analyzeByScore.StudentAssessmentAdministrationResultsbyTeacher@42dafa95]" name="TCED14158" duration-ms="10291" started-at="2018-10-23T10:01:45Z" finished-at="2018-10-23T10:01:55Z">
          <reporter-output>
          </reporter-output>
        </test-method> <!-- TCED14158 -->
        <test-method status="PASS" signature="TCED14159()[pri:9, instance:com.analyzeByScore.StudentAssessmentAdministrationResultsbyTeacher@42dafa95]" name="TCED14159" duration-ms="9299" started-at="2018-10-23T10:01:55Z" finished-at="2018-10-23T10:02:04Z">
          <reporter-output>
          </reporter-output>
        </test-method> <!-- TCED14159 -->
        <test-method status="PASS" signature="TCED14160()[pri:10, instance:com.analyzeByScore.StudentAssessmentAdministrationResultsbyTeacher@42dafa95]" name="TCED14160" duration-ms="1834" started-at="2018-10-23T10:02:04Z" finished-at="2018-10-23T10:02:06Z">
          <reporter-output>
          </reporter-output>
        </test-method> <!-- TCED14160 -->
        <test-method status="PASS" signature="TCED14161()[pri:11, instance:com.analyzeByScore.StudentAssessmentAdministrationResultsbyTeacher@42dafa95]" name="TCED14161" duration-ms="10700" started-at="2018-10-23T10:02:06Z" finished-at="2018-10-23T10:02:17Z">
          <reporter-output>
          </reporter-output>
        </test-method> <!-- TCED14161 -->
        <test-method status="PASS" signature="TCED14162()[pri:12, instance:com.analyzeByScore.StudentAssessmentAdministrationResultsbyTeacher@42dafa95]" name="TCED14162" duration-ms="1648" started-at="2018-10-23T10:02:17Z" finished-at="2018-10-23T10:02:19Z">
          <reporter-output>
          </reporter-output>
        </test-method> <!-- TCED14162 -->
        <test-method status="PASS" signature="TCED14163()[pri:13, instance:com.analyzeByScore.StudentAssessmentAdministrationResultsbyTeacher@42dafa95]" name="TCED14163" duration-ms="10630" started-at="2018-10-23T10:02:19Z" finished-at="2018-10-23T10:02:29Z">
          <reporter-output>
          </reporter-output>
        </test-method> <!-- TCED14163 -->
        <test-method status="PASS" signature="TCED14164()[pri:14, instance:com.analyzeByScore.StudentAssessmentAdministrationResultsbyTeacher@42dafa95]" name="TCED14164" duration-ms="27969" started-at="2018-10-23T10:02:29Z" finished-at="2018-10-23T10:02:57Z">
          <reporter-output>
          </reporter-output>
        </test-method> <!-- TCED14164 -->
        <test-method status="PASS" signature="TCED14165()[pri:15, instance:com.analyzeByScore.StudentAssessmentAdministrationResultsbyTeacher@42dafa95]" name="TCED14165" duration-ms="71222" started-at="2018-10-23T10:02:57Z" finished-at="2018-10-23T10:04:08Z">
          <reporter-output>
          </reporter-output>
        </test-method> <!-- TCED14165 -->
        <test-method status="PASS" signature="tearDown()[pri:0, instance:com.analyzeByScore.StudentAssessmentAdministrationResultsbyTeacher@42dafa95]" name="tearDown" is-config="true" duration-ms="0" started-at="2018-10-23T10:04:08Z" finished-at="2018-10-23T10:04:08Z">
          <reporter-output>
          </reporter-output>
        </test-method> <!-- tearDown -->
      </class> <!-- com.analyzeByScore.StudentAssessmentAdministrationResultsbyTeacher -->
    </test> <!-- Default test -->
  </suite> <!-- Default suite -->
</testng-results>
