<?xml version="1.0" encoding="UTF-8"?>
<testng-results skipped="0" failed="23" ignored="0" total="23" passed="0">
  <reporter-output>
  </reporter-output>
  <suite name="Default suite" duration-ms="532205" started-at="2018-11-21T10:07:14Z" finished-at="2018-11-21T10:16:06Z">
    <groups>
    </groups>
    <test name="Default test" duration-ms="532205" started-at="2018-11-21T10:07:14Z" finished-at="2018-11-21T10:16:06Z">
      <class name="com.MTSS.Manage_meetings">
        <test-method status="PASS" signature="setup1()[pri:0, instance:com.MTSS.Manage_meetings@5891e32e]" name="setup1" is-config="true" duration-ms="7863" started-at="2018-11-21T10:07:14Z" finished-at="2018-11-21T10:07:22Z">
          <reporter-output>
          </reporter-output>
        </test-method> <!-- setup1 -->
        <test-method status="FAIL" signature="TCED20201()[pri:1, instance:com.MTSS.Manage_meetings@5891e32e]" name="TCED20201" duration-ms="60478" started-at="2018-11-21T10:07:22Z" finished-at="2018-11-21T10:08:22Z">
          <exception class="java.lang.AssertionError">
            <message>
              <![CDATA[Timeout during waiting for element: '//*[@id='ctl00_ContentPlaceHolder1_ctl00_ctl00_gridInvervention_ctl02_btnAddIntervention']']]>
            </message>
            <full-stacktrace>
              <![CDATA[java.lang.AssertionError: Timeout during waiting for element: '//*[@id='ctl00_ContentPlaceHolder1_ctl00_ctl00_gridInvervention_ctl02_btnAddIntervention']'
at Library.BaseClassOne.waitFor(BaseClassOne.java:278)
at Library.BaseClassOne.click(BaseClassOne.java:190)
at com.MTSS.Manage_meetings.TCED20201(Manage_meetings.java:59)
at sun.reflect.NativeMethodAccessorImpl.invoke0(Native Method)
at sun.reflect.NativeMethodAccessorImpl.invoke(NativeMethodAccessorImpl.java:62)
at sun.reflect.DelegatingMethodAccessorImpl.invoke(DelegatingMethodAccessorImpl.java:43)
at java.lang.reflect.Method.invoke(Method.java:498)
at org.testng.internal.MethodInvocationHelper.invokeMethod(MethodInvocationHelper.java:124)
at org.testng.internal.Invoker.invokeMethod(Invoker.java:583)
at org.testng.internal.Invoker.invokeTestMethod(Invoker.java:719)
at org.testng.internal.Invoker.invokeTestMethods(Invoker.java:989)
at org.testng.internal.TestMethodWorker.invokeTestMethods(TestMethodWorker.java:125)
at org.testng.internal.TestMethodWorker.run(TestMethodWorker.java:109)
at org.testng.TestRunner.privateRun(TestRunner.java:648)
at org.testng.TestRunner.run(TestRunner.java:505)
at org.testng.SuiteRunner.runTest(SuiteRunner.java:455)
at org.testng.SuiteRunner.runSequentially(SuiteRunner.java:450)
at org.testng.SuiteRunner.privateRun(SuiteRunner.java:415)
at org.testng.SuiteRunner.run(SuiteRunner.java:364)
at org.testng.SuiteRunnerWorker.runSuite(SuiteRunnerWorker.java:52)
at org.testng.SuiteRunnerWorker.run(SuiteRunnerWorker.java:84)
at org.testng.TestNG.runSuitesSequentially(TestNG.java:1208)
at org.testng.TestNG.runSuitesLocally(TestNG.java:1137)
at org.testng.TestNG.runSuites(TestNG.java:1049)
at org.testng.TestNG.run(TestNG.java:1017)
at org.testng.remote.AbstractRemoteTestNG.run(AbstractRemoteTestNG.java:114)
at org.testng.remote.RemoteTestNG.initAndRun(RemoteTestNG.java:251)
at org.testng.remote.RemoteTestNG.main(RemoteTestNG.java:77)
]]>
            </full-stacktrace>
          </exception> <!-- java.lang.AssertionError -->
          <reporter-output>
          </reporter-output>
        </test-method> <!-- TCED20201 -->
        <test-method status="FAIL" signature="TCED20202()[pri:2, instance:com.MTSS.Manage_meetings@5891e32e]" name="TCED20202" duration-ms="15039" started-at="2018-11-21T10:08:22Z" finished-at="2018-11-21T10:08:37Z">
          <exception class="java.lang.AssertionError">
            <message>
              <![CDATA[Could not find any element matching '//*[@id='ctl00_MainContent_lblSearchLabel']']]>
            </message>
            <full-stacktrace>
              <![CDATA[java.lang.AssertionError: Could not find any element matching '//*[@id='ctl00_MainContent_lblSearchLabel']'
at Library.BaseClassOne.find(BaseClassOne.java:226)
at Library.BaseClassOne.getText(BaseClassOne.java:396)
at Library.BaseClassOne.getText(BaseClassOne.java:346)
at com.MTSS.Manage_meetings.TCED20202(Manage_meetings.java:172)
at sun.reflect.NativeMethodAccessorImpl.invoke0(Native Method)
at sun.reflect.NativeMethodAccessorImpl.invoke(NativeMethodAccessorImpl.java:62)
at sun.reflect.DelegatingMethodAccessorImpl.invoke(DelegatingMethodAccessorImpl.java:43)
at java.lang.reflect.Method.invoke(Method.java:498)
at org.testng.internal.MethodInvocationHelper.invokeMethod(MethodInvocationHelper.java:124)
at org.testng.internal.Invoker.invokeMethod(Invoker.java:583)
at org.testng.internal.Invoker.invokeTestMethod(Invoker.java:719)
at org.testng.internal.Invoker.invokeTestMethods(Invoker.java:989)
at org.testng.internal.TestMethodWorker.invokeTestMethods(TestMethodWorker.java:125)
at org.testng.internal.TestMethodWorker.run(TestMethodWorker.java:109)
at org.testng.TestRunner.privateRun(TestRunner.java:648)
at org.testng.TestRunner.run(TestRunner.java:505)
at org.testng.SuiteRunner.runTest(SuiteRunner.java:455)
at org.testng.SuiteRunner.runSequentially(SuiteRunner.java:450)
at org.testng.SuiteRunner.privateRun(SuiteRunner.java:415)
at org.testng.SuiteRunner.run(SuiteRunner.java:364)
at org.testng.SuiteRunnerWorker.runSuite(SuiteRunnerWorker.java:52)
at org.testng.SuiteRunnerWorker.run(SuiteRunnerWorker.java:84)
at org.testng.TestNG.runSuitesSequentially(TestNG.java:1208)
at org.testng.TestNG.runSuitesLocally(TestNG.java:1137)
at org.testng.TestNG.runSuites(TestNG.java:1049)
at org.testng.TestNG.run(TestNG.java:1017)
at org.testng.remote.AbstractRemoteTestNG.run(AbstractRemoteTestNG.java:114)
at org.testng.remote.RemoteTestNG.initAndRun(RemoteTestNG.java:251)
at org.testng.remote.RemoteTestNG.main(RemoteTestNG.java:77)
]]>
            </full-stacktrace>
          </exception> <!-- java.lang.AssertionError -->
          <reporter-output>
          </reporter-output>
        </test-method> <!-- TCED20202 -->
        <test-method status="FAIL" signature="TCED20203()[pri:3, instance:com.MTSS.Manage_meetings@5891e32e]" name="TCED20203" duration-ms="30261" started-at="2018-11-21T10:08:37Z" finished-at="2018-11-21T10:09:07Z">
          <exception class="java.lang.AssertionError">
            <message>
              <![CDATA[Timeout during waiting for element: '//*[@id='ctl00_MainContent_btnSearch']']]>
            </message>
            <full-stacktrace>
              <![CDATA[java.lang.AssertionError: Timeout during waiting for element: '//*[@id='ctl00_MainContent_btnSearch']'
at Library.BaseClassOne.waitFor(BaseClassOne.java:278)
at Library.BaseClassOne.click(BaseClassOne.java:190)
at com.MTSS.Manage_meetings.TCED20203(Manage_meetings.java:213)
at sun.reflect.NativeMethodAccessorImpl.invoke0(Native Method)
at sun.reflect.NativeMethodAccessorImpl.invoke(NativeMethodAccessorImpl.java:62)
at sun.reflect.DelegatingMethodAccessorImpl.invoke(DelegatingMethodAccessorImpl.java:43)
at java.lang.reflect.Method.invoke(Method.java:498)
at org.testng.internal.MethodInvocationHelper.invokeMethod(MethodInvocationHelper.java:124)
at org.testng.internal.Invoker.invokeMethod(Invoker.java:583)
at org.testng.internal.Invoker.invokeTestMethod(Invoker.java:719)
at org.testng.internal.Invoker.invokeTestMethods(Invoker.java:989)
at org.testng.internal.TestMethodWorker.invokeTestMethods(TestMethodWorker.java:125)
at org.testng.internal.TestMethodWorker.run(TestMethodWorker.java:109)
at org.testng.TestRunner.privateRun(TestRunner.java:648)
at org.testng.TestRunner.run(TestRunner.java:505)
at org.testng.SuiteRunner.runTest(SuiteRunner.java:455)
at org.testng.SuiteRunner.runSequentially(SuiteRunner.java:450)
at org.testng.SuiteRunner.privateRun(SuiteRunner.java:415)
at org.testng.SuiteRunner.run(SuiteRunner.java:364)
at org.testng.SuiteRunnerWorker.runSuite(SuiteRunnerWorker.java:52)
at org.testng.SuiteRunnerWorker.run(SuiteRunnerWorker.java:84)
at org.testng.TestNG.runSuitesSequentially(TestNG.java:1208)
at org.testng.TestNG.runSuitesLocally(TestNG.java:1137)
at org.testng.TestNG.runSuites(TestNG.java:1049)
at org.testng.TestNG.run(TestNG.java:1017)
at org.testng.remote.AbstractRemoteTestNG.run(AbstractRemoteTestNG.java:114)
at org.testng.remote.RemoteTestNG.initAndRun(RemoteTestNG.java:251)
at org.testng.remote.RemoteTestNG.main(RemoteTestNG.java:77)
]]>
            </full-stacktrace>
          </exception> <!-- java.lang.AssertionError -->
          <reporter-output>
          </reporter-output>
        </test-method> <!-- TCED20203 -->
        <test-method status="FAIL" signature="TCED20204()[pri:4, instance:com.MTSS.Manage_meetings@5891e32e]" name="TCED20204" duration-ms="15024" started-at="2018-11-21T10:09:07Z" finished-at="2018-11-21T10:09:22Z">
          <exception class="java.lang.AssertionError">
            <message>
              <![CDATA[Could not find any element matching '//*[@id='ctl00_MainContent_ddlEducationProvider']']]>
            </message>
            <full-stacktrace>
              <![CDATA[java.lang.AssertionError: Could not find any element matching '//*[@id='ctl00_MainContent_ddlEducationProvider']'
at Library.BaseClassOne.find(BaseClassOne.java:226)
at Library.BaseClassOne.select(BaseClassOne.java:461)
at com.MTSS.Manage_meetings.TCED20204(Manage_meetings.java:235)
at sun.reflect.NativeMethodAccessorImpl.invoke0(Native Method)
at sun.reflect.NativeMethodAccessorImpl.invoke(NativeMethodAccessorImpl.java:62)
at sun.reflect.DelegatingMethodAccessorImpl.invoke(DelegatingMethodAccessorImpl.java:43)
at java.lang.reflect.Method.invoke(Method.java:498)
at org.testng.internal.MethodInvocationHelper.invokeMethod(MethodInvocationHelper.java:124)
at org.testng.internal.Invoker.invokeMethod(Invoker.java:583)
at org.testng.internal.Invoker.invokeTestMethod(Invoker.java:719)
at org.testng.internal.Invoker.invokeTestMethods(Invoker.java:989)
at org.testng.internal.TestMethodWorker.invokeTestMethods(TestMethodWorker.java:125)
at org.testng.internal.TestMethodWorker.run(TestMethodWorker.java:109)
at org.testng.TestRunner.privateRun(TestRunner.java:648)
at org.testng.TestRunner.run(TestRunner.java:505)
at org.testng.SuiteRunner.runTest(SuiteRunner.java:455)
at org.testng.SuiteRunner.runSequentially(SuiteRunner.java:450)
at org.testng.SuiteRunner.privateRun(SuiteRunner.java:415)
at org.testng.SuiteRunner.run(SuiteRunner.java:364)
at org.testng.SuiteRunnerWorker.runSuite(SuiteRunnerWorker.java:52)
at org.testng.SuiteRunnerWorker.run(SuiteRunnerWorker.java:84)
at org.testng.TestNG.runSuitesSequentially(TestNG.java:1208)
at org.testng.TestNG.runSuitesLocally(TestNG.java:1137)
at org.testng.TestNG.runSuites(TestNG.java:1049)
at org.testng.TestNG.run(TestNG.java:1017)
at org.testng.remote.AbstractRemoteTestNG.run(AbstractRemoteTestNG.java:114)
at org.testng.remote.RemoteTestNG.initAndRun(RemoteTestNG.java:251)
at org.testng.remote.RemoteTestNG.main(RemoteTestNG.java:77)
]]>
            </full-stacktrace>
          </exception> <!-- java.lang.AssertionError -->
          <reporter-output>
          </reporter-output>
        </test-method> <!-- TCED20204 -->
        <test-method status="FAIL" signature="TCED20205()[pri:5, instance:com.MTSS.Manage_meetings@5891e32e]" name="TCED20205" duration-ms="15024" started-at="2018-11-21T10:09:22Z" finished-at="2018-11-21T10:09:37Z">
          <exception class="java.lang.AssertionError">
            <message>
              <![CDATA[Could not find any element matching '//*[@id='ctl00_MainContent_rgSearch_ctl00']/thead/tr[1]/th[4]/a']]>
            </message>
            <full-stacktrace>
              <![CDATA[java.lang.AssertionError: Could not find any element matching '//*[@id='ctl00_MainContent_rgSearch_ctl00']/thead/tr[1]/th[4]/a'
at Library.BaseClassOne.find(BaseClassOne.java:226)
at Library.BaseClassOne.getText(BaseClassOne.java:396)
at Library.BaseClassOne.getText(BaseClassOne.java:346)
at com.MTSS.Manage_meetings.TCED20205(Manage_meetings.java:264)
at sun.reflect.NativeMethodAccessorImpl.invoke0(Native Method)
at sun.reflect.NativeMethodAccessorImpl.invoke(NativeMethodAccessorImpl.java:62)
at sun.reflect.DelegatingMethodAccessorImpl.invoke(DelegatingMethodAccessorImpl.java:43)
at java.lang.reflect.Method.invoke(Method.java:498)
at org.testng.internal.MethodInvocationHelper.invokeMethod(MethodInvocationHelper.java:124)
at org.testng.internal.Invoker.invokeMethod(Invoker.java:583)
at org.testng.internal.Invoker.invokeTestMethod(Invoker.java:719)
at org.testng.internal.Invoker.invokeTestMethods(Invoker.java:989)
at org.testng.internal.TestMethodWorker.invokeTestMethods(TestMethodWorker.java:125)
at org.testng.internal.TestMethodWorker.run(TestMethodWorker.java:109)
at org.testng.TestRunner.privateRun(TestRunner.java:648)
at org.testng.TestRunner.run(TestRunner.java:505)
at org.testng.SuiteRunner.runTest(SuiteRunner.java:455)
at org.testng.SuiteRunner.runSequentially(SuiteRunner.java:450)
at org.testng.SuiteRunner.privateRun(SuiteRunner.java:415)
at org.testng.SuiteRunner.run(SuiteRunner.java:364)
at org.testng.SuiteRunnerWorker.runSuite(SuiteRunnerWorker.java:52)
at org.testng.SuiteRunnerWorker.run(SuiteRunnerWorker.java:84)
at org.testng.TestNG.runSuitesSequentially(TestNG.java:1208)
at org.testng.TestNG.runSuitesLocally(TestNG.java:1137)
at org.testng.TestNG.runSuites(TestNG.java:1049)
at org.testng.TestNG.run(TestNG.java:1017)
at org.testng.remote.AbstractRemoteTestNG.run(AbstractRemoteTestNG.java:114)
at org.testng.remote.RemoteTestNG.initAndRun(RemoteTestNG.java:251)
at org.testng.remote.RemoteTestNG.main(RemoteTestNG.java:77)
]]>
            </full-stacktrace>
          </exception> <!-- java.lang.AssertionError -->
          <reporter-output>
          </reporter-output>
        </test-method> <!-- TCED20205 -->
        <test-method status="FAIL" signature="TCED20206()[pri:6, instance:com.MTSS.Manage_meetings@5891e32e]" name="TCED20206" duration-ms="30251" started-at="2018-11-21T10:09:37Z" finished-at="2018-11-21T10:10:08Z">
          <exception class="java.lang.AssertionError">
            <message>
              <![CDATA[Timeout during waiting for element: '//*[@id='ctl00_MainContent_rgSearch_ctl00_ctl04_btnMeetings']']]>
            </message>
            <full-stacktrace>
              <![CDATA[java.lang.AssertionError: Timeout during waiting for element: '//*[@id='ctl00_MainContent_rgSearch_ctl00_ctl04_btnMeetings']'
at Library.BaseClassOne.waitFor(BaseClassOne.java:278)
at Library.BaseClassOne.click(BaseClassOne.java:190)
at com.MTSS.Manage_meetings.TCED20206(Manage_meetings.java:299)
at sun.reflect.NativeMethodAccessorImpl.invoke0(Native Method)
at sun.reflect.NativeMethodAccessorImpl.invoke(NativeMethodAccessorImpl.java:62)
at sun.reflect.DelegatingMethodAccessorImpl.invoke(DelegatingMethodAccessorImpl.java:43)
at java.lang.reflect.Method.invoke(Method.java:498)
at org.testng.internal.MethodInvocationHelper.invokeMethod(MethodInvocationHelper.java:124)
at org.testng.internal.Invoker.invokeMethod(Invoker.java:583)
at org.testng.internal.Invoker.invokeTestMethod(Invoker.java:719)
at org.testng.internal.Invoker.invokeTestMethods(Invoker.java:989)
at org.testng.internal.TestMethodWorker.invokeTestMethods(TestMethodWorker.java:125)
at org.testng.internal.TestMethodWorker.run(TestMethodWorker.java:109)
at org.testng.TestRunner.privateRun(TestRunner.java:648)
at org.testng.TestRunner.run(TestRunner.java:505)
at org.testng.SuiteRunner.runTest(SuiteRunner.java:455)
at org.testng.SuiteRunner.runSequentially(SuiteRunner.java:450)
at org.testng.SuiteRunner.privateRun(SuiteRunner.java:415)
at org.testng.SuiteRunner.run(SuiteRunner.java:364)
at org.testng.SuiteRunnerWorker.runSuite(SuiteRunnerWorker.java:52)
at org.testng.SuiteRunnerWorker.run(SuiteRunnerWorker.java:84)
at org.testng.TestNG.runSuitesSequentially(TestNG.java:1208)
at org.testng.TestNG.runSuitesLocally(TestNG.java:1137)
at org.testng.TestNG.runSuites(TestNG.java:1049)
at org.testng.TestNG.run(TestNG.java:1017)
at org.testng.remote.AbstractRemoteTestNG.run(AbstractRemoteTestNG.java:114)
at org.testng.remote.RemoteTestNG.initAndRun(RemoteTestNG.java:251)
at org.testng.remote.RemoteTestNG.main(RemoteTestNG.java:77)
]]>
            </full-stacktrace>
          </exception> <!-- java.lang.AssertionError -->
          <reporter-output>
          </reporter-output>
        </test-method> <!-- TCED20206 -->
        <test-method status="FAIL" signature="TCED20207()[pri:7, instance:com.MTSS.Manage_meetings@5891e32e]" name="TCED20207" duration-ms="15023" started-at="2018-11-21T10:10:08Z" finished-at="2018-11-21T10:10:23Z">
          <exception class="java.lang.AssertionError">
            <message>
              <![CDATA[Could not find any element matching '//*[@id='ctl00_ContentPlaceHolder1_pnlMeetingType']/table/tbody/tr[1]/td[1]/b']]>
            </message>
            <full-stacktrace>
              <![CDATA[java.lang.AssertionError: Could not find any element matching '//*[@id='ctl00_ContentPlaceHolder1_pnlMeetingType']/table/tbody/tr[1]/td[1]/b'
at Library.BaseClassOne.find(BaseClassOne.java:226)
at Library.BaseClassOne.getText(BaseClassOne.java:396)
at Library.BaseClassOne.getText(BaseClassOne.java:346)
at com.MTSS.Manage_meetings.TCED20207(Manage_meetings.java:324)
at sun.reflect.NativeMethodAccessorImpl.invoke0(Native Method)
at sun.reflect.NativeMethodAccessorImpl.invoke(NativeMethodAccessorImpl.java:62)
at sun.reflect.DelegatingMethodAccessorImpl.invoke(DelegatingMethodAccessorImpl.java:43)
at java.lang.reflect.Method.invoke(Method.java:498)
at org.testng.internal.MethodInvocationHelper.invokeMethod(MethodInvocationHelper.java:124)
at org.testng.internal.Invoker.invokeMethod(Invoker.java:583)
at org.testng.internal.Invoker.invokeTestMethod(Invoker.java:719)
at org.testng.internal.Invoker.invokeTestMethods(Invoker.java:989)
at org.testng.internal.TestMethodWorker.invokeTestMethods(TestMethodWorker.java:125)
at org.testng.internal.TestMethodWorker.run(TestMethodWorker.java:109)
at org.testng.TestRunner.privateRun(TestRunner.java:648)
at org.testng.TestRunner.run(TestRunner.java:505)
at org.testng.SuiteRunner.runTest(SuiteRunner.java:455)
at org.testng.SuiteRunner.runSequentially(SuiteRunner.java:450)
at org.testng.SuiteRunner.privateRun(SuiteRunner.java:415)
at org.testng.SuiteRunner.run(SuiteRunner.java:364)
at org.testng.SuiteRunnerWorker.runSuite(SuiteRunnerWorker.java:52)
at org.testng.SuiteRunnerWorker.run(SuiteRunnerWorker.java:84)
at org.testng.TestNG.runSuitesSequentially(TestNG.java:1208)
at org.testng.TestNG.runSuitesLocally(TestNG.java:1137)
at org.testng.TestNG.runSuites(TestNG.java:1049)
at org.testng.TestNG.run(TestNG.java:1017)
at org.testng.remote.AbstractRemoteTestNG.run(AbstractRemoteTestNG.java:114)
at org.testng.remote.RemoteTestNG.initAndRun(RemoteTestNG.java:251)
at org.testng.remote.RemoteTestNG.main(RemoteTestNG.java:77)
]]>
            </full-stacktrace>
          </exception> <!-- java.lang.AssertionError -->
          <reporter-output>
          </reporter-output>
        </test-method> <!-- TCED20207 -->
        <test-method status="FAIL" signature="TCED20208()[pri:8, instance:com.MTSS.Manage_meetings@5891e32e]" name="TCED20208" duration-ms="15033" started-at="2018-11-21T10:10:23Z" finished-at="2018-11-21T10:10:38Z">
          <exception class="java.lang.AssertionError">
            <message>
              <![CDATA[Could not find any element matching '//*[@id='ctl00_ContentPlaceHolder1_ddlMeetingType']']]>
            </message>
            <full-stacktrace>
              <![CDATA[java.lang.AssertionError: Could not find any element matching '//*[@id='ctl00_ContentPlaceHolder1_ddlMeetingType']'
at Library.BaseClassOne.find(BaseClassOne.java:226)
at Library.BaseClassOne.select(BaseClassOne.java:461)
at com.MTSS.Manage_meetings.TCED20208(Manage_meetings.java:349)
at sun.reflect.NativeMethodAccessorImpl.invoke0(Native Method)
at sun.reflect.NativeMethodAccessorImpl.invoke(NativeMethodAccessorImpl.java:62)
at sun.reflect.DelegatingMethodAccessorImpl.invoke(DelegatingMethodAccessorImpl.java:43)
at java.lang.reflect.Method.invoke(Method.java:498)
at org.testng.internal.MethodInvocationHelper.invokeMethod(MethodInvocationHelper.java:124)
at org.testng.internal.Invoker.invokeMethod(Invoker.java:583)
at org.testng.internal.Invoker.invokeTestMethod(Invoker.java:719)
at org.testng.internal.Invoker.invokeTestMethods(Invoker.java:989)
at org.testng.internal.TestMethodWorker.invokeTestMethods(TestMethodWorker.java:125)
at org.testng.internal.TestMethodWorker.run(TestMethodWorker.java:109)
at org.testng.TestRunner.privateRun(TestRunner.java:648)
at org.testng.TestRunner.run(TestRunner.java:505)
at org.testng.SuiteRunner.runTest(SuiteRunner.java:455)
at org.testng.SuiteRunner.runSequentially(SuiteRunner.java:450)
at org.testng.SuiteRunner.privateRun(SuiteRunner.java:415)
at org.testng.SuiteRunner.run(SuiteRunner.java:364)
at org.testng.SuiteRunnerWorker.runSuite(SuiteRunnerWorker.java:52)
at org.testng.SuiteRunnerWorker.run(SuiteRunnerWorker.java:84)
at org.testng.TestNG.runSuitesSequentially(TestNG.java:1208)
at org.testng.TestNG.runSuitesLocally(TestNG.java:1137)
at org.testng.TestNG.runSuites(TestNG.java:1049)
at org.testng.TestNG.run(TestNG.java:1017)
at org.testng.remote.AbstractRemoteTestNG.run(AbstractRemoteTestNG.java:114)
at org.testng.remote.RemoteTestNG.initAndRun(RemoteTestNG.java:251)
at org.testng.remote.RemoteTestNG.main(RemoteTestNG.java:77)
]]>
            </full-stacktrace>
          </exception> <!-- java.lang.AssertionError -->
          <reporter-output>
          </reporter-output>
        </test-method> <!-- TCED20208 -->
        <test-method status="FAIL" signature="TCED20209()[pri:9, instance:com.MTSS.Manage_meetings@5891e32e]" name="TCED20209" duration-ms="19025" started-at="2018-11-21T10:10:38Z" finished-at="2018-11-21T10:10:57Z">
          <exception class="java.lang.AssertionError">
            <message>
              <![CDATA[Could not find any element matching '//*[@id='aspnetForm']/div[4]/div[2]/div[1]/table/tbody/tr[1]/td[1]/b']]>
            </message>
            <full-stacktrace>
              <![CDATA[java.lang.AssertionError: Could not find any element matching '//*[@id='aspnetForm']/div[4]/div[2]/div[1]/table/tbody/tr[1]/td[1]/b'
at Library.BaseClassOne.find(BaseClassOne.java:226)
at Library.BaseClassOne.getText(BaseClassOne.java:396)
at Library.BaseClassOne.getText(BaseClassOne.java:346)
at com.MTSS.Manage_meetings.TCED20209(Manage_meetings.java:377)
at sun.reflect.NativeMethodAccessorImpl.invoke0(Native Method)
at sun.reflect.NativeMethodAccessorImpl.invoke(NativeMethodAccessorImpl.java:62)
at sun.reflect.DelegatingMethodAccessorImpl.invoke(DelegatingMethodAccessorImpl.java:43)
at java.lang.reflect.Method.invoke(Method.java:498)
at org.testng.internal.MethodInvocationHelper.invokeMethod(MethodInvocationHelper.java:124)
at org.testng.internal.Invoker.invokeMethod(Invoker.java:583)
at org.testng.internal.Invoker.invokeTestMethod(Invoker.java:719)
at org.testng.internal.Invoker.invokeTestMethods(Invoker.java:989)
at org.testng.internal.TestMethodWorker.invokeTestMethods(TestMethodWorker.java:125)
at org.testng.internal.TestMethodWorker.run(TestMethodWorker.java:109)
at org.testng.TestRunner.privateRun(TestRunner.java:648)
at org.testng.TestRunner.run(TestRunner.java:505)
at org.testng.SuiteRunner.runTest(SuiteRunner.java:455)
at org.testng.SuiteRunner.runSequentially(SuiteRunner.java:450)
at org.testng.SuiteRunner.privateRun(SuiteRunner.java:415)
at org.testng.SuiteRunner.run(SuiteRunner.java:364)
at org.testng.SuiteRunnerWorker.runSuite(SuiteRunnerWorker.java:52)
at org.testng.SuiteRunnerWorker.run(SuiteRunnerWorker.java:84)
at org.testng.TestNG.runSuitesSequentially(TestNG.java:1208)
at org.testng.TestNG.runSuitesLocally(TestNG.java:1137)
at org.testng.TestNG.runSuites(TestNG.java:1049)
at org.testng.TestNG.run(TestNG.java:1017)
at org.testng.remote.AbstractRemoteTestNG.run(AbstractRemoteTestNG.java:114)
at org.testng.remote.RemoteTestNG.initAndRun(RemoteTestNG.java:251)
at org.testng.remote.RemoteTestNG.main(RemoteTestNG.java:77)
]]>
            </full-stacktrace>
          </exception> <!-- java.lang.AssertionError -->
          <reporter-output>
          </reporter-output>
        </test-method> <!-- TCED20209 -->
        <test-method status="FAIL" signature="TCED20210()[pri:10, instance:com.MTSS.Manage_meetings@5891e32e]" name="TCED20210" duration-ms="15022" started-at="2018-11-21T10:10:57Z" finished-at="2018-11-21T10:11:12Z">
          <exception class="java.lang.AssertionError">
            <message>
              <![CDATA[Could not find any element matching '//*[@id='ctl00_ContentPlaceHolder1_trNotes']/td/div/fieldset/legend/b']]>
            </message>
            <full-stacktrace>
              <![CDATA[java.lang.AssertionError: Could not find any element matching '//*[@id='ctl00_ContentPlaceHolder1_trNotes']/td/div/fieldset/legend/b'
at Library.BaseClassOne.find(BaseClassOne.java:226)
at Library.BaseClassOne.ScrollTo_Location(BaseClassOne.java:619)
at com.MTSS.Manage_meetings.TCED20210(Manage_meetings.java:427)
at sun.reflect.NativeMethodAccessorImpl.invoke0(Native Method)
at sun.reflect.NativeMethodAccessorImpl.invoke(NativeMethodAccessorImpl.java:62)
at sun.reflect.DelegatingMethodAccessorImpl.invoke(DelegatingMethodAccessorImpl.java:43)
at java.lang.reflect.Method.invoke(Method.java:498)
at org.testng.internal.MethodInvocationHelper.invokeMethod(MethodInvocationHelper.java:124)
at org.testng.internal.Invoker.invokeMethod(Invoker.java:583)
at org.testng.internal.Invoker.invokeTestMethod(Invoker.java:719)
at org.testng.internal.Invoker.invokeTestMethods(Invoker.java:989)
at org.testng.internal.TestMethodWorker.invokeTestMethods(TestMethodWorker.java:125)
at org.testng.internal.TestMethodWorker.run(TestMethodWorker.java:109)
at org.testng.TestRunner.privateRun(TestRunner.java:648)
at org.testng.TestRunner.run(TestRunner.java:505)
at org.testng.SuiteRunner.runTest(SuiteRunner.java:455)
at org.testng.SuiteRunner.runSequentially(SuiteRunner.java:450)
at org.testng.SuiteRunner.privateRun(SuiteRunner.java:415)
at org.testng.SuiteRunner.run(SuiteRunner.java:364)
at org.testng.SuiteRunnerWorker.runSuite(SuiteRunnerWorker.java:52)
at org.testng.SuiteRunnerWorker.run(SuiteRunnerWorker.java:84)
at org.testng.TestNG.runSuitesSequentially(TestNG.java:1208)
at org.testng.TestNG.runSuitesLocally(TestNG.java:1137)
at org.testng.TestNG.runSuites(TestNG.java:1049)
at org.testng.TestNG.run(TestNG.java:1017)
at org.testng.remote.AbstractRemoteTestNG.run(AbstractRemoteTestNG.java:114)
at org.testng.remote.RemoteTestNG.initAndRun(RemoteTestNG.java:251)
at org.testng.remote.RemoteTestNG.main(RemoteTestNG.java:77)
]]>
            </full-stacktrace>
          </exception> <!-- java.lang.AssertionError -->
          <reporter-output>
          </reporter-output>
        </test-method> <!-- TCED20210 -->
        <test-method status="FAIL" signature="TCED20211()[pri:11, instance:com.MTSS.Manage_meetings@5891e32e]" name="TCED20211" duration-ms="32245" started-at="2018-11-21T10:11:12Z" finished-at="2018-11-21T10:11:44Z">
          <exception class="java.lang.AssertionError">
            <message>
              <![CDATA[Timeout during waiting for element: '//*[@id='ctl00_ContentPlaceHolder1_btnSaveSubmit']']]>
            </message>
            <full-stacktrace>
              <![CDATA[java.lang.AssertionError: Timeout during waiting for element: '//*[@id='ctl00_ContentPlaceHolder1_btnSaveSubmit']'
at Library.BaseClassOne.waitFor(BaseClassOne.java:278)
at Library.BaseClassOne.click(BaseClassOne.java:190)
at com.MTSS.Manage_meetings.TCED20211(Manage_meetings.java:454)
at sun.reflect.NativeMethodAccessorImpl.invoke0(Native Method)
at sun.reflect.NativeMethodAccessorImpl.invoke(NativeMethodAccessorImpl.java:62)
at sun.reflect.DelegatingMethodAccessorImpl.invoke(DelegatingMethodAccessorImpl.java:43)
at java.lang.reflect.Method.invoke(Method.java:498)
at org.testng.internal.MethodInvocationHelper.invokeMethod(MethodInvocationHelper.java:124)
at org.testng.internal.Invoker.invokeMethod(Invoker.java:583)
at org.testng.internal.Invoker.invokeTestMethod(Invoker.java:719)
at org.testng.internal.Invoker.invokeTestMethods(Invoker.java:989)
at org.testng.internal.TestMethodWorker.invokeTestMethods(TestMethodWorker.java:125)
at org.testng.internal.TestMethodWorker.run(TestMethodWorker.java:109)
at org.testng.TestRunner.privateRun(TestRunner.java:648)
at org.testng.TestRunner.run(TestRunner.java:505)
at org.testng.SuiteRunner.runTest(SuiteRunner.java:455)
at org.testng.SuiteRunner.runSequentially(SuiteRunner.java:450)
at org.testng.SuiteRunner.privateRun(SuiteRunner.java:415)
at org.testng.SuiteRunner.run(SuiteRunner.java:364)
at org.testng.SuiteRunnerWorker.runSuite(SuiteRunnerWorker.java:52)
at org.testng.SuiteRunnerWorker.run(SuiteRunnerWorker.java:84)
at org.testng.TestNG.runSuitesSequentially(TestNG.java:1208)
at org.testng.TestNG.runSuitesLocally(TestNG.java:1137)
at org.testng.TestNG.runSuites(TestNG.java:1049)
at org.testng.TestNG.run(TestNG.java:1017)
at org.testng.remote.AbstractRemoteTestNG.run(AbstractRemoteTestNG.java:114)
at org.testng.remote.RemoteTestNG.initAndRun(RemoteTestNG.java:251)
at org.testng.remote.RemoteTestNG.main(RemoteTestNG.java:77)
]]>
            </full-stacktrace>
          </exception> <!-- java.lang.AssertionError -->
          <reporter-output>
          </reporter-output>
        </test-method> <!-- TCED20211 -->
        <test-method status="FAIL" signature="TCED20212()[pri:12, instance:com.MTSS.Manage_meetings@5891e32e]" name="TCED20212" duration-ms="15046" started-at="2018-11-21T10:11:44Z" finished-at="2018-11-21T10:11:59Z">
          <exception class="java.lang.AssertionError">
            <message>
              <![CDATA[Could not find any element matching '//*[@id='ctl00_ContentPlaceHolder1_ddlParntGuardAttendance']']]>
            </message>
            <full-stacktrace>
              <![CDATA[java.lang.AssertionError: Could not find any element matching '//*[@id='ctl00_ContentPlaceHolder1_ddlParntGuardAttendance']'
at Library.BaseClassOne.find(BaseClassOne.java:226)
at Library.BaseClassOne.select(BaseClassOne.java:461)
at com.MTSS.Manage_meetings.TCED20212(Manage_meetings.java:487)
at sun.reflect.NativeMethodAccessorImpl.invoke0(Native Method)
at sun.reflect.NativeMethodAccessorImpl.invoke(NativeMethodAccessorImpl.java:62)
at sun.reflect.DelegatingMethodAccessorImpl.invoke(DelegatingMethodAccessorImpl.java:43)
at java.lang.reflect.Method.invoke(Method.java:498)
at org.testng.internal.MethodInvocationHelper.invokeMethod(MethodInvocationHelper.java:124)
at org.testng.internal.Invoker.invokeMethod(Invoker.java:583)
at org.testng.internal.Invoker.invokeTestMethod(Invoker.java:719)
at org.testng.internal.Invoker.invokeTestMethods(Invoker.java:989)
at org.testng.internal.TestMethodWorker.invokeTestMethods(TestMethodWorker.java:125)
at org.testng.internal.TestMethodWorker.run(TestMethodWorker.java:109)
at org.testng.TestRunner.privateRun(TestRunner.java:648)
at org.testng.TestRunner.run(TestRunner.java:505)
at org.testng.SuiteRunner.runTest(SuiteRunner.java:455)
at org.testng.SuiteRunner.runSequentially(SuiteRunner.java:450)
at org.testng.SuiteRunner.privateRun(SuiteRunner.java:415)
at org.testng.SuiteRunner.run(SuiteRunner.java:364)
at org.testng.SuiteRunnerWorker.runSuite(SuiteRunnerWorker.java:52)
at org.testng.SuiteRunnerWorker.run(SuiteRunnerWorker.java:84)
at org.testng.TestNG.runSuitesSequentially(TestNG.java:1208)
at org.testng.TestNG.runSuitesLocally(TestNG.java:1137)
at org.testng.TestNG.runSuites(TestNG.java:1049)
at org.testng.TestNG.run(TestNG.java:1017)
at org.testng.remote.AbstractRemoteTestNG.run(AbstractRemoteTestNG.java:114)
at org.testng.remote.RemoteTestNG.initAndRun(RemoteTestNG.java:251)
at org.testng.remote.RemoteTestNG.main(RemoteTestNG.java:77)
]]>
            </full-stacktrace>
          </exception> <!-- java.lang.AssertionError -->
          <reporter-output>
          </reporter-output>
        </test-method> <!-- TCED20212 -->
        <test-method status="FAIL" signature="TCED20213()[pri:13, instance:com.MTSS.Manage_meetings@5891e32e]" name="TCED20213" duration-ms="15019" started-at="2018-11-21T10:11:59Z" finished-at="2018-11-21T10:12:14Z">
          <exception class="java.lang.AssertionError">
            <message>
              <![CDATA[Could not find any element matching '//*[@id='ctl00_ContentPlaceHolder1_trNextSteps']/td/fieldset/legend/span']]>
            </message>
            <full-stacktrace>
              <![CDATA[java.lang.AssertionError: Could not find any element matching '//*[@id='ctl00_ContentPlaceHolder1_trNextSteps']/td/fieldset/legend/span'
at Library.BaseClassOne.find(BaseClassOne.java:226)
at Library.BaseClassOne.getText(BaseClassOne.java:396)
at Library.BaseClassOne.getText(BaseClassOne.java:346)
at com.MTSS.Manage_meetings.TCED20213(Manage_meetings.java:522)
at sun.reflect.NativeMethodAccessorImpl.invoke0(Native Method)
at sun.reflect.NativeMethodAccessorImpl.invoke(NativeMethodAccessorImpl.java:62)
at sun.reflect.DelegatingMethodAccessorImpl.invoke(DelegatingMethodAccessorImpl.java:43)
at java.lang.reflect.Method.invoke(Method.java:498)
at org.testng.internal.MethodInvocationHelper.invokeMethod(MethodInvocationHelper.java:124)
at org.testng.internal.Invoker.invokeMethod(Invoker.java:583)
at org.testng.internal.Invoker.invokeTestMethod(Invoker.java:719)
at org.testng.internal.Invoker.invokeTestMethods(Invoker.java:989)
at org.testng.internal.TestMethodWorker.invokeTestMethods(TestMethodWorker.java:125)
at org.testng.internal.TestMethodWorker.run(TestMethodWorker.java:109)
at org.testng.TestRunner.privateRun(TestRunner.java:648)
at org.testng.TestRunner.run(TestRunner.java:505)
at org.testng.SuiteRunner.runTest(SuiteRunner.java:455)
at org.testng.SuiteRunner.runSequentially(SuiteRunner.java:450)
at org.testng.SuiteRunner.privateRun(SuiteRunner.java:415)
at org.testng.SuiteRunner.run(SuiteRunner.java:364)
at org.testng.SuiteRunnerWorker.runSuite(SuiteRunnerWorker.java:52)
at org.testng.SuiteRunnerWorker.run(SuiteRunnerWorker.java:84)
at org.testng.TestNG.runSuitesSequentially(TestNG.java:1208)
at org.testng.TestNG.runSuitesLocally(TestNG.java:1137)
at org.testng.TestNG.runSuites(TestNG.java:1049)
at org.testng.TestNG.run(TestNG.java:1017)
at org.testng.remote.AbstractRemoteTestNG.run(AbstractRemoteTestNG.java:114)
at org.testng.remote.RemoteTestNG.initAndRun(RemoteTestNG.java:251)
at org.testng.remote.RemoteTestNG.main(RemoteTestNG.java:77)
]]>
            </full-stacktrace>
          </exception> <!-- java.lang.AssertionError -->
          <reporter-output>
          </reporter-output>
        </test-method> <!-- TCED20213 -->
        <test-method status="FAIL" signature="TCED20214()[pri:14, instance:com.MTSS.Manage_meetings@5891e32e]" name="TCED20214" duration-ms="32240" started-at="2018-11-21T10:12:14Z" finished-at="2018-11-21T10:12:46Z">
          <exception class="java.lang.AssertionError">
            <message>
              <![CDATA[Timeout during waiting for element: '//*[@id='ctl00_ContentPlaceHolder1_btnReTier']']]>
            </message>
            <full-stacktrace>
              <![CDATA[java.lang.AssertionError: Timeout during waiting for element: '//*[@id='ctl00_ContentPlaceHolder1_btnReTier']'
at Library.BaseClassOne.waitFor(BaseClassOne.java:278)
at Library.BaseClassOne.click(BaseClassOne.java:190)
at com.MTSS.Manage_meetings.TCED20214(Manage_meetings.java:546)
at sun.reflect.NativeMethodAccessorImpl.invoke0(Native Method)
at sun.reflect.NativeMethodAccessorImpl.invoke(NativeMethodAccessorImpl.java:62)
at sun.reflect.DelegatingMethodAccessorImpl.invoke(DelegatingMethodAccessorImpl.java:43)
at java.lang.reflect.Method.invoke(Method.java:498)
at org.testng.internal.MethodInvocationHelper.invokeMethod(MethodInvocationHelper.java:124)
at org.testng.internal.Invoker.invokeMethod(Invoker.java:583)
at org.testng.internal.Invoker.invokeTestMethod(Invoker.java:719)
at org.testng.internal.Invoker.invokeTestMethods(Invoker.java:989)
at org.testng.internal.TestMethodWorker.invokeTestMethods(TestMethodWorker.java:125)
at org.testng.internal.TestMethodWorker.run(TestMethodWorker.java:109)
at org.testng.TestRunner.privateRun(TestRunner.java:648)
at org.testng.TestRunner.run(TestRunner.java:505)
at org.testng.SuiteRunner.runTest(SuiteRunner.java:455)
at org.testng.SuiteRunner.runSequentially(SuiteRunner.java:450)
at org.testng.SuiteRunner.privateRun(SuiteRunner.java:415)
at org.testng.SuiteRunner.run(SuiteRunner.java:364)
at org.testng.SuiteRunnerWorker.runSuite(SuiteRunnerWorker.java:52)
at org.testng.SuiteRunnerWorker.run(SuiteRunnerWorker.java:84)
at org.testng.TestNG.runSuitesSequentially(TestNG.java:1208)
at org.testng.TestNG.runSuitesLocally(TestNG.java:1137)
at org.testng.TestNG.runSuites(TestNG.java:1049)
at org.testng.TestNG.run(TestNG.java:1017)
at org.testng.remote.AbstractRemoteTestNG.run(AbstractRemoteTestNG.java:114)
at org.testng.remote.RemoteTestNG.initAndRun(RemoteTestNG.java:251)
at org.testng.remote.RemoteTestNG.main(RemoteTestNG.java:77)
]]>
            </full-stacktrace>
          </exception> <!-- java.lang.AssertionError -->
          <reporter-output>
          </reporter-output>
        </test-method> <!-- TCED20214 -->
        <test-method status="FAIL" signature="TCED20215()[pri:15, instance:com.MTSS.Manage_meetings@5891e32e]" name="TCED20215" duration-ms="32249" started-at="2018-11-21T10:12:46Z" finished-at="2018-11-21T10:13:19Z">
          <exception class="java.lang.AssertionError">
            <message>
              <![CDATA[Timeout during waiting for element: '//*[@id='ctl00_ContentPlaceHolder1_btnInterventions']']]>
            </message>
            <full-stacktrace>
              <![CDATA[java.lang.AssertionError: Timeout during waiting for element: '//*[@id='ctl00_ContentPlaceHolder1_btnInterventions']'
at Library.BaseClassOne.waitFor(BaseClassOne.java:278)
at Library.BaseClassOne.click(BaseClassOne.java:190)
at com.MTSS.Manage_meetings.TCED20215(Manage_meetings.java:583)
at sun.reflect.NativeMethodAccessorImpl.invoke0(Native Method)
at sun.reflect.NativeMethodAccessorImpl.invoke(NativeMethodAccessorImpl.java:62)
at sun.reflect.DelegatingMethodAccessorImpl.invoke(DelegatingMethodAccessorImpl.java:43)
at java.lang.reflect.Method.invoke(Method.java:498)
at org.testng.internal.MethodInvocationHelper.invokeMethod(MethodInvocationHelper.java:124)
at org.testng.internal.Invoker.invokeMethod(Invoker.java:583)
at org.testng.internal.Invoker.invokeTestMethod(Invoker.java:719)
at org.testng.internal.Invoker.invokeTestMethods(Invoker.java:989)
at org.testng.internal.TestMethodWorker.invokeTestMethods(TestMethodWorker.java:125)
at org.testng.internal.TestMethodWorker.run(TestMethodWorker.java:109)
at org.testng.TestRunner.privateRun(TestRunner.java:648)
at org.testng.TestRunner.run(TestRunner.java:505)
at org.testng.SuiteRunner.runTest(SuiteRunner.java:455)
at org.testng.SuiteRunner.runSequentially(SuiteRunner.java:450)
at org.testng.SuiteRunner.privateRun(SuiteRunner.java:415)
at org.testng.SuiteRunner.run(SuiteRunner.java:364)
at org.testng.SuiteRunnerWorker.runSuite(SuiteRunnerWorker.java:52)
at org.testng.SuiteRunnerWorker.run(SuiteRunnerWorker.java:84)
at org.testng.TestNG.runSuitesSequentially(TestNG.java:1208)
at org.testng.TestNG.runSuitesLocally(TestNG.java:1137)
at org.testng.TestNG.runSuites(TestNG.java:1049)
at org.testng.TestNG.run(TestNG.java:1017)
at org.testng.remote.AbstractRemoteTestNG.run(AbstractRemoteTestNG.java:114)
at org.testng.remote.RemoteTestNG.initAndRun(RemoteTestNG.java:251)
at org.testng.remote.RemoteTestNG.main(RemoteTestNG.java:77)
]]>
            </full-stacktrace>
          </exception> <!-- java.lang.AssertionError -->
          <reporter-output>
          </reporter-output>
        </test-method> <!-- TCED20215 -->
        <test-method status="FAIL" signature="TCED20217()[pri:17, instance:com.MTSS.Manage_meetings@5891e32e]" name="TCED20217" duration-ms="25997" started-at="2018-11-21T10:13:19Z" finished-at="2018-11-21T10:13:45Z">
          <exception class="java.lang.AssertionError">
            <message>
              <![CDATA[Could not find any element matching '//*[@id='ctl00_tdContentCell']/table/tbody/tr[3]/td/table/tbody/tr[1]/td/table/tbody/tr[1]/td']]>
            </message>
            <full-stacktrace>
              <![CDATA[java.lang.AssertionError: Could not find any element matching '//*[@id='ctl00_tdContentCell']/table/tbody/tr[3]/td/table/tbody/tr[1]/td/table/tbody/tr[1]/td'
at Library.BaseClassOne.find(BaseClassOne.java:226)
at Library.BaseClassOne.getText(BaseClassOne.java:396)
at Library.BaseClassOne.getText(BaseClassOne.java:346)
at com.MTSS.Manage_meetings.TCED20217(Manage_meetings.java:654)
at sun.reflect.NativeMethodAccessorImpl.invoke0(Native Method)
at sun.reflect.NativeMethodAccessorImpl.invoke(NativeMethodAccessorImpl.java:62)
at sun.reflect.DelegatingMethodAccessorImpl.invoke(DelegatingMethodAccessorImpl.java:43)
at java.lang.reflect.Method.invoke(Method.java:498)
at org.testng.internal.MethodInvocationHelper.invokeMethod(MethodInvocationHelper.java:124)
at org.testng.internal.Invoker.invokeMethod(Invoker.java:583)
at org.testng.internal.Invoker.invokeTestMethod(Invoker.java:719)
at org.testng.internal.Invoker.invokeTestMethods(Invoker.java:989)
at org.testng.internal.TestMethodWorker.invokeTestMethods(TestMethodWorker.java:125)
at org.testng.internal.TestMethodWorker.run(TestMethodWorker.java:109)
at org.testng.TestRunner.privateRun(TestRunner.java:648)
at org.testng.TestRunner.run(TestRunner.java:505)
at org.testng.SuiteRunner.runTest(SuiteRunner.java:455)
at org.testng.SuiteRunner.runSequentially(SuiteRunner.java:450)
at org.testng.SuiteRunner.privateRun(SuiteRunner.java:415)
at org.testng.SuiteRunner.run(SuiteRunner.java:364)
at org.testng.SuiteRunnerWorker.runSuite(SuiteRunnerWorker.java:52)
at org.testng.SuiteRunnerWorker.run(SuiteRunnerWorker.java:84)
at org.testng.TestNG.runSuitesSequentially(TestNG.java:1208)
at org.testng.TestNG.runSuitesLocally(TestNG.java:1137)
at org.testng.TestNG.runSuites(TestNG.java:1049)
at org.testng.TestNG.run(TestNG.java:1017)
at org.testng.remote.AbstractRemoteTestNG.run(AbstractRemoteTestNG.java:114)
at org.testng.remote.RemoteTestNG.initAndRun(RemoteTestNG.java:251)
at org.testng.remote.RemoteTestNG.main(RemoteTestNG.java:77)
]]>
            </full-stacktrace>
          </exception> <!-- java.lang.AssertionError -->
          <reporter-output>
          </reporter-output>
        </test-method> <!-- TCED20217 -->
        <test-method status="FAIL" signature="TCED20218()[pri:18, instance:com.MTSS.Manage_meetings@5891e32e]" name="TCED20218" duration-ms="15011" started-at="2018-11-21T10:13:45Z" finished-at="2018-11-21T10:14:00Z">
          <exception class="java.lang.AssertionError">
            <message>
              <![CDATA[Could not find any element matching '//*[@id='ctl00_MainContent_RadAjaxPanel1']/table/tbody/tr[2]/td[1]/span']]>
            </message>
            <full-stacktrace>
              <![CDATA[java.lang.AssertionError: Could not find any element matching '//*[@id='ctl00_MainContent_RadAjaxPanel1']/table/tbody/tr[2]/td[1]/span'
at Library.BaseClassOne.find(BaseClassOne.java:226)
at Library.BaseClassOne.getText(BaseClassOne.java:396)
at Library.BaseClassOne.getText(BaseClassOne.java:346)
at com.MTSS.Manage_meetings.TCED20218(Manage_meetings.java:676)
at sun.reflect.NativeMethodAccessorImpl.invoke0(Native Method)
at sun.reflect.NativeMethodAccessorImpl.invoke(NativeMethodAccessorImpl.java:62)
at sun.reflect.DelegatingMethodAccessorImpl.invoke(DelegatingMethodAccessorImpl.java:43)
at java.lang.reflect.Method.invoke(Method.java:498)
at org.testng.internal.MethodInvocationHelper.invokeMethod(MethodInvocationHelper.java:124)
at org.testng.internal.Invoker.invokeMethod(Invoker.java:583)
at org.testng.internal.Invoker.invokeTestMethod(Invoker.java:719)
at org.testng.internal.Invoker.invokeTestMethods(Invoker.java:989)
at org.testng.internal.TestMethodWorker.invokeTestMethods(TestMethodWorker.java:125)
at org.testng.internal.TestMethodWorker.run(TestMethodWorker.java:109)
at org.testng.TestRunner.privateRun(TestRunner.java:648)
at org.testng.TestRunner.run(TestRunner.java:505)
at org.testng.SuiteRunner.runTest(SuiteRunner.java:455)
at org.testng.SuiteRunner.runSequentially(SuiteRunner.java:450)
at org.testng.SuiteRunner.privateRun(SuiteRunner.java:415)
at org.testng.SuiteRunner.run(SuiteRunner.java:364)
at org.testng.SuiteRunnerWorker.runSuite(SuiteRunnerWorker.java:52)
at org.testng.SuiteRunnerWorker.run(SuiteRunnerWorker.java:84)
at org.testng.TestNG.runSuitesSequentially(TestNG.java:1208)
at org.testng.TestNG.runSuitesLocally(TestNG.java:1137)
at org.testng.TestNG.runSuites(TestNG.java:1049)
at org.testng.TestNG.run(TestNG.java:1017)
at org.testng.remote.AbstractRemoteTestNG.run(AbstractRemoteTestNG.java:114)
at org.testng.remote.RemoteTestNG.initAndRun(RemoteTestNG.java:251)
at org.testng.remote.RemoteTestNG.main(RemoteTestNG.java:77)
]]>
            </full-stacktrace>
          </exception> <!-- java.lang.AssertionError -->
          <reporter-output>
          </reporter-output>
        </test-method> <!-- TCED20218 -->
        <test-method status="FAIL" signature="TCED20219()[pri:19, instance:com.MTSS.Manage_meetings@5891e32e]" name="TCED20219" duration-ms="18701" started-at="2018-11-21T10:14:00Z" finished-at="2018-11-21T10:14:18Z">
          <exception class="java.lang.AssertionError">
            <message>
              <![CDATA[Could not find any element matching '//*[@id='ctl00_MainContent_trDisclaimer']/td/span']]>
            </message>
            <full-stacktrace>
              <![CDATA[java.lang.AssertionError: Could not find any element matching '//*[@id='ctl00_MainContent_trDisclaimer']/td/span'
at Library.BaseClassOne.find(BaseClassOne.java:226)
at Library.BaseClassOne.ScrollTo_Location(BaseClassOne.java:619)
at com.MTSS.Manage_meetings.TCED20219(Manage_meetings.java:711)
at sun.reflect.NativeMethodAccessorImpl.invoke0(Native Method)
at sun.reflect.NativeMethodAccessorImpl.invoke(NativeMethodAccessorImpl.java:62)
at sun.reflect.DelegatingMethodAccessorImpl.invoke(DelegatingMethodAccessorImpl.java:43)
at java.lang.reflect.Method.invoke(Method.java:498)
at org.testng.internal.MethodInvocationHelper.invokeMethod(MethodInvocationHelper.java:124)
at org.testng.internal.Invoker.invokeMethod(Invoker.java:583)
at org.testng.internal.Invoker.invokeTestMethod(Invoker.java:719)
at org.testng.internal.Invoker.invokeTestMethods(Invoker.java:989)
at org.testng.internal.TestMethodWorker.invokeTestMethods(TestMethodWorker.java:125)
at org.testng.internal.TestMethodWorker.run(TestMethodWorker.java:109)
at org.testng.TestRunner.privateRun(TestRunner.java:648)
at org.testng.TestRunner.run(TestRunner.java:505)
at org.testng.SuiteRunner.runTest(SuiteRunner.java:455)
at org.testng.SuiteRunner.runSequentially(SuiteRunner.java:450)
at org.testng.SuiteRunner.privateRun(SuiteRunner.java:415)
at org.testng.SuiteRunner.run(SuiteRunner.java:364)
at org.testng.SuiteRunnerWorker.runSuite(SuiteRunnerWorker.java:52)
at org.testng.SuiteRunnerWorker.run(SuiteRunnerWorker.java:84)
at org.testng.TestNG.runSuitesSequentially(TestNG.java:1208)
at org.testng.TestNG.runSuitesLocally(TestNG.java:1137)
at org.testng.TestNG.runSuites(TestNG.java:1049)
at org.testng.TestNG.run(TestNG.java:1017)
at org.testng.remote.AbstractRemoteTestNG.run(AbstractRemoteTestNG.java:114)
at org.testng.remote.RemoteTestNG.initAndRun(RemoteTestNG.java:251)
at org.testng.remote.RemoteTestNG.main(RemoteTestNG.java:77)
]]>
            </full-stacktrace>
          </exception> <!-- java.lang.AssertionError -->
          <reporter-output>
          </reporter-output>
        </test-method> <!-- TCED20219 -->
        <test-method status="FAIL" signature="TCED20220()[pri:20, instance:com.MTSS.Manage_meetings@5891e32e]" name="TCED20220" duration-ms="15031" started-at="2018-11-21T10:14:18Z" finished-at="2018-11-21T10:14:33Z">
          <exception class="java.lang.AssertionError">
            <message>
              <![CDATA[Could not find any element matching '//*[@id='aspnetForm']/div[4]/div[2]/div[1]/table/tbody/tr[1]/td[1]/b']]>
            </message>
            <full-stacktrace>
              <![CDATA[java.lang.AssertionError: Could not find any element matching '//*[@id='aspnetForm']/div[4]/div[2]/div[1]/table/tbody/tr[1]/td[1]/b'
at Library.BaseClassOne.find(BaseClassOne.java:226)
at Library.BaseClassOne.getText(BaseClassOne.java:396)
at Library.BaseClassOne.getText(BaseClassOne.java:346)
at com.MTSS.Manage_meetings.TCED20220(Manage_meetings.java:738)
at sun.reflect.NativeMethodAccessorImpl.invoke0(Native Method)
at sun.reflect.NativeMethodAccessorImpl.invoke(NativeMethodAccessorImpl.java:62)
at sun.reflect.DelegatingMethodAccessorImpl.invoke(DelegatingMethodAccessorImpl.java:43)
at java.lang.reflect.Method.invoke(Method.java:498)
at org.testng.internal.MethodInvocationHelper.invokeMethod(MethodInvocationHelper.java:124)
at org.testng.internal.Invoker.invokeMethod(Invoker.java:583)
at org.testng.internal.Invoker.invokeTestMethod(Invoker.java:719)
at org.testng.internal.Invoker.invokeTestMethods(Invoker.java:989)
at org.testng.internal.TestMethodWorker.invokeTestMethods(TestMethodWorker.java:125)
at org.testng.internal.TestMethodWorker.run(TestMethodWorker.java:109)
at org.testng.TestRunner.privateRun(TestRunner.java:648)
at org.testng.TestRunner.run(TestRunner.java:505)
at org.testng.SuiteRunner.runTest(SuiteRunner.java:455)
at org.testng.SuiteRunner.runSequentially(SuiteRunner.java:450)
at org.testng.SuiteRunner.privateRun(SuiteRunner.java:415)
at org.testng.SuiteRunner.run(SuiteRunner.java:364)
at org.testng.SuiteRunnerWorker.runSuite(SuiteRunnerWorker.java:52)
at org.testng.SuiteRunnerWorker.run(SuiteRunnerWorker.java:84)
at org.testng.TestNG.runSuitesSequentially(TestNG.java:1208)
at org.testng.TestNG.runSuitesLocally(TestNG.java:1137)
at org.testng.TestNG.runSuites(TestNG.java:1049)
at org.testng.TestNG.run(TestNG.java:1017)
at org.testng.remote.AbstractRemoteTestNG.run(AbstractRemoteTestNG.java:114)
at org.testng.remote.RemoteTestNG.initAndRun(RemoteTestNG.java:251)
at org.testng.remote.RemoteTestNG.main(RemoteTestNG.java:77)
]]>
            </full-stacktrace>
          </exception> <!-- java.lang.AssertionError -->
          <reporter-output>
          </reporter-output>
        </test-method> <!-- TCED20220 -->
        <test-method status="FAIL" signature="TCED20221()[pri:21, instance:com.MTSS.Manage_meetings@5891e32e]" name="TCED20221" duration-ms="15030" started-at="2018-11-21T10:14:33Z" finished-at="2018-11-21T10:14:48Z">
          <exception class="java.lang.AssertionError">
            <message>
              <![CDATA[Could not find any element matching '//*[@id='ctl00_ContentPlaceHolder1_trNotes']/td/div/fieldset/legend/b']]>
            </message>
            <full-stacktrace>
              <![CDATA[java.lang.AssertionError: Could not find any element matching '//*[@id='ctl00_ContentPlaceHolder1_trNotes']/td/div/fieldset/legend/b'
at Library.BaseClassOne.find(BaseClassOne.java:226)
at Library.BaseClassOne.ScrollTo_Location(BaseClassOne.java:619)
at com.MTSS.Manage_meetings.TCED20221(Manage_meetings.java:790)
at sun.reflect.NativeMethodAccessorImpl.invoke0(Native Method)
at sun.reflect.NativeMethodAccessorImpl.invoke(NativeMethodAccessorImpl.java:62)
at sun.reflect.DelegatingMethodAccessorImpl.invoke(DelegatingMethodAccessorImpl.java:43)
at java.lang.reflect.Method.invoke(Method.java:498)
at org.testng.internal.MethodInvocationHelper.invokeMethod(MethodInvocationHelper.java:124)
at org.testng.internal.Invoker.invokeMethod(Invoker.java:583)
at org.testng.internal.Invoker.invokeTestMethod(Invoker.java:719)
at org.testng.internal.Invoker.invokeTestMethods(Invoker.java:989)
at org.testng.internal.TestMethodWorker.invokeTestMethods(TestMethodWorker.java:125)
at org.testng.internal.TestMethodWorker.run(TestMethodWorker.java:109)
at org.testng.TestRunner.privateRun(TestRunner.java:648)
at org.testng.TestRunner.run(TestRunner.java:505)
at org.testng.SuiteRunner.runTest(SuiteRunner.java:455)
at org.testng.SuiteRunner.runSequentially(SuiteRunner.java:450)
at org.testng.SuiteRunner.privateRun(SuiteRunner.java:415)
at org.testng.SuiteRunner.run(SuiteRunner.java:364)
at org.testng.SuiteRunnerWorker.runSuite(SuiteRunnerWorker.java:52)
at org.testng.SuiteRunnerWorker.run(SuiteRunnerWorker.java:84)
at org.testng.TestNG.runSuitesSequentially(TestNG.java:1208)
at org.testng.TestNG.runSuitesLocally(TestNG.java:1137)
at org.testng.TestNG.runSuites(TestNG.java:1049)
at org.testng.TestNG.run(TestNG.java:1017)
at org.testng.remote.AbstractRemoteTestNG.run(AbstractRemoteTestNG.java:114)
at org.testng.remote.RemoteTestNG.initAndRun(RemoteTestNG.java:251)
at org.testng.remote.RemoteTestNG.main(RemoteTestNG.java:77)
]]>
            </full-stacktrace>
          </exception> <!-- java.lang.AssertionError -->
          <reporter-output>
          </reporter-output>
        </test-method> <!-- TCED20221 -->
        <test-method status="FAIL" signature="TCED20222()[pri:22, instance:com.MTSS.Manage_meetings@5891e32e]" name="TCED20222" duration-ms="32248" started-at="2018-11-21T10:14:48Z" finished-at="2018-11-21T10:15:21Z">
          <exception class="java.lang.AssertionError">
            <message>
              <![CDATA[Timeout during waiting for element: '//*[@id='ctl00_ContentPlaceHolder1_btnSaveSubmit']']]>
            </message>
            <full-stacktrace>
              <![CDATA[java.lang.AssertionError: Timeout during waiting for element: '//*[@id='ctl00_ContentPlaceHolder1_btnSaveSubmit']'
at Library.BaseClassOne.waitFor(BaseClassOne.java:278)
at Library.BaseClassOne.click(BaseClassOne.java:190)
at com.MTSS.Manage_meetings.TCED20222(Manage_meetings.java:814)
at sun.reflect.NativeMethodAccessorImpl.invoke0(Native Method)
at sun.reflect.NativeMethodAccessorImpl.invoke(NativeMethodAccessorImpl.java:62)
at sun.reflect.DelegatingMethodAccessorImpl.invoke(DelegatingMethodAccessorImpl.java:43)
at java.lang.reflect.Method.invoke(Method.java:498)
at org.testng.internal.MethodInvocationHelper.invokeMethod(MethodInvocationHelper.java:124)
at org.testng.internal.Invoker.invokeMethod(Invoker.java:583)
at org.testng.internal.Invoker.invokeTestMethod(Invoker.java:719)
at org.testng.internal.Invoker.invokeTestMethods(Invoker.java:989)
at org.testng.internal.TestMethodWorker.invokeTestMethods(TestMethodWorker.java:125)
at org.testng.internal.TestMethodWorker.run(TestMethodWorker.java:109)
at org.testng.TestRunner.privateRun(TestRunner.java:648)
at org.testng.TestRunner.run(TestRunner.java:505)
at org.testng.SuiteRunner.runTest(SuiteRunner.java:455)
at org.testng.SuiteRunner.runSequentially(SuiteRunner.java:450)
at org.testng.SuiteRunner.privateRun(SuiteRunner.java:415)
at org.testng.SuiteRunner.run(SuiteRunner.java:364)
at org.testng.SuiteRunnerWorker.runSuite(SuiteRunnerWorker.java:52)
at org.testng.SuiteRunnerWorker.run(SuiteRunnerWorker.java:84)
at org.testng.TestNG.runSuitesSequentially(TestNG.java:1208)
at org.testng.TestNG.runSuitesLocally(TestNG.java:1137)
at org.testng.TestNG.runSuites(TestNG.java:1049)
at org.testng.TestNG.run(TestNG.java:1017)
at org.testng.remote.AbstractRemoteTestNG.run(AbstractRemoteTestNG.java:114)
at org.testng.remote.RemoteTestNG.initAndRun(RemoteTestNG.java:251)
at org.testng.remote.RemoteTestNG.main(RemoteTestNG.java:77)
]]>
            </full-stacktrace>
          </exception> <!-- java.lang.AssertionError -->
          <reporter-output>
          </reporter-output>
        </test-method> <!-- TCED20222 -->
        <test-method status="FAIL" signature="TCED20223()[pri:23, instance:com.MTSS.Manage_meetings@5891e32e]" name="TCED20223" duration-ms="15025" started-at="2018-11-21T10:15:21Z" finished-at="2018-11-21T10:15:36Z">
          <exception class="java.lang.AssertionError">
            <message>
              <![CDATA[Could not find any element matching '//*[@id='aspnetForm']/div[4]/div/table/tbody/tr[2]/td/fieldset/legend/span']]>
            </message>
            <full-stacktrace>
              <![CDATA[java.lang.AssertionError: Could not find any element matching '//*[@id='aspnetForm']/div[4]/div/table/tbody/tr[2]/td/fieldset/legend/span'
at Library.BaseClassOne.find(BaseClassOne.java:226)
at Library.BaseClassOne.getText(BaseClassOne.java:396)
at Library.BaseClassOne.getText(BaseClassOne.java:346)
at com.MTSS.Manage_meetings.TCED20223(Manage_meetings.java:869)
at sun.reflect.NativeMethodAccessorImpl.invoke0(Native Method)
at sun.reflect.NativeMethodAccessorImpl.invoke(NativeMethodAccessorImpl.java:62)
at sun.reflect.DelegatingMethodAccessorImpl.invoke(DelegatingMethodAccessorImpl.java:43)
at java.lang.reflect.Method.invoke(Method.java:498)
at org.testng.internal.MethodInvocationHelper.invokeMethod(MethodInvocationHelper.java:124)
at org.testng.internal.Invoker.invokeMethod(Invoker.java:583)
at org.testng.internal.Invoker.invokeTestMethod(Invoker.java:719)
at org.testng.internal.Invoker.invokeTestMethods(Invoker.java:989)
at org.testng.internal.TestMethodWorker.invokeTestMethods(TestMethodWorker.java:125)
at org.testng.internal.TestMethodWorker.run(TestMethodWorker.java:109)
at org.testng.TestRunner.privateRun(TestRunner.java:648)
at org.testng.TestRunner.run(TestRunner.java:505)
at org.testng.SuiteRunner.runTest(SuiteRunner.java:455)
at org.testng.SuiteRunner.runSequentially(SuiteRunner.java:450)
at org.testng.SuiteRunner.privateRun(SuiteRunner.java:415)
at org.testng.SuiteRunner.run(SuiteRunner.java:364)
at org.testng.SuiteRunnerWorker.runSuite(SuiteRunnerWorker.java:52)
at org.testng.SuiteRunnerWorker.run(SuiteRunnerWorker.java:84)
at org.testng.TestNG.runSuitesSequentially(TestNG.java:1208)
at org.testng.TestNG.runSuitesLocally(TestNG.java:1137)
at org.testng.TestNG.runSuites(TestNG.java:1049)
at org.testng.TestNG.run(TestNG.java:1017)
at org.testng.remote.AbstractRemoteTestNG.run(AbstractRemoteTestNG.java:114)
at org.testng.remote.RemoteTestNG.initAndRun(RemoteTestNG.java:251)
at org.testng.remote.RemoteTestNG.main(RemoteTestNG.java:77)
]]>
            </full-stacktrace>
          </exception> <!-- java.lang.AssertionError -->
          <reporter-output>
          </reporter-output>
        </test-method> <!-- TCED20223 -->
        <test-method status="FAIL" signature="TCED20224()[pri:24, instance:com.MTSS.Manage_meetings@5891e32e]" name="TCED20224" duration-ms="30249" started-at="2018-11-21T10:15:36Z" finished-at="2018-11-21T10:16:06Z">
          <exception class="java.lang.AssertionError">
            <message>
              <![CDATA[Timeout during waiting for element: '//*[@id='ctl00_ContentPlaceHolder1_btnClose']']]>
            </message>
            <full-stacktrace>
              <![CDATA[java.lang.AssertionError: Timeout during waiting for element: '//*[@id='ctl00_ContentPlaceHolder1_btnClose']'
at Library.BaseClassOne.waitFor(BaseClassOne.java:278)
at Library.BaseClassOne.click(BaseClassOne.java:190)
at com.MTSS.Manage_meetings.TCED20224(Manage_meetings.java:891)
at sun.reflect.NativeMethodAccessorImpl.invoke0(Native Method)
at sun.reflect.NativeMethodAccessorImpl.invoke(NativeMethodAccessorImpl.java:62)
at sun.reflect.DelegatingMethodAccessorImpl.invoke(DelegatingMethodAccessorImpl.java:43)
at java.lang.reflect.Method.invoke(Method.java:498)
at org.testng.internal.MethodInvocationHelper.invokeMethod(MethodInvocationHelper.java:124)
at org.testng.internal.Invoker.invokeMethod(Invoker.java:583)
at org.testng.internal.Invoker.invokeTestMethod(Invoker.java:719)
at org.testng.internal.Invoker.invokeTestMethods(Invoker.java:989)
at org.testng.internal.TestMethodWorker.invokeTestMethods(TestMethodWorker.java:125)
at org.testng.internal.TestMethodWorker.run(TestMethodWorker.java:109)
at org.testng.TestRunner.privateRun(TestRunner.java:648)
at org.testng.TestRunner.run(TestRunner.java:505)
at org.testng.SuiteRunner.runTest(SuiteRunner.java:455)
at org.testng.SuiteRunner.runSequentially(SuiteRunner.java:450)
at org.testng.SuiteRunner.privateRun(SuiteRunner.java:415)
at org.testng.SuiteRunner.run(SuiteRunner.java:364)
at org.testng.SuiteRunnerWorker.runSuite(SuiteRunnerWorker.java:52)
at org.testng.SuiteRunnerWorker.run(SuiteRunnerWorker.java:84)
at org.testng.TestNG.runSuitesSequentially(TestNG.java:1208)
at org.testng.TestNG.runSuitesLocally(TestNG.java:1137)
at org.testng.TestNG.runSuites(TestNG.java:1049)
at org.testng.TestNG.run(TestNG.java:1017)
at org.testng.remote.AbstractRemoteTestNG.run(AbstractRemoteTestNG.java:114)
at org.testng.remote.RemoteTestNG.initAndRun(RemoteTestNG.java:251)
at org.testng.remote.RemoteTestNG.main(RemoteTestNG.java:77)
]]>
            </full-stacktrace>
          </exception> <!-- java.lang.AssertionError -->
          <reporter-output>
          </reporter-output>
        </test-method> <!-- TCED20224 -->
        <test-method status="PASS" signature="tearDown()[pri:0, instance:com.MTSS.Manage_meetings@5891e32e]" name="tearDown" is-config="true" duration-ms="0" started-at="2018-11-21T10:16:06Z" finished-at="2018-11-21T10:16:06Z">
          <reporter-output>
          </reporter-output>
        </test-method> <!-- tearDown -->
      </class> <!-- com.MTSS.Manage_meetings -->
    </test> <!-- Default test -->
  </suite> <!-- Default suite -->
</testng-results>
