<?xml version="1.0" encoding="UTF-8"?>
<testng-results skipped="0" failed="0" ignored="0" total="6" passed="6">
  <reporter-output>
  </reporter-output>
  <suite name="Default suite" duration-ms="65995" started-at="2018-11-27T07:19:48Z" finished-at="2018-11-27T07:20:54Z">
    <groups>
    </groups>
    <test name="Default test" duration-ms="65995" started-at="2018-11-27T07:19:48Z" finished-at="2018-11-27T07:20:54Z">
      <class name="com.Home.Teacher_Course_Section_MTSS">
        <test-method status="PASS" signature="setup1()[pri:0, instance:com.Home.Teacher_Course_Section_MTSS@64f6106c]" name="setup1" is-config="true" duration-ms="10989" started-at="2018-11-27T07:19:48Z" finished-at="2018-11-27T07:19:59Z">
          <reporter-output>
          </reporter-output>
        </test-method> <!-- setup1 -->
        <test-method status="PASS" signature="TCED351101()[pri:1, instance:com.Home.Teacher_Course_Section_MTSS@64f6106c]" name="TCED351101" duration-ms="14317" started-at="2018-11-27T07:19:59Z" finished-at="2018-11-27T07:20:13Z">
          <reporter-output>
          </reporter-output>
        </test-method> <!-- TCED351101 -->
        <test-method status="PASS" signature="TCED351102()[pri:2, instance:com.Home.Teacher_Course_Section_MTSS@64f6106c]" name="TCED351102" duration-ms="329" started-at="2018-11-27T07:20:13Z" finished-at="2018-11-27T07:20:13Z">
          <reporter-output>
          </reporter-output>
        </test-method> <!-- TCED351102 -->
        <test-method status="PASS" signature="TCED351103()[pri:3, instance:com.Home.Teacher_Course_Section_MTSS@64f6106c]" name="TCED351103" duration-ms="11322" started-at="2018-11-27T07:20:13Z" finished-at="2018-11-27T07:20:25Z">
          <reporter-output>
          </reporter-output>
        </test-method> <!-- TCED351103 -->
        <test-method status="PASS" signature="TCED351104()[pri:4, instance:com.Home.Teacher_Course_Section_MTSS@64f6106c]" name="TCED351104" duration-ms="11321" started-at="2018-11-27T07:20:25Z" finished-at="2018-11-27T07:20:36Z">
          <reporter-output>
          </reporter-output>
        </test-method> <!-- TCED351104 -->
        <test-method status="PASS" signature="TCED351105()[pri:5, instance:com.Home.Teacher_Course_Section_MTSS@64f6106c]" name="TCED351105" duration-ms="5760" started-at="2018-11-27T07:20:36Z" finished-at="2018-11-27T07:20:42Z">
          <reporter-output>
          </reporter-output>
        </test-method> <!-- TCED351105 -->
        <test-method status="PASS" signature="TCED351106()[pri:6, instance:com.Home.Teacher_Course_Section_MTSS@64f6106c]" name="TCED351106" duration-ms="11917" started-at="2018-11-27T07:20:42Z" finished-at="2018-11-27T07:20:54Z">
          <reporter-output>
          </reporter-output>
        </test-method> <!-- TCED351106 -->
        <test-method status="PASS" signature="tearDown()[pri:0, instance:com.Home.Teacher_Course_Section_MTSS@64f6106c]" name="tearDown" is-config="true" duration-ms="0" started-at="2018-11-27T07:20:54Z" finished-at="2018-11-27T07:20:54Z">
          <reporter-output>
          </reporter-output>
        </test-method> <!-- tearDown -->
      </class> <!-- com.Home.Teacher_Course_Section_MTSS -->
    </test> <!-- Default test -->
  </suite> <!-- Default suite -->
</testng-results>
