<?xml version="1.0" encoding="UTF-8"?>
<testng-results skipped="0" failed="0" ignored="0" total="7" passed="7">
  <reporter-output>
  </reporter-output>
  <suite name="Suite" duration-ms="36867" started-at="2018-11-02T06:43:52Z" finished-at="2018-11-02T06:44:29Z">
    <groups>
    </groups>
    <test name="Test" duration-ms="36867" started-at="2018-11-02T06:43:52Z" finished-at="2018-11-02T06:44:29Z">
      <class name="com.questionBank.Local_Assessment_Question_Bank_Add_Edit_or_View_Exhibits">
        <test-method status="PASS" signature="setup1()[pri:0, instance:com.questionBank.Local_Assessment_Question_Bank_Add_Edit_or_View_Exhibits@52f759d7]" name="setup1" is-config="true" duration-ms="14638" started-at="2018-11-02T06:43:52Z" finished-at="2018-11-02T06:44:06Z">
          <reporter-output>
          </reporter-output>
        </test-method> <!-- setup1 -->
        <test-method status="PASS" signature="TCED16501()[pri:1, instance:com.questionBank.Local_Assessment_Question_Bank_Add_Edit_or_View_Exhibits@52f759d7]" name="TCED16501" duration-ms="6968" started-at="2018-11-02T06:44:06Z" finished-at="2018-11-02T06:44:13Z">
          <reporter-output>
          </reporter-output>
        </test-method> <!-- TCED16501 -->
        <test-method status="PASS" signature="TCED16502()[pri:2, instance:com.questionBank.Local_Assessment_Question_Bank_Add_Edit_or_View_Exhibits@52f759d7]" name="TCED16502" duration-ms="6698" started-at="2018-11-02T06:44:13Z" finished-at="2018-11-02T06:44:20Z">
          <reporter-output>
          </reporter-output>
        </test-method> <!-- TCED16502 -->
        <test-method status="PASS" signature="TCED16503()[pri:3, instance:com.questionBank.Local_Assessment_Question_Bank_Add_Edit_or_View_Exhibits@52f759d7]" name="TCED16503" duration-ms="202" started-at="2018-11-02T06:44:20Z" finished-at="2018-11-02T06:44:20Z">
          <reporter-output>
          </reporter-output>
        </test-method> <!-- TCED16503 -->
        <test-method status="PASS" signature="TCED16504()[pri:4, instance:com.questionBank.Local_Assessment_Question_Bank_Add_Edit_or_View_Exhibits@52f759d7]" name="TCED16504" duration-ms="245" started-at="2018-11-02T06:44:20Z" finished-at="2018-11-02T06:44:21Z">
          <reporter-output>
          </reporter-output>
        </test-method> <!-- TCED16504 -->
        <test-method status="PASS" signature="TCED16505()[pri:5, instance:com.questionBank.Local_Assessment_Question_Bank_Add_Edit_or_View_Exhibits@52f759d7]" name="TCED16505" duration-ms="4775" started-at="2018-11-02T06:44:21Z" finished-at="2018-11-02T06:44:25Z">
          <reporter-output>
          </reporter-output>
        </test-method> <!-- TCED16505 -->
        <test-method status="PASS" signature="TCED16506()[pri:6, instance:com.questionBank.Local_Assessment_Question_Bank_Add_Edit_or_View_Exhibits@52f759d7]" name="TCED16506" duration-ms="1374" started-at="2018-11-02T06:44:25Z" finished-at="2018-11-02T06:44:27Z">
          <reporter-output>
          </reporter-output>
        </test-method> <!-- TCED16506 -->
        <test-method status="PASS" signature="TCED16507()[pri:7, instance:com.questionBank.Local_Assessment_Question_Bank_Add_Edit_or_View_Exhibits@52f759d7]" name="TCED16507" duration-ms="1917" started-at="2018-11-02T06:44:27Z" finished-at="2018-11-02T06:44:29Z">
          <reporter-output>
          </reporter-output>
        </test-method> <!-- TCED16507 -->
        <test-method status="PASS" signature="tearDown()[pri:0, instance:com.questionBank.Local_Assessment_Question_Bank_Add_Edit_or_View_Exhibits@52f759d7]" name="tearDown" is-config="true" duration-ms="1" started-at="2018-11-02T06:44:29Z" finished-at="2018-11-02T06:44:29Z">
          <reporter-output>
          </reporter-output>
        </test-method> <!-- tearDown -->
      </class> <!-- com.questionBank.Local_Assessment_Question_Bank_Add_Edit_or_View_Exhibits -->
    </test> <!-- Test -->
  </suite> <!-- Suite -->
</testng-results>
