<?xml version="1.0" encoding="UTF-8"?>
<testng-results skipped="0" failed="0" total="11" passed="11">
  <reporter-output>
  </reporter-output>
  <suite name="Default suite" duration-ms="73086" started-at="2018-08-31T10:50:27Z" finished-at="2018-08-31T10:51:40Z">
    <groups>
    </groups>
    <test name="Default test" duration-ms="73086" started-at="2018-08-31T10:50:27Z" finished-at="2018-08-31T10:51:40Z">
      <class name="com.curriculum.Submitted_Lesson_Plans">
        <test-method status="PASS" signature="setup1()[pri:0, instance:com.curriculum.Submitted_Lesson_Plans@13ad2d6]" name="setup1" is-config="true" duration-ms="7603" started-at="2018-08-31T16:20:27Z" finished-at="2018-08-31T16:20:35Z">
          <reporter-output>
          </reporter-output>
        </test-method> <!-- setup1 -->
        <test-method status="PASS" signature="TCED27101()[pri:0, instance:com.curriculum.Submitted_Lesson_Plans@13ad2d6]" name="TCED27101" duration-ms="9006" started-at="2018-08-31T16:20:35Z" finished-at="2018-08-31T16:20:44Z">
          <reporter-output>
          </reporter-output>
        </test-method> <!-- TCED27101 -->
        <test-method status="PASS" signature="TCED27102()[pri:1, instance:com.curriculum.Submitted_Lesson_Plans@13ad2d6]" name="TCED27102" duration-ms="1963" started-at="2018-08-31T16:20:44Z" finished-at="2018-08-31T16:20:46Z">
          <reporter-output>
          </reporter-output>
        </test-method> <!-- TCED27102 -->
        <test-method status="PASS" signature="TCED27103()[pri:2, instance:com.curriculum.Submitted_Lesson_Plans@13ad2d6]" name="TCED27103" duration-ms="2032" started-at="2018-08-31T16:20:46Z" finished-at="2018-08-31T16:20:48Z">
          <reporter-output>
          </reporter-output>
        </test-method> <!-- TCED27103 -->
        <test-method status="PASS" signature="TCED27104()[pri:4, instance:com.curriculum.Submitted_Lesson_Plans@13ad2d6]" name="TCED27104" duration-ms="12986" started-at="2018-08-31T16:20:48Z" finished-at="2018-08-31T16:21:01Z">
          <reporter-output>
          </reporter-output>
        </test-method> <!-- TCED27104 -->
        <test-method status="PASS" signature="TCED27105()[pri:5, instance:com.curriculum.Submitted_Lesson_Plans@13ad2d6]" name="TCED27105" duration-ms="13060" started-at="2018-08-31T16:21:01Z" finished-at="2018-08-31T16:21:14Z">
          <reporter-output>
          </reporter-output>
        </test-method> <!-- TCED27105 -->
        <test-method status="PASS" signature="TCED27106()[pri:6, instance:com.curriculum.Submitted_Lesson_Plans@13ad2d6]" name="TCED27106" duration-ms="5236" started-at="2018-08-31T16:21:14Z" finished-at="2018-08-31T16:21:19Z">
          <reporter-output>
          </reporter-output>
        </test-method> <!-- TCED27106 -->
        <test-method status="PASS" signature="TCED27107()[pri:7, instance:com.curriculum.Submitted_Lesson_Plans@13ad2d6]" name="TCED27107" duration-ms="5077" started-at="2018-08-31T16:21:19Z" finished-at="2018-08-31T16:21:24Z">
          <reporter-output>
          </reporter-output>
        </test-method> <!-- TCED27107 -->
        <test-method status="PASS" signature="TCED27108()[pri:8, instance:com.curriculum.Submitted_Lesson_Plans@13ad2d6]" name="TCED27108" duration-ms="5226" started-at="2018-08-31T16:21:24Z" finished-at="2018-08-31T16:21:29Z">
          <reporter-output>
          </reporter-output>
        </test-method> <!-- TCED27108 -->
        <test-method status="PASS" signature="TCED27109()[pri:9, instance:com.curriculum.Submitted_Lesson_Plans@13ad2d6]" name="TCED27109" duration-ms="2835" started-at="2018-08-31T16:21:29Z" finished-at="2018-08-31T16:21:32Z">
          <reporter-output>
          </reporter-output>
        </test-method> <!-- TCED27109 -->
        <test-method status="PASS" signature="TCED27111()[pri:11, instance:com.curriculum.Submitted_Lesson_Plans@13ad2d6]" name="TCED27111" duration-ms="5559" started-at="2018-08-31T16:21:32Z" finished-at="2018-08-31T16:21:38Z">
          <reporter-output>
          </reporter-output>
        </test-method> <!-- TCED27111 -->
        <test-method status="PASS" signature="TCED27112()[pri:12, instance:com.curriculum.Submitted_Lesson_Plans@13ad2d6]" name="TCED27112" duration-ms="2435" started-at="2018-08-31T16:21:38Z" finished-at="2018-08-31T16:21:40Z">
          <reporter-output>
          </reporter-output>
        </test-method> <!-- TCED27112 -->
        <test-method status="PASS" signature="tearDown()[pri:0, instance:com.curriculum.Submitted_Lesson_Plans@13ad2d6]" name="tearDown" is-config="true" duration-ms="0" started-at="2018-08-31T16:21:40Z" finished-at="2018-08-31T16:21:40Z">
          <reporter-output>
          </reporter-output>
        </test-method> <!-- tearDown -->
      </class> <!-- com.curriculum.Submitted_Lesson_Plans -->
    </test> <!-- Default test -->
  </suite> <!-- Default suite -->
</testng-results>
