<?xml version="1.0" encoding="UTF-8"?>
<testng-results skipped="0" failed="3" ignored="0" total="27" passed="24">
  <reporter-output>
  </reporter-output>
  <suite name="Suite" duration-ms="344036" started-at="2018-11-20T05:34:22Z" finished-at="2018-11-20T05:40:06Z">
    <groups>
    </groups>
    <test name="Test" duration-ms="344036" started-at="2018-11-20T05:34:22Z" finished-at="2018-11-20T05:40:06Z">
      <class name="com.analyzeByScore.Local_Assessment_AnalyzeByTag">
        <test-method status="PASS" signature="setup1()[pri:0, instance:com.analyzeByScore.Local_Assessment_AnalyzeByTag@5891e32e]" name="setup1" is-config="true" duration-ms="7494" started-at="2018-11-20T05:34:22Z" finished-at="2018-11-20T05:34:30Z">
          <reporter-output>
          </reporter-output>
        </test-method> <!-- setup1 -->
        <test-method status="PASS" signature="TCED14301()[pri:1, instance:com.analyzeByScore.Local_Assessment_AnalyzeByTag@5891e32e]" name="TCED14301" duration-ms="6030" started-at="2018-11-20T05:34:30Z" finished-at="2018-11-20T05:34:36Z">
          <reporter-output>
          </reporter-output>
        </test-method> <!-- TCED14301 -->
        <test-method status="PASS" signature="TCED14302()[pri:2, instance:com.analyzeByScore.Local_Assessment_AnalyzeByTag@5891e32e]" name="TCED14302" duration-ms="6053" started-at="2018-11-20T05:34:36Z" finished-at="2018-11-20T05:34:42Z">
          <reporter-output>
          </reporter-output>
        </test-method> <!-- TCED14302 -->
        <test-method status="PASS" signature="TCED14303()[pri:3, instance:com.analyzeByScore.Local_Assessment_AnalyzeByTag@5891e32e]" name="TCED14303" duration-ms="436" started-at="2018-11-20T05:34:42Z" finished-at="2018-11-20T05:34:42Z">
          <reporter-output>
          </reporter-output>
        </test-method> <!-- TCED14303 -->
        <test-method status="PASS" signature="TCED14304()[pri:4, instance:com.analyzeByScore.Local_Assessment_AnalyzeByTag@5891e32e]" name="TCED14304" duration-ms="1286" started-at="2018-11-20T05:34:42Z" finished-at="2018-11-20T05:34:44Z">
          <reporter-output>
          </reporter-output>
        </test-method> <!-- TCED14304 -->
        <test-method status="PASS" signature="TCED14305()[pri:5, instance:com.analyzeByScore.Local_Assessment_AnalyzeByTag@5891e32e]" name="TCED14305" duration-ms="6236" started-at="2018-11-20T05:34:44Z" finished-at="2018-11-20T05:34:50Z">
          <reporter-output>
          </reporter-output>
        </test-method> <!-- TCED14305 -->
        <test-method status="PASS" signature="TCED14306()[pri:6, instance:com.analyzeByScore.Local_Assessment_AnalyzeByTag@5891e32e]" name="TCED14306" duration-ms="6424" started-at="2018-11-20T05:34:50Z" finished-at="2018-11-20T05:34:56Z">
          <reporter-output>
          </reporter-output>
        </test-method> <!-- TCED14306 -->
        <test-method status="PASS" signature="TCED14307()[pri:7, instance:com.analyzeByScore.Local_Assessment_AnalyzeByTag@5891e32e]" name="TCED14307" duration-ms="8672" started-at="2018-11-20T05:34:56Z" finished-at="2018-11-20T05:35:05Z">
          <reporter-output>
          </reporter-output>
        </test-method> <!-- TCED14307 -->
        <test-method status="PASS" signature="TCED14308()[pri:8, instance:com.analyzeByScore.Local_Assessment_AnalyzeByTag@5891e32e]" name="TCED14308" duration-ms="8296" started-at="2018-11-20T05:35:05Z" finished-at="2018-11-20T05:35:13Z">
          <reporter-output>
          </reporter-output>
        </test-method> <!-- TCED14308 -->
        <test-method status="PASS" signature="TCED14309()[pri:9, instance:com.analyzeByScore.Local_Assessment_AnalyzeByTag@5891e32e]" name="TCED14309" duration-ms="11158" started-at="2018-11-20T05:35:13Z" finished-at="2018-11-20T05:35:24Z">
          <reporter-output>
          </reporter-output>
        </test-method> <!-- TCED14309 -->
        <test-method status="PASS" signature="TCED14310()[pri:10, instance:com.analyzeByScore.Local_Assessment_AnalyzeByTag@5891e32e]" name="TCED14310" duration-ms="9684" started-at="2018-11-20T05:35:24Z" finished-at="2018-11-20T05:35:34Z">
          <reporter-output>
          </reporter-output>
        </test-method> <!-- TCED14310 -->
        <test-method status="PASS" signature="TCED14311()[pri:11, instance:com.analyzeByScore.Local_Assessment_AnalyzeByTag@5891e32e]" name="TCED14311" duration-ms="1049" started-at="2018-11-20T05:35:34Z" finished-at="2018-11-20T05:35:35Z">
          <reporter-output>
          </reporter-output>
        </test-method> <!-- TCED14311 -->
        <test-method status="PASS" signature="TCED14312()[pri:12, instance:com.analyzeByScore.Local_Assessment_AnalyzeByTag@5891e32e]" name="TCED14312" duration-ms="6554" started-at="2018-11-20T05:35:35Z" finished-at="2018-11-20T05:35:42Z">
          <reporter-output>
          </reporter-output>
        </test-method> <!-- TCED14312 -->
        <test-method status="PASS" signature="TCED14313()[pri:13, instance:com.analyzeByScore.Local_Assessment_AnalyzeByTag@5891e32e]" name="TCED14313" duration-ms="11393" started-at="2018-11-20T05:35:42Z" finished-at="2018-11-20T05:35:53Z">
          <reporter-output>
          </reporter-output>
        </test-method> <!-- TCED14313 -->
        <test-method status="PASS" signature="TCED14314()[pri:14, instance:com.analyzeByScore.Local_Assessment_AnalyzeByTag@5891e32e]" name="TCED14314" duration-ms="11402" started-at="2018-11-20T05:35:53Z" finished-at="2018-11-20T05:36:04Z">
          <reporter-output>
          </reporter-output>
        </test-method> <!-- TCED14314 -->
        <test-method status="FAIL" signature="TCED14315()[pri:15, instance:com.analyzeByScore.Local_Assessment_AnalyzeByTag@5891e32e]" name="TCED14315" duration-ms="41434" started-at="2018-11-20T05:36:04Z" finished-at="2018-11-20T05:36:46Z">
          <exception class="java.lang.AssertionError">
            <message>
              <![CDATA[Could not find any element matching '//*[@id='ctl00_MainContent_ddlSchool']']]>
            </message>
            <full-stacktrace>
              <![CDATA[java.lang.AssertionError: Could not find any element matching '//*[@id='ctl00_MainContent_ddlSchool']'
at Library.BaseClassOne.find(BaseClassOne.java:226)
at Library.BaseClassOne.select(BaseClassOne.java:461)
at com.analyzeByScore.Local_Assessment_AnalyzeByTag.TCED14315(Local_Assessment_AnalyzeByTag.java:743)
at sun.reflect.NativeMethodAccessorImpl.invoke0(Native Method)
at sun.reflect.NativeMethodAccessorImpl.invoke(NativeMethodAccessorImpl.java:62)
at sun.reflect.DelegatingMethodAccessorImpl.invoke(DelegatingMethodAccessorImpl.java:43)
at java.lang.reflect.Method.invoke(Method.java:498)
at org.testng.internal.MethodInvocationHelper.invokeMethod(MethodInvocationHelper.java:124)
at org.testng.internal.Invoker.invokeMethod(Invoker.java:583)
at org.testng.internal.Invoker.invokeTestMethod(Invoker.java:719)
at org.testng.internal.Invoker.invokeTestMethods(Invoker.java:989)
at org.testng.internal.TestMethodWorker.invokeTestMethods(TestMethodWorker.java:125)
at org.testng.internal.TestMethodWorker.run(TestMethodWorker.java:109)
at org.testng.TestRunner.privateRun(TestRunner.java:648)
at org.testng.TestRunner.run(TestRunner.java:505)
at org.testng.SuiteRunner.runTest(SuiteRunner.java:455)
at org.testng.SuiteRunner.runSequentially(SuiteRunner.java:450)
at org.testng.SuiteRunner.privateRun(SuiteRunner.java:415)
at org.testng.SuiteRunner.run(SuiteRunner.java:364)
at org.testng.SuiteRunnerWorker.runSuite(SuiteRunnerWorker.java:52)
at org.testng.SuiteRunnerWorker.run(SuiteRunnerWorker.java:84)
at org.testng.TestNG.runSuitesSequentially(TestNG.java:1208)
at org.testng.TestNG.runSuitesLocally(TestNG.java:1137)
at org.testng.TestNG.runSuites(TestNG.java:1049)
at org.testng.TestNG.run(TestNG.java:1017)
at org.testng.remote.AbstractRemoteTestNG.run(AbstractRemoteTestNG.java:114)
at org.testng.remote.RemoteTestNG.initAndRun(RemoteTestNG.java:251)
at org.testng.remote.RemoteTestNG.main(RemoteTestNG.java:77)
]]>
            </full-stacktrace>
          </exception> <!-- java.lang.AssertionError -->
          <reporter-output>
          </reporter-output>
        </test-method> <!-- TCED14315 -->
        <test-method status="FAIL" signature="TCED14316()[pri:16, instance:com.analyzeByScore.Local_Assessment_AnalyzeByTag@5891e32e]" name="TCED14316" duration-ms="50284" started-at="2018-11-20T05:36:46Z" finished-at="2018-11-20T05:37:36Z">
          <exception class="java.lang.AssertionError">
            <message>
              <![CDATA[Could not find any element matching '//span[@class='subheading']']]>
            </message>
            <full-stacktrace>
              <![CDATA[java.lang.AssertionError: Could not find any element matching '//span[@class='subheading']'
at Library.BaseClassOne.find(BaseClassOne.java:226)
at Library.BaseClassOne.getText(BaseClassOne.java:396)
at Library.BaseClassOne.getText(BaseClassOne.java:346)
at com.analyzeByScore.Local_Assessment_AnalyzeByTag.TCED14316(Local_Assessment_AnalyzeByTag.java:824)
at sun.reflect.NativeMethodAccessorImpl.invoke0(Native Method)
at sun.reflect.NativeMethodAccessorImpl.invoke(NativeMethodAccessorImpl.java:62)
at sun.reflect.DelegatingMethodAccessorImpl.invoke(DelegatingMethodAccessorImpl.java:43)
at java.lang.reflect.Method.invoke(Method.java:498)
at org.testng.internal.MethodInvocationHelper.invokeMethod(MethodInvocationHelper.java:124)
at org.testng.internal.Invoker.invokeMethod(Invoker.java:583)
at org.testng.internal.Invoker.invokeTestMethod(Invoker.java:719)
at org.testng.internal.Invoker.invokeTestMethods(Invoker.java:989)
at org.testng.internal.TestMethodWorker.invokeTestMethods(TestMethodWorker.java:125)
at org.testng.internal.TestMethodWorker.run(TestMethodWorker.java:109)
at org.testng.TestRunner.privateRun(TestRunner.java:648)
at org.testng.TestRunner.run(TestRunner.java:505)
at org.testng.SuiteRunner.runTest(SuiteRunner.java:455)
at org.testng.SuiteRunner.runSequentially(SuiteRunner.java:450)
at org.testng.SuiteRunner.privateRun(SuiteRunner.java:415)
at org.testng.SuiteRunner.run(SuiteRunner.java:364)
at org.testng.SuiteRunnerWorker.runSuite(SuiteRunnerWorker.java:52)
at org.testng.SuiteRunnerWorker.run(SuiteRunnerWorker.java:84)
at org.testng.TestNG.runSuitesSequentially(TestNG.java:1208)
at org.testng.TestNG.runSuitesLocally(TestNG.java:1137)
at org.testng.TestNG.runSuites(TestNG.java:1049)
at org.testng.TestNG.run(TestNG.java:1017)
at org.testng.remote.AbstractRemoteTestNG.run(AbstractRemoteTestNG.java:114)
at org.testng.remote.RemoteTestNG.initAndRun(RemoteTestNG.java:251)
at org.testng.remote.RemoteTestNG.main(RemoteTestNG.java:77)
]]>
            </full-stacktrace>
          </exception> <!-- java.lang.AssertionError -->
          <reporter-output>
          </reporter-output>
        </test-method> <!-- TCED14316 -->
        <test-method status="PASS" signature="TCED14317()[pri:17, instance:com.analyzeByScore.Local_Assessment_AnalyzeByTag@5891e32e]" name="TCED14317" duration-ms="8383" started-at="2018-11-20T05:37:36Z" finished-at="2018-11-20T05:37:45Z">
          <reporter-output>
          </reporter-output>
        </test-method> <!-- TCED14317 -->
        <test-method status="PASS" signature="TCED14318()[pri:18, instance:com.analyzeByScore.Local_Assessment_AnalyzeByTag@5891e32e]" name="TCED14318" duration-ms="1320" started-at="2018-11-20T05:37:45Z" finished-at="2018-11-20T05:37:46Z">
          <reporter-output>
          </reporter-output>
        </test-method> <!-- TCED14318 -->
        <test-method status="PASS" signature="TCED14319()[pri:19, instance:com.analyzeByScore.Local_Assessment_AnalyzeByTag@5891e32e]" name="TCED14319" duration-ms="10271" started-at="2018-11-20T05:37:46Z" finished-at="2018-11-20T05:37:56Z">
          <reporter-output>
          </reporter-output>
        </test-method> <!-- TCED14319 -->
        <test-method status="PASS" signature="TCED14320()[pri:20, instance:com.analyzeByScore.Local_Assessment_AnalyzeByTag@5891e32e]" name="TCED14320" duration-ms="9516" started-at="2018-11-20T05:37:56Z" finished-at="2018-11-20T05:38:06Z">
          <reporter-output>
          </reporter-output>
        </test-method> <!-- TCED14320 -->
        <test-method status="PASS" signature="TCED14321()[pri:21, instance:com.analyzeByScore.Local_Assessment_AnalyzeByTag@5891e32e]" name="TCED14321" duration-ms="8835" started-at="2018-11-20T05:38:06Z" finished-at="2018-11-20T05:38:15Z">
          <reporter-output>
          </reporter-output>
        </test-method> <!-- TCED14321 -->
        <test-method status="PASS" signature="TCED14322()[pri:22, instance:com.analyzeByScore.Local_Assessment_AnalyzeByTag@5891e32e]" name="TCED14322" duration-ms="8821" started-at="2018-11-20T05:38:15Z" finished-at="2018-11-20T05:38:23Z">
          <reporter-output>
          </reporter-output>
        </test-method> <!-- TCED14322 -->
        <test-method status="PASS" signature="TCED14323()[pri:23, instance:com.analyzeByScore.Local_Assessment_AnalyzeByTag@5891e32e]" name="TCED14323" duration-ms="13622" started-at="2018-11-20T05:38:23Z" finished-at="2018-11-20T05:38:37Z">
          <reporter-output>
          </reporter-output>
        </test-method> <!-- TCED14323 -->
        <test-method status="PASS" signature="TCED14324()[pri:24, instance:com.analyzeByScore.Local_Assessment_AnalyzeByTag@5891e32e]" name="TCED14324" duration-ms="14444" started-at="2018-11-20T05:38:37Z" finished-at="2018-11-20T05:38:51Z">
          <reporter-output>
          </reporter-output>
        </test-method> <!-- TCED14324 -->
        <test-method status="PASS" signature="TCED14325()[pri:25, instance:com.analyzeByScore.Local_Assessment_AnalyzeByTag@5891e32e]" name="TCED14325" duration-ms="8337" started-at="2018-11-20T05:38:51Z" finished-at="2018-11-20T05:39:00Z">
          <reporter-output>
          </reporter-output>
        </test-method> <!-- TCED14325 -->
        <test-method status="PASS" signature="TCED14326()[pri:26, instance:com.analyzeByScore.Local_Assessment_AnalyzeByTag@5891e32e]" name="TCED14326" duration-ms="17878" started-at="2018-11-20T05:39:00Z" finished-at="2018-11-20T05:39:18Z">
          <reporter-output>
          </reporter-output>
        </test-method> <!-- TCED14326 -->
        <test-method status="FAIL" signature="TCED14327()[pri:27, instance:com.analyzeByScore.Local_Assessment_AnalyzeByTag@5891e32e]" name="TCED14327" duration-ms="48660" started-at="2018-11-20T05:39:18Z" finished-at="2018-11-20T05:40:06Z">
          <exception class="java.lang.AssertionError">
            <message>
              <![CDATA[Failed to download document which has extension .PDF expected [true] but found [false]]]>
            </message>
            <full-stacktrace>
              <![CDATA[java.lang.AssertionError: Failed to download document which has extension .PDF expected [true] but found [false]
at org.testng.Assert.fail(Assert.java:96)
at org.testng.Assert.failNotEquals(Assert.java:776)
at org.testng.Assert.assertTrue(Assert.java:44)
at com.analyzeByScore.Local_Assessment_AnalyzeByTag.TCED14327(Local_Assessment_AnalyzeByTag.java:1365)
at sun.reflect.NativeMethodAccessorImpl.invoke0(Native Method)
at sun.reflect.NativeMethodAccessorImpl.invoke(NativeMethodAccessorImpl.java:62)
at sun.reflect.DelegatingMethodAccessorImpl.invoke(DelegatingMethodAccessorImpl.java:43)
at java.lang.reflect.Method.invoke(Method.java:498)
at org.testng.internal.MethodInvocationHelper.invokeMethod(MethodInvocationHelper.java:124)
at org.testng.internal.Invoker.invokeMethod(Invoker.java:583)
at org.testng.internal.Invoker.invokeTestMethod(Invoker.java:719)
at org.testng.internal.Invoker.invokeTestMethods(Invoker.java:989)
at org.testng.internal.TestMethodWorker.invokeTestMethods(TestMethodWorker.java:125)
at org.testng.internal.TestMethodWorker.run(TestMethodWorker.java:109)
at org.testng.TestRunner.privateRun(TestRunner.java:648)
at org.testng.TestRunner.run(TestRunner.java:505)
at org.testng.SuiteRunner.runTest(SuiteRunner.java:455)
at org.testng.SuiteRunner.runSequentially(SuiteRunner.java:450)
at org.testng.SuiteRunner.privateRun(SuiteRunner.java:415)
at org.testng.SuiteRunner.run(SuiteRunner.java:364)
at org.testng.SuiteRunnerWorker.runSuite(SuiteRunnerWorker.java:52)
at org.testng.SuiteRunnerWorker.run(SuiteRunnerWorker.java:84)
at org.testng.TestNG.runSuitesSequentially(TestNG.java:1208)
at org.testng.TestNG.runSuitesLocally(TestNG.java:1137)
at org.testng.TestNG.runSuites(TestNG.java:1049)
at org.testng.TestNG.run(TestNG.java:1017)
at org.testng.remote.AbstractRemoteTestNG.run(AbstractRemoteTestNG.java:114)
at org.testng.remote.RemoteTestNG.initAndRun(RemoteTestNG.java:251)
at org.testng.remote.RemoteTestNG.main(RemoteTestNG.java:77)
]]>
            </full-stacktrace>
          </exception> <!-- java.lang.AssertionError -->
          <reporter-output>
          </reporter-output>
        </test-method> <!-- TCED14327 -->
        <test-method status="PASS" signature="tearDown()[pri:0, instance:com.analyzeByScore.Local_Assessment_AnalyzeByTag@5891e32e]" name="tearDown" is-config="true" duration-ms="1" started-at="2018-11-20T05:40:06Z" finished-at="2018-11-20T05:40:06Z">
          <reporter-output>
          </reporter-output>
        </test-method> <!-- tearDown -->
      </class> <!-- com.analyzeByScore.Local_Assessment_AnalyzeByTag -->
    </test> <!-- Test -->
  </suite> <!-- Suite -->
</testng-results>
