<?xml version="1.0" encoding="UTF-8"?>
<testng-results skipped="0" failed="0" ignored="0" total="7" passed="7">
  <reporter-output>
  </reporter-output>
  <suite name="Suite" duration-ms="54458" started-at="2018-11-05T08:33:04Z" finished-at="2018-11-05T08:33:59Z">
    <groups>
    </groups>
    <test name="Test" duration-ms="54458" started-at="2018-11-05T08:33:04Z" finished-at="2018-11-05T08:33:59Z">
      <class name="com.MTSS.Mass_Change_Person_Responsible">
        <test-method status="PASS" signature="setup1()[pri:0, instance:com.MTSS.Mass_Change_Person_Responsible@64f6106c]" name="setup1" is-config="true" duration-ms="11004" started-at="2018-11-05T08:33:04Z" finished-at="2018-11-05T08:33:15Z">
          <reporter-output>
          </reporter-output>
        </test-method> <!-- setup1 -->
        <test-method status="PASS" signature="TCED21101()[pri:1, instance:com.MTSS.Mass_Change_Person_Responsible@64f6106c]" name="TCED21101" duration-ms="10243" started-at="2018-11-05T08:33:15Z" finished-at="2018-11-05T08:33:26Z">
          <reporter-output>
          </reporter-output>
        </test-method> <!-- TCED21101 -->
        <test-method status="PASS" signature="TCED21102()[pri:2, instance:com.MTSS.Mass_Change_Person_Responsible@64f6106c]" name="TCED21102" duration-ms="255" started-at="2018-11-05T08:33:26Z" finished-at="2018-11-05T08:33:26Z">
          <reporter-output>
          </reporter-output>
        </test-method> <!-- TCED21102 -->
        <test-method status="PASS" signature="TCED21103()[pri:3, instance:com.MTSS.Mass_Change_Person_Responsible@64f6106c]" name="TCED21103" duration-ms="2349" started-at="2018-11-05T08:33:26Z" finished-at="2018-11-05T08:33:28Z">
          <reporter-output>
          </reporter-output>
        </test-method> <!-- TCED21103 -->
        <test-method status="PASS" signature="TCED21104()[pri:4, instance:com.MTSS.Mass_Change_Person_Responsible@64f6106c]" name="TCED21104" duration-ms="201" started-at="2018-11-05T08:33:28Z" finished-at="2018-11-05T08:33:28Z">
          <reporter-output>
          </reporter-output>
        </test-method> <!-- TCED21104 -->
        <test-method status="PASS" signature="TCED21105()[pri:5, instance:com.MTSS.Mass_Change_Person_Responsible@64f6106c]" name="TCED21105" duration-ms="25118" started-at="2018-11-05T08:33:28Z" finished-at="2018-11-05T08:33:54Z">
          <reporter-output>
          </reporter-output>
        </test-method> <!-- TCED21105 -->
        <test-method status="PASS" signature="TCED21106()[pri:6, instance:com.MTSS.Mass_Change_Person_Responsible@64f6106c]" name="TCED21106" duration-ms="2823" started-at="2018-11-05T08:33:54Z" finished-at="2018-11-05T08:33:56Z">
          <reporter-output>
          </reporter-output>
        </test-method> <!-- TCED21106 -->
        <test-method status="PASS" signature="TCED21107()[pri:7, instance:com.MTSS.Mass_Change_Person_Responsible@64f6106c]" name="TCED21107" duration-ms="2149" started-at="2018-11-05T08:33:56Z" finished-at="2018-11-05T08:33:59Z">
          <reporter-output>
          </reporter-output>
        </test-method> <!-- TCED21107 -->
        <test-method status="PASS" signature="tearDown()[pri:0, instance:com.MTSS.Mass_Change_Person_Responsible@64f6106c]" name="tearDown" is-config="true" duration-ms="0" started-at="2018-11-05T08:33:59Z" finished-at="2018-11-05T08:33:59Z">
          <reporter-output>
          </reporter-output>
        </test-method> <!-- tearDown -->
      </class> <!-- com.MTSS.Mass_Change_Person_Responsible -->
    </test> <!-- Test -->
  </suite> <!-- Suite -->
</testng-results>
