<?xml version="1.0" encoding="UTF-8"?>
<testng-results skipped="0" failed="1" ignored="0" total="1" passed="0">
  <reporter-output>
  </reporter-output>
  <suite name="Default suite" duration-ms="36945" started-at="2018-10-16T09:54:48Z" finished-at="2018-10-16T09:55:25Z">
    <groups>
    </groups>
    <test name="Default test" duration-ms="36945" started-at="2018-10-16T09:54:48Z" finished-at="2018-10-16T09:55:25Z">
      <class name="com.Home.Student_reports">
        <test-method status="PASS" signature="setup1()[pri:0, instance:com.Home.Student_reports@64f6106c]" name="setup1" is-config="true" duration-ms="11844" started-at="2018-10-16T09:54:48Z" finished-at="2018-10-16T09:55:00Z">
          <reporter-output>
          </reporter-output>
        </test-method> <!-- setup1 -->
        <test-method status="FAIL" signature="TCED34508()[pri:1, instance:com.Home.Student_reports@64f6106c]" name="TCED34508" duration-ms="25070" started-at="2018-10-16T09:55:00Z" finished-at="2018-10-16T09:55:25Z">
          <exception class="java.lang.AssertionError">
            <message>
              <![CDATA[Failed to download document which has extension .PDF expected [true] but found [false]]]>
            </message>
            <full-stacktrace>
              <![CDATA[java.lang.AssertionError: Failed to download document which has extension .PDF expected [true] but found [false]
at org.testng.Assert.fail(Assert.java:96)
at org.testng.Assert.failNotEquals(Assert.java:776)
at org.testng.Assert.assertTrue(Assert.java:44)
at com.Home.Student_reports.TCED34508(Student_reports.java:68)
at sun.reflect.NativeMethodAccessorImpl.invoke0(Native Method)
at sun.reflect.NativeMethodAccessorImpl.invoke(NativeMethodAccessorImpl.java:62)
at sun.reflect.DelegatingMethodAccessorImpl.invoke(DelegatingMethodAccessorImpl.java:43)
at java.lang.reflect.Method.invoke(Method.java:498)
at org.testng.internal.MethodInvocationHelper.invokeMethod(MethodInvocationHelper.java:124)
at org.testng.internal.Invoker.invokeMethod(Invoker.java:583)
at org.testng.internal.Invoker.invokeTestMethod(Invoker.java:719)
at org.testng.internal.Invoker.invokeTestMethods(Invoker.java:989)
at org.testng.internal.TestMethodWorker.invokeTestMethods(TestMethodWorker.java:125)
at org.testng.internal.TestMethodWorker.run(TestMethodWorker.java:109)
at org.testng.TestRunner.privateRun(TestRunner.java:648)
at org.testng.TestRunner.run(TestRunner.java:505)
at org.testng.SuiteRunner.runTest(SuiteRunner.java:455)
at org.testng.SuiteRunner.runSequentially(SuiteRunner.java:450)
at org.testng.SuiteRunner.privateRun(SuiteRunner.java:415)
at org.testng.SuiteRunner.run(SuiteRunner.java:364)
at org.testng.SuiteRunnerWorker.runSuite(SuiteRunnerWorker.java:52)
at org.testng.SuiteRunnerWorker.run(SuiteRunnerWorker.java:84)
at org.testng.TestNG.runSuitesSequentially(TestNG.java:1208)
at org.testng.TestNG.runSuitesLocally(TestNG.java:1137)
at org.testng.TestNG.runSuites(TestNG.java:1049)
at org.testng.TestNG.run(TestNG.java:1017)
at org.testng.remote.AbstractRemoteTestNG.run(AbstractRemoteTestNG.java:114)
at org.testng.remote.RemoteTestNG.initAndRun(RemoteTestNG.java:251)
at org.testng.remote.RemoteTestNG.main(RemoteTestNG.java:77)
]]>
            </full-stacktrace>
          </exception> <!-- java.lang.AssertionError -->
          <reporter-output>
          </reporter-output>
        </test-method> <!-- TCED34508 -->
        <test-method status="PASS" signature="tearDown()[pri:0, instance:com.Home.Student_reports@64f6106c]" name="tearDown" is-config="true" duration-ms="0" started-at="2018-10-16T09:55:25Z" finished-at="2018-10-16T09:55:25Z">
          <reporter-output>
          </reporter-output>
        </test-method> <!-- tearDown -->
      </class> <!-- com.Home.Student_reports -->
    </test> <!-- Default test -->
  </suite> <!-- Default suite -->
</testng-results>
