<?xml version="1.0" encoding="UTF-8"?>
<testng-results skipped="0" failed="1" total="5" passed="4">
  <reporter-output>
  </reporter-output>
  <suite name="Default suite" duration-ms="27876" started-at="2018-09-05T13:24:22Z" finished-at="2018-09-05T13:24:50Z">
    <groups>
    </groups>
    <test name="Default test" duration-ms="27876" started-at="2018-09-05T13:24:22Z" finished-at="2018-09-05T13:24:50Z">
      <class name="com.curriculum.Batch_Print">
        <test-method status="PASS" signature="setup1()[pri:0, instance:com.curriculum.Batch_Print@1ee9989]" name="setup1" is-config="true" duration-ms="6078" started-at="2018-09-05T18:54:22Z" finished-at="2018-09-05T18:54:28Z">
          <reporter-output>
          </reporter-output>
        </test-method> <!-- setup1 -->
        <test-method status="PASS" signature="TCED28101()[pri:0, instance:com.curriculum.Batch_Print@1ee9989]" name="TCED28101" duration-ms="7680" started-at="2018-09-05T18:54:28Z" finished-at="2018-09-05T18:54:36Z">
          <reporter-output>
          </reporter-output>
        </test-method> <!-- TCED28101 -->
        <test-method status="PASS" signature="TCED28102()[pri:1, instance:com.curriculum.Batch_Print@1ee9989]" name="TCED28102" duration-ms="1028" started-at="2018-09-05T18:54:36Z" finished-at="2018-09-05T18:54:37Z">
          <reporter-output>
          </reporter-output>
        </test-method> <!-- TCED28102 -->
        <test-method status="PASS" signature="TCED28103()[pri:2, instance:com.curriculum.Batch_Print@1ee9989]" name="TCED28103" duration-ms="3707" started-at="2018-09-05T18:54:37Z" finished-at="2018-09-05T18:54:40Z">
          <reporter-output>
          </reporter-output>
        </test-method> <!-- TCED28103 -->
        <test-method status="FAIL" signature="TCED28104()[pri:3, instance:com.curriculum.Batch_Print@1ee9989]" name="TCED28104" duration-ms="9226" started-at="2018-09-05T18:54:40Z" finished-at="2018-09-05T18:54:50Z">
          <exception class="java.lang.AssertionError">
            <message>
              <![CDATA[Failed to download document which has extension .PDF expected [true] but found [false]]]>
            </message>
            <full-stacktrace>
              <![CDATA[java.lang.AssertionError: Failed to download document which has extension .PDF expected [true] but found [false]
	at org.testng.Assert.fail(Assert.java:94)
	at org.testng.Assert.failNotEquals(Assert.java:513)
	at org.testng.Assert.assertTrue(Assert.java:42)
	at com.curriculum.Batch_Print.TCED28104(Batch_Print.java:164)
	at sun.reflect.NativeMethodAccessorImpl.invoke0(Native Method)
	at sun.reflect.NativeMethodAccessorImpl.invoke(NativeMethodAccessorImpl.java:62)
	at sun.reflect.DelegatingMethodAccessorImpl.invoke(DelegatingMethodAccessorImpl.java:43)
	at java.lang.reflect.Method.invoke(Method.java:498)
	at org.testng.internal.MethodInvocationHelper.invokeMethod(MethodInvocationHelper.java:100)
	at org.testng.internal.Invoker.invokeMethod(Invoker.java:646)
	at org.testng.internal.Invoker.invokeTestMethod(Invoker.java:811)
	at org.testng.internal.Invoker.invokeTestMethods(Invoker.java:1137)
	at org.testng.internal.TestMethodWorker.invokeTestMethods(TestMethodWorker.java:129)
	at org.testng.internal.TestMethodWorker.run(TestMethodWorker.java:112)
	at org.testng.TestRunner.privateRun(TestRunner.java:753)
	at org.testng.TestRunner.run(TestRunner.java:607)
	at org.testng.SuiteRunner.runTest(SuiteRunner.java:368)
	at org.testng.SuiteRunner.runSequentially(SuiteRunner.java:363)
	at org.testng.SuiteRunner.privateRun(SuiteRunner.java:321)
	at org.testng.SuiteRunner.run(SuiteRunner.java:270)
	at org.testng.SuiteRunnerWorker.runSuite(SuiteRunnerWorker.java:52)
	at org.testng.SuiteRunnerWorker.run(SuiteRunnerWorker.java:86)
	at org.testng.TestNG.runSuitesSequentially(TestNG.java:1284)
	at org.testng.TestNG.runSuitesLocally(TestNG.java:1209)
	at org.testng.TestNG.runSuites(TestNG.java:1124)
	at org.testng.TestNG.run(TestNG.java:1096)
	at org.testng.remote.AbstractRemoteTestNG.run(AbstractRemoteTestNG.java:132)
	at org.testng.remote.RemoteTestNG.initAndRun(RemoteTestNG.java:236)
	at org.testng.remote.RemoteTestNG.main(RemoteTestNG.java:81)
]]>
            </full-stacktrace>
          </exception> <!-- java.lang.AssertionError -->
          <reporter-output>
          </reporter-output>
        </test-method> <!-- TCED28104 -->
        <test-method status="PASS" signature="TCED28105()[pri:4, instance:com.curriculum.Batch_Print@1ee9989]" name="TCED28105" duration-ms="128" started-at="2018-09-05T18:54:50Z" finished-at="2018-09-05T18:54:50Z">
          <reporter-output>
          </reporter-output>
        </test-method> <!-- TCED28105 -->
        <test-method status="PASS" signature="tearDown()[pri:0, instance:com.curriculum.Batch_Print@1ee9989]" name="tearDown" is-config="true" duration-ms="0" started-at="2018-09-05T18:54:50Z" finished-at="2018-09-05T18:54:50Z">
          <reporter-output>
          </reporter-output>
        </test-method> <!-- tearDown -->
      </class> <!-- com.curriculum.Batch_Print -->
    </test> <!-- Default test -->
  </suite> <!-- Default suite -->
</testng-results>
