<?xml version="1.0" encoding="UTF-8"?>
<testng-results skipped="0" failed="0" total="13" passed="13">
  <reporter-output>
  </reporter-output>
  <suite name="Default suite" duration-ms="164619" started-at="2018-09-25T09:25:14Z" finished-at="2018-09-25T09:27:59Z">
    <groups>
    </groups>
    <test name="Default test" duration-ms="164619" started-at="2018-09-25T09:25:14Z" finished-at="2018-09-25T09:27:59Z">
      <class name="com.curriculum.Edit_Curriculum">
        <test-method status="PASS" signature="setup1()[pri:0, instance:com.curriculum.Edit_Curriculum@12108b5]" name="setup1" is-config="true" duration-ms="7722" started-at="2018-09-25T14:55:14Z" finished-at="2018-09-25T14:55:22Z">
          <reporter-output>
          </reporter-output>
        </test-method> <!-- setup1 -->
        <test-method status="PASS" signature="TCED29201()[pri:0, instance:com.curriculum.Edit_Curriculum@12108b5]" name="TCED29201" duration-ms="8750" started-at="2018-09-25T14:55:22Z" finished-at="2018-09-25T14:55:31Z">
          <reporter-output>
          </reporter-output>
        </test-method> <!-- TCED29201 -->
        <test-method status="PASS" signature="TCED29202()[pri:1, instance:com.curriculum.Edit_Curriculum@12108b5]" name="TCED29202" duration-ms="1349" started-at="2018-09-25T14:55:31Z" finished-at="2018-09-25T14:55:32Z">
          <reporter-output>
          </reporter-output>
        </test-method> <!-- TCED29202 -->
        <test-method status="PASS" signature="TCED29203()[pri:2, instance:com.curriculum.Edit_Curriculum@12108b5]" name="TCED29203" duration-ms="12959" started-at="2018-09-25T14:55:32Z" finished-at="2018-09-25T14:55:45Z">
          <reporter-output>
          </reporter-output>
        </test-method> <!-- TCED29203 -->
        <test-method status="PASS" signature="TCED29204()[pri:3, instance:com.curriculum.Edit_Curriculum@12108b5]" name="TCED29204" duration-ms="14809" started-at="2018-09-25T14:55:45Z" finished-at="2018-09-25T14:56:00Z">
          <reporter-output>
          </reporter-output>
        </test-method> <!-- TCED29204 -->
        <test-method status="PASS" signature="TCED29205()[pri:4, instance:com.curriculum.Edit_Curriculum@12108b5]" name="TCED29205" duration-ms="15825" started-at="2018-09-25T14:56:00Z" finished-at="2018-09-25T14:56:15Z">
          <reporter-output>
          </reporter-output>
        </test-method> <!-- TCED29205 -->
        <test-method status="PASS" signature="TCED29206()[pri:5, instance:com.curriculum.Edit_Curriculum@12108b5]" name="TCED29206" duration-ms="23293" started-at="2018-09-25T14:56:16Z" finished-at="2018-09-25T14:56:39Z">
          <reporter-output>
          </reporter-output>
        </test-method> <!-- TCED29206 -->
        <test-method status="PASS" signature="TCED29207()[pri:6, instance:com.curriculum.Edit_Curriculum@12108b5]" name="TCED29207" duration-ms="23784" started-at="2018-09-25T14:56:39Z" finished-at="2018-09-25T14:57:03Z">
          <reporter-output>
          </reporter-output>
        </test-method> <!-- TCED29207 -->
        <test-method status="PASS" signature="TCED29208()[pri:7, instance:com.curriculum.Edit_Curriculum@12108b5]" name="TCED29208" duration-ms="10108" started-at="2018-09-25T14:57:03Z" finished-at="2018-09-25T14:57:13Z">
          <reporter-output>
          </reporter-output>
        </test-method> <!-- TCED29208 -->
        <test-method status="PASS" signature="TCED29209()[pri:8, instance:com.curriculum.Edit_Curriculum@12108b5]" name="TCED29209" duration-ms="9812" started-at="2018-09-25T14:57:13Z" finished-at="2018-09-25T14:57:23Z">
          <reporter-output>
          </reporter-output>
        </test-method> <!-- TCED29209 -->
        <test-method status="PASS" signature="TCED29210()[pri:9, instance:com.curriculum.Edit_Curriculum@12108b5]" name="TCED29210" duration-ms="9755" started-at="2018-09-25T14:57:23Z" finished-at="2018-09-25T14:57:32Z">
          <reporter-output>
          </reporter-output>
        </test-method> <!-- TCED29210 -->
        <test-method status="PASS" signature="TCED29211()[pri:10, instance:com.curriculum.Edit_Curriculum@12108b5]" name="TCED29211" duration-ms="1457" started-at="2018-09-25T14:57:32Z" finished-at="2018-09-25T14:57:34Z">
          <reporter-output>
          </reporter-output>
        </test-method> <!-- TCED29211 -->
        <test-method status="PASS" signature="TCED29212()[pri:11, instance:com.curriculum.Edit_Curriculum@12108b5]" name="TCED29212" duration-ms="4667" started-at="2018-09-25T14:57:34Z" finished-at="2018-09-25T14:57:38Z">
          <reporter-output>
          </reporter-output>
        </test-method> <!-- TCED29212 -->
        <test-method status="PASS" signature="TCED29213()[pri:12, instance:com.curriculum.Edit_Curriculum@12108b5]" name="TCED29213" duration-ms="20274" started-at="2018-09-25T14:57:38Z" finished-at="2018-09-25T14:57:59Z">
          <reporter-output>
          </reporter-output>
        </test-method> <!-- TCED29213 -->
        <test-method status="PASS" signature="tearDown()[pri:0, instance:com.curriculum.Edit_Curriculum@12108b5]" name="tearDown" is-config="true" duration-ms="0" started-at="2018-09-25T14:57:59Z" finished-at="2018-09-25T14:57:59Z">
          <reporter-output>
          </reporter-output>
        </test-method> <!-- tearDown -->
      </class> <!-- com.curriculum.Edit_Curriculum -->
    </test> <!-- Default test -->
  </suite> <!-- Default suite -->
</testng-results>
