<?xml version="1.0" encoding="UTF-8"?>
<testng-results skipped="0" failed="0" ignored="0" total="9" passed="9">
  <reporter-output>
  </reporter-output>
  <suite name="Suite" duration-ms="98799" started-at="2018-11-05T11:44:11Z" finished-at="2018-11-05T11:45:50Z">
    <groups>
    </groups>
    <test name="Test" duration-ms="98799" started-at="2018-11-05T11:44:11Z" finished-at="2018-11-05T11:45:50Z">
      <class name="com.administerAssessment.Create_New_Administration">
        <test-method status="PASS" signature="setup1()[pri:0, instance:com.administerAssessment.Create_New_Administration@7cbd213e]" name="setup1" is-config="true" duration-ms="8346" started-at="2018-11-05T11:44:11Z" finished-at="2018-11-05T11:44:19Z">
          <reporter-output>
          </reporter-output>
        </test-method> <!-- setup1 -->
        <test-method status="PASS" signature="TCED11001()[pri:1, instance:com.administerAssessment.Create_New_Administration@7cbd213e]" name="TCED11001" duration-ms="6315" started-at="2018-11-05T11:44:19Z" finished-at="2018-11-05T11:44:25Z">
          <reporter-output>
          </reporter-output>
        </test-method> <!-- TCED11001 -->
        <test-method status="PASS" signature="TCED11002()[pri:2, instance:com.administerAssessment.Create_New_Administration@7cbd213e]" name="TCED11002" duration-ms="4756" started-at="2018-11-05T11:44:25Z" finished-at="2018-11-05T11:44:30Z">
          <reporter-output>
          </reporter-output>
        </test-method> <!-- TCED11002 -->
        <test-method status="PASS" signature="TCED11003()[pri:3, instance:com.administerAssessment.Create_New_Administration@7cbd213e]" name="TCED11003" duration-ms="1710" started-at="2018-11-05T11:44:30Z" finished-at="2018-11-05T11:44:32Z">
          <reporter-output>
          </reporter-output>
        </test-method> <!-- TCED11003 -->
        <test-method status="PASS" signature="TCED11004()[pri:4, instance:com.administerAssessment.Create_New_Administration@7cbd213e]" name="TCED11004" duration-ms="612" started-at="2018-11-05T11:44:32Z" finished-at="2018-11-05T11:44:33Z">
          <reporter-output>
          </reporter-output>
        </test-method> <!-- TCED11004 -->
        <test-method status="PASS" signature="TCED11005()[pri:5, instance:com.administerAssessment.Create_New_Administration@7cbd213e]" name="TCED11005" duration-ms="1834" started-at="2018-11-05T11:44:33Z" finished-at="2018-11-05T11:44:34Z">
          <reporter-output>
          </reporter-output>
        </test-method> <!-- TCED11005 -->
        <test-method status="PASS" signature="TCED11006()[pri:6, instance:com.administerAssessment.Create_New_Administration@7cbd213e]" name="TCED11006" duration-ms="364" started-at="2018-11-05T11:44:34Z" finished-at="2018-11-05T11:44:35Z">
          <reporter-output>
          </reporter-output>
        </test-method> <!-- TCED11006 -->
        <test-method status="PASS" signature="TCED11007()[pri:7, instance:com.administerAssessment.Create_New_Administration@7cbd213e]" name="TCED11007" duration-ms="2869" started-at="2018-11-05T11:44:35Z" finished-at="2018-11-05T11:44:38Z">
          <reporter-output>
          </reporter-output>
        </test-method> <!-- TCED11007 -->
        <test-method status="PASS" signature="TCED11008()[pri:8, instance:com.administerAssessment.Create_New_Administration@7cbd213e]" name="TCED11008" duration-ms="68598" started-at="2018-11-05T11:44:38Z" finished-at="2018-11-05T11:45:46Z">
          <reporter-output>
          </reporter-output>
        </test-method> <!-- TCED11008 -->
        <test-method status="PASS" signature="TCED11009()[pri:9, instance:com.administerAssessment.Create_New_Administration@7cbd213e]" name="TCED11009" duration-ms="3345" started-at="2018-11-05T11:45:46Z" finished-at="2018-11-05T11:45:50Z">
          <reporter-output>
          </reporter-output>
        </test-method> <!-- TCED11009 -->
        <test-method status="PASS" signature="tearDown()[pri:0, instance:com.administerAssessment.Create_New_Administration@7cbd213e]" name="tearDown" is-config="true" duration-ms="1" started-at="2018-11-05T11:45:50Z" finished-at="2018-11-05T11:45:50Z">
          <reporter-output>
          </reporter-output>
        </test-method> <!-- tearDown -->
      </class> <!-- com.administerAssessment.Create_New_Administration -->
    </test> <!-- Test -->
  </suite> <!-- Suite -->
</testng-results>
