<?xml version="1.0" encoding="UTF-8"?>
<testng-results skipped="0" failed="0" ignored="0" total="10" passed="10">
  <reporter-output>
  </reporter-output>
  <suite name="Default suite" duration-ms="109967" started-at="2018-10-29T15:27:18Z" finished-at="2018-10-29T15:29:08Z">
    <groups>
    </groups>
    <test name="Default test" duration-ms="109967" started-at="2018-10-29T15:27:18Z" finished-at="2018-10-29T15:29:08Z">
      <class name="com.Local_Assessment_Score_Results.Test_Suite_Print_Login_Codes">
        <test-method status="PASS" signature="setup1()[pri:0, instance:com.Local_Assessment_Score_Results.Test_Suite_Print_Login_Codes@3ecd23d9]" name="setup1" is-config="true" duration-ms="7971" started-at="2018-10-29T15:27:18Z" finished-at="2018-10-29T15:27:26Z">
          <reporter-output>
          </reporter-output>
        </test-method> <!-- setup1 -->
        <test-method status="PASS" signature="TCED13301()[pri:0, instance:com.Local_Assessment_Score_Results.Test_Suite_Print_Login_Codes@3ecd23d9]" name="TCED13301" duration-ms="6470" started-at="2018-10-29T15:27:26Z" finished-at="2018-10-29T15:27:32Z">
          <reporter-output>
          </reporter-output>
        </test-method> <!-- TCED13301 -->
        <test-method status="PASS" signature="TCED13302()[pri:1, instance:com.Local_Assessment_Score_Results.Test_Suite_Print_Login_Codes@3ecd23d9]" name="TCED13302" duration-ms="5318" started-at="2018-10-29T15:27:32Z" finished-at="2018-10-29T15:27:38Z">
          <reporter-output>
          </reporter-output>
        </test-method> <!-- TCED13302 -->
        <test-method status="PASS" signature="TCED13303()[pri:2, instance:com.Local_Assessment_Score_Results.Test_Suite_Print_Login_Codes@3ecd23d9]" name="TCED13303" duration-ms="566" started-at="2018-10-29T15:27:38Z" finished-at="2018-10-29T15:27:38Z">
          <reporter-output>
          </reporter-output>
        </test-method> <!-- TCED13303 -->
        <test-method status="PASS" signature="TCED13304()[pri:3, instance:com.Local_Assessment_Score_Results.Test_Suite_Print_Login_Codes@3ecd23d9]" name="TCED13304" duration-ms="2467" started-at="2018-10-29T15:27:38Z" finished-at="2018-10-29T15:27:41Z">
          <reporter-output>
          </reporter-output>
        </test-method> <!-- TCED13304 -->
        <test-method status="PASS" signature="TCED13305()[pri:4, instance:com.Local_Assessment_Score_Results.Test_Suite_Print_Login_Codes@3ecd23d9]" name="TCED13305" duration-ms="4554" started-at="2018-10-29T15:27:41Z" finished-at="2018-10-29T15:27:45Z">
          <reporter-output>
          </reporter-output>
        </test-method> <!-- TCED13305 -->
        <test-method status="PASS" signature="TCED13306()[pri:5, instance:com.Local_Assessment_Score_Results.Test_Suite_Print_Login_Codes@3ecd23d9]" name="TCED13306" duration-ms="22884" started-at="2018-10-29T15:27:45Z" finished-at="2018-10-29T15:28:08Z">
          <reporter-output>
          </reporter-output>
        </test-method> <!-- TCED13306 -->
        <test-method status="PASS" signature="TCED13307()[pri:6, instance:com.Local_Assessment_Score_Results.Test_Suite_Print_Login_Codes@3ecd23d9]" name="TCED13307" duration-ms="22913" started-at="2018-10-29T15:28:08Z" finished-at="2018-10-29T15:28:31Z">
          <reporter-output>
          </reporter-output>
        </test-method> <!-- TCED13307 -->
        <test-method status="PASS" signature="TCED13308()[pri:7, instance:com.Local_Assessment_Score_Results.Test_Suite_Print_Login_Codes@3ecd23d9]" name="TCED13308" duration-ms="23218" started-at="2018-10-29T15:28:31Z" finished-at="2018-10-29T15:28:54Z">
          <reporter-output>
          </reporter-output>
        </test-method> <!-- TCED13308 -->
        <test-method status="PASS" signature="TCED13309()[pri:8, instance:com.Local_Assessment_Score_Results.Test_Suite_Print_Login_Codes@3ecd23d9]" name="TCED13309" duration-ms="12273" started-at="2018-10-29T15:28:54Z" finished-at="2018-10-29T15:29:06Z">
          <reporter-output>
          </reporter-output>
        </test-method> <!-- TCED13309 -->
        <test-method status="PASS" signature="TCED13310()[pri:9, instance:com.Local_Assessment_Score_Results.Test_Suite_Print_Login_Codes@3ecd23d9]" name="TCED13310" duration-ms="1287" started-at="2018-10-29T15:29:06Z" finished-at="2018-10-29T15:29:08Z">
          <reporter-output>
          </reporter-output>
        </test-method> <!-- TCED13310 -->
        <test-method status="PASS" signature="tearDown()[pri:0, instance:com.Local_Assessment_Score_Results.Test_Suite_Print_Login_Codes@3ecd23d9]" name="tearDown" is-config="true" duration-ms="0" started-at="2018-10-29T15:29:08Z" finished-at="2018-10-29T15:29:08Z">
          <reporter-output>
          </reporter-output>
        </test-method> <!-- tearDown -->
      </class> <!-- com.Local_Assessment_Score_Results.Test_Suite_Print_Login_Codes -->
    </test> <!-- Default test -->
  </suite> <!-- Default suite -->
</testng-results>
