<?xml version="1.0" encoding="UTF-8"?>
<testng-results skipped="0" failed="4" total="10" passed="6">
  <reporter-output>
  </reporter-output>
  <suite name="Default suite" duration-ms="44465" started-at="2018-10-12T08:27:15Z" finished-at="2018-10-12T08:28:00Z">
    <groups>
    </groups>
    <test name="Default test" duration-ms="44465" started-at="2018-10-12T08:27:15Z" finished-at="2018-10-12T08:28:00Z">
      <class name="com.localassessment.Test_Suite_Print_Login_Codes">
        <test-method status="PASS" signature="setup1()[pri:0, instance:com.localassessment.Test_Suite_Print_Login_Codes@dafa95]" name="setup1" is-config="true" duration-ms="16193" started-at="2018-10-12T13:57:15Z" finished-at="2018-10-12T13:57:31Z">
          <reporter-output>
          </reporter-output>
        </test-method> <!-- setup1 -->
        <test-method status="PASS" signature="TCED13301()[pri:0, instance:com.localassessment.Test_Suite_Print_Login_Codes@dafa95]" name="TCED13301" duration-ms="7490" started-at="2018-10-12T13:57:31Z" finished-at="2018-10-12T13:57:39Z">
          <reporter-output>
          </reporter-output>
        </test-method> <!-- TCED13301 -->
        <test-method status="PASS" signature="TCED13302()[pri:1, instance:com.localassessment.Test_Suite_Print_Login_Codes@dafa95]" name="TCED13302" duration-ms="10055" started-at="2018-10-12T13:57:39Z" finished-at="2018-10-12T13:57:49Z">
          <reporter-output>
          </reporter-output>
        </test-method> <!-- TCED13302 -->
        <test-method status="PASS" signature="TCED13303()[pri:2, instance:com.localassessment.Test_Suite_Print_Login_Codes@dafa95]" name="TCED13303" duration-ms="564" started-at="2018-10-12T13:57:49Z" finished-at="2018-10-12T13:57:49Z">
          <reporter-output>
          </reporter-output>
        </test-method> <!-- TCED13303 -->
        <test-method status="PASS" signature="TCED13304()[pri:3, instance:com.localassessment.Test_Suite_Print_Login_Codes@dafa95]" name="TCED13304" duration-ms="2054" started-at="2018-10-12T13:57:49Z" finished-at="2018-10-12T13:57:51Z">
          <reporter-output>
          </reporter-output>
        </test-method> <!-- TCED13304 -->
        <test-method status="PASS" signature="TCED13305()[pri:4, instance:com.localassessment.Test_Suite_Print_Login_Codes@dafa95]" name="TCED13305" duration-ms="4192" started-at="2018-10-12T13:57:51Z" finished-at="2018-10-12T13:57:56Z">
          <reporter-output>
          </reporter-output>
        </test-method> <!-- TCED13305 -->
        <test-method status="FAIL" signature="TCED13306()[pri:5, instance:com.localassessment.Test_Suite_Print_Login_Codes@dafa95]" name="TCED13306" duration-ms="278" started-at="2018-10-12T13:57:56Z" finished-at="2018-10-12T13:57:56Z">
          <exception class="java.lang.AssertionError">
            <message>
              <![CDATA[null]]>
            </message>
            <full-stacktrace>
              <![CDATA[java.lang.AssertionError: null
	at org.testng.Assert.fail(Assert.java:94)
	at com.localassessment.Test_Suite_Print_Login_Codes.TCED13306(Test_Suite_Print_Login_Codes.java:270)
	at sun.reflect.NativeMethodAccessorImpl.invoke0(Native Method)
	at sun.reflect.NativeMethodAccessorImpl.invoke(NativeMethodAccessorImpl.java:62)
	at sun.reflect.DelegatingMethodAccessorImpl.invoke(DelegatingMethodAccessorImpl.java:43)
	at java.lang.reflect.Method.invoke(Method.java:498)
	at org.testng.internal.MethodInvocationHelper.invokeMethod(MethodInvocationHelper.java:100)
	at org.testng.internal.Invoker.invokeMethod(Invoker.java:646)
	at org.testng.internal.Invoker.invokeTestMethod(Invoker.java:811)
	at org.testng.internal.Invoker.invokeTestMethods(Invoker.java:1137)
	at org.testng.internal.TestMethodWorker.invokeTestMethods(TestMethodWorker.java:129)
	at org.testng.internal.TestMethodWorker.run(TestMethodWorker.java:112)
	at org.testng.TestRunner.privateRun(TestRunner.java:753)
	at org.testng.TestRunner.run(TestRunner.java:607)
	at org.testng.SuiteRunner.runTest(SuiteRunner.java:368)
	at org.testng.SuiteRunner.runSequentially(SuiteRunner.java:363)
	at org.testng.SuiteRunner.privateRun(SuiteRunner.java:321)
	at org.testng.SuiteRunner.run(SuiteRunner.java:270)
	at org.testng.SuiteRunnerWorker.runSuite(SuiteRunnerWorker.java:52)
	at org.testng.SuiteRunnerWorker.run(SuiteRunnerWorker.java:86)
	at org.testng.TestNG.runSuitesSequentially(TestNG.java:1284)
	at org.testng.TestNG.runSuitesLocally(TestNG.java:1209)
	at org.testng.TestNG.runSuites(TestNG.java:1124)
	at org.testng.TestNG.run(TestNG.java:1096)
	at org.testng.remote.AbstractRemoteTestNG.run(AbstractRemoteTestNG.java:132)
	at org.testng.remote.RemoteTestNG.initAndRun(RemoteTestNG.java:236)
	at org.testng.remote.RemoteTestNG.main(RemoteTestNG.java:81)
]]>
            </full-stacktrace>
          </exception> <!-- java.lang.AssertionError -->
          <reporter-output>
          </reporter-output>
        </test-method> <!-- TCED13306 -->
        <test-method status="FAIL" signature="TCED13307()[pri:6, instance:com.localassessment.Test_Suite_Print_Login_Codes@dafa95]" name="TCED13307" duration-ms="280" started-at="2018-10-12T13:57:56Z" finished-at="2018-10-12T13:57:56Z">
          <exception class="java.lang.AssertionError">
            <message>
              <![CDATA[null]]>
            </message>
            <full-stacktrace>
              <![CDATA[java.lang.AssertionError: null
	at org.testng.Assert.fail(Assert.java:94)
	at com.localassessment.Test_Suite_Print_Login_Codes.TCED13307(Test_Suite_Print_Login_Codes.java:306)
	at sun.reflect.NativeMethodAccessorImpl.invoke0(Native Method)
	at sun.reflect.NativeMethodAccessorImpl.invoke(NativeMethodAccessorImpl.java:62)
	at sun.reflect.DelegatingMethodAccessorImpl.invoke(DelegatingMethodAccessorImpl.java:43)
	at java.lang.reflect.Method.invoke(Method.java:498)
	at org.testng.internal.MethodInvocationHelper.invokeMethod(MethodInvocationHelper.java:100)
	at org.testng.internal.Invoker.invokeMethod(Invoker.java:646)
	at org.testng.internal.Invoker.invokeTestMethod(Invoker.java:811)
	at org.testng.internal.Invoker.invokeTestMethods(Invoker.java:1137)
	at org.testng.internal.TestMethodWorker.invokeTestMethods(TestMethodWorker.java:129)
	at org.testng.internal.TestMethodWorker.run(TestMethodWorker.java:112)
	at org.testng.TestRunner.privateRun(TestRunner.java:753)
	at org.testng.TestRunner.run(TestRunner.java:607)
	at org.testng.SuiteRunner.runTest(SuiteRunner.java:368)
	at org.testng.SuiteRunner.runSequentially(SuiteRunner.java:363)
	at org.testng.SuiteRunner.privateRun(SuiteRunner.java:321)
	at org.testng.SuiteRunner.run(SuiteRunner.java:270)
	at org.testng.SuiteRunnerWorker.runSuite(SuiteRunnerWorker.java:52)
	at org.testng.SuiteRunnerWorker.run(SuiteRunnerWorker.java:86)
	at org.testng.TestNG.runSuitesSequentially(TestNG.java:1284)
	at org.testng.TestNG.runSuitesLocally(TestNG.java:1209)
	at org.testng.TestNG.runSuites(TestNG.java:1124)
	at org.testng.TestNG.run(TestNG.java:1096)
	at org.testng.remote.AbstractRemoteTestNG.run(AbstractRemoteTestNG.java:132)
	at org.testng.remote.RemoteTestNG.initAndRun(RemoteTestNG.java:236)
	at org.testng.remote.RemoteTestNG.main(RemoteTestNG.java:81)
]]>
            </full-stacktrace>
          </exception> <!-- java.lang.AssertionError -->
          <reporter-output>
          </reporter-output>
        </test-method> <!-- TCED13307 -->
        <test-method status="FAIL" signature="TCED13308()[pri:7, instance:com.localassessment.Test_Suite_Print_Login_Codes@dafa95]" name="TCED13308" duration-ms="534" started-at="2018-10-12T13:57:56Z" finished-at="2018-10-12T13:57:57Z">
          <exception class="java.lang.AssertionError">
            <message>
              <![CDATA[null]]>
            </message>
            <full-stacktrace>
              <![CDATA[java.lang.AssertionError: null
	at org.testng.Assert.fail(Assert.java:94)
	at com.localassessment.Test_Suite_Print_Login_Codes.TCED13308(Test_Suite_Print_Login_Codes.java:342)
	at sun.reflect.NativeMethodAccessorImpl.invoke0(Native Method)
	at sun.reflect.NativeMethodAccessorImpl.invoke(NativeMethodAccessorImpl.java:62)
	at sun.reflect.DelegatingMethodAccessorImpl.invoke(DelegatingMethodAccessorImpl.java:43)
	at java.lang.reflect.Method.invoke(Method.java:498)
	at org.testng.internal.MethodInvocationHelper.invokeMethod(MethodInvocationHelper.java:100)
	at org.testng.internal.Invoker.invokeMethod(Invoker.java:646)
	at org.testng.internal.Invoker.invokeTestMethod(Invoker.java:811)
	at org.testng.internal.Invoker.invokeTestMethods(Invoker.java:1137)
	at org.testng.internal.TestMethodWorker.invokeTestMethods(TestMethodWorker.java:129)
	at org.testng.internal.TestMethodWorker.run(TestMethodWorker.java:112)
	at org.testng.TestRunner.privateRun(TestRunner.java:753)
	at org.testng.TestRunner.run(TestRunner.java:607)
	at org.testng.SuiteRunner.runTest(SuiteRunner.java:368)
	at org.testng.SuiteRunner.runSequentially(SuiteRunner.java:363)
	at org.testng.SuiteRunner.privateRun(SuiteRunner.java:321)
	at org.testng.SuiteRunner.run(SuiteRunner.java:270)
	at org.testng.SuiteRunnerWorker.runSuite(SuiteRunnerWorker.java:52)
	at org.testng.SuiteRunnerWorker.run(SuiteRunnerWorker.java:86)
	at org.testng.TestNG.runSuitesSequentially(TestNG.java:1284)
	at org.testng.TestNG.runSuitesLocally(TestNG.java:1209)
	at org.testng.TestNG.runSuites(TestNG.java:1124)
	at org.testng.TestNG.run(TestNG.java:1096)
	at org.testng.remote.AbstractRemoteTestNG.run(AbstractRemoteTestNG.java:132)
	at org.testng.remote.RemoteTestNG.initAndRun(RemoteTestNG.java:236)
	at org.testng.remote.RemoteTestNG.main(RemoteTestNG.java:81)
]]>
            </full-stacktrace>
          </exception> <!-- java.lang.AssertionError -->
          <reporter-output>
          </reporter-output>
        </test-method> <!-- TCED13308 -->
        <test-method status="FAIL" signature="TCED13309()[pri:8, instance:com.localassessment.Test_Suite_Print_Login_Codes@dafa95]" name="TCED13309" duration-ms="1561" started-at="2018-10-12T13:57:57Z" finished-at="2018-10-12T13:57:58Z">
          <exception class="java.lang.AssertionError">
            <message>
              <![CDATA[null]]>
            </message>
            <full-stacktrace>
              <![CDATA[java.lang.AssertionError: null
	at org.testng.Assert.fail(Assert.java:94)
	at com.localassessment.Test_Suite_Print_Login_Codes.TCED13309(Test_Suite_Print_Login_Codes.java:386)
	at sun.reflect.NativeMethodAccessorImpl.invoke0(Native Method)
	at sun.reflect.NativeMethodAccessorImpl.invoke(NativeMethodAccessorImpl.java:62)
	at sun.reflect.DelegatingMethodAccessorImpl.invoke(DelegatingMethodAccessorImpl.java:43)
	at java.lang.reflect.Method.invoke(Method.java:498)
	at org.testng.internal.MethodInvocationHelper.invokeMethod(MethodInvocationHelper.java:100)
	at org.testng.internal.Invoker.invokeMethod(Invoker.java:646)
	at org.testng.internal.Invoker.invokeTestMethod(Invoker.java:811)
	at org.testng.internal.Invoker.invokeTestMethods(Invoker.java:1137)
	at org.testng.internal.TestMethodWorker.invokeTestMethods(TestMethodWorker.java:129)
	at org.testng.internal.TestMethodWorker.run(TestMethodWorker.java:112)
	at org.testng.TestRunner.privateRun(TestRunner.java:753)
	at org.testng.TestRunner.run(TestRunner.java:607)
	at org.testng.SuiteRunner.runTest(SuiteRunner.java:368)
	at org.testng.SuiteRunner.runSequentially(SuiteRunner.java:363)
	at org.testng.SuiteRunner.privateRun(SuiteRunner.java:321)
	at org.testng.SuiteRunner.run(SuiteRunner.java:270)
	at org.testng.SuiteRunnerWorker.runSuite(SuiteRunnerWorker.java:52)
	at org.testng.SuiteRunnerWorker.run(SuiteRunnerWorker.java:86)
	at org.testng.TestNG.runSuitesSequentially(TestNG.java:1284)
	at org.testng.TestNG.runSuitesLocally(TestNG.java:1209)
	at org.testng.TestNG.runSuites(TestNG.java:1124)
	at org.testng.TestNG.run(TestNG.java:1096)
	at org.testng.remote.AbstractRemoteTestNG.run(AbstractRemoteTestNG.java:132)
	at org.testng.remote.RemoteTestNG.initAndRun(RemoteTestNG.java:236)
	at org.testng.remote.RemoteTestNG.main(RemoteTestNG.java:81)
]]>
            </full-stacktrace>
          </exception> <!-- java.lang.AssertionError -->
          <reporter-output>
          </reporter-output>
        </test-method> <!-- TCED13309 -->
        <test-method status="PASS" signature="TCED13310()[pri:9, instance:com.localassessment.Test_Suite_Print_Login_Codes@dafa95]" name="TCED13310" duration-ms="1216" started-at="2018-10-12T13:57:58Z" finished-at="2018-10-12T13:58:00Z">
          <reporter-output>
          </reporter-output>
        </test-method> <!-- TCED13310 -->
        <test-method status="PASS" signature="tearDown()[pri:0, instance:com.localassessment.Test_Suite_Print_Login_Codes@dafa95]" name="tearDown" is-config="true" duration-ms="0" started-at="2018-10-12T13:58:00Z" finished-at="2018-10-12T13:58:00Z">
          <reporter-output>
          </reporter-output>
        </test-method> <!-- tearDown -->
      </class> <!-- com.localassessment.Test_Suite_Print_Login_Codes -->
    </test> <!-- Default test -->
  </suite> <!-- Default suite -->
</testng-results>
