<?xml version="1.0" encoding="UTF-8"?>
<testng-results skipped="0" failed="0" total="3" passed="3">
  <reporter-output>
  </reporter-output>
  <suite name="Default suite" duration-ms="40774" started-at="2018-09-07T14:02:32Z" finished-at="2018-09-07T14:03:13Z">
    <groups>
    </groups>
    <test name="Default test" duration-ms="40774" started-at="2018-09-07T14:02:32Z" finished-at="2018-09-07T14:03:13Z">
      <class name="com.curriculum.Enter_weeks_minutes">
        <test-method status="PASS" signature="setup1()[pri:0, instance:com.curriculum.Enter_weeks_minutes@f777e8]" name="setup1" is-config="true" duration-ms="23009" started-at="2018-09-07T19:32:32Z" finished-at="2018-09-07T19:32:55Z">
          <reporter-output>
          </reporter-output>
        </test-method> <!-- setup1 -->
        <test-method status="PASS" signature="TCED29401()[pri:0, instance:com.curriculum.Enter_weeks_minutes@f777e8]" name="TCED29401" duration-ms="15115" started-at="2018-09-07T19:32:56Z" finished-at="2018-09-07T19:33:11Z">
          <reporter-output>
          </reporter-output>
        </test-method> <!-- TCED29401 -->
        <test-method status="PASS" signature="TCED29402()[pri:1, instance:com.curriculum.Enter_weeks_minutes@f777e8]" name="TCED29402" duration-ms="1089" started-at="2018-09-07T19:33:11Z" finished-at="2018-09-07T19:33:12Z">
          <reporter-output>
          </reporter-output>
        </test-method> <!-- TCED29402 -->
        <test-method status="PASS" signature="TCED29404()[pri:3, instance:com.curriculum.Enter_weeks_minutes@f777e8]" name="TCED29404" duration-ms="1535" started-at="2018-09-07T19:33:12Z" finished-at="2018-09-07T19:33:13Z">
          <reporter-output>
          </reporter-output>
        </test-method> <!-- TCED29404 -->
        <test-method status="PASS" signature="tearDown()[pri:0, instance:com.curriculum.Enter_weeks_minutes@f777e8]" name="tearDown" is-config="true" duration-ms="0" started-at="2018-09-07T19:33:13Z" finished-at="2018-09-07T19:33:13Z">
          <reporter-output>
          </reporter-output>
        </test-method> <!-- tearDown -->
      </class> <!-- com.curriculum.Enter_weeks_minutes -->
    </test> <!-- Default test -->
  </suite> <!-- Default suite -->
</testng-results>
