<?xml version="1.0" encoding="UTF-8"?>
<testng-results skipped="0" failed="1" ignored="0" total="7" passed="6">
  <reporter-output>
  </reporter-output>
  <suite name="Default suite" duration-ms="26397" started-at="2018-10-04T15:43:38Z" finished-at="2018-10-04T15:44:05Z">
    <groups>
    </groups>
    <test name="Default test" duration-ms="26397" started-at="2018-10-04T15:43:38Z" finished-at="2018-10-04T15:44:05Z">
      <class name="com.curriculum.Create_New_Map">
        <test-method status="PASS" signature="setup1()[pri:0, instance:com.curriculum.Create_New_Map@64f6106c]" name="setup1" is-config="true" duration-ms="12112" started-at="2018-10-04T15:43:38Z" finished-at="2018-10-04T15:43:50Z">
          <reporter-output>
          </reporter-output>
        </test-method> <!-- setup1 -->
        <test-method status="PASS" signature="TCED29101()[pri:1, instance:com.curriculum.Create_New_Map@64f6106c]" name="TCED29101" duration-ms="7800" started-at="2018-10-04T15:43:50Z" finished-at="2018-10-04T15:43:58Z">
          <reporter-output>
          </reporter-output>
        </test-method> <!-- TCED29101 -->
        <test-method status="PASS" signature="TCED29102()[pri:2, instance:com.curriculum.Create_New_Map@64f6106c]" name="TCED29102" duration-ms="73" started-at="2018-10-04T15:43:58Z" finished-at="2018-10-04T15:43:58Z">
          <reporter-output>
          </reporter-output>
        </test-method> <!-- TCED29102 -->
        <test-method status="PASS" signature="TCED29103()[pri:3, instance:com.curriculum.Create_New_Map@64f6106c]" name="TCED29103" duration-ms="1005" started-at="2018-10-04T15:43:58Z" finished-at="2018-10-04T15:43:59Z">
          <reporter-output>
          </reporter-output>
        </test-method> <!-- TCED29103 -->
        <test-method status="PASS" signature="TCED29104()[pri:4, instance:com.curriculum.Create_New_Map@64f6106c]" name="TCED29104" duration-ms="521" started-at="2018-10-04T15:43:59Z" finished-at="2018-10-04T15:44:00Z">
          <reporter-output>
          </reporter-output>
        </test-method> <!-- TCED29104 -->
        <test-method status="PASS" signature="TCED29105()[pri:5, instance:com.curriculum.Create_New_Map@64f6106c]" name="TCED29105" duration-ms="1060" started-at="2018-10-04T15:44:00Z" finished-at="2018-10-04T15:44:01Z">
          <reporter-output>
          </reporter-output>
        </test-method> <!-- TCED29105 -->
        <test-method status="PASS" signature="TCED29106()[pri:6, instance:com.curriculum.Create_New_Map@64f6106c]" name="TCED29106" duration-ms="1974" started-at="2018-10-04T15:44:01Z" finished-at="2018-10-04T15:44:03Z">
          <reporter-output>
          </reporter-output>
        </test-method> <!-- TCED29106 -->
        <test-method status="FAIL" signature="TCED29107()[pri:7, instance:com.curriculum.Create_New_Map@64f6106c]" name="TCED29107" duration-ms="1810" started-at="2018-10-04T15:44:03Z" finished-at="2018-10-04T15:44:05Z">
          <exception class="java.lang.AssertionError">
            <message>
              <![CDATA[expected [Standards Aligned for Entire Course Map] but found []]]>
            </message>
            <full-stacktrace>
              <![CDATA[java.lang.AssertionError: expected [Standards Aligned for Entire Course Map] but found []
at org.testng.Assert.fail(Assert.java:96)
at org.testng.Assert.failNotEquals(Assert.java:776)
at org.testng.Assert.assertEqualsImpl(Assert.java:137)
at org.testng.Assert.assertEquals(Assert.java:118)
at org.testng.Assert.assertEquals(Assert.java:453)
at org.testng.Assert.assertEquals(Assert.java:463)
at com.curriculum.Create_New_Map.EditpopUp(Create_New_Map.java:292)
at com.curriculum.Create_New_Map.TCED29107(Create_New_Map.java:252)
at sun.reflect.NativeMethodAccessorImpl.invoke0(Native Method)
at sun.reflect.NativeMethodAccessorImpl.invoke(NativeMethodAccessorImpl.java:62)
at sun.reflect.DelegatingMethodAccessorImpl.invoke(DelegatingMethodAccessorImpl.java:43)
at java.lang.reflect.Method.invoke(Method.java:498)
at org.testng.internal.MethodInvocationHelper.invokeMethod(MethodInvocationHelper.java:124)
at org.testng.internal.Invoker.invokeMethod(Invoker.java:583)
at org.testng.internal.Invoker.invokeTestMethod(Invoker.java:719)
at org.testng.internal.Invoker.invokeTestMethods(Invoker.java:989)
at org.testng.internal.TestMethodWorker.invokeTestMethods(TestMethodWorker.java:125)
at org.testng.internal.TestMethodWorker.run(TestMethodWorker.java:109)
at org.testng.TestRunner.privateRun(TestRunner.java:648)
at org.testng.TestRunner.run(TestRunner.java:505)
at org.testng.SuiteRunner.runTest(SuiteRunner.java:455)
at org.testng.SuiteRunner.runSequentially(SuiteRunner.java:450)
at org.testng.SuiteRunner.privateRun(SuiteRunner.java:415)
at org.testng.SuiteRunner.run(SuiteRunner.java:364)
at org.testng.SuiteRunnerWorker.runSuite(SuiteRunnerWorker.java:52)
at org.testng.SuiteRunnerWorker.run(SuiteRunnerWorker.java:84)
at org.testng.TestNG.runSuitesSequentially(TestNG.java:1208)
at org.testng.TestNG.runSuitesLocally(TestNG.java:1137)
at org.testng.TestNG.runSuites(TestNG.java:1049)
at org.testng.TestNG.run(TestNG.java:1017)
at org.testng.remote.AbstractRemoteTestNG.run(AbstractRemoteTestNG.java:114)
at org.testng.remote.RemoteTestNG.initAndRun(RemoteTestNG.java:251)
at org.testng.remote.RemoteTestNG.main(RemoteTestNG.java:77)
]]>
            </full-stacktrace>
          </exception> <!-- java.lang.AssertionError -->
          <reporter-output>
          </reporter-output>
        </test-method> <!-- TCED29107 -->
        <test-method status="PASS" signature="tearDown()[pri:0, instance:com.curriculum.Create_New_Map@64f6106c]" name="tearDown" is-config="true" duration-ms="1" started-at="2018-10-04T15:44:05Z" finished-at="2018-10-04T15:44:05Z">
          <reporter-output>
          </reporter-output>
        </test-method> <!-- tearDown -->
      </class> <!-- com.curriculum.Create_New_Map -->
    </test> <!-- Default test -->
  </suite> <!-- Default suite -->
</testng-results>
