<?xml version="1.0" encoding="UTF-8"?>
<testng-results skipped="0" failed="1" total="3" passed="2">
  <reporter-output>
  </reporter-output>
  <suite name="Default suite" duration-ms="73527" started-at="2018-10-16T14:46:10Z" finished-at="2018-10-16T14:47:24Z">
    <groups>
    </groups>
    <test name="Default test" duration-ms="73527" started-at="2018-10-16T14:46:10Z" finished-at="2018-10-16T14:47:24Z">
      <class name="com.analyzeByScore.ItemAnalysisbyStudent">
        <test-method status="PASS" signature="setup1()[pri:0, instance:com.analyzeByScore.ItemAnalysisbyStudent@4f7d0008]" name="setup1" is-config="true" duration-ms="9777" started-at="2018-10-16T20:16:10Z" finished-at="2018-10-16T20:16:20Z">
          <reporter-output>
          </reporter-output>
        </test-method> <!-- setup1 -->
        <test-method status="PASS" signature="TCED14126()[pri:1, instance:com.analyzeByScore.ItemAnalysisbyStudent@4f7d0008]" name="TCED14126" duration-ms="38777" started-at="2018-10-16T20:16:20Z" finished-at="2018-10-16T20:16:59Z">
          <reporter-output>
          </reporter-output>
        </test-method> <!-- TCED14126 -->
        <test-method status="PASS" signature="TCED14127()[pri:2, instance:com.analyzeByScore.ItemAnalysisbyStudent@4f7d0008]" name="TCED14127" duration-ms="17832" started-at="2018-10-16T20:16:59Z" finished-at="2018-10-16T20:17:17Z">
          <reporter-output>
          </reporter-output>
        </test-method> <!-- TCED14127 -->
        <test-method status="FAIL" signature="TCED14128()[pri:3, instance:com.analyzeByScore.ItemAnalysisbyStudent@4f7d0008]" name="TCED14128" duration-ms="7103" started-at="2018-10-16T20:17:17Z" finished-at="2018-10-16T20:17:24Z">
          <exception class="java.lang.AssertionError">
            <message>
              <![CDATA[Failed to download document which has extension .PDF expected [true] but found [false]]]>
            </message>
            <full-stacktrace>
              <![CDATA[java.lang.AssertionError: Failed to download document which has extension .PDF expected [true] but found [false]
	at org.testng.Assert.fail(Assert.java:94)
	at org.testng.Assert.failNotEquals(Assert.java:513)
	at org.testng.Assert.assertTrue(Assert.java:42)
	at com.analyzeByScore.ItemAnalysisbyStudent.TCED14128(ItemAnalysisbyStudent.java:137)
	at sun.reflect.NativeMethodAccessorImpl.invoke0(Native Method)
	at sun.reflect.NativeMethodAccessorImpl.invoke(NativeMethodAccessorImpl.java:62)
	at sun.reflect.DelegatingMethodAccessorImpl.invoke(DelegatingMethodAccessorImpl.java:43)
	at java.lang.reflect.Method.invoke(Method.java:498)
	at org.testng.internal.MethodInvocationHelper.invokeMethod(MethodInvocationHelper.java:100)
	at org.testng.internal.Invoker.invokeMethod(Invoker.java:646)
	at org.testng.internal.Invoker.invokeTestMethod(Invoker.java:811)
	at org.testng.internal.Invoker.invokeTestMethods(Invoker.java:1137)
	at org.testng.internal.TestMethodWorker.invokeTestMethods(TestMethodWorker.java:129)
	at org.testng.internal.TestMethodWorker.run(TestMethodWorker.java:112)
	at org.testng.TestRunner.privateRun(TestRunner.java:753)
	at org.testng.TestRunner.run(TestRunner.java:607)
	at org.testng.SuiteRunner.runTest(SuiteRunner.java:368)
	at org.testng.SuiteRunner.runSequentially(SuiteRunner.java:363)
	at org.testng.SuiteRunner.privateRun(SuiteRunner.java:321)
	at org.testng.SuiteRunner.run(SuiteRunner.java:270)
	at org.testng.SuiteRunnerWorker.runSuite(SuiteRunnerWorker.java:52)
	at org.testng.SuiteRunnerWorker.run(SuiteRunnerWorker.java:86)
	at org.testng.TestNG.runSuitesSequentially(TestNG.java:1284)
	at org.testng.TestNG.runSuitesLocally(TestNG.java:1209)
	at org.testng.TestNG.runSuites(TestNG.java:1124)
	at org.testng.TestNG.run(TestNG.java:1096)
	at org.testng.remote.AbstractRemoteTestNG.run(AbstractRemoteTestNG.java:132)
	at org.testng.remote.RemoteTestNG.initAndRun(RemoteTestNG.java:236)
	at org.testng.remote.RemoteTestNG.main(RemoteTestNG.java:81)
]]>
            </full-stacktrace>
          </exception> <!-- java.lang.AssertionError -->
          <reporter-output>
          </reporter-output>
        </test-method> <!-- TCED14128 -->
        <test-method status="PASS" signature="tearDown()[pri:0, instance:com.analyzeByScore.ItemAnalysisbyStudent@4f7d0008]" name="tearDown" is-config="true" duration-ms="1" started-at="2018-10-16T20:17:24Z" finished-at="2018-10-16T20:17:24Z">
          <reporter-output>
          </reporter-output>
        </test-method> <!-- tearDown -->
      </class> <!-- com.analyzeByScore.ItemAnalysisbyStudent -->
    </test> <!-- Default test -->
  </suite> <!-- Default suite -->
</testng-results>
