<?xml version="1.0" encoding="UTF-8"?>
<testng-results skipped="0" failed="0" total="23" passed="23">
  <reporter-output>
  </reporter-output>
  <suite name="Default suite" duration-ms="245707" started-at="2018-11-21T06:19:18Z" finished-at="2018-11-21T06:23:24Z">
    <groups>
    </groups>
    <test name="Default test" duration-ms="245707" started-at="2018-11-21T06:19:18Z" finished-at="2018-11-21T06:23:24Z">
      <class name="com.MTSS.Manage_meetings">
        <test-method status="PASS" signature="setup1()[pri:0, instance:com.MTSS.Manage_meetings@73ad2d6]" name="setup1" is-config="true" duration-ms="10651" started-at="2018-11-21T11:49:18Z" finished-at="2018-11-21T11:49:29Z">
          <reporter-output>
          </reporter-output>
        </test-method> <!-- setup1 -->
        <test-method status="PASS" signature="TCED20201()[pri:1, instance:com.MTSS.Manage_meetings@73ad2d6]" name="TCED20201" duration-ms="91785" started-at="2018-11-21T11:49:29Z" finished-at="2018-11-21T11:51:00Z">
          <reporter-output>
          </reporter-output>
        </test-method> <!-- TCED20201 -->
        <test-method status="PASS" signature="TCED20202()[pri:2, instance:com.MTSS.Manage_meetings@73ad2d6]" name="TCED20202" duration-ms="119" started-at="2018-11-21T11:51:00Z" finished-at="2018-11-21T11:51:01Z">
          <reporter-output>
          </reporter-output>
        </test-method> <!-- TCED20202 -->
        <test-method status="PASS" signature="TCED20203()[pri:3, instance:com.MTSS.Manage_meetings@73ad2d6]" name="TCED20203" duration-ms="2663" started-at="2018-11-21T11:51:01Z" finished-at="2018-11-21T11:51:03Z">
          <reporter-output>
          </reporter-output>
        </test-method> <!-- TCED20203 -->
        <test-method status="PASS" signature="TCED20204()[pri:4, instance:com.MTSS.Manage_meetings@73ad2d6]" name="TCED20204" duration-ms="2458" started-at="2018-11-21T11:51:03Z" finished-at="2018-11-21T11:51:06Z">
          <reporter-output>
          </reporter-output>
        </test-method> <!-- TCED20204 -->
        <test-method status="PASS" signature="TCED20205()[pri:5, instance:com.MTSS.Manage_meetings@73ad2d6]" name="TCED20205" duration-ms="112" started-at="2018-11-21T11:51:06Z" finished-at="2018-11-21T11:51:06Z">
          <reporter-output>
          </reporter-output>
        </test-method> <!-- TCED20205 -->
        <test-method status="PASS" signature="TCED20206()[pri:6, instance:com.MTSS.Manage_meetings@73ad2d6]" name="TCED20206" duration-ms="6394" started-at="2018-11-21T11:51:06Z" finished-at="2018-11-21T11:51:12Z">
          <reporter-output>
          </reporter-output>
        </test-method> <!-- TCED20206 -->
        <test-method status="PASS" signature="TCED20207()[pri:7, instance:com.MTSS.Manage_meetings@73ad2d6]" name="TCED20207" duration-ms="65" started-at="2018-11-21T11:51:12Z" finished-at="2018-11-21T11:51:12Z">
          <reporter-output>
          </reporter-output>
        </test-method> <!-- TCED20207 -->
        <test-method status="PASS" signature="TCED20208()[pri:8, instance:com.MTSS.Manage_meetings@73ad2d6]" name="TCED20208" duration-ms="7418" started-at="2018-11-21T11:51:12Z" finished-at="2018-11-21T11:51:20Z">
          <reporter-output>
          </reporter-output>
        </test-method> <!-- TCED20208 -->
        <test-method status="PASS" signature="TCED20209()[pri:9, instance:com.MTSS.Manage_meetings@73ad2d6]" name="TCED20209" duration-ms="4171" started-at="2018-11-21T11:51:20Z" finished-at="2018-11-21T11:51:24Z">
          <reporter-output>
          </reporter-output>
        </test-method> <!-- TCED20209 -->
        <test-method status="PASS" signature="TCED20210()[pri:10, instance:com.MTSS.Manage_meetings@73ad2d6]" name="TCED20210" duration-ms="7984" started-at="2018-11-21T11:51:24Z" finished-at="2018-11-21T11:51:32Z">
          <reporter-output>
          </reporter-output>
        </test-method> <!-- TCED20210 -->
        <test-method status="PASS" signature="TCED20211()[pri:11, instance:com.MTSS.Manage_meetings@73ad2d6]" name="TCED20211" duration-ms="11054" started-at="2018-11-21T11:51:32Z" finished-at="2018-11-21T11:51:43Z">
          <reporter-output>
          </reporter-output>
        </test-method> <!-- TCED20211 -->
        <test-method status="PASS" signature="TCED20212()[pri:12, instance:com.MTSS.Manage_meetings@73ad2d6]" name="TCED20212" duration-ms="10660" started-at="2018-11-21T11:51:43Z" finished-at="2018-11-21T11:51:54Z">
          <reporter-output>
          </reporter-output>
        </test-method> <!-- TCED20212 -->
        <test-method status="PASS" signature="TCED20213()[pri:13, instance:com.MTSS.Manage_meetings@73ad2d6]" name="TCED20213" duration-ms="30" started-at="2018-11-21T11:51:54Z" finished-at="2018-11-21T11:51:54Z">
          <reporter-output>
          </reporter-output>
        </test-method> <!-- TCED20213 -->
        <test-method status="PASS" signature="TCED20214()[pri:14, instance:com.MTSS.Manage_meetings@73ad2d6]" name="TCED20214" duration-ms="13716" started-at="2018-11-21T11:51:54Z" finished-at="2018-11-21T11:52:07Z">
          <reporter-output>
          </reporter-output>
        </test-method> <!-- TCED20214 -->
        <test-method status="PASS" signature="TCED20215()[pri:15, instance:com.MTSS.Manage_meetings@73ad2d6]" name="TCED20215" duration-ms="13281" started-at="2018-11-21T11:52:07Z" finished-at="2018-11-21T11:52:21Z">
          <reporter-output>
          </reporter-output>
        </test-method> <!-- TCED20215 -->
        <test-method status="PASS" signature="TCED20217()[pri:17, instance:com.MTSS.Manage_meetings@73ad2d6]" name="TCED20217" duration-ms="9356" started-at="2018-11-21T11:52:21Z" finished-at="2018-11-21T11:52:30Z">
          <reporter-output>
          </reporter-output>
        </test-method> <!-- TCED20217 -->
        <test-method status="PASS" signature="TCED20218()[pri:18, instance:com.MTSS.Manage_meetings@73ad2d6]" name="TCED20218" duration-ms="70" started-at="2018-11-21T11:52:30Z" finished-at="2018-11-21T11:52:30Z">
          <reporter-output>
          </reporter-output>
        </test-method> <!-- TCED20218 -->
        <test-method status="PASS" signature="TCED20219()[pri:19, instance:com.MTSS.Manage_meetings@73ad2d6]" name="TCED20219" duration-ms="12161" started-at="2018-11-21T11:52:30Z" finished-at="2018-11-21T11:52:42Z">
          <reporter-output>
          </reporter-output>
        </test-method> <!-- TCED20219 -->
        <test-method status="PASS" signature="TCED20220()[pri:20, instance:com.MTSS.Manage_meetings@73ad2d6]" name="TCED20220" duration-ms="168" started-at="2018-11-21T11:52:42Z" finished-at="2018-11-21T11:52:42Z">
          <reporter-output>
          </reporter-output>
        </test-method> <!-- TCED20220 -->
        <test-method status="PASS" signature="TCED20221()[pri:21, instance:com.MTSS.Manage_meetings@73ad2d6]" name="TCED20221" duration-ms="8213" started-at="2018-11-21T11:52:42Z" finished-at="2018-11-21T11:52:51Z">
          <reporter-output>
          </reporter-output>
        </test-method> <!-- TCED20221 -->
        <test-method status="PASS" signature="TCED20222()[pri:22, instance:com.MTSS.Manage_meetings@73ad2d6]" name="TCED20222" duration-ms="30392" started-at="2018-11-21T11:52:51Z" finished-at="2018-11-21T11:53:21Z">
          <reporter-output>
          </reporter-output>
        </test-method> <!-- TCED20222 -->
        <test-method status="PASS" signature="TCED20223()[pri:23, instance:com.MTSS.Manage_meetings@73ad2d6]" name="TCED20223" duration-ms="30" started-at="2018-11-21T11:53:21Z" finished-at="2018-11-21T11:53:21Z">
          <reporter-output>
          </reporter-output>
        </test-method> <!-- TCED20223 -->
        <test-method status="PASS" signature="TCED20224()[pri:24, instance:com.MTSS.Manage_meetings@73ad2d6]" name="TCED20224" duration-ms="2693" started-at="2018-11-21T11:53:21Z" finished-at="2018-11-21T11:53:24Z">
          <reporter-output>
          </reporter-output>
        </test-method> <!-- TCED20224 -->
        <test-method status="PASS" signature="tearDown()[pri:0, instance:com.MTSS.Manage_meetings@73ad2d6]" name="tearDown" is-config="true" duration-ms="0" started-at="2018-11-21T11:53:24Z" finished-at="2018-11-21T11:53:24Z">
          <reporter-output>
          </reporter-output>
        </test-method> <!-- tearDown -->
      </class> <!-- com.MTSS.Manage_meetings -->
    </test> <!-- Default test -->
  </suite> <!-- Default suite -->
</testng-results>
