<?xml version="1.0" encoding="UTF-8"?>
<testng-results skipped="15" failed="0" total="15" passed="0">
  <reporter-output>
  </reporter-output>
  <suite name="Default suite" duration-ms="427" started-at="2018-11-19T07:37:49Z" finished-at="2018-11-19T07:37:49Z">
    <groups>
    </groups>
    <test name="Default test" duration-ms="427" started-at="2018-11-19T07:37:49Z" finished-at="2018-11-19T07:37:49Z">
      <class name="com.Home.Student_Building_Grade_Lists">
        <test-method status="FAIL" signature="setup1()[pri:0, instance:com.Home.Student_Building_Grade_Lists@13ad2d6]" name="setup1" is-config="true" duration-ms="0" started-at="2018-11-19T13:07:49Z" finished-at="2018-11-19T13:07:49Z">
          <exception class="java.lang.IllegalStateException">
            <message>
              <![CDATA[The driver executable does not exist: f:\Jars\geckodriver.exe]]>
            </message>
            <full-stacktrace>
              <![CDATA[java.lang.IllegalStateException: The driver executable does not exist: f:\Jars\geckodriver.exe
	at com.google.common.base.Preconditions.checkState(Preconditions.java:585)
	at org.openqa.selenium.remote.service.DriverService.checkExecutable(DriverService.java:136)
	at org.openqa.selenium.remote.service.DriverService.findExecutable(DriverService.java:131)
	at org.openqa.selenium.firefox.GeckoDriverService.access$100(GeckoDriverService.java:41)
	at org.openqa.selenium.firefox.GeckoDriverService$Builder.findDefaultExecutable(GeckoDriverService.java:141)
	at org.openqa.selenium.remote.service.DriverService$Builder.build(DriverService.java:339)
	at org.openqa.selenium.firefox.FirefoxDriver.toExecutor(FirefoxDriver.java:158)
	at org.openqa.selenium.firefox.FirefoxDriver.<init>(FirefoxDriver.java:120)
	at Library.BaseClassOne.setup1(BaseClassOne.java:121)
	at sun.reflect.NativeMethodAccessorImpl.invoke0(Native Method)
	at sun.reflect.NativeMethodAccessorImpl.invoke(NativeMethodAccessorImpl.java:62)
	at sun.reflect.DelegatingMethodAccessorImpl.invoke(DelegatingMethodAccessorImpl.java:43)
	at java.lang.reflect.Method.invoke(Method.java:498)
	at org.testng.internal.MethodInvocationHelper.invokeMethod(MethodInvocationHelper.java:100)
	at org.testng.internal.Invoker.invokeConfigurationMethod(Invoker.java:515)
	at org.testng.internal.Invoker.invokeConfigurations(Invoker.java:216)
	at org.testng.internal.Invoker.invokeConfigurations(Invoker.java:143)
	at org.testng.TestRunner.beforeRun(TestRunner.java:631)
	at org.testng.TestRunner.run(TestRunner.java:599)
	at org.testng.SuiteRunner.runTest(SuiteRunner.java:368)
	at org.testng.SuiteRunner.runSequentially(SuiteRunner.java:363)
	at org.testng.SuiteRunner.privateRun(SuiteRunner.java:321)
	at org.testng.SuiteRunner.run(SuiteRunner.java:270)
	at org.testng.SuiteRunnerWorker.runSuite(SuiteRunnerWorker.java:52)
	at org.testng.SuiteRunnerWorker.run(SuiteRunnerWorker.java:86)
	at org.testng.TestNG.runSuitesSequentially(TestNG.java:1284)
	at org.testng.TestNG.runSuitesLocally(TestNG.java:1209)
	at org.testng.TestNG.runSuites(TestNG.java:1124)
	at org.testng.TestNG.run(TestNG.java:1096)
	at org.testng.remote.AbstractRemoteTestNG.run(AbstractRemoteTestNG.java:132)
	at org.testng.remote.RemoteTestNG.initAndRun(RemoteTestNG.java:236)
	at org.testng.remote.RemoteTestNG.main(RemoteTestNG.java:81)
]]>
            </full-stacktrace>
          </exception> <!-- java.lang.IllegalStateException -->
          <reporter-output>
          </reporter-output>
        </test-method> <!-- setup1 -->
        <test-method status="SKIP" signature="TCED33201()[pri:1, instance:com.Home.Student_Building_Grade_Lists@13ad2d6]" name="TCED33201" duration-ms="2" started-at="2018-11-19T13:07:49Z" finished-at="2018-11-19T13:07:49Z">
          <reporter-output>
          </reporter-output>
        </test-method> <!-- TCED33201 -->
        <test-method status="SKIP" signature="TCED33202()[pri:2, instance:com.Home.Student_Building_Grade_Lists@13ad2d6]" name="TCED33202" duration-ms="1" started-at="2018-11-19T13:07:49Z" finished-at="2018-11-19T13:07:49Z">
          <reporter-output>
          </reporter-output>
        </test-method> <!-- TCED33202 -->
        <test-method status="SKIP" signature="TCED33203()[pri:3, instance:com.Home.Student_Building_Grade_Lists@13ad2d6]" name="TCED33203" duration-ms="1" started-at="2018-11-19T13:07:49Z" finished-at="2018-11-19T13:07:49Z">
          <reporter-output>
          </reporter-output>
        </test-method> <!-- TCED33203 -->
        <test-method status="SKIP" signature="TCED33204()[pri:4, instance:com.Home.Student_Building_Grade_Lists@13ad2d6]" name="TCED33204" duration-ms="1" started-at="2018-11-19T13:07:49Z" finished-at="2018-11-19T13:07:49Z">
          <reporter-output>
          </reporter-output>
        </test-method> <!-- TCED33204 -->
        <test-method status="SKIP" signature="TCED33205()[pri:5, instance:com.Home.Student_Building_Grade_Lists@13ad2d6]" name="TCED33205" duration-ms="1" started-at="2018-11-19T13:07:49Z" finished-at="2018-11-19T13:07:49Z">
          <reporter-output>
          </reporter-output>
        </test-method> <!-- TCED33205 -->
        <test-method status="SKIP" signature="TCED33206()[pri:6, instance:com.Home.Student_Building_Grade_Lists@13ad2d6]" name="TCED33206" duration-ms="1" started-at="2018-11-19T13:07:49Z" finished-at="2018-11-19T13:07:49Z">
          <reporter-output>
          </reporter-output>
        </test-method> <!-- TCED33206 -->
        <test-method status="SKIP" signature="TCED33207()[pri:7, instance:com.Home.Student_Building_Grade_Lists@13ad2d6]" name="TCED33207" duration-ms="1" started-at="2018-11-19T13:07:49Z" finished-at="2018-11-19T13:07:49Z">
          <reporter-output>
          </reporter-output>
        </test-method> <!-- TCED33207 -->
        <test-method status="SKIP" signature="TCED33208()[pri:8, instance:com.Home.Student_Building_Grade_Lists@13ad2d6]" name="TCED33208" duration-ms="1" started-at="2018-11-19T13:07:49Z" finished-at="2018-11-19T13:07:49Z">
          <reporter-output>
          </reporter-output>
        </test-method> <!-- TCED33208 -->
        <test-method status="SKIP" signature="TCED33209()[pri:9, instance:com.Home.Student_Building_Grade_Lists@13ad2d6]" name="TCED33209" duration-ms="4" started-at="2018-11-19T13:07:49Z" finished-at="2018-11-19T13:07:49Z">
          <reporter-output>
          </reporter-output>
        </test-method> <!-- TCED33209 -->
        <test-method status="SKIP" signature="TCED33210()[pri:10, instance:com.Home.Student_Building_Grade_Lists@13ad2d6]" name="TCED33210" duration-ms="1" started-at="2018-11-19T13:07:49Z" finished-at="2018-11-19T13:07:49Z">
          <reporter-output>
          </reporter-output>
        </test-method> <!-- TCED33210 -->
        <test-method status="SKIP" signature="TCED33211()[pri:11, instance:com.Home.Student_Building_Grade_Lists@13ad2d6]" name="TCED33211" duration-ms="1" started-at="2018-11-19T13:07:49Z" finished-at="2018-11-19T13:07:49Z">
          <reporter-output>
          </reporter-output>
        </test-method> <!-- TCED33211 -->
        <test-method status="SKIP" signature="TCED33212()[pri:12, instance:com.Home.Student_Building_Grade_Lists@13ad2d6]" name="TCED33212" duration-ms="1" started-at="2018-11-19T13:07:49Z" finished-at="2018-11-19T13:07:49Z">
          <reporter-output>
          </reporter-output>
        </test-method> <!-- TCED33212 -->
        <test-method status="SKIP" signature="TCED33213()[pri:13, instance:com.Home.Student_Building_Grade_Lists@13ad2d6]" name="TCED33213" duration-ms="7" started-at="2018-11-19T13:07:49Z" finished-at="2018-11-19T13:07:49Z">
          <reporter-output>
          </reporter-output>
        </test-method> <!-- TCED33213 -->
        <test-method status="SKIP" signature="TCED33214()[pri:14, instance:com.Home.Student_Building_Grade_Lists@13ad2d6]" name="TCED33214" duration-ms="2" started-at="2018-11-19T13:07:49Z" finished-at="2018-11-19T13:07:49Z">
          <reporter-output>
          </reporter-output>
        </test-method> <!-- TCED33214 -->
        <test-method status="SKIP" signature="TCED33215()[pri:15, instance:com.Home.Student_Building_Grade_Lists@13ad2d6]" name="TCED33215" duration-ms="1" started-at="2018-11-19T13:07:49Z" finished-at="2018-11-19T13:07:49Z">
          <reporter-output>
          </reporter-output>
        </test-method> <!-- TCED33215 -->
        <test-method status="SKIP" signature="tearDown()[pri:0, instance:com.Home.Student_Building_Grade_Lists@13ad2d6]" name="tearDown" is-config="true" duration-ms="0" started-at="2018-11-19T13:07:49Z" finished-at="2018-11-19T13:07:49Z">
          <reporter-output>
          </reporter-output>
        </test-method> <!-- tearDown -->
      </class> <!-- com.Home.Student_Building_Grade_Lists -->
    </test> <!-- Default test -->
  </suite> <!-- Default suite -->
</testng-results>
