<?xml version="1.0" encoding="UTF-8"?>
<testng-results skipped="0" failed="0" ignored="0" total="24" passed="24">
  <reporter-output>
  </reporter-output>
  <suite name="Default suite" duration-ms="352057" started-at="2018-11-21T08:46:34Z" finished-at="2018-11-21T08:52:26Z">
    <groups>
    </groups>
    <test name="Default test" duration-ms="352057" started-at="2018-11-21T08:46:34Z" finished-at="2018-11-21T08:52:26Z">
      <class name="com.analyzeByScore.ItemAnalysisbyQuestion">
        <test-method status="PASS" signature="setup1()[pri:0, instance:com.analyzeByScore.ItemAnalysisbyQuestion@7cbd213e]" name="setup1" is-config="true" duration-ms="7672" started-at="2018-11-21T08:46:34Z" finished-at="2018-11-21T08:46:41Z">
          <reporter-output>
          </reporter-output>
        </test-method> <!-- setup1 -->
        <test-method status="PASS" signature="TCED14081()[pri:1, instance:com.analyzeByScore.ItemAnalysisbyQuestion@7cbd213e]" name="TCED14081" duration-ms="12284" started-at="2018-11-21T08:46:41Z" finished-at="2018-11-21T08:46:54Z">
          <reporter-output>
          </reporter-output>
        </test-method> <!-- TCED14081 -->
        <test-method status="PASS" signature="TCED14082()[pri:2, instance:com.analyzeByScore.ItemAnalysisbyQuestion@7cbd213e]" name="TCED14082" duration-ms="263" started-at="2018-11-21T08:46:54Z" finished-at="2018-11-21T08:46:54Z">
          <reporter-output>
          </reporter-output>
        </test-method> <!-- TCED14082 -->
        <test-method status="PASS" signature="TCED14083()[pri:3, instance:com.analyzeByScore.ItemAnalysisbyQuestion@7cbd213e]" name="TCED14083" duration-ms="968" started-at="2018-11-21T08:46:54Z" finished-at="2018-11-21T08:46:55Z">
          <reporter-output>
          </reporter-output>
        </test-method> <!-- TCED14083 -->
        <test-method status="PASS" signature="TCED14084()[pri:4, instance:com.analyzeByScore.ItemAnalysisbyQuestion@7cbd213e]" name="TCED14084" duration-ms="1270" started-at="2018-11-21T08:46:55Z" finished-at="2018-11-21T08:46:56Z">
          <reporter-output>
          </reporter-output>
        </test-method> <!-- TCED14084 -->
        <test-method status="PASS" signature="TCED14085()[pri:5, instance:com.analyzeByScore.ItemAnalysisbyQuestion@7cbd213e]" name="TCED14085" duration-ms="7481" started-at="2018-11-21T08:46:56Z" finished-at="2018-11-21T08:47:04Z">
          <reporter-output>
          </reporter-output>
        </test-method> <!-- TCED14085 -->
        <test-method status="PASS" signature="TCED14086()[pri:6, instance:com.analyzeByScore.ItemAnalysisbyQuestion@7cbd213e]" name="TCED14086" duration-ms="7171" started-at="2018-11-21T08:47:04Z" finished-at="2018-11-21T08:47:11Z">
          <reporter-output>
          </reporter-output>
        </test-method> <!-- TCED14086 -->
        <test-method status="PASS" signature="TCED14087()[pri:7, instance:com.analyzeByScore.ItemAnalysisbyQuestion@7cbd213e]" name="TCED14087" duration-ms="7447" started-at="2018-11-21T08:47:11Z" finished-at="2018-11-21T08:47:18Z">
          <reporter-output>
          </reporter-output>
        </test-method> <!-- TCED14087 -->
        <test-method status="PASS" signature="TCED14088()[pri:8, instance:com.analyzeByScore.ItemAnalysisbyQuestion@7cbd213e]" name="TCED14088" duration-ms="7519" started-at="2018-11-21T08:47:18Z" finished-at="2018-11-21T08:47:26Z">
          <reporter-output>
          </reporter-output>
        </test-method> <!-- TCED14088 -->
        <test-method status="PASS" signature="TCED14089()[pri:9, instance:com.analyzeByScore.ItemAnalysisbyQuestion@7cbd213e]" name="TCED14089" duration-ms="11089" started-at="2018-11-21T08:47:26Z" finished-at="2018-11-21T08:47:37Z">
          <reporter-output>
          </reporter-output>
        </test-method> <!-- TCED14089 -->
        <test-method status="PASS" signature="TCED14090()[pri:10, instance:com.analyzeByScore.ItemAnalysisbyQuestion@7cbd213e]" name="TCED14090" duration-ms="1571" started-at="2018-11-21T08:47:37Z" finished-at="2018-11-21T08:47:38Z">
          <reporter-output>
          </reporter-output>
        </test-method> <!-- TCED14090 -->
        <test-method status="PASS" signature="TCED14091()[pri:11, instance:com.analyzeByScore.ItemAnalysisbyQuestion@7cbd213e]" name="TCED14091" duration-ms="12627" started-at="2018-11-21T08:47:38Z" finished-at="2018-11-21T08:47:51Z">
          <reporter-output>
          </reporter-output>
        </test-method> <!-- TCED14091 -->
        <test-method status="PASS" signature="TCED14092()[pri:12, instance:com.analyzeByScore.ItemAnalysisbyQuestion@7cbd213e]" name="TCED14092" duration-ms="12787" started-at="2018-11-21T08:47:51Z" finished-at="2018-11-21T08:48:04Z">
          <reporter-output>
          </reporter-output>
        </test-method> <!-- TCED14092 -->
        <test-method status="PASS" signature="TCED14093()[pri:13, instance:com.analyzeByScore.ItemAnalysisbyQuestion@7cbd213e]" name="TCED14093" duration-ms="12203" started-at="2018-11-21T08:48:04Z" finished-at="2018-11-21T08:48:16Z">
          <reporter-output>
          </reporter-output>
        </test-method> <!-- TCED14093 -->
        <test-method status="PASS" signature="TCED14094()[pri:14, instance:com.analyzeByScore.ItemAnalysisbyQuestion@7cbd213e]" name="TCED14094" duration-ms="12516" started-at="2018-11-21T08:48:16Z" finished-at="2018-11-21T08:48:29Z">
          <reporter-output>
          </reporter-output>
        </test-method> <!-- TCED14094 -->
        <test-method status="PASS" signature="TCED14095()[pri:15, instance:com.analyzeByScore.ItemAnalysisbyQuestion@7cbd213e]" name="TCED14095" duration-ms="8423" started-at="2018-11-21T08:48:29Z" finished-at="2018-11-21T08:48:37Z">
          <reporter-output>
          </reporter-output>
        </test-method> <!-- TCED14095 -->
        <test-method status="PASS" signature="TCED14096()[pri:16, instance:com.analyzeByScore.ItemAnalysisbyQuestion@7cbd213e]" name="TCED14096" duration-ms="1448" started-at="2018-11-21T08:48:37Z" finished-at="2018-11-21T08:48:38Z">
          <reporter-output>
          </reporter-output>
        </test-method> <!-- TCED14096 -->
        <test-method status="PASS" signature="TCED14097()[pri:17, instance:com.analyzeByScore.ItemAnalysisbyQuestion@7cbd213e]" name="TCED14097" duration-ms="11653" started-at="2018-11-21T08:48:38Z" finished-at="2018-11-21T08:48:50Z">
          <reporter-output>
          </reporter-output>
        </test-method> <!-- TCED14097 -->
        <test-method status="PASS" signature="TCED14098()[pri:18, instance:com.analyzeByScore.ItemAnalysisbyQuestion@7cbd213e]" name="TCED14098" duration-ms="11704" started-at="2018-11-21T08:48:50Z" finished-at="2018-11-21T08:49:02Z">
          <reporter-output>
          </reporter-output>
        </test-method> <!-- TCED14098 -->
        <test-method status="PASS" signature="TCED14099()[pri:19, instance:com.analyzeByScore.ItemAnalysisbyQuestion@7cbd213e]" name="TCED14099" duration-ms="11696" started-at="2018-11-21T08:49:02Z" finished-at="2018-11-21T08:49:13Z">
          <reporter-output>
          </reporter-output>
        </test-method> <!-- TCED14099 -->
        <test-method status="PASS" signature="TCED14100()[pri:20, instance:com.analyzeByScore.ItemAnalysisbyQuestion@7cbd213e]" name="TCED14100" duration-ms="11530" started-at="2018-11-21T08:49:13Z" finished-at="2018-11-21T08:49:25Z">
          <reporter-output>
          </reporter-output>
        </test-method> <!-- TCED14100 -->
        <test-method status="PASS" signature="TCED14101()[pri:21, instance:com.analyzeByScore.ItemAnalysisbyQuestion@7cbd213e]" name="TCED14101" duration-ms="15224" started-at="2018-11-21T08:49:25Z" finished-at="2018-11-21T08:49:40Z">
          <reporter-output>
          </reporter-output>
        </test-method> <!-- TCED14101 -->
        <test-method status="PASS" signature="TCED14102()[pri:22, instance:com.analyzeByScore.ItemAnalysisbyQuestion@7cbd213e]" name="TCED14102" duration-ms="19519" started-at="2018-11-21T08:49:40Z" finished-at="2018-11-21T08:50:00Z">
          <reporter-output>
          </reporter-output>
        </test-method> <!-- TCED14102 -->
        <test-method status="PASS" signature="TCED14103()[pri:23, instance:com.analyzeByScore.ItemAnalysisbyQuestion@7cbd213e]" name="TCED14103" duration-ms="34821" started-at="2018-11-21T08:50:00Z" finished-at="2018-11-21T08:50:35Z">
          <reporter-output>
          </reporter-output>
        </test-method> <!-- TCED14103 -->
        <test-method status="PASS" signature="TCED14104()[pri:24, instance:com.analyzeByScore.ItemAnalysisbyQuestion@7cbd213e]" name="TCED14104" duration-ms="111115" started-at="2018-11-21T08:50:35Z" finished-at="2018-11-21T08:52:26Z">
          <reporter-output>
          </reporter-output>
        </test-method> <!-- TCED14104 -->
        <test-method status="PASS" signature="tearDown()[pri:0, instance:com.analyzeByScore.ItemAnalysisbyQuestion@7cbd213e]" name="tearDown" is-config="true" duration-ms="1" started-at="2018-11-21T08:52:26Z" finished-at="2018-11-21T08:52:26Z">
          <reporter-output>
          </reporter-output>
        </test-method> <!-- tearDown -->
      </class> <!-- com.analyzeByScore.ItemAnalysisbyQuestion -->
    </test> <!-- Default test -->
  </suite> <!-- Default suite -->
</testng-results>
