<?xml version="1.0" encoding="UTF-8"?>
<testng-results skipped="0" failed="2" total="6" passed="4">
  <reporter-output>
  </reporter-output>
  <suite name="Default suite" duration-ms="69471" started-at="2018-11-01T12:39:25Z" finished-at="2018-11-01T12:40:34Z">
    <groups>
    </groups>
    <test name="Default test" duration-ms="69471" started-at="2018-11-01T12:39:25Z" finished-at="2018-11-01T12:40:34Z">
      <class name="com.analyzeByScore.analyzebytagname">
        <test-method status="PASS" signature="setup1()[pri:0, instance:com.analyzeByScore.analyzebytagname@17d0008]" name="setup1" is-config="true" duration-ms="13303" started-at="2018-11-01T18:09:25Z" finished-at="2018-11-01T18:09:38Z">
          <reporter-output>
          </reporter-output>
        </test-method> <!-- setup1 -->
        <test-method status="PASS" signature="TCED14301()[pri:1, instance:com.analyzeByScore.analyzebytagname@17d0008]" name="TCED14301" duration-ms="6469" started-at="2018-11-01T18:09:38Z" finished-at="2018-11-01T18:09:44Z">
          <reporter-output>
          </reporter-output>
        </test-method> <!-- TCED14301 -->
        <test-method status="PASS" signature="TCED14302()[pri:2, instance:com.analyzeByScore.analyzebytagname@17d0008]" name="TCED14302" duration-ms="6913" started-at="2018-11-01T18:09:44Z" finished-at="2018-11-01T18:09:51Z">
          <reporter-output>
          </reporter-output>
        </test-method> <!-- TCED14302 -->
        <test-method status="PASS" signature="TCED14303()[pri:3, instance:com.analyzeByScore.analyzebytagname@17d0008]" name="TCED14303" duration-ms="357" started-at="2018-11-01T18:09:51Z" finished-at="2018-11-01T18:09:52Z">
          <reporter-output>
          </reporter-output>
        </test-method> <!-- TCED14303 -->
        <test-method status="PASS" signature="TCED14304()[pri:4, instance:com.analyzeByScore.analyzebytagname@17d0008]" name="TCED14304" duration-ms="1602" started-at="2018-11-01T18:09:52Z" finished-at="2018-11-01T18:09:53Z">
          <reporter-output>
          </reporter-output>
        </test-method> <!-- TCED14304 -->
        <test-method status="FAIL" signature="TCED14305()[pri:5, instance:com.analyzeByScore.analyzebytagname@17d0008]" name="TCED14305" duration-ms="20301" started-at="2018-11-01T18:09:53Z" finished-at="2018-11-01T18:10:14Z">
          <exception class="java.lang.AssertionError">
            <message>
              <![CDATA[Timeout during waiting for element: '//a[contains(.,'Analyze Scores')]']]>
            </message>
            <full-stacktrace>
              <![CDATA[java.lang.AssertionError: Timeout during waiting for element: '//a[contains(.,'Analyze Scores')]'
	at Library.BaseClassOne.waitFor(BaseClassOne.java:271)
	at Library.BaseClassOne.click(BaseClassOne.java:183)
	at com.analyzeByScore.analyzebytagname.TCED14305(analyzebytagname.java:200)
	at sun.reflect.NativeMethodAccessorImpl.invoke0(Native Method)
	at sun.reflect.NativeMethodAccessorImpl.invoke(NativeMethodAccessorImpl.java:62)
	at sun.reflect.DelegatingMethodAccessorImpl.invoke(DelegatingMethodAccessorImpl.java:43)
	at java.lang.reflect.Method.invoke(Method.java:498)
	at org.testng.internal.MethodInvocationHelper.invokeMethod(MethodInvocationHelper.java:100)
	at org.testng.internal.Invoker.invokeMethod(Invoker.java:646)
	at org.testng.internal.Invoker.invokeTestMethod(Invoker.java:811)
	at org.testng.internal.Invoker.invokeTestMethods(Invoker.java:1137)
	at org.testng.internal.TestMethodWorker.invokeTestMethods(TestMethodWorker.java:129)
	at org.testng.internal.TestMethodWorker.run(TestMethodWorker.java:112)
	at org.testng.TestRunner.privateRun(TestRunner.java:753)
	at org.testng.TestRunner.run(TestRunner.java:607)
	at org.testng.SuiteRunner.runTest(SuiteRunner.java:368)
	at org.testng.SuiteRunner.runSequentially(SuiteRunner.java:363)
	at org.testng.SuiteRunner.privateRun(SuiteRunner.java:321)
	at org.testng.SuiteRunner.run(SuiteRunner.java:270)
	at org.testng.SuiteRunnerWorker.runSuite(SuiteRunnerWorker.java:52)
	at org.testng.SuiteRunnerWorker.run(SuiteRunnerWorker.java:86)
	at org.testng.TestNG.runSuitesSequentially(TestNG.java:1284)
	at org.testng.TestNG.runSuitesLocally(TestNG.java:1209)
	at org.testng.TestNG.runSuites(TestNG.java:1124)
	at org.testng.TestNG.run(TestNG.java:1096)
	at org.testng.remote.AbstractRemoteTestNG.run(AbstractRemoteTestNG.java:132)
	at org.testng.remote.RemoteTestNG.initAndRun(RemoteTestNG.java:236)
	at org.testng.remote.RemoteTestNG.main(RemoteTestNG.java:81)
]]>
            </full-stacktrace>
          </exception> <!-- java.lang.AssertionError -->
          <reporter-output>
          </reporter-output>
        </test-method> <!-- TCED14305 -->
        <test-method status="FAIL" signature="TCED14306()[pri:6, instance:com.analyzeByScore.analyzebytagname@17d0008]" name="TCED14306" duration-ms="20467" started-at="2018-11-01T18:10:14Z" finished-at="2018-11-01T18:10:34Z">
          <exception class="java.lang.AssertionError">
            <message>
              <![CDATA[Timeout during waiting for element: '//a[contains(.,'Analyze Scores')]']]>
            </message>
            <full-stacktrace>
              <![CDATA[java.lang.AssertionError: Timeout during waiting for element: '//a[contains(.,'Analyze Scores')]'
	at Library.BaseClassOne.waitFor(BaseClassOne.java:271)
	at Library.BaseClassOne.click(BaseClassOne.java:183)
	at com.analyzeByScore.analyzebytagname.TCED14306(analyzebytagname.java:275)
	at sun.reflect.NativeMethodAccessorImpl.invoke0(Native Method)
	at sun.reflect.NativeMethodAccessorImpl.invoke(NativeMethodAccessorImpl.java:62)
	at sun.reflect.DelegatingMethodAccessorImpl.invoke(DelegatingMethodAccessorImpl.java:43)
	at java.lang.reflect.Method.invoke(Method.java:498)
	at org.testng.internal.MethodInvocationHelper.invokeMethod(MethodInvocationHelper.java:100)
	at org.testng.internal.Invoker.invokeMethod(Invoker.java:646)
	at org.testng.internal.Invoker.invokeTestMethod(Invoker.java:811)
	at org.testng.internal.Invoker.invokeTestMethods(Invoker.java:1137)
	at org.testng.internal.TestMethodWorker.invokeTestMethods(TestMethodWorker.java:129)
	at org.testng.internal.TestMethodWorker.run(TestMethodWorker.java:112)
	at org.testng.TestRunner.privateRun(TestRunner.java:753)
	at org.testng.TestRunner.run(TestRunner.java:607)
	at org.testng.SuiteRunner.runTest(SuiteRunner.java:368)
	at org.testng.SuiteRunner.runSequentially(SuiteRunner.java:363)
	at org.testng.SuiteRunner.privateRun(SuiteRunner.java:321)
	at org.testng.SuiteRunner.run(SuiteRunner.java:270)
	at org.testng.SuiteRunnerWorker.runSuite(SuiteRunnerWorker.java:52)
	at org.testng.SuiteRunnerWorker.run(SuiteRunnerWorker.java:86)
	at org.testng.TestNG.runSuitesSequentially(TestNG.java:1284)
	at org.testng.TestNG.runSuitesLocally(TestNG.java:1209)
	at org.testng.TestNG.runSuites(TestNG.java:1124)
	at org.testng.TestNG.run(TestNG.java:1096)
	at org.testng.remote.AbstractRemoteTestNG.run(AbstractRemoteTestNG.java:132)
	at org.testng.remote.RemoteTestNG.initAndRun(RemoteTestNG.java:236)
	at org.testng.remote.RemoteTestNG.main(RemoteTestNG.java:81)
]]>
            </full-stacktrace>
          </exception> <!-- java.lang.AssertionError -->
          <reporter-output>
          </reporter-output>
        </test-method> <!-- TCED14306 -->
        <test-method status="PASS" signature="tearDown()[pri:0, instance:com.analyzeByScore.analyzebytagname@17d0008]" name="tearDown" is-config="true" duration-ms="0" started-at="2018-11-01T18:10:34Z" finished-at="2018-11-01T18:10:34Z">
          <reporter-output>
          </reporter-output>
        </test-method> <!-- tearDown -->
      </class> <!-- com.analyzeByScore.analyzebytagname -->
    </test> <!-- Default test -->
  </suite> <!-- Default suite -->
</testng-results>
