<?xml version="1.0" encoding="UTF-8"?>
<testng-results skipped="0" failed="0" ignored="0" total="15" passed="15">
  <reporter-output>
  </reporter-output>
  <suite name="Default suite" duration-ms="213113" started-at="2018-11-28T10:24:40Z" finished-at="2018-11-28T10:28:13Z">
    <groups>
    </groups>
    <test name="Default test" duration-ms="213113" started-at="2018-11-28T10:24:40Z" finished-at="2018-11-28T10:28:13Z">
      <class name="com.analyzeByScore.StudentAssessmentAdministrationResultsbyTeacher">
        <test-method status="PASS" signature="setup1()[pri:0, instance:com.analyzeByScore.StudentAssessmentAdministrationResultsbyTeacher@7cbd213e]" name="setup1" is-config="true" duration-ms="8363" started-at="2018-11-28T10:24:40Z" finished-at="2018-11-28T10:24:48Z">
          <reporter-output>
          </reporter-output>
        </test-method> <!-- setup1 -->
        <test-method status="PASS" signature="TCED14151()[pri:1, instance:com.analyzeByScore.StudentAssessmentAdministrationResultsbyTeacher@7cbd213e]" name="TCED14151" duration-ms="12485" started-at="2018-11-28T10:24:48Z" finished-at="2018-11-28T10:25:00Z">
          <reporter-output>
          </reporter-output>
        </test-method> <!-- TCED14151 -->
        <test-method status="PASS" signature="TCED14152()[pri:2, instance:com.analyzeByScore.StudentAssessmentAdministrationResultsbyTeacher@7cbd213e]" name="TCED14152" duration-ms="281" started-at="2018-11-28T10:25:00Z" finished-at="2018-11-28T10:25:01Z">
          <reporter-output>
          </reporter-output>
        </test-method> <!-- TCED14152 -->
        <test-method status="PASS" signature="TCED14153()[pri:3, instance:com.analyzeByScore.StudentAssessmentAdministrationResultsbyTeacher@7cbd213e]" name="TCED14153" duration-ms="1898" started-at="2018-11-28T10:25:01Z" finished-at="2018-11-28T10:25:03Z">
          <reporter-output>
          </reporter-output>
        </test-method> <!-- TCED14153 -->
        <test-method status="PASS" signature="TCED14154()[pri:4, instance:com.analyzeByScore.StudentAssessmentAdministrationResultsbyTeacher@7cbd213e]" name="TCED14154" duration-ms="17255" started-at="2018-11-28T10:25:03Z" finished-at="2018-11-28T10:25:20Z">
          <reporter-output>
          </reporter-output>
        </test-method> <!-- TCED14154 -->
        <test-method status="PASS" signature="TCED14155()[pri:5, instance:com.analyzeByScore.StudentAssessmentAdministrationResultsbyTeacher@7cbd213e]" name="TCED14155" duration-ms="15410" started-at="2018-11-28T10:25:20Z" finished-at="2018-11-28T10:25:35Z">
          <reporter-output>
          </reporter-output>
        </test-method> <!-- TCED14155 -->
        <test-method status="PASS" signature="TCED14156()[pri:6, instance:com.analyzeByScore.StudentAssessmentAdministrationResultsbyTeacher@7cbd213e]" name="TCED14156" duration-ms="12344" started-at="2018-11-28T10:25:35Z" finished-at="2018-11-28T10:25:48Z">
          <reporter-output>
          </reporter-output>
        </test-method> <!-- TCED14156 -->
        <test-method status="PASS" signature="TCED14157()[pri:7, instance:com.analyzeByScore.StudentAssessmentAdministrationResultsbyTeacher@7cbd213e]" name="TCED14157" duration-ms="2393" started-at="2018-11-28T10:25:48Z" finished-at="2018-11-28T10:25:50Z">
          <reporter-output>
          </reporter-output>
        </test-method> <!-- TCED14157 -->
        <test-method status="PASS" signature="TCED14158()[pri:8, instance:com.analyzeByScore.StudentAssessmentAdministrationResultsbyTeacher@7cbd213e]" name="TCED14158" duration-ms="10437" started-at="2018-11-28T10:25:50Z" finished-at="2018-11-28T10:26:00Z">
          <reporter-output>
          </reporter-output>
        </test-method> <!-- TCED14158 -->
        <test-method status="PASS" signature="TCED14159()[pri:9, instance:com.analyzeByScore.StudentAssessmentAdministrationResultsbyTeacher@7cbd213e]" name="TCED14159" duration-ms="12336" started-at="2018-11-28T10:26:00Z" finished-at="2018-11-28T10:26:13Z">
          <reporter-output>
          </reporter-output>
        </test-method> <!-- TCED14159 -->
        <test-method status="PASS" signature="TCED14160()[pri:10, instance:com.analyzeByScore.StudentAssessmentAdministrationResultsbyTeacher@7cbd213e]" name="TCED14160" duration-ms="1806" started-at="2018-11-28T10:26:13Z" finished-at="2018-11-28T10:26:15Z">
          <reporter-output>
          </reporter-output>
        </test-method> <!-- TCED14160 -->
        <test-method status="PASS" signature="TCED14161()[pri:11, instance:com.analyzeByScore.StudentAssessmentAdministrationResultsbyTeacher@7cbd213e]" name="TCED14161" duration-ms="10444" started-at="2018-11-28T10:26:15Z" finished-at="2018-11-28T10:26:25Z">
          <reporter-output>
          </reporter-output>
        </test-method> <!-- TCED14161 -->
        <test-method status="PASS" signature="TCED14162()[pri:12, instance:com.analyzeByScore.StudentAssessmentAdministrationResultsbyTeacher@7cbd213e]" name="TCED14162" duration-ms="2005" started-at="2018-11-28T10:26:25Z" finished-at="2018-11-28T10:26:27Z">
          <reporter-output>
          </reporter-output>
        </test-method> <!-- TCED14162 -->
        <test-method status="PASS" signature="TCED14163()[pri:13, instance:com.analyzeByScore.StudentAssessmentAdministrationResultsbyTeacher@7cbd213e]" name="TCED14163" duration-ms="14059" started-at="2018-11-28T10:26:27Z" finished-at="2018-11-28T10:26:41Z">
          <reporter-output>
          </reporter-output>
        </test-method> <!-- TCED14163 -->
        <test-method status="PASS" signature="TCED14164()[pri:14, instance:com.analyzeByScore.StudentAssessmentAdministrationResultsbyTeacher@7cbd213e]" name="TCED14164" duration-ms="28351" started-at="2018-11-28T10:26:41Z" finished-at="2018-11-28T10:27:09Z">
          <reporter-output>
          </reporter-output>
        </test-method> <!-- TCED14164 -->
        <test-method status="PASS" signature="TCED14165()[pri:15, instance:com.analyzeByScore.StudentAssessmentAdministrationResultsbyTeacher@7cbd213e]" name="TCED14165" duration-ms="63227" started-at="2018-11-28T10:27:09Z" finished-at="2018-11-28T10:28:13Z">
          <reporter-output>
          </reporter-output>
        </test-method> <!-- TCED14165 -->
        <test-method status="PASS" signature="tearDown()[pri:0, instance:com.analyzeByScore.StudentAssessmentAdministrationResultsbyTeacher@7cbd213e]" name="tearDown" is-config="true" duration-ms="0" started-at="2018-11-28T10:28:13Z" finished-at="2018-11-28T10:28:13Z">
          <reporter-output>
          </reporter-output>
        </test-method> <!-- tearDown -->
      </class> <!-- com.analyzeByScore.StudentAssessmentAdministrationResultsbyTeacher -->
    </test> <!-- Default test -->
  </suite> <!-- Default suite -->
</testng-results>
