<?xml version="1.0" encoding="UTF-8"?>
<testng-results skipped="0" failed="0" ignored="0" total="7" passed="7">
  <reporter-output>
  </reporter-output>
  <suite name="Default suite" duration-ms="54295" started-at="2018-11-21T10:52:27Z" finished-at="2018-11-21T10:53:22Z">
    <groups>
    </groups>
    <test name="Default test" duration-ms="54295" started-at="2018-11-21T10:52:27Z" finished-at="2018-11-21T10:53:22Z">
      <class name="com.Home.Teacher_Course_Section_Attendance">
        <test-method status="PASS" signature="setup1()[pri:0, instance:com.Home.Teacher_Course_Section_Attendance@64f6106c]" name="setup1" is-config="true" duration-ms="8035" started-at="2018-11-21T10:52:27Z" finished-at="2018-11-21T10:52:35Z">
          <reporter-output>
          </reporter-output>
        </test-method> <!-- setup1 -->
        <test-method status="PASS" signature="TCED35601()[pri:1, instance:com.Home.Teacher_Course_Section_Attendance@64f6106c]" name="TCED35601" duration-ms="15180" started-at="2018-11-21T10:52:36Z" finished-at="2018-11-21T10:52:51Z">
          <reporter-output>
          </reporter-output>
        </test-method> <!-- TCED35601 -->
        <test-method status="PASS" signature="TCED35602()[pri:2, instance:com.Home.Teacher_Course_Section_Attendance@64f6106c]" name="TCED35602" duration-ms="157" started-at="2018-11-21T10:52:51Z" finished-at="2018-11-21T10:52:51Z">
          <reporter-output>
          </reporter-output>
        </test-method> <!-- TCED35602 -->
        <test-method status="PASS" signature="TCED35603()[pri:3, instance:com.Home.Teacher_Course_Section_Attendance@64f6106c]" name="TCED35603" duration-ms="11297" started-at="2018-11-21T10:52:51Z" finished-at="2018-11-21T10:53:02Z">
          <reporter-output>
          </reporter-output>
        </test-method> <!-- TCED35603 -->
        <test-method status="PASS" signature="TCED35604()[pri:4, instance:com.Home.Teacher_Course_Section_Attendance@64f6106c]" name="TCED35604" duration-ms="6615" started-at="2018-11-21T10:53:02Z" finished-at="2018-11-21T10:53:09Z">
          <reporter-output>
          </reporter-output>
        </test-method> <!-- TCED35604 -->
        <test-method status="PASS" signature="TCED35605()[pri:5, instance:com.Home.Teacher_Course_Section_Attendance@64f6106c]" name="TCED35605" duration-ms="12198" started-at="2018-11-21T10:53:09Z" finished-at="2018-11-21T10:53:21Z">
          <reporter-output>
          </reporter-output>
        </test-method> <!-- TCED35605 -->
        <test-method status="PASS" signature="TCED35606()[pri:6, instance:com.Home.Teacher_Course_Section_Attendance@64f6106c]" name="TCED35606" duration-ms="69" started-at="2018-11-21T10:53:21Z" finished-at="2018-11-21T10:53:21Z">
          <reporter-output>
          </reporter-output>
        </test-method> <!-- TCED35606 -->
        <test-method status="PASS" signature="TCED35607()[pri:7, instance:com.Home.Teacher_Course_Section_Attendance@64f6106c]" name="TCED35607" duration-ms="685" started-at="2018-11-21T10:53:21Z" finished-at="2018-11-21T10:53:22Z">
          <reporter-output>
          </reporter-output>
        </test-method> <!-- TCED35607 -->
        <test-method status="PASS" signature="tearDown()[pri:0, instance:com.Home.Teacher_Course_Section_Attendance@64f6106c]" name="tearDown" is-config="true" duration-ms="0" started-at="2018-11-21T10:53:22Z" finished-at="2018-11-21T10:53:22Z">
          <reporter-output>
          </reporter-output>
        </test-method> <!-- tearDown -->
      </class> <!-- com.Home.Teacher_Course_Section_Attendance -->
    </test> <!-- Default test -->
  </suite> <!-- Default suite -->
</testng-results>
