<?xml version="1.0" encoding="UTF-8"?>
<testng-results skipped="0" failed="0" total="15" passed="15">
  <reporter-output>
  </reporter-output>
  <suite name="Default suite" duration-ms="214561" started-at="2018-11-21T10:48:50Z" finished-at="2018-11-21T10:52:25Z">
    <groups>
    </groups>
    <test name="Default test" duration-ms="214561" started-at="2018-11-21T10:48:50Z" finished-at="2018-11-21T10:52:25Z">
      <class name="com.analyzeByScore.StudentAssessmentAdministrationResultsbyTeacher">
        <test-method status="PASS" signature="setup1()[pri:0, instance:com.analyzeByScore.StudentAssessmentAdministrationResultsbyTeacher@271053e1]" name="setup1" is-config="true" duration-ms="11086" started-at="2018-11-21T16:18:50Z" finished-at="2018-11-21T16:19:01Z">
          <reporter-output>
          </reporter-output>
        </test-method> <!-- setup1 -->
        <test-method status="PASS" signature="TCED14151()[pri:1, instance:com.analyzeByScore.StudentAssessmentAdministrationResultsbyTeacher@271053e1]" name="TCED14151" duration-ms="11583" started-at="2018-11-21T16:19:01Z" finished-at="2018-11-21T16:19:13Z">
          <reporter-output>
          </reporter-output>
        </test-method> <!-- TCED14151 -->
        <test-method status="PASS" signature="TCED14152()[pri:2, instance:com.analyzeByScore.StudentAssessmentAdministrationResultsbyTeacher@271053e1]" name="TCED14152" duration-ms="174" started-at="2018-11-21T16:19:13Z" finished-at="2018-11-21T16:19:13Z">
          <reporter-output>
          </reporter-output>
        </test-method> <!-- TCED14152 -->
        <test-method status="PASS" signature="TCED14153()[pri:3, instance:com.analyzeByScore.StudentAssessmentAdministrationResultsbyTeacher@271053e1]" name="TCED14153" duration-ms="1501" started-at="2018-11-21T16:19:13Z" finished-at="2018-11-21T16:19:14Z">
          <reporter-output>
          </reporter-output>
        </test-method> <!-- TCED14153 -->
        <test-method status="PASS" signature="TCED14154()[pri:4, instance:com.analyzeByScore.StudentAssessmentAdministrationResultsbyTeacher@271053e1]" name="TCED14154" duration-ms="17105" started-at="2018-11-21T16:19:14Z" finished-at="2018-11-21T16:19:32Z">
          <reporter-output>
          </reporter-output>
        </test-method> <!-- TCED14154 -->
        <test-method status="PASS" signature="TCED14155()[pri:5, instance:com.analyzeByScore.StudentAssessmentAdministrationResultsbyTeacher@271053e1]" name="TCED14155" duration-ms="15287" started-at="2018-11-21T16:19:32Z" finished-at="2018-11-21T16:19:47Z">
          <reporter-output>
          </reporter-output>
        </test-method> <!-- TCED14155 -->
        <test-method status="PASS" signature="TCED14156()[pri:6, instance:com.analyzeByScore.StudentAssessmentAdministrationResultsbyTeacher@271053e1]" name="TCED14156" duration-ms="12284" started-at="2018-11-21T16:19:47Z" finished-at="2018-11-21T16:19:59Z">
          <reporter-output>
          </reporter-output>
        </test-method> <!-- TCED14156 -->
        <test-method status="PASS" signature="TCED14157()[pri:7, instance:com.analyzeByScore.StudentAssessmentAdministrationResultsbyTeacher@271053e1]" name="TCED14157" duration-ms="2763" started-at="2018-11-21T16:19:59Z" finished-at="2018-11-21T16:20:02Z">
          <reporter-output>
          </reporter-output>
        </test-method> <!-- TCED14157 -->
        <test-method status="PASS" signature="TCED14158()[pri:8, instance:com.analyzeByScore.StudentAssessmentAdministrationResultsbyTeacher@271053e1]" name="TCED14158" duration-ms="10325" started-at="2018-11-21T16:20:02Z" finished-at="2018-11-21T16:20:12Z">
          <reporter-output>
          </reporter-output>
        </test-method> <!-- TCED14158 -->
        <test-method status="PASS" signature="TCED14159()[pri:9, instance:com.analyzeByScore.StudentAssessmentAdministrationResultsbyTeacher@271053e1]" name="TCED14159" duration-ms="12333" started-at="2018-11-21T16:20:12Z" finished-at="2018-11-21T16:20:25Z">
          <reporter-output>
          </reporter-output>
        </test-method> <!-- TCED14159 -->
        <test-method status="PASS" signature="TCED14160()[pri:10, instance:com.analyzeByScore.StudentAssessmentAdministrationResultsbyTeacher@271053e1]" name="TCED14160" duration-ms="1345" started-at="2018-11-21T16:20:25Z" finished-at="2018-11-21T16:20:26Z">
          <reporter-output>
          </reporter-output>
        </test-method> <!-- TCED14160 -->
        <test-method status="PASS" signature="TCED14161()[pri:11, instance:com.analyzeByScore.StudentAssessmentAdministrationResultsbyTeacher@271053e1]" name="TCED14161" duration-ms="10244" started-at="2018-11-21T16:20:26Z" finished-at="2018-11-21T16:20:36Z">
          <reporter-output>
          </reporter-output>
        </test-method> <!-- TCED14161 -->
        <test-method status="PASS" signature="TCED14162()[pri:12, instance:com.analyzeByScore.StudentAssessmentAdministrationResultsbyTeacher@271053e1]" name="TCED14162" duration-ms="1859" started-at="2018-11-21T16:20:36Z" finished-at="2018-11-21T16:20:38Z">
          <reporter-output>
          </reporter-output>
        </test-method> <!-- TCED14162 -->
        <test-method status="PASS" signature="TCED14163()[pri:13, instance:com.analyzeByScore.StudentAssessmentAdministrationResultsbyTeacher@271053e1]" name="TCED14163" duration-ms="15883" started-at="2018-11-21T16:20:38Z" finished-at="2018-11-21T16:20:54Z">
          <reporter-output>
          </reporter-output>
        </test-method> <!-- TCED14163 -->
        <test-method status="PASS" signature="TCED14164()[pri:14, instance:com.analyzeByScore.StudentAssessmentAdministrationResultsbyTeacher@271053e1]" name="TCED14164" duration-ms="27866" started-at="2018-11-21T16:20:54Z" finished-at="2018-11-21T16:21:22Z">
          <reporter-output>
          </reporter-output>
        </test-method> <!-- TCED14164 -->
        <test-method status="PASS" signature="TCED14165()[pri:15, instance:com.analyzeByScore.StudentAssessmentAdministrationResultsbyTeacher@271053e1]" name="TCED14165" duration-ms="62873" started-at="2018-11-21T16:21:22Z" finished-at="2018-11-21T16:22:25Z">
          <reporter-output>
          </reporter-output>
        </test-method> <!-- TCED14165 -->
        <test-method status="PASS" signature="tearDown()[pri:0, instance:com.analyzeByScore.StudentAssessmentAdministrationResultsbyTeacher@271053e1]" name="tearDown" is-config="true" duration-ms="1" started-at="2018-11-21T16:22:25Z" finished-at="2018-11-21T16:22:25Z">
          <reporter-output>
          </reporter-output>
        </test-method> <!-- tearDown -->
      </class> <!-- com.analyzeByScore.StudentAssessmentAdministrationResultsbyTeacher -->
    </test> <!-- Default test -->
  </suite> <!-- Default suite -->
</testng-results>
