<?xml version="1.0" encoding="UTF-8"?>
<testng-results skipped="0" failed="2" total="10" passed="8">
  <reporter-output>
  </reporter-output>
  <suite name="Default suite" duration-ms="125331" started-at="2018-10-29T13:52:05Z" finished-at="2018-10-29T13:54:10Z">
    <groups>
    </groups>
    <test name="Default test" duration-ms="125331" started-at="2018-10-29T13:52:05Z" finished-at="2018-10-29T13:54:10Z">
      <class name="com.MTSS.Meeting_History_Report">
        <test-method status="PASS" signature="setup1()[pri:0, instance:com.MTSS.Meeting_History_Report@1686d1f]" name="setup1" is-config="true" duration-ms="7978" started-at="2018-10-29T19:22:05Z" finished-at="2018-10-29T19:22:13Z">
          <reporter-output>
          </reporter-output>
        </test-method> <!-- setup1 -->
        <test-method status="PASS" signature="TCED22501()[pri:1, instance:com.MTSS.Meeting_History_Report@1686d1f]" name="TCED22501" duration-ms="7811" started-at="2018-10-29T19:22:13Z" finished-at="2018-10-29T19:22:21Z">
          <reporter-output>
          </reporter-output>
        </test-method> <!-- TCED22501 -->
        <test-method status="PASS" signature="TCED22502()[pri:2, instance:com.MTSS.Meeting_History_Report@1686d1f]" name="TCED22502" duration-ms="180" started-at="2018-10-29T19:22:21Z" finished-at="2018-10-29T19:22:21Z">
          <reporter-output>
          </reporter-output>
        </test-method> <!-- TCED22502 -->
        <test-method status="PASS" signature="TCED22503()[pri:3, instance:com.MTSS.Meeting_History_Report@1686d1f]" name="TCED22503" duration-ms="1346" started-at="2018-10-29T19:22:21Z" finished-at="2018-10-29T19:22:22Z">
          <reporter-output>
          </reporter-output>
        </test-method> <!-- TCED22503 -->
        <test-method status="PASS" signature="TCED22511()[pri:11, instance:com.MTSS.Meeting_History_Report@1686d1f]" name="TCED22511" duration-ms="9732" started-at="2018-10-29T19:22:22Z" finished-at="2018-10-29T19:22:32Z">
          <reporter-output>
          </reporter-output>
        </test-method> <!-- TCED22511 -->
        <test-method status="PASS" signature="TCED22512()[pri:12, instance:com.MTSS.Meeting_History_Report@1686d1f]" name="TCED22512" duration-ms="11320" started-at="2018-10-29T19:22:32Z" finished-at="2018-10-29T19:22:43Z">
          <reporter-output>
          </reporter-output>
        </test-method> <!-- TCED22512 -->
        <test-method status="PASS" signature="TCED22513()[pri:13, instance:com.MTSS.Meeting_History_Report@1686d1f]" name="TCED22513" duration-ms="11317" started-at="2018-10-29T19:22:43Z" finished-at="2018-10-29T19:22:55Z">
          <reporter-output>
          </reporter-output>
        </test-method> <!-- TCED22513 -->
        <test-method status="PASS" signature="TCED22514()[pri:14, instance:com.MTSS.Meeting_History_Report@1686d1f]" name="TCED22514" duration-ms="3378" started-at="2018-10-29T19:22:55Z" finished-at="2018-10-29T19:22:58Z">
          <reporter-output>
          </reporter-output>
        </test-method> <!-- TCED22514 -->
        <test-method status="FAIL" signature="TCED22515()[pri:15, instance:com.MTSS.Meeting_History_Report@1686d1f]" name="TCED22515" duration-ms="30222" started-at="2018-10-29T19:22:58Z" finished-at="2018-10-29T19:23:28Z">
          <exception class="java.lang.AssertionError">
            <message>
              <![CDATA[Timeout during waiting for element: '//*[@id='ctl00_MainContent_btnExportCSV']']]>
            </message>
            <full-stacktrace>
              <![CDATA[java.lang.AssertionError: Timeout during waiting for element: '//*[@id='ctl00_MainContent_btnExportCSV']'
	at Library.BaseClassOne.waitFor(BaseClassOne.java:271)
	at Library.BaseClassOne.click(BaseClassOne.java:183)
	at com.MTSS.Meeting_History_Report.TCED22515(Meeting_History_Report.java:475)
	at sun.reflect.NativeMethodAccessorImpl.invoke0(Native Method)
	at sun.reflect.NativeMethodAccessorImpl.invoke(NativeMethodAccessorImpl.java:62)
	at sun.reflect.DelegatingMethodAccessorImpl.invoke(DelegatingMethodAccessorImpl.java:43)
	at java.lang.reflect.Method.invoke(Method.java:498)
	at org.testng.internal.MethodInvocationHelper.invokeMethod(MethodInvocationHelper.java:100)
	at org.testng.internal.Invoker.invokeMethod(Invoker.java:646)
	at org.testng.internal.Invoker.invokeTestMethod(Invoker.java:811)
	at org.testng.internal.Invoker.invokeTestMethods(Invoker.java:1137)
	at org.testng.internal.TestMethodWorker.invokeTestMethods(TestMethodWorker.java:129)
	at org.testng.internal.TestMethodWorker.run(TestMethodWorker.java:112)
	at org.testng.TestRunner.privateRun(TestRunner.java:753)
	at org.testng.TestRunner.run(TestRunner.java:607)
	at org.testng.SuiteRunner.runTest(SuiteRunner.java:368)
	at org.testng.SuiteRunner.runSequentially(SuiteRunner.java:363)
	at org.testng.SuiteRunner.privateRun(SuiteRunner.java:321)
	at org.testng.SuiteRunner.run(SuiteRunner.java:270)
	at org.testng.SuiteRunnerWorker.runSuite(SuiteRunnerWorker.java:52)
	at org.testng.SuiteRunnerWorker.run(SuiteRunnerWorker.java:86)
	at org.testng.TestNG.runSuitesSequentially(TestNG.java:1284)
	at org.testng.TestNG.runSuitesLocally(TestNG.java:1209)
	at org.testng.TestNG.runSuites(TestNG.java:1124)
	at org.testng.TestNG.run(TestNG.java:1096)
	at org.testng.remote.AbstractRemoteTestNG.run(AbstractRemoteTestNG.java:132)
	at org.testng.remote.RemoteTestNG.initAndRun(RemoteTestNG.java:236)
	at org.testng.remote.RemoteTestNG.main(RemoteTestNG.java:81)
]]>
            </full-stacktrace>
          </exception> <!-- java.lang.AssertionError -->
          <reporter-output>
          </reporter-output>
        </test-method> <!-- TCED22515 -->
        <test-method status="FAIL" signature="TCED22516()[pri:16, instance:com.MTSS.Meeting_History_Report@1686d1f]" name="TCED22516" duration-ms="30246" started-at="2018-10-29T19:23:28Z" finished-at="2018-10-29T19:23:59Z">
          <exception class="java.lang.AssertionError">
            <message>
              <![CDATA[Timeout during waiting for element: '//*[@id='ctl00_MainContent_btnExportpdf']']]>
            </message>
            <full-stacktrace>
              <![CDATA[java.lang.AssertionError: Timeout during waiting for element: '//*[@id='ctl00_MainContent_btnExportpdf']'
	at Library.BaseClassOne.waitFor(BaseClassOne.java:271)
	at Library.BaseClassOne.click(BaseClassOne.java:183)
	at com.MTSS.Meeting_History_Report.TCED22516(Meeting_History_Report.java:499)
	at sun.reflect.NativeMethodAccessorImpl.invoke0(Native Method)
	at sun.reflect.NativeMethodAccessorImpl.invoke(NativeMethodAccessorImpl.java:62)
	at sun.reflect.DelegatingMethodAccessorImpl.invoke(DelegatingMethodAccessorImpl.java:43)
	at java.lang.reflect.Method.invoke(Method.java:498)
	at org.testng.internal.MethodInvocationHelper.invokeMethod(MethodInvocationHelper.java:100)
	at org.testng.internal.Invoker.invokeMethod(Invoker.java:646)
	at org.testng.internal.Invoker.invokeTestMethod(Invoker.java:811)
	at org.testng.internal.Invoker.invokeTestMethods(Invoker.java:1137)
	at org.testng.internal.TestMethodWorker.invokeTestMethods(TestMethodWorker.java:129)
	at org.testng.internal.TestMethodWorker.run(TestMethodWorker.java:112)
	at org.testng.TestRunner.privateRun(TestRunner.java:753)
	at org.testng.TestRunner.run(TestRunner.java:607)
	at org.testng.SuiteRunner.runTest(SuiteRunner.java:368)
	at org.testng.SuiteRunner.runSequentially(SuiteRunner.java:363)
	at org.testng.SuiteRunner.privateRun(SuiteRunner.java:321)
	at org.testng.SuiteRunner.run(SuiteRunner.java:270)
	at org.testng.SuiteRunnerWorker.runSuite(SuiteRunnerWorker.java:52)
	at org.testng.SuiteRunnerWorker.run(SuiteRunnerWorker.java:86)
	at org.testng.TestNG.runSuitesSequentially(TestNG.java:1284)
	at org.testng.TestNG.runSuitesLocally(TestNG.java:1209)
	at org.testng.TestNG.runSuites(TestNG.java:1124)
	at org.testng.TestNG.run(TestNG.java:1096)
	at org.testng.remote.AbstractRemoteTestNG.run(AbstractRemoteTestNG.java:132)
	at org.testng.remote.RemoteTestNG.initAndRun(RemoteTestNG.java:236)
	at org.testng.remote.RemoteTestNG.main(RemoteTestNG.java:81)
]]>
            </full-stacktrace>
          </exception> <!-- java.lang.AssertionError -->
          <reporter-output>
          </reporter-output>
        </test-method> <!-- TCED22516 -->
        <test-method status="PASS" signature="TCED22517()[pri:17, instance:com.MTSS.Meeting_History_Report@1686d1f]" name="TCED22517" duration-ms="11739" started-at="2018-10-29T19:23:59Z" finished-at="2018-10-29T19:24:10Z">
          <reporter-output>
          </reporter-output>
        </test-method> <!-- TCED22517 -->
        <test-method status="PASS" signature="tearDown()[pri:0, instance:com.MTSS.Meeting_History_Report@1686d1f]" name="tearDown" is-config="true" duration-ms="0" started-at="2018-10-29T19:24:10Z" finished-at="2018-10-29T19:24:10Z">
          <reporter-output>
          </reporter-output>
        </test-method> <!-- tearDown -->
      </class> <!-- com.MTSS.Meeting_History_Report -->
    </test> <!-- Default test -->
  </suite> <!-- Default suite -->
</testng-results>
