<?xml version="1.0" encoding="UTF-8"?>
<testng-results skipped="0" failed="0" total="8" passed="8">
  <reporter-output>
  </reporter-output>
  <suite name="Default suite" duration-ms="79909" started-at="2018-12-10T11:45:25Z" finished-at="2018-12-10T11:46:45Z">
    <groups>
    </groups>
    <test name="Default test" duration-ms="79909" started-at="2018-12-10T11:45:25Z" finished-at="2018-12-10T11:46:45Z">
      <class name="com.localassessment.Question_Bank_Apply_Standards">
        <test-method status="PASS" signature="setup1()[pri:0, instance:com.localassessment.Question_Bank_Apply_Standards@1686d1f]" name="setup1" is-config="true" duration-ms="6549" started-at="2018-12-10T17:15:25Z" finished-at="2018-12-10T17:15:32Z">
          <reporter-output>
          </reporter-output>
        </test-method> <!-- setup1 -->
        <test-method status="PASS" signature="TCED16201()[pri:0, instance:com.localassessment.Question_Bank_Apply_Standards@1686d1f]" name="TCED16201" duration-ms="5879" started-at="2018-12-10T17:15:32Z" finished-at="2018-12-10T17:15:38Z">
          <reporter-output>
          </reporter-output>
        </test-method> <!-- TCED16201 -->
        <test-method status="PASS" signature="TCED16202()[pri:1, instance:com.localassessment.Question_Bank_Apply_Standards@1686d1f]" name="TCED16202" duration-ms="8102" started-at="2018-12-10T17:15:38Z" finished-at="2018-12-10T17:15:46Z">
          <reporter-output>
          </reporter-output>
        </test-method> <!-- TCED16202 -->
        <test-method status="PASS" signature="TCED16203()[pri:2, instance:com.localassessment.Question_Bank_Apply_Standards@1686d1f]" name="TCED16203" duration-ms="678" started-at="2018-12-10T17:15:46Z" finished-at="2018-12-10T17:15:46Z">
          <reporter-output>
          </reporter-output>
        </test-method> <!-- TCED16203 -->
        <test-method status="PASS" signature="TCED16204()[pri:3, instance:com.localassessment.Question_Bank_Apply_Standards@1686d1f]" name="TCED16204" duration-ms="2374" started-at="2018-12-10T17:15:46Z" finished-at="2018-12-10T17:15:49Z">
          <reporter-output>
          </reporter-output>
        </test-method> <!-- TCED16204 -->
        <test-method status="PASS" signature="TCED16205()[pri:4, instance:com.localassessment.Question_Bank_Apply_Standards@1686d1f]" name="TCED16205" duration-ms="10137" started-at="2018-12-10T17:15:49Z" finished-at="2018-12-10T17:15:59Z">
          <reporter-output>
          </reporter-output>
        </test-method> <!-- TCED16205 -->
        <test-method status="PASS" signature="TCED16206()[pri:5, instance:com.localassessment.Question_Bank_Apply_Standards@1686d1f]" name="TCED16206" duration-ms="15763" started-at="2018-12-10T17:15:59Z" finished-at="2018-12-10T17:16:15Z">
          <reporter-output>
          </reporter-output>
        </test-method> <!-- TCED16206 -->
        <test-method status="PASS" signature="TCED16207()[pri:6, instance:com.localassessment.Question_Bank_Apply_Standards@1686d1f]" name="TCED16207" duration-ms="17857" started-at="2018-12-10T17:16:15Z" finished-at="2018-12-10T17:16:32Z">
          <reporter-output>
          </reporter-output>
        </test-method> <!-- TCED16207 -->
        <test-method status="PASS" signature="TCED16208()[pri:7, instance:com.localassessment.Question_Bank_Apply_Standards@1686d1f]" name="TCED16208" duration-ms="12528" started-at="2018-12-10T17:16:32Z" finished-at="2018-12-10T17:16:45Z">
          <reporter-output>
          </reporter-output>
        </test-method> <!-- TCED16208 -->
        <test-method status="PASS" signature="tearDown()[pri:0, instance:com.localassessment.Question_Bank_Apply_Standards@1686d1f]" name="tearDown" is-config="true" duration-ms="1" started-at="2018-12-10T17:16:45Z" finished-at="2018-12-10T17:16:45Z">
          <reporter-output>
          </reporter-output>
        </test-method> <!-- tearDown -->
      </class> <!-- com.localassessment.Question_Bank_Apply_Standards -->
    </test> <!-- Default test -->
  </suite> <!-- Default suite -->
</testng-results>
