<?xml version="1.0" encoding="UTF-8"?>
<testng-results skipped="0" failed="0" ignored="0" total="15" passed="15">
  <reporter-output>
  </reporter-output>
  <suite name="Default suite" duration-ms="46265" started-at="2018-09-06T07:32:21Z" finished-at="2018-09-06T07:33:08Z">
    <groups>
    </groups>
    <test name="Default test" duration-ms="46265" started-at="2018-09-06T07:32:21Z" finished-at="2018-09-06T07:33:08Z">
      <class name="com.MTSS.Configure_Settings">
        <test-method status="PASS" signature="setup1()[pri:0, instance:com.MTSS.Configure_Settings@3f49dace]" name="setup1" is-config="true" duration-ms="8814" started-at="2018-09-06T13:02:21Z" finished-at="2018-09-06T13:02:30Z">
          <reporter-output>
          </reporter-output>
        </test-method> <!-- setup1 -->
        <test-method status="PASS" signature="TCED23101()[pri:0, instance:com.MTSS.Configure_Settings@3f49dace]" name="TCED23101" duration-ms="7708" started-at="2018-09-06T13:02:30Z" finished-at="2018-09-06T13:02:38Z">
          <reporter-output>
          </reporter-output>
        </test-method> <!-- TCED23101 -->
        <test-method status="PASS" signature="TCED23102()[pri:1, instance:com.MTSS.Configure_Settings@3f49dace]" name="TCED23102" duration-ms="1139" started-at="2018-09-06T13:02:38Z" finished-at="2018-09-06T13:02:39Z">
          <reporter-output>
          </reporter-output>
        </test-method> <!-- TCED23102 -->
        <test-method status="PASS" signature="TCED23103()[pri:2, instance:com.MTSS.Configure_Settings@3f49dace]" name="TCED23103" duration-ms="2177" started-at="2018-09-06T13:02:39Z" finished-at="2018-09-06T13:02:41Z">
          <reporter-output>
          </reporter-output>
        </test-method> <!-- TCED23103 -->
        <test-method status="PASS" signature="TCED23104()[pri:3, instance:com.MTSS.Configure_Settings@3f49dace]" name="TCED23104" duration-ms="1979" started-at="2018-09-06T13:02:41Z" finished-at="2018-09-06T13:02:43Z">
          <reporter-output>
          </reporter-output>
        </test-method> <!-- TCED23104 -->
        <test-method status="PASS" signature="TCED23105()[pri:4, instance:com.MTSS.Configure_Settings@3f49dace]" name="TCED23105" duration-ms="2962" started-at="2018-09-06T13:02:43Z" finished-at="2018-09-06T13:02:46Z">
          <reporter-output>
          </reporter-output>
        </test-method> <!-- TCED23105 -->
        <test-method status="PASS" signature="TCED23106()[pri:5, instance:com.MTSS.Configure_Settings@3f49dace]" name="TCED23106" duration-ms="2253" started-at="2018-09-06T13:02:46Z" finished-at="2018-09-06T13:02:49Z">
          <reporter-output>
          </reporter-output>
        </test-method> <!-- TCED23106 -->
        <test-method status="PASS" signature="TCED23107()[pri:6, instance:com.MTSS.Configure_Settings@3f49dace]" name="TCED23107" duration-ms="1770" started-at="2018-09-06T13:02:49Z" finished-at="2018-09-06T13:02:50Z">
          <reporter-output>
          </reporter-output>
        </test-method> <!-- TCED23107 -->
        <test-method status="PASS" signature="TCED23108()[pri:7, instance:com.MTSS.Configure_Settings@3f49dace]" name="TCED23108" duration-ms="2055" started-at="2018-09-06T13:02:50Z" finished-at="2018-09-06T13:02:52Z">
          <reporter-output>
          </reporter-output>
        </test-method> <!-- TCED23108 -->
        <test-method status="PASS" signature="TCED23109()[pri:8, instance:com.MTSS.Configure_Settings@3f49dace]" name="TCED23109" duration-ms="2102" started-at="2018-09-06T13:02:52Z" finished-at="2018-09-06T13:02:54Z">
          <reporter-output>
          </reporter-output>
        </test-method> <!-- TCED23109 -->
        <test-method status="PASS" signature="TCED23110()[pri:9, instance:com.MTSS.Configure_Settings@3f49dace]" name="TCED23110" duration-ms="2066" started-at="2018-09-06T13:02:54Z" finished-at="2018-09-06T13:02:57Z">
          <reporter-output>
          </reporter-output>
        </test-method> <!-- TCED23110 -->
        <test-method status="PASS" signature="TCED23111()[pri:10, instance:com.MTSS.Configure_Settings@3f49dace]" name="TCED23111" duration-ms="1956" started-at="2018-09-06T13:02:57Z" finished-at="2018-09-06T13:02:58Z">
          <reporter-output>
          </reporter-output>
        </test-method> <!-- TCED23111 -->
        <test-method status="PASS" signature="TCED23112()[pri:10, instance:com.MTSS.Configure_Settings@3f49dace]" name="TCED23112" duration-ms="2031" started-at="2018-09-06T13:02:58Z" finished-at="2018-09-06T13:03:01Z">
          <reporter-output>
          </reporter-output>
        </test-method> <!-- TCED23112 -->
        <test-method status="PASS" signature="TCED23113()[pri:12, instance:com.MTSS.Configure_Settings@3f49dace]" name="TCED23113" duration-ms="2147" started-at="2018-09-06T13:03:01Z" finished-at="2018-09-06T13:03:03Z">
          <reporter-output>
          </reporter-output>
        </test-method> <!-- TCED23113 -->
        <test-method status="PASS" signature="TCED23114()[pri:13, instance:com.MTSS.Configure_Settings@3f49dace]" name="TCED23114" duration-ms="2291" started-at="2018-09-06T13:03:03Z" finished-at="2018-09-06T13:03:05Z">
          <reporter-output>
          </reporter-output>
        </test-method> <!-- TCED23114 -->
        <test-method status="PASS" signature="TCED23115()[pri:14, instance:com.MTSS.Configure_Settings@3f49dace]" name="TCED23115" duration-ms="2769" started-at="2018-09-06T13:03:05Z" finished-at="2018-09-06T13:03:08Z">
          <reporter-output>
          </reporter-output>
        </test-method> <!-- TCED23115 -->
        <test-method status="PASS" signature="tearDown()[pri:0, instance:com.MTSS.Configure_Settings@3f49dace]" name="tearDown" is-config="true" duration-ms="1" started-at="2018-09-06T13:03:08Z" finished-at="2018-09-06T13:03:08Z">
          <reporter-output>
          </reporter-output>
        </test-method> <!-- tearDown -->
      </class> <!-- com.MTSS.Configure_Settings -->
    </test> <!-- Default test -->
  </suite> <!-- Default suite -->
</testng-results>
