<?xml version="1.0" encoding="UTF-8"?>
<testng-results skipped="0" failed="0" total="8" passed="8">
  <reporter-output>
  </reporter-output>
  <suite name="Default suite" duration-ms="145960" started-at="2018-10-18T09:31:21Z" finished-at="2018-10-18T09:33:47Z">
    <groups>
    </groups>
    <test name="Default test" duration-ms="145960" started-at="2018-10-18T09:31:21Z" finished-at="2018-10-18T09:33:47Z">
      <class name="com.analyzeByScore.Local_Assessment_Item_Analysisby_Student">
        <test-method status="PASS" signature="setup1()[pri:0, instance:com.analyzeByScore.Local_Assessment_Item_Analysisby_Student@11053e1]" name="setup1" is-config="true" duration-ms="19780" started-at="2018-10-18T15:01:21Z" finished-at="2018-10-18T15:01:41Z">
          <reporter-output>
          </reporter-output>
        </test-method> <!-- setup1 -->
        <test-method status="PASS" signature="TCED14121()[pri:0, instance:com.analyzeByScore.Local_Assessment_Item_Analysisby_Student@11053e1]" name="TCED14121" duration-ms="6361" started-at="2018-10-18T15:01:41Z" finished-at="2018-10-18T15:01:47Z">
          <reporter-output>
          </reporter-output>
        </test-method> <!-- TCED14121 -->
        <test-method status="PASS" signature="TCED14122()[pri:1, instance:com.analyzeByScore.Local_Assessment_Item_Analysisby_Student@11053e1]" name="TCED14122" duration-ms="6635" started-at="2018-10-18T15:01:47Z" finished-at="2018-10-18T15:01:54Z">
          <reporter-output>
          </reporter-output>
        </test-method> <!-- TCED14122 -->
        <test-method status="PASS" signature="TCED14123()[pri:2, instance:com.analyzeByScore.Local_Assessment_Item_Analysisby_Student@11053e1]" name="TCED14123" duration-ms="327" started-at="2018-10-18T15:01:54Z" finished-at="2018-10-18T15:01:54Z">
          <reporter-output>
          </reporter-output>
        </test-method> <!-- TCED14123 -->
        <test-method status="PASS" signature="TCED14124()[pri:3, instance:com.analyzeByScore.Local_Assessment_Item_Analysisby_Student@11053e1]" name="TCED14124" duration-ms="2581" started-at="2018-10-18T15:01:54Z" finished-at="2018-10-18T15:01:57Z">
          <reporter-output>
          </reporter-output>
        </test-method> <!-- TCED14124 -->
        <test-method status="PASS" signature="TCED14125()[pri:4, instance:com.analyzeByScore.Local_Assessment_Item_Analysisby_Student@11053e1]" name="TCED14125" duration-ms="1852" started-at="2018-10-18T15:01:57Z" finished-at="2018-10-18T15:01:59Z">
          <reporter-output>
          </reporter-output>
        </test-method> <!-- TCED14125 -->
        <test-method status="PASS" signature="TCED14126()[pri:5, instance:com.analyzeByScore.Local_Assessment_Item_Analysisby_Student@11053e1]" name="TCED14126" duration-ms="11266" started-at="2018-10-18T15:01:59Z" finished-at="2018-10-18T15:02:10Z">
          <reporter-output>
          </reporter-output>
        </test-method> <!-- TCED14126 -->
        <test-method status="PASS" signature="TCED14127()[pri:6, instance:com.analyzeByScore.Local_Assessment_Item_Analysisby_Student@11053e1]" name="TCED14127" duration-ms="28137" started-at="2018-10-18T15:02:10Z" finished-at="2018-10-18T15:02:38Z">
          <reporter-output>
          </reporter-output>
        </test-method> <!-- TCED14127 -->
        <test-method status="PASS" signature="TCED14128()[pri:7, instance:com.analyzeByScore.Local_Assessment_Item_Analysisby_Student@11053e1]" name="TCED14128" duration-ms="68989" started-at="2018-10-18T15:02:38Z" finished-at="2018-10-18T15:03:47Z">
          <reporter-output>
          </reporter-output>
        </test-method> <!-- TCED14128 -->
        <test-method status="PASS" signature="tearDown()[pri:0, instance:com.analyzeByScore.Local_Assessment_Item_Analysisby_Student@11053e1]" name="tearDown" is-config="true" duration-ms="1" started-at="2018-10-18T15:03:47Z" finished-at="2018-10-18T15:03:47Z">
          <reporter-output>
          </reporter-output>
        </test-method> <!-- tearDown -->
      </class> <!-- com.analyzeByScore.Local_Assessment_Item_Analysisby_Student -->
    </test> <!-- Default test -->
  </suite> <!-- Default suite -->
</testng-results>
