<?xml version="1.0" encoding="UTF-8"?>
<testng-results skipped="0" failed="0" ignored="0" total="1" passed="1">
  <reporter-output>
  </reporter-output>
  <suite name="Default suite" duration-ms="27854" started-at="2018-10-04T07:23:57Z" finished-at="2018-10-04T07:24:25Z">
    <groups>
    </groups>
    <test name="Default test" duration-ms="27854" started-at="2018-10-04T07:23:57Z" finished-at="2018-10-04T07:24:25Z">
      <class name="com.Home.Student_Search">
        <test-method status="PASS" signature="setup1()[pri:0, instance:com.Home.Student_Search@64f6106c]" name="setup1" is-config="true" duration-ms="8244" started-at="2018-10-04T07:23:57Z" finished-at="2018-10-04T07:24:05Z">
          <reporter-output>
          </reporter-output>
        </test-method> <!-- setup1 -->
        <test-method status="PASS" signature="TCED33106()[pri:1, instance:com.Home.Student_Search@64f6106c]" name="TCED33106" duration-ms="19583" started-at="2018-10-04T07:24:05Z" finished-at="2018-10-04T07:24:25Z">
          <reporter-output>
          </reporter-output>
        </test-method> <!-- TCED33106 -->
        <test-method status="PASS" signature="tearDown()[pri:0, instance:com.Home.Student_Search@64f6106c]" name="tearDown" is-config="true" duration-ms="0" started-at="2018-10-04T07:24:25Z" finished-at="2018-10-04T07:24:25Z">
          <reporter-output>
          </reporter-output>
        </test-method> <!-- tearDown -->
      </class> <!-- com.Home.Student_Search -->
    </test> <!-- Default test -->
  </suite> <!-- Default suite -->
</testng-results>
