<?xml version="1.0" encoding="UTF-8"?>
<testng-results skipped="0" failed="0" ignored="0" total="5" passed="5">
  <reporter-output>
  </reporter-output>
  <suite name="Default suite" duration-ms="112071" started-at="2018-10-12T15:08:42Z" finished-at="2018-10-12T15:10:34Z">
    <groups>
    </groups>
    <test name="Default test" duration-ms="112071" started-at="2018-10-12T15:08:42Z" finished-at="2018-10-12T15:10:34Z">
      <class name="com.curriculum.Custom_Reports">
        <test-method status="PASS" signature="setup1()[pri:0, instance:com.curriculum.Custom_Reports@64f6106c]" name="setup1" is-config="true" duration-ms="8967" started-at="2018-10-12T15:08:42Z" finished-at="2018-10-12T15:08:51Z">
          <reporter-output>
          </reporter-output>
        </test-method> <!-- setup1 -->
        <test-method status="PASS" signature="TCED30601()[pri:0, instance:com.curriculum.Custom_Reports@64f6106c]" name="TCED30601" duration-ms="8950" started-at="2018-10-12T15:08:51Z" finished-at="2018-10-12T15:09:00Z">
          <reporter-output>
          </reporter-output>
        </test-method> <!-- TCED30601 -->
        <test-method status="PASS" signature="TCED30602()[pri:1, instance:com.curriculum.Custom_Reports@64f6106c]" name="TCED30602" duration-ms="1822" started-at="2018-10-12T15:09:00Z" finished-at="2018-10-12T15:09:02Z">
          <reporter-output>
          </reporter-output>
        </test-method> <!-- TCED30602 -->
        <test-method status="PASS" signature="TCED30603()[pri:2, instance:com.curriculum.Custom_Reports@64f6106c]" name="TCED30603" duration-ms="1101" started-at="2018-10-12T15:09:02Z" finished-at="2018-10-12T15:09:03Z">
          <reporter-output>
          </reporter-output>
        </test-method> <!-- TCED30603 -->
        <test-method status="PASS" signature="TCED30604()[pri:3, instance:com.curriculum.Custom_Reports@64f6106c]" name="TCED30604" duration-ms="45294" started-at="2018-10-12T15:09:03Z" finished-at="2018-10-12T15:09:48Z">
          <reporter-output>
          </reporter-output>
        </test-method> <!-- TCED30604 -->
        <test-method status="PASS" signature="TCED30605()[pri:4, instance:com.curriculum.Custom_Reports@64f6106c]" name="TCED30605" duration-ms="45896" started-at="2018-10-12T15:09:48Z" finished-at="2018-10-12T15:10:34Z">
          <reporter-output>
          </reporter-output>
        </test-method> <!-- TCED30605 -->
        <test-method status="PASS" signature="tearDown()[pri:0, instance:com.curriculum.Custom_Reports@64f6106c]" name="tearDown" is-config="true" duration-ms="1" started-at="2018-10-12T15:10:34Z" finished-at="2018-10-12T15:10:34Z">
          <reporter-output>
          </reporter-output>
        </test-method> <!-- tearDown -->
      </class> <!-- com.curriculum.Custom_Reports -->
    </test> <!-- Default test -->
  </suite> <!-- Default suite -->
</testng-results>
