<?xml version="1.0" encoding="UTF-8"?>
<testng-results skipped="0" failed="0" total="8" passed="8">
  <reporter-output>
  </reporter-output>
  <suite name="Default suite" duration-ms="100511" started-at="2018-11-12T10:57:18Z" finished-at="2018-11-12T10:58:58Z">
    <groups>
    </groups>
    <test name="Default test" duration-ms="100511" started-at="2018-11-12T10:57:18Z" finished-at="2018-11-12T10:58:58Z">
      <class name="com.MTSS.Meeting_History_Report">
        <test-method status="PASS" signature="setup1()[pri:0, instance:com.MTSS.Meeting_History_Report@1686d1f]" name="setup1" is-config="true" duration-ms="27799" started-at="2018-11-12T16:27:18Z" finished-at="2018-11-12T16:27:45Z">
          <reporter-output>
          </reporter-output>
        </test-method> <!-- setup1 -->
        <test-method status="PASS" signature="TCED22501()[pri:1, instance:com.MTSS.Meeting_History_Report@1686d1f]" name="TCED22501" duration-ms="8549" started-at="2018-11-12T16:27:45Z" finished-at="2018-11-12T16:27:54Z">
          <reporter-output>
          </reporter-output>
        </test-method> <!-- TCED22501 -->
        <test-method status="PASS" signature="TCED22511()[pri:11, instance:com.MTSS.Meeting_History_Report@1686d1f]" name="TCED22511" duration-ms="3403" started-at="2018-11-12T16:27:54Z" finished-at="2018-11-12T16:27:57Z">
          <reporter-output>
          </reporter-output>
        </test-method> <!-- TCED22511 -->
        <test-method status="PASS" signature="TCED22512()[pri:12, instance:com.MTSS.Meeting_History_Report@1686d1f]" name="TCED22512" duration-ms="11278" started-at="2018-11-12T16:27:57Z" finished-at="2018-11-12T16:28:09Z">
          <reporter-output>
          </reporter-output>
        </test-method> <!-- TCED22512 -->
        <test-method status="PASS" signature="TCED22513()[pri:13, instance:com.MTSS.Meeting_History_Report@1686d1f]" name="TCED22513" duration-ms="11297" started-at="2018-11-12T16:28:09Z" finished-at="2018-11-12T16:28:20Z">
          <reporter-output>
          </reporter-output>
        </test-method> <!-- TCED22513 -->
        <test-method status="PASS" signature="TCED22514()[pri:14, instance:com.MTSS.Meeting_History_Report@1686d1f]" name="TCED22514" duration-ms="3691" started-at="2018-11-12T16:28:20Z" finished-at="2018-11-12T16:28:24Z">
          <reporter-output>
          </reporter-output>
        </test-method> <!-- TCED22514 -->
        <test-method status="PASS" signature="TCED22515()[pri:15, instance:com.MTSS.Meeting_History_Report@1686d1f]" name="TCED22515" duration-ms="11277" started-at="2018-11-12T16:28:24Z" finished-at="2018-11-12T16:28:35Z">
          <reporter-output>
          </reporter-output>
        </test-method> <!-- TCED22515 -->
        <test-method status="PASS" signature="TCED22516()[pri:16, instance:com.MTSS.Meeting_History_Report@1686d1f]" name="TCED22516" duration-ms="11288" started-at="2018-11-12T16:28:35Z" finished-at="2018-11-12T16:28:46Z">
          <reporter-output>
          </reporter-output>
        </test-method> <!-- TCED22516 -->
        <test-method status="PASS" signature="TCED22517()[pri:17, instance:com.MTSS.Meeting_History_Report@1686d1f]" name="TCED22517" duration-ms="11895" started-at="2018-11-12T16:28:46Z" finished-at="2018-11-12T16:28:58Z">
          <reporter-output>
          </reporter-output>
        </test-method> <!-- TCED22517 -->
        <test-method status="PASS" signature="tearDown()[pri:0, instance:com.MTSS.Meeting_History_Report@1686d1f]" name="tearDown" is-config="true" duration-ms="1" started-at="2018-11-12T16:28:58Z" finished-at="2018-11-12T16:28:58Z">
          <reporter-output>
          </reporter-output>
        </test-method> <!-- tearDown -->
      </class> <!-- com.MTSS.Meeting_History_Report -->
    </test> <!-- Default test -->
  </suite> <!-- Default suite -->
</testng-results>
