<?xml version="1.0" encoding="UTF-8"?>
<testng-results skipped="0" failed="0" total="3" passed="3">
  <reporter-output>
  </reporter-output>
  <suite name="Default suite" duration-ms="20611" started-at="2018-09-24T12:59:09Z" finished-at="2018-09-24T12:59:30Z">
    <groups>
    </groups>
    <test name="Default test" duration-ms="20611" started-at="2018-09-24T12:59:09Z" finished-at="2018-09-24T12:59:30Z">
      <class name="com.curriculum.Custom_Reports">
        <test-method status="PASS" signature="setup1()[pri:0, instance:com.curriculum.Custom_Reports@f777e8]" name="setup1" is-config="true" duration-ms="10616" started-at="2018-09-24T18:29:09Z" finished-at="2018-09-24T18:29:20Z">
          <reporter-output>
          </reporter-output>
        </test-method> <!-- setup1 -->
        <test-method status="PASS" signature="TCED30601()[pri:0, instance:com.curriculum.Custom_Reports@f777e8]" name="TCED30601" duration-ms="8687" started-at="2018-09-24T18:29:20Z" finished-at="2018-09-24T18:29:29Z">
          <reporter-output>
          </reporter-output>
        </test-method> <!-- TCED30601 -->
        <test-method status="PASS" signature="TCED30602()[pri:1, instance:com.curriculum.Custom_Reports@f777e8]" name="TCED30602" duration-ms="73" started-at="2018-09-24T18:29:29Z" finished-at="2018-09-24T18:29:29Z">
          <reporter-output>
          </reporter-output>
        </test-method> <!-- TCED30602 -->
        <test-method status="PASS" signature="TCED30603()[pri:2, instance:com.curriculum.Custom_Reports@f777e8]" name="TCED30603" duration-ms="1212" started-at="2018-09-24T18:29:29Z" finished-at="2018-09-24T18:29:30Z">
          <reporter-output>
          </reporter-output>
        </test-method> <!-- TCED30603 -->
        <test-method status="PASS" signature="tearDown()[pri:0, instance:com.curriculum.Custom_Reports@f777e8]" name="tearDown" is-config="true" duration-ms="0" started-at="2018-09-24T18:29:30Z" finished-at="2018-09-24T18:29:30Z">
          <reporter-output>
          </reporter-output>
        </test-method> <!-- tearDown -->
      </class> <!-- com.curriculum.Custom_Reports -->
    </test> <!-- Default test -->
  </suite> <!-- Default suite -->
</testng-results>
