<?xml version="1.0" encoding="UTF-8"?>
<testng-results skipped="0" failed="2" total="8" passed="6">
  <reporter-output>
  </reporter-output>
  <suite name="Default suite" duration-ms="121655" started-at="2018-10-11T11:25:44Z" finished-at="2018-10-11T11:27:45Z">
    <groups>
    </groups>
    <test name="Default test" duration-ms="121655" started-at="2018-10-11T11:25:44Z" finished-at="2018-10-11T11:27:45Z">
      <class name="com.localassessment.apply_standard">
        <test-method status="PASS" signature="setup1()[pri:0, instance:com.localassessment.apply_standard@1686d1f]" name="setup1" is-config="true" duration-ms="7843" started-at="2018-10-11T16:55:44Z" finished-at="2018-10-11T16:55:51Z">
          <reporter-output>
          </reporter-output>
        </test-method> <!-- setup1 -->
        <test-method status="PASS" signature="TCED16201()[pri:0, instance:com.localassessment.apply_standard@1686d1f]" name="TCED16201" duration-ms="6210" started-at="2018-10-11T16:55:51Z" finished-at="2018-10-11T16:55:58Z">
          <reporter-output>
          </reporter-output>
        </test-method> <!-- TCED16201 -->
        <test-method status="PASS" signature="TCED16202()[pri:1, instance:com.localassessment.apply_standard@1686d1f]" name="TCED16202" duration-ms="7417" started-at="2018-10-11T16:55:58Z" finished-at="2018-10-11T16:56:05Z">
          <reporter-output>
          </reporter-output>
        </test-method> <!-- TCED16202 -->
        <test-method status="PASS" signature="TCED16203()[pri:2, instance:com.localassessment.apply_standard@1686d1f]" name="TCED16203" duration-ms="692" started-at="2018-10-11T16:56:05Z" finished-at="2018-10-11T16:56:06Z">
          <reporter-output>
          </reporter-output>
        </test-method> <!-- TCED16203 -->
        <test-method status="PASS" signature="TCED16204()[pri:3, instance:com.localassessment.apply_standard@1686d1f]" name="TCED16204" duration-ms="2632" started-at="2018-10-11T16:56:06Z" finished-at="2018-10-11T16:56:08Z">
          <reporter-output>
          </reporter-output>
        </test-method> <!-- TCED16204 -->
        <test-method status="PASS" signature="TCED16205()[pri:4, instance:com.localassessment.apply_standard@1686d1f]" name="TCED16205" duration-ms="10322" started-at="2018-10-11T16:56:08Z" finished-at="2018-10-11T16:56:19Z">
          <reporter-output>
          </reporter-output>
        </test-method> <!-- TCED16205 -->
        <test-method status="PASS" signature="TCED16206()[pri:5, instance:com.localassessment.apply_standard@1686d1f]" name="TCED16206" duration-ms="11479" started-at="2018-10-11T16:56:19Z" finished-at="2018-10-11T16:56:30Z">
          <reporter-output>
          </reporter-output>
        </test-method> <!-- TCED16206 -->
        <test-method status="FAIL" signature="TCED16207()[pri:6, instance:com.localassessment.apply_standard@1686d1f]" name="TCED16207" duration-ms="41099" started-at="2018-10-11T16:56:30Z" finished-at="2018-10-11T16:57:11Z">
          <exception class="java.lang.AssertionError">
            <message>
              <![CDATA[Timeout during waiting for element: '//*[@id='ctl00_ContentPlaceHolder1_QuestionBankStandards1_rgStandards_ctl00_ctl04_btnDelete']']]>
            </message>
            <full-stacktrace>
              <![CDATA[java.lang.AssertionError: Timeout during waiting for element: '//*[@id='ctl00_ContentPlaceHolder1_QuestionBankStandards1_rgStandards_ctl00_ctl04_btnDelete']'
	at Library.BaseClassOne.waitFor(BaseClassOne.java:258)
	at Library.BaseClassOne.click(BaseClassOne.java:170)
	at com.localassessment.apply_standard.TCED16207(apply_standard.java:337)
	at sun.reflect.NativeMethodAccessorImpl.invoke0(Native Method)
	at sun.reflect.NativeMethodAccessorImpl.invoke(NativeMethodAccessorImpl.java:62)
	at sun.reflect.DelegatingMethodAccessorImpl.invoke(DelegatingMethodAccessorImpl.java:43)
	at java.lang.reflect.Method.invoke(Method.java:498)
	at org.testng.internal.MethodInvocationHelper.invokeMethod(MethodInvocationHelper.java:100)
	at org.testng.internal.Invoker.invokeMethod(Invoker.java:646)
	at org.testng.internal.Invoker.invokeTestMethod(Invoker.java:811)
	at org.testng.internal.Invoker.invokeTestMethods(Invoker.java:1137)
	at org.testng.internal.TestMethodWorker.invokeTestMethods(TestMethodWorker.java:129)
	at org.testng.internal.TestMethodWorker.run(TestMethodWorker.java:112)
	at org.testng.TestRunner.privateRun(TestRunner.java:753)
	at org.testng.TestRunner.run(TestRunner.java:607)
	at org.testng.SuiteRunner.runTest(SuiteRunner.java:368)
	at org.testng.SuiteRunner.runSequentially(SuiteRunner.java:363)
	at org.testng.SuiteRunner.privateRun(SuiteRunner.java:321)
	at org.testng.SuiteRunner.run(SuiteRunner.java:270)
	at org.testng.SuiteRunnerWorker.runSuite(SuiteRunnerWorker.java:52)
	at org.testng.SuiteRunnerWorker.run(SuiteRunnerWorker.java:86)
	at org.testng.TestNG.runSuitesSequentially(TestNG.java:1284)
	at org.testng.TestNG.runSuitesLocally(TestNG.java:1209)
	at org.testng.TestNG.runSuites(TestNG.java:1124)
	at org.testng.TestNG.run(TestNG.java:1096)
	at org.testng.remote.AbstractRemoteTestNG.run(AbstractRemoteTestNG.java:132)
	at org.testng.remote.RemoteTestNG.initAndRun(RemoteTestNG.java:236)
	at org.testng.remote.RemoteTestNG.main(RemoteTestNG.java:81)
]]>
            </full-stacktrace>
          </exception> <!-- java.lang.AssertionError -->
          <reporter-output>
          </reporter-output>
        </test-method> <!-- TCED16207 -->
        <test-method status="FAIL" signature="TCED16208()[pri:7, instance:com.localassessment.apply_standard@1686d1f]" name="TCED16208" duration-ms="33928" started-at="2018-10-11T16:57:11Z" finished-at="2018-10-11T16:57:45Z">
          <exception class="java.lang.AssertionError">
            <message>
              <![CDATA[Timeout during waiting for element: '//*[@id='ctl00_ContentPlaceHolder1_QuestionBankStandards1_SplitButton']']]>
            </message>
            <full-stacktrace>
              <![CDATA[java.lang.AssertionError: Timeout during waiting for element: '//*[@id='ctl00_ContentPlaceHolder1_QuestionBankStandards1_SplitButton']'
	at Library.BaseClassOne.waitFor(BaseClassOne.java:258)
	at Library.BaseClassOne.click(BaseClassOne.java:170)
	at com.localassessment.apply_standard.TCED16208(apply_standard.java:375)
	at sun.reflect.NativeMethodAccessorImpl.invoke0(Native Method)
	at sun.reflect.NativeMethodAccessorImpl.invoke(NativeMethodAccessorImpl.java:62)
	at sun.reflect.DelegatingMethodAccessorImpl.invoke(DelegatingMethodAccessorImpl.java:43)
	at java.lang.reflect.Method.invoke(Method.java:498)
	at org.testng.internal.MethodInvocationHelper.invokeMethod(MethodInvocationHelper.java:100)
	at org.testng.internal.Invoker.invokeMethod(Invoker.java:646)
	at org.testng.internal.Invoker.invokeTestMethod(Invoker.java:811)
	at org.testng.internal.Invoker.invokeTestMethods(Invoker.java:1137)
	at org.testng.internal.TestMethodWorker.invokeTestMethods(TestMethodWorker.java:129)
	at org.testng.internal.TestMethodWorker.run(TestMethodWorker.java:112)
	at org.testng.TestRunner.privateRun(TestRunner.java:753)
	at org.testng.TestRunner.run(TestRunner.java:607)
	at org.testng.SuiteRunner.runTest(SuiteRunner.java:368)
	at org.testng.SuiteRunner.runSequentially(SuiteRunner.java:363)
	at org.testng.SuiteRunner.privateRun(SuiteRunner.java:321)
	at org.testng.SuiteRunner.run(SuiteRunner.java:270)
	at org.testng.SuiteRunnerWorker.runSuite(SuiteRunnerWorker.java:52)
	at org.testng.SuiteRunnerWorker.run(SuiteRunnerWorker.java:86)
	at org.testng.TestNG.runSuitesSequentially(TestNG.java:1284)
	at org.testng.TestNG.runSuitesLocally(TestNG.java:1209)
	at org.testng.TestNG.runSuites(TestNG.java:1124)
	at org.testng.TestNG.run(TestNG.java:1096)
	at org.testng.remote.AbstractRemoteTestNG.run(AbstractRemoteTestNG.java:132)
	at org.testng.remote.RemoteTestNG.initAndRun(RemoteTestNG.java:236)
	at org.testng.remote.RemoteTestNG.main(RemoteTestNG.java:81)
]]>
            </full-stacktrace>
          </exception> <!-- java.lang.AssertionError -->
          <reporter-output>
          </reporter-output>
        </test-method> <!-- TCED16208 -->
        <test-method status="PASS" signature="tearDown()[pri:0, instance:com.localassessment.apply_standard@1686d1f]" name="tearDown" is-config="true" duration-ms="0" started-at="2018-10-11T16:57:45Z" finished-at="2018-10-11T16:57:45Z">
          <reporter-output>
          </reporter-output>
        </test-method> <!-- tearDown -->
      </class> <!-- com.localassessment.apply_standard -->
    </test> <!-- Default test -->
  </suite> <!-- Default suite -->
</testng-results>
