<?xml version="1.0" encoding="UTF-8"?>
<testng-results skipped="0" failed="0" ignored="0" total="6" passed="6">
  <reporter-output>
  </reporter-output>
  <suite name="Default suite" duration-ms="50824" started-at="2018-11-27T09:29:00Z" finished-at="2018-11-27T09:29:51Z">
    <groups>
    </groups>
    <test name="Default test" duration-ms="50824" started-at="2018-11-27T09:29:00Z" finished-at="2018-11-27T09:29:51Z">
      <class name="com.Home.Teacher_Course_Section_Curriculum_Maps">
        <test-method status="PASS" signature="setup1()[pri:0, instance:com.Home.Teacher_Course_Section_Curriculum_Maps@32eebfca]" name="setup1" is-config="true" duration-ms="8368" started-at="2018-11-27T09:29:00Z" finished-at="2018-11-27T09:29:09Z">
          <reporter-output>
          </reporter-output>
        </test-method> <!-- setup1 -->
        <test-method status="PASS" signature="TCED35701()[pri:1, instance:com.Home.Teacher_Course_Section_Curriculum_Maps@32eebfca]" name="TCED35701" duration-ms="15179" started-at="2018-11-27T09:29:09Z" finished-at="2018-11-27T09:29:24Z">
          <reporter-output>
          </reporter-output>
        </test-method> <!-- TCED35701 -->
        <test-method status="PASS" signature="TCED35702()[pri:2, instance:com.Home.Teacher_Course_Section_Curriculum_Maps@32eebfca]" name="TCED35702" duration-ms="243" started-at="2018-11-27T09:29:24Z" finished-at="2018-11-27T09:29:24Z">
          <reporter-output>
          </reporter-output>
        </test-method> <!-- TCED35702 -->
        <test-method status="PASS" signature="TCED35703()[pri:3, instance:com.Home.Teacher_Course_Section_Curriculum_Maps@32eebfca]" name="TCED35703" duration-ms="2004" started-at="2018-11-27T09:29:24Z" finished-at="2018-11-27T09:29:26Z">
          <reporter-output>
          </reporter-output>
        </test-method> <!-- TCED35703 -->
        <test-method status="PASS" signature="TCED35704()[pri:4, instance:com.Home.Teacher_Course_Section_Curriculum_Maps@32eebfca]" name="TCED35704" duration-ms="990" started-at="2018-11-27T09:29:26Z" finished-at="2018-11-27T09:29:27Z">
          <reporter-output>
          </reporter-output>
        </test-method> <!-- TCED35704 -->
        <test-method status="PASS" signature="TCED35705()[pri:5, instance:com.Home.Teacher_Course_Section_Curriculum_Maps@32eebfca]" name="TCED35705" duration-ms="11639" started-at="2018-11-27T09:29:27Z" finished-at="2018-11-27T09:29:39Z">
          <reporter-output>
          </reporter-output>
        </test-method> <!-- TCED35705 -->
        <test-method status="PASS" signature="TCED35706()[pri:6, instance:com.Home.Teacher_Course_Section_Curriculum_Maps@32eebfca]" name="TCED35706" duration-ms="12367" started-at="2018-11-27T09:29:39Z" finished-at="2018-11-27T09:29:51Z">
          <reporter-output>
          </reporter-output>
        </test-method> <!-- TCED35706 -->
        <test-method status="PASS" signature="tearDown()[pri:0, instance:com.Home.Teacher_Course_Section_Curriculum_Maps@32eebfca]" name="tearDown" is-config="true" duration-ms="0" started-at="2018-11-27T09:29:51Z" finished-at="2018-11-27T09:29:51Z">
          <reporter-output>
          </reporter-output>
        </test-method> <!-- tearDown -->
      </class> <!-- com.Home.Teacher_Course_Section_Curriculum_Maps -->
    </test> <!-- Default test -->
  </suite> <!-- Default suite -->
</testng-results>
