<?xml version="1.0" encoding="UTF-8"?>
<testng-results skipped="0" failed="0" total="15" passed="15">
  <reporter-output>
  </reporter-output>
  <suite name="Default suite" duration-ms="110107" started-at="2018-11-12T12:12:33Z" finished-at="2018-11-12T12:14:23Z">
    <groups>
    </groups>
    <test name="Default test" duration-ms="110107" started-at="2018-11-12T12:12:33Z" finished-at="2018-11-12T12:14:23Z">
      <class name="com.Home.Student_Building_Grade_Lists">
        <test-method status="PASS" signature="setup1()[pri:0, instance:com.Home.Student_Building_Grade_Lists@13ad2d6]" name="setup1" is-config="true" duration-ms="22172" started-at="2018-11-12T17:42:33Z" finished-at="2018-11-12T17:42:55Z">
          <reporter-output>
          </reporter-output>
        </test-method> <!-- setup1 -->
        <test-method status="PASS" signature="TCED33201()[pri:1, instance:com.Home.Student_Building_Grade_Lists@13ad2d6]" name="TCED33201" duration-ms="10373" started-at="2018-11-12T17:42:55Z" finished-at="2018-11-12T17:43:05Z">
          <reporter-output>
          </reporter-output>
        </test-method> <!-- TCED33201 -->
        <test-method status="PASS" signature="TCED33202()[pri:2, instance:com.Home.Student_Building_Grade_Lists@13ad2d6]" name="TCED33202" duration-ms="481" started-at="2018-11-12T17:43:05Z" finished-at="2018-11-12T17:43:06Z">
          <reporter-output>
          </reporter-output>
        </test-method> <!-- TCED33202 -->
        <test-method status="PASS" signature="TCED33203()[pri:3, instance:com.Home.Student_Building_Grade_Lists@13ad2d6]" name="TCED33203" duration-ms="6212" started-at="2018-11-12T17:43:06Z" finished-at="2018-11-12T17:43:12Z">
          <reporter-output>
          </reporter-output>
        </test-method> <!-- TCED33203 -->
        <test-method status="PASS" signature="TCED33204()[pri:4, instance:com.Home.Student_Building_Grade_Lists@13ad2d6]" name="TCED33204" duration-ms="255" started-at="2018-11-12T17:43:12Z" finished-at="2018-11-12T17:43:12Z">
          <reporter-output>
          </reporter-output>
        </test-method> <!-- TCED33204 -->
        <test-method status="PASS" signature="TCED33205()[pri:5, instance:com.Home.Student_Building_Grade_Lists@13ad2d6]" name="TCED33205" duration-ms="11291" started-at="2018-11-12T17:43:12Z" finished-at="2018-11-12T17:43:23Z">
          <reporter-output>
          </reporter-output>
        </test-method> <!-- TCED33205 -->
        <test-method status="PASS" signature="TCED33206()[pri:6, instance:com.Home.Student_Building_Grade_Lists@13ad2d6]" name="TCED33206" duration-ms="11298" started-at="2018-11-12T17:43:23Z" finished-at="2018-11-12T17:43:35Z">
          <reporter-output>
          </reporter-output>
        </test-method> <!-- TCED33206 -->
        <test-method status="PASS" signature="TCED33207()[pri:7, instance:com.Home.Student_Building_Grade_Lists@13ad2d6]" name="TCED33207" duration-ms="2574" started-at="2018-11-12T17:43:35Z" finished-at="2018-11-12T17:43:37Z">
          <reporter-output>
          </reporter-output>
        </test-method> <!-- TCED33207 -->
        <test-method status="PASS" signature="TCED33208()[pri:8, instance:com.Home.Student_Building_Grade_Lists@13ad2d6]" name="TCED33208" duration-ms="2549" started-at="2018-11-12T17:43:37Z" finished-at="2018-11-12T17:43:40Z">
          <reporter-output>
          </reporter-output>
        </test-method> <!-- TCED33208 -->
        <test-method status="PASS" signature="TCED33209()[pri:9, instance:com.Home.Student_Building_Grade_Lists@13ad2d6]" name="TCED33209" duration-ms="3085" started-at="2018-11-12T17:43:40Z" finished-at="2018-11-12T17:43:43Z">
          <reporter-output>
          </reporter-output>
        </test-method> <!-- TCED33209 -->
        <test-method status="PASS" signature="TCED33210()[pri:10, instance:com.Home.Student_Building_Grade_Lists@13ad2d6]" name="TCED33210" duration-ms="208" started-at="2018-11-12T17:43:43Z" finished-at="2018-11-12T17:43:43Z">
          <reporter-output>
          </reporter-output>
        </test-method> <!-- TCED33210 -->
        <test-method status="PASS" signature="TCED33211()[pri:11, instance:com.Home.Student_Building_Grade_Lists@13ad2d6]" name="TCED33211" duration-ms="11268" started-at="2018-11-12T17:43:43Z" finished-at="2018-11-12T17:43:54Z">
          <reporter-output>
          </reporter-output>
        </test-method> <!-- TCED33211 -->
        <test-method status="PASS" signature="TCED33212()[pri:12, instance:com.Home.Student_Building_Grade_Lists@13ad2d6]" name="TCED33212" duration-ms="11312" started-at="2018-11-12T17:43:54Z" finished-at="2018-11-12T17:44:06Z">
          <reporter-output>
          </reporter-output>
        </test-method> <!-- TCED33212 -->
        <test-method status="PASS" signature="TCED33213()[pri:13, instance:com.Home.Student_Building_Grade_Lists@13ad2d6]" name="TCED33213" duration-ms="2504" started-at="2018-11-12T17:44:06Z" finished-at="2018-11-12T17:44:08Z">
          <reporter-output>
          </reporter-output>
        </test-method> <!-- TCED33213 -->
        <test-method status="PASS" signature="TCED33214()[pri:14, instance:com.Home.Student_Building_Grade_Lists@13ad2d6]" name="TCED33214" duration-ms="2635" started-at="2018-11-12T17:44:08Z" finished-at="2018-11-12T17:44:11Z">
          <reporter-output>
          </reporter-output>
        </test-method> <!-- TCED33214 -->
        <test-method status="PASS" signature="TCED33215()[pri:15, instance:com.Home.Student_Building_Grade_Lists@13ad2d6]" name="TCED33215" duration-ms="11838" started-at="2018-11-12T17:44:11Z" finished-at="2018-11-12T17:44:23Z">
          <reporter-output>
          </reporter-output>
        </test-method> <!-- TCED33215 -->
        <test-method status="PASS" signature="tearDown()[pri:0, instance:com.Home.Student_Building_Grade_Lists@13ad2d6]" name="tearDown" is-config="true" duration-ms="0" started-at="2018-11-12T17:44:23Z" finished-at="2018-11-12T17:44:23Z">
          <reporter-output>
          </reporter-output>
        </test-method> <!-- tearDown -->
      </class> <!-- com.Home.Student_Building_Grade_Lists -->
    </test> <!-- Default test -->
  </suite> <!-- Default suite -->
</testng-results>
