<?xml version="1.0" encoding="UTF-8"?>
<testng-results skipped="0" failed="0" ignored="0" total="1" passed="1">
  <reporter-output>
  </reporter-output>
  <suite name="Suite" duration-ms="42512" started-at="2018-10-03T09:48:28Z" finished-at="2018-10-03T09:49:10Z">
    <groups>
    </groups>
    <test name="Test" duration-ms="42512" started-at="2018-10-03T09:48:28Z" finished-at="2018-10-03T09:49:10Z">
      <class name="com.Home.Contacts">
        <test-method status="PASS" signature="setup1()[pri:0, instance:com.Home.Contacts@52f759d7]" name="setup1" is-config="true" duration-ms="19266" started-at="2018-10-03T09:48:28Z" finished-at="2018-10-03T09:48:47Z">
          <reporter-output>
          </reporter-output>
        </test-method> <!-- setup1 -->
        <test-method status="PASS" signature="TCED22706()[pri:1, instance:com.Home.Contacts@52f759d7]" name="TCED22706" duration-ms="23213" started-at="2018-10-03T09:48:47Z" finished-at="2018-10-03T09:49:10Z">
          <reporter-output>
          </reporter-output>
        </test-method> <!-- TCED22706 -->
        <test-method status="PASS" signature="tearDown()[pri:0, instance:com.Home.Contacts@52f759d7]" name="tearDown" is-config="true" duration-ms="0" started-at="2018-10-03T09:49:10Z" finished-at="2018-10-03T09:49:10Z">
          <reporter-output>
          </reporter-output>
        </test-method> <!-- tearDown -->
      </class> <!-- com.Home.Contacts -->
    </test> <!-- Test -->
  </suite> <!-- Suite -->
</testng-results>
