<?xml version="1.0" encoding="UTF-8"?>
<testng-results skipped="0" failed="0" total="3" passed="3">
  <reporter-output>
  </reporter-output>
  <suite name="Default suite" duration-ms="71208" started-at="2018-08-14T12:20:10Z" finished-at="2018-08-14T12:21:21Z">
    <groups>
    </groups>
    <test name="Default test" duration-ms="71208" started-at="2018-08-14T12:20:10Z" finished-at="2018-08-14T12:21:21Z">
      <class name="com.curriculum.My_lesson_plans_calendar">
        <test-method status="PASS" signature="setup1()[pri:0, instance:com.curriculum.My_lesson_plans_calendar@f777e8]" name="setup1" is-config="true" duration-ms="33446" started-at="2018-08-14T17:50:10Z" finished-at="2018-08-14T17:50:43Z">
          <reporter-output>
          </reporter-output>
        </test-method> <!-- setup1 -->
        <test-method status="PASS" signature="TCED24103()[pri:0, instance:com.curriculum.My_lesson_plans_calendar@f777e8]" name="TCED24103" duration-ms="21455" started-at="2018-08-14T17:50:44Z" finished-at="2018-08-14T17:51:05Z">
          <reporter-output>
          </reporter-output>
        </test-method> <!-- TCED24103 -->
        <test-method status="PASS" signature="TCED24105()[pri:0, instance:com.curriculum.My_lesson_plans_calendar@f777e8]" name="TCED24105" duration-ms="12911" started-at="2018-08-14T17:51:05Z" finished-at="2018-08-14T17:51:18Z">
          <reporter-output>
          </reporter-output>
        </test-method> <!-- TCED24105 -->
        <test-method status="PASS" signature="TCED24104()[pri:1, instance:com.curriculum.My_lesson_plans_calendar@f777e8]" name="TCED24104" duration-ms="3157" started-at="2018-08-14T17:51:18Z" finished-at="2018-08-14T17:51:21Z">
          <reporter-output>
          </reporter-output>
        </test-method> <!-- TCED24104 -->
        <test-method status="PASS" signature="tearDown()[pri:0, instance:com.curriculum.My_lesson_plans_calendar@f777e8]" name="tearDown" is-config="true" duration-ms="1" started-at="2018-08-14T17:51:21Z" finished-at="2018-08-14T17:51:21Z">
          <reporter-output>
          </reporter-output>
        </test-method> <!-- tearDown -->
      </class> <!-- com.curriculum.My_lesson_plans_calendar -->
    </test> <!-- Default test -->
  </suite> <!-- Default suite -->
</testng-results>
