<?xml version="1.0" encoding="UTF-8"?>
<testng-results skipped="0" failed="1" total="4" passed="3">
  <reporter-output>
  </reporter-output>
  <suite name="Default suite" duration-ms="68953" started-at="2018-09-11T13:57:21Z" finished-at="2018-09-11T13:58:30Z">
    <groups>
    </groups>
    <test name="Default test" duration-ms="68953" started-at="2018-09-11T13:57:21Z" finished-at="2018-09-11T13:58:30Z">
      <class name="com.curriculum.Edit_Curriculum">
        <test-method status="PASS" signature="setup1()[pri:0, instance:com.curriculum.Edit_Curriculum@1ee9989]" name="setup1" is-config="true" duration-ms="13015" started-at="2018-09-11T19:27:21Z" finished-at="2018-09-11T19:27:34Z">
          <reporter-output>
          </reporter-output>
        </test-method> <!-- setup1 -->
        <test-method status="PASS" signature="TCED29201()[pri:0, instance:com.curriculum.Edit_Curriculum@1ee9989]" name="TCED29201" duration-ms="8346" started-at="2018-09-11T19:27:34Z" finished-at="2018-09-11T19:27:42Z">
          <reporter-output>
          </reporter-output>
        </test-method> <!-- TCED29201 -->
        <test-method status="PASS" signature="TCED29202()[pri:1, instance:com.curriculum.Edit_Curriculum@1ee9989]" name="TCED29202" duration-ms="1510" started-at="2018-09-11T19:27:42Z" finished-at="2018-09-11T19:27:43Z">
          <reporter-output>
          </reporter-output>
        </test-method> <!-- TCED29202 -->
        <test-method status="PASS" signature="TCED29206()[pri:5, instance:com.curriculum.Edit_Curriculum@1ee9989]" name="TCED29206" duration-ms="22428" started-at="2018-09-11T19:27:43Z" finished-at="2018-09-11T19:28:06Z">
          <reporter-output>
          </reporter-output>
        </test-method> <!-- TCED29206 -->
        <test-method status="FAIL" signature="TCED29207()[pri:6, instance:com.curriculum.Edit_Curriculum@1ee9989]" name="TCED29207" duration-ms="23626" started-at="2018-09-11T19:28:06Z" finished-at="2018-09-11T19:28:30Z">
          <exception class="java.lang.AssertionError">
            <message>
              <![CDATA[Failed to download document which has extension .DOC expected [true] but found [false]]]>
            </message>
            <full-stacktrace>
              <![CDATA[java.lang.AssertionError: Failed to download document which has extension .DOC expected [true] but found [false]
	at org.testng.Assert.fail(Assert.java:94)
	at org.testng.Assert.failNotEquals(Assert.java:513)
	at org.testng.Assert.assertTrue(Assert.java:42)
	at com.curriculum.Edit_Curriculum.TCED29207(Edit_Curriculum.java:351)
	at sun.reflect.NativeMethodAccessorImpl.invoke0(Native Method)
	at sun.reflect.NativeMethodAccessorImpl.invoke(NativeMethodAccessorImpl.java:62)
	at sun.reflect.DelegatingMethodAccessorImpl.invoke(DelegatingMethodAccessorImpl.java:43)
	at java.lang.reflect.Method.invoke(Method.java:498)
	at org.testng.internal.MethodInvocationHelper.invokeMethod(MethodInvocationHelper.java:100)
	at org.testng.internal.Invoker.invokeMethod(Invoker.java:646)
	at org.testng.internal.Invoker.invokeTestMethod(Invoker.java:811)
	at org.testng.internal.Invoker.invokeTestMethods(Invoker.java:1137)
	at org.testng.internal.TestMethodWorker.invokeTestMethods(TestMethodWorker.java:129)
	at org.testng.internal.TestMethodWorker.run(TestMethodWorker.java:112)
	at org.testng.TestRunner.privateRun(TestRunner.java:753)
	at org.testng.TestRunner.run(TestRunner.java:607)
	at org.testng.SuiteRunner.runTest(SuiteRunner.java:368)
	at org.testng.SuiteRunner.runSequentially(SuiteRunner.java:363)
	at org.testng.SuiteRunner.privateRun(SuiteRunner.java:321)
	at org.testng.SuiteRunner.run(SuiteRunner.java:270)
	at org.testng.SuiteRunnerWorker.runSuite(SuiteRunnerWorker.java:52)
	at org.testng.SuiteRunnerWorker.run(SuiteRunnerWorker.java:86)
	at org.testng.TestNG.runSuitesSequentially(TestNG.java:1284)
	at org.testng.TestNG.runSuitesLocally(TestNG.java:1209)
	at org.testng.TestNG.runSuites(TestNG.java:1124)
	at org.testng.TestNG.run(TestNG.java:1096)
	at org.testng.remote.AbstractRemoteTestNG.run(AbstractRemoteTestNG.java:132)
	at org.testng.remote.RemoteTestNG.initAndRun(RemoteTestNG.java:236)
	at org.testng.remote.RemoteTestNG.main(RemoteTestNG.java:81)
]]>
            </full-stacktrace>
          </exception> <!-- java.lang.AssertionError -->
          <reporter-output>
          </reporter-output>
        </test-method> <!-- TCED29207 -->
        <test-method status="PASS" signature="tearDown()[pri:0, instance:com.curriculum.Edit_Curriculum@1ee9989]" name="tearDown" is-config="true" duration-ms="0" started-at="2018-09-11T19:28:30Z" finished-at="2018-09-11T19:28:30Z">
          <reporter-output>
          </reporter-output>
        </test-method> <!-- tearDown -->
      </class> <!-- com.curriculum.Edit_Curriculum -->
    </test> <!-- Default test -->
  </suite> <!-- Default suite -->
</testng-results>
