<?xml version="1.0" encoding="UTF-8"?>
<testng-results skipped="0" failed="0" total="1" passed="1">
  <reporter-output>
  </reporter-output>
  <suite name="Default suite" duration-ms="29257" started-at="2018-09-14T10:42:05Z" finished-at="2018-09-14T10:42:35Z">
    <groups>
    </groups>
    <test name="Default test" duration-ms="29257" started-at="2018-09-14T10:42:05Z" finished-at="2018-09-14T10:42:35Z">
      <class name="com.curriculum.Analyze_curriculam">
        <test-method status="PASS" signature="setup1()[pri:0, instance:com.curriculum.Analyze_curriculam@f777e8]" name="setup1" is-config="true" duration-ms="14017" started-at="2018-09-14T16:12:05Z" finished-at="2018-09-14T16:12:19Z">
          <reporter-output>
          </reporter-output>
        </test-method> <!-- setup1 -->
        <test-method status="PASS" signature="TCED29701()[pri:0, instance:com.curriculum.Analyze_curriculam@f777e8]" name="TCED29701" duration-ms="15218" started-at="2018-09-14T16:12:19Z" finished-at="2018-09-14T16:12:35Z">
          <reporter-output>
          </reporter-output>
        </test-method> <!-- TCED29701 -->
        <test-method status="PASS" signature="tearDown()[pri:0, instance:com.curriculum.Analyze_curriculam@f777e8]" name="tearDown" is-config="true" duration-ms="0" started-at="2018-09-14T16:12:35Z" finished-at="2018-09-14T16:12:35Z">
          <reporter-output>
          </reporter-output>
        </test-method> <!-- tearDown -->
      </class> <!-- com.curriculum.Analyze_curriculam -->
    </test> <!-- Default test -->
  </suite> <!-- Default suite -->
</testng-results>
