<?xml version="1.0" encoding="UTF-8"?>
<testng-results skipped="0" failed="0" ignored="0" total="5" passed="5">
  <reporter-output>
  </reporter-output>
  <suite name="Default suite" duration-ms="48432" started-at="2018-10-12T13:04:06Z" finished-at="2018-10-12T13:04:54Z">
    <groups>
    </groups>
    <test name="Default test" duration-ms="48432" started-at="2018-10-12T13:04:06Z" finished-at="2018-10-12T13:04:54Z">
      <class name="com.curriculum.Batch_Print">
        <test-method status="PASS" signature="setup1()[pri:0, instance:com.curriculum.Batch_Print@7a30d1e6]" name="setup1" is-config="true" duration-ms="8805" started-at="2018-10-12T13:04:06Z" finished-at="2018-10-12T13:04:15Z">
          <reporter-output>
          </reporter-output>
        </test-method> <!-- setup1 -->
        <test-method status="PASS" signature="TCED28101()[pri:0, instance:com.curriculum.Batch_Print@7a30d1e6]" name="TCED28101" duration-ms="8188" started-at="2018-10-12T13:04:15Z" finished-at="2018-10-12T13:04:23Z">
          <reporter-output>
          </reporter-output>
        </test-method> <!-- TCED28101 -->
        <test-method status="PASS" signature="TCED28102()[pri:1, instance:com.curriculum.Batch_Print@7a30d1e6]" name="TCED28102" duration-ms="1694" started-at="2018-10-12T13:04:23Z" finished-at="2018-10-12T13:04:25Z">
          <reporter-output>
          </reporter-output>
        </test-method> <!-- TCED28102 -->
        <test-method status="PASS" signature="TCED28103()[pri:2, instance:com.curriculum.Batch_Print@7a30d1e6]" name="TCED28103" duration-ms="5695" started-at="2018-10-12T13:04:25Z" finished-at="2018-10-12T13:04:30Z">
          <reporter-output>
          </reporter-output>
        </test-method> <!-- TCED28103 -->
        <test-method status="PASS" signature="TCED28104()[pri:3, instance:com.curriculum.Batch_Print@7a30d1e6]" name="TCED28104" duration-ms="23466" started-at="2018-10-12T13:04:30Z" finished-at="2018-10-12T13:04:54Z">
          <reporter-output>
          </reporter-output>
        </test-method> <!-- TCED28104 -->
        <test-method status="PASS" signature="TCED28105()[pri:4, instance:com.curriculum.Batch_Print@7a30d1e6]" name="TCED28105" duration-ms="544" started-at="2018-10-12T13:04:54Z" finished-at="2018-10-12T13:04:54Z">
          <reporter-output>
          </reporter-output>
        </test-method> <!-- TCED28105 -->
        <test-method status="PASS" signature="tearDown()[pri:0, instance:com.curriculum.Batch_Print@7a30d1e6]" name="tearDown" is-config="true" duration-ms="0" started-at="2018-10-12T13:04:54Z" finished-at="2018-10-12T13:04:54Z">
          <reporter-output>
          </reporter-output>
        </test-method> <!-- tearDown -->
      </class> <!-- com.curriculum.Batch_Print -->
    </test> <!-- Default test -->
  </suite> <!-- Default suite -->
</testng-results>
