<?xml version="1.0" encoding="UTF-8"?>
<testng-results skipped="0" failed="0" ignored="0" total="9" passed="9">
  <reporter-output>
  </reporter-output>
  <suite name="Default suite" duration-ms="145357" started-at="2018-11-16T11:06:17Z" finished-at="2018-11-16T11:08:43Z">
    <groups>
    </groups>
    <test name="Default test" duration-ms="145357" started-at="2018-11-16T11:06:17Z" finished-at="2018-11-16T11:08:43Z">
      <class name="com.administerAssessment.Create_New_Administration">
        <test-method status="PASS" signature="setup1()[pri:0, instance:com.administerAssessment.Create_New_Administration@7cbd213e]" name="setup1" is-config="true" duration-ms="13072" started-at="2018-11-16T11:06:17Z" finished-at="2018-11-16T11:06:30Z">
          <reporter-output>
          </reporter-output>
        </test-method> <!-- setup1 -->
        <test-method status="PASS" signature="TCED11001()[pri:1, instance:com.administerAssessment.Create_New_Administration@7cbd213e]" name="TCED11001" duration-ms="6662" started-at="2018-11-16T11:06:30Z" finished-at="2018-11-16T11:06:37Z">
          <reporter-output>
          </reporter-output>
        </test-method> <!-- TCED11001 -->
        <test-method status="PASS" signature="TCED11002()[pri:2, instance:com.administerAssessment.Create_New_Administration@7cbd213e]" name="TCED11002" duration-ms="5273" started-at="2018-11-16T11:06:37Z" finished-at="2018-11-16T11:06:42Z">
          <reporter-output>
          </reporter-output>
        </test-method> <!-- TCED11002 -->
        <test-method status="PASS" signature="TCED11003()[pri:3, instance:com.administerAssessment.Create_New_Administration@7cbd213e]" name="TCED11003" duration-ms="1791" started-at="2018-11-16T11:06:42Z" finished-at="2018-11-16T11:06:44Z">
          <reporter-output>
          </reporter-output>
        </test-method> <!-- TCED11003 -->
        <test-method status="PASS" signature="TCED11004()[pri:4, instance:com.administerAssessment.Create_New_Administration@7cbd213e]" name="TCED11004" duration-ms="612" started-at="2018-11-16T11:06:44Z" finished-at="2018-11-16T11:06:45Z">
          <reporter-output>
          </reporter-output>
        </test-method> <!-- TCED11004 -->
        <test-method status="PASS" signature="TCED11005()[pri:5, instance:com.administerAssessment.Create_New_Administration@7cbd213e]" name="TCED11005" duration-ms="1854" started-at="2018-11-16T11:06:45Z" finished-at="2018-11-16T11:06:46Z">
          <reporter-output>
          </reporter-output>
        </test-method> <!-- TCED11005 -->
        <test-method status="PASS" signature="TCED11006()[pri:6, instance:com.administerAssessment.Create_New_Administration@7cbd213e]" name="TCED11006" duration-ms="344" started-at="2018-11-16T11:06:46Z" finished-at="2018-11-16T11:06:47Z">
          <reporter-output>
          </reporter-output>
        </test-method> <!-- TCED11006 -->
        <test-method status="PASS" signature="TCED11007()[pri:7, instance:com.administerAssessment.Create_New_Administration@7cbd213e]" name="TCED11007" duration-ms="2801" started-at="2018-11-16T11:06:47Z" finished-at="2018-11-16T11:06:50Z">
          <reporter-output>
          </reporter-output>
        </test-method> <!-- TCED11007 -->
        <test-method status="PASS" signature="TCED11008()[pri:8, instance:com.administerAssessment.Create_New_Administration@7cbd213e]" name="TCED11008" duration-ms="109623" started-at="2018-11-16T11:06:50Z" finished-at="2018-11-16T11:08:39Z">
          <reporter-output>
          </reporter-output>
        </test-method> <!-- TCED11008 -->
        <test-method status="PASS" signature="TCED11009()[pri:9, instance:com.administerAssessment.Create_New_Administration@7cbd213e]" name="TCED11009" duration-ms="3281" started-at="2018-11-16T11:08:39Z" finished-at="2018-11-16T11:08:43Z">
          <reporter-output>
          </reporter-output>
        </test-method> <!-- TCED11009 -->
        <test-method status="PASS" signature="tearDown()[pri:0, instance:com.administerAssessment.Create_New_Administration@7cbd213e]" name="tearDown" is-config="true" duration-ms="1" started-at="2018-11-16T11:08:43Z" finished-at="2018-11-16T11:08:43Z">
          <reporter-output>
          </reporter-output>
        </test-method> <!-- tearDown -->
      </class> <!-- com.administerAssessment.Create_New_Administration -->
    </test> <!-- Default test -->
  </suite> <!-- Default suite -->
</testng-results>
