<?xml version="1.0" encoding="UTF-8"?>
<testng-results skipped="0" failed="0" total="15" passed="15">
  <reporter-output>
  </reporter-output>
  <suite name="Default suite" duration-ms="64164" started-at="2018-09-04T11:35:39Z" finished-at="2018-09-04T11:36:43Z">
    <groups>
    </groups>
    <test name="Default test" duration-ms="64164" started-at="2018-09-04T11:35:39Z" finished-at="2018-09-04T11:36:43Z">
      <class name="com.MTSS.Configure_Settings">
        <test-method status="PASS" signature="setup1()[pri:0, instance:com.MTSS.Configure_Settings@1686d1f]" name="setup1" is-config="true" duration-ms="27341" started-at="2018-09-04T17:05:39Z" finished-at="2018-09-04T17:06:06Z">
          <reporter-output>
          </reporter-output>
        </test-method> <!-- setup1 -->
        <test-method status="PASS" signature="TCED23101()[pri:0, instance:com.MTSS.Configure_Settings@1686d1f]" name="TCED23101" duration-ms="7286" started-at="2018-09-04T17:06:07Z" finished-at="2018-09-04T17:06:14Z">
          <reporter-output>
          </reporter-output>
        </test-method> <!-- TCED23101 -->
        <test-method status="PASS" signature="TCED23102()[pri:1, instance:com.MTSS.Configure_Settings@1686d1f]" name="TCED23102" duration-ms="963" started-at="2018-09-04T17:06:14Z" finished-at="2018-09-04T17:06:15Z">
          <reporter-output>
          </reporter-output>
        </test-method> <!-- TCED23102 -->
        <test-method status="PASS" signature="TCED23103()[pri:2, instance:com.MTSS.Configure_Settings@1686d1f]" name="TCED23103" duration-ms="2141" started-at="2018-09-04T17:06:15Z" finished-at="2018-09-04T17:06:17Z">
          <reporter-output>
          </reporter-output>
        </test-method> <!-- TCED23103 -->
        <test-method status="PASS" signature="TCED23104()[pri:3, instance:com.MTSS.Configure_Settings@1686d1f]" name="TCED23104" duration-ms="2360" started-at="2018-09-04T17:06:17Z" finished-at="2018-09-04T17:06:19Z">
          <reporter-output>
          </reporter-output>
        </test-method> <!-- TCED23104 -->
        <test-method status="PASS" signature="TCED23105()[pri:4, instance:com.MTSS.Configure_Settings@1686d1f]" name="TCED23105" duration-ms="3453" started-at="2018-09-04T17:06:19Z" finished-at="2018-09-04T17:06:23Z">
          <reporter-output>
          </reporter-output>
        </test-method> <!-- TCED23105 -->
        <test-method status="PASS" signature="TCED23106()[pri:5, instance:com.MTSS.Configure_Settings@1686d1f]" name="TCED23106" duration-ms="2279" started-at="2018-09-04T17:06:23Z" finished-at="2018-09-04T17:06:25Z">
          <reporter-output>
          </reporter-output>
        </test-method> <!-- TCED23106 -->
        <test-method status="PASS" signature="TCED23107()[pri:6, instance:com.MTSS.Configure_Settings@1686d1f]" name="TCED23107" duration-ms="1743" started-at="2018-09-04T17:06:25Z" finished-at="2018-09-04T17:06:27Z">
          <reporter-output>
          </reporter-output>
        </test-method> <!-- TCED23107 -->
        <test-method status="PASS" signature="TCED23108()[pri:7, instance:com.MTSS.Configure_Settings@1686d1f]" name="TCED23108" duration-ms="2237" started-at="2018-09-04T17:06:27Z" finished-at="2018-09-04T17:06:29Z">
          <reporter-output>
          </reporter-output>
        </test-method> <!-- TCED23108 -->
        <test-method status="PASS" signature="TCED23109()[pri:8, instance:com.MTSS.Configure_Settings@1686d1f]" name="TCED23109" duration-ms="1882" started-at="2018-09-04T17:06:29Z" finished-at="2018-09-04T17:06:31Z">
          <reporter-output>
          </reporter-output>
        </test-method> <!-- TCED23109 -->
        <test-method status="PASS" signature="TCED23110()[pri:9, instance:com.MTSS.Configure_Settings@1686d1f]" name="TCED23110" duration-ms="1851" started-at="2018-09-04T17:06:31Z" finished-at="2018-09-04T17:06:33Z">
          <reporter-output>
          </reporter-output>
        </test-method> <!-- TCED23110 -->
        <test-method status="PASS" signature="TCED23111()[pri:10, instance:com.MTSS.Configure_Settings@1686d1f]" name="TCED23111" duration-ms="1851" started-at="2018-09-04T17:06:33Z" finished-at="2018-09-04T17:06:35Z">
          <reporter-output>
          </reporter-output>
        </test-method> <!-- TCED23111 -->
        <test-method status="PASS" signature="TCED23112()[pri:10, instance:com.MTSS.Configure_Settings@1686d1f]" name="TCED23112" duration-ms="1881" started-at="2018-09-04T17:06:35Z" finished-at="2018-09-04T17:06:36Z">
          <reporter-output>
          </reporter-output>
        </test-method> <!-- TCED23112 -->
        <test-method status="PASS" signature="TCED23113()[pri:12, instance:com.MTSS.Configure_Settings@1686d1f]" name="TCED23113" duration-ms="2003" started-at="2018-09-04T17:06:36Z" finished-at="2018-09-04T17:06:38Z">
          <reporter-output>
          </reporter-output>
        </test-method> <!-- TCED23113 -->
        <test-method status="PASS" signature="TCED23114()[pri:13, instance:com.MTSS.Configure_Settings@1686d1f]" name="TCED23114" duration-ms="2331" started-at="2018-09-04T17:06:38Z" finished-at="2018-09-04T17:06:41Z">
          <reporter-output>
          </reporter-output>
        </test-method> <!-- TCED23114 -->
        <test-method status="PASS" signature="TCED23115()[pri:14, instance:com.MTSS.Configure_Settings@1686d1f]" name="TCED23115" duration-ms="2470" started-at="2018-09-04T17:06:41Z" finished-at="2018-09-04T17:06:43Z">
          <reporter-output>
          </reporter-output>
        </test-method> <!-- TCED23115 -->
        <test-method status="PASS" signature="tearDown()[pri:0, instance:com.MTSS.Configure_Settings@1686d1f]" name="tearDown" is-config="true" duration-ms="0" started-at="2018-09-04T17:06:43Z" finished-at="2018-09-04T17:06:43Z">
          <reporter-output>
          </reporter-output>
        </test-method> <!-- tearDown -->
      </class> <!-- com.MTSS.Configure_Settings -->
    </test> <!-- Default test -->
  </suite> <!-- Default suite -->
</testng-results>
