<?xml version="1.0" encoding="UTF-8"?>
<testng-results skipped="0" failed="1" total="5" passed="4">
  <reporter-output>
  </reporter-output>
  <suite name="Default suite" duration-ms="38928" started-at="2018-10-29T14:11:48Z" finished-at="2018-10-29T14:12:27Z">
    <groups>
    </groups>
    <test name="Default test" duration-ms="38928" started-at="2018-10-29T14:11:48Z" finished-at="2018-10-29T14:12:27Z">
      <class name="com.MTSS.Mass_Change_Person_Responsible">
        <test-method status="PASS" signature="setup1()[pri:0, instance:com.MTSS.Mass_Change_Person_Responsible@4cf777e8]" name="setup1" is-config="true" duration-ms="9036" started-at="2018-10-29T19:41:48Z" finished-at="2018-10-29T19:41:57Z">
          <reporter-output>
          </reporter-output>
        </test-method> <!-- setup1 -->
        <test-method status="PASS" signature="TCED21101()[pri:1, instance:com.MTSS.Mass_Change_Person_Responsible@4cf777e8]" name="TCED21101" duration-ms="9416" started-at="2018-10-29T19:41:57Z" finished-at="2018-10-29T19:42:07Z">
          <reporter-output>
          </reporter-output>
        </test-method> <!-- TCED21101 -->
        <test-method status="PASS" signature="TCED21102()[pri:2, instance:com.MTSS.Mass_Change_Person_Responsible@4cf777e8]" name="TCED21102" duration-ms="165" started-at="2018-10-29T19:42:07Z" finished-at="2018-10-29T19:42:07Z">
          <reporter-output>
          </reporter-output>
        </test-method> <!-- TCED21102 -->
        <test-method status="FAIL" signature="TCED21103()[pri:3, instance:com.MTSS.Mass_Change_Person_Responsible@4cf777e8]" name="TCED21103" duration-ms="1781" started-at="2018-10-29T19:42:07Z" finished-at="2018-10-29T19:42:09Z">
          <exception class="java.lang.AssertionError">
            <message>
              <![CDATA[expected [Person Responsible ] but found [Person Responsible]]]>
            </message>
            <full-stacktrace>
              <![CDATA[java.lang.AssertionError: expected [Person Responsible ] but found [Person Responsible]
	at org.testng.Assert.fail(Assert.java:94)
	at org.testng.Assert.failNotEquals(Assert.java:513)
	at org.testng.Assert.assertEqualsImpl(Assert.java:135)
	at org.testng.Assert.assertEquals(Assert.java:116)
	at org.testng.Assert.assertEquals(Assert.java:190)
	at org.testng.Assert.assertEquals(Assert.java:200)
	at com.MTSS.Mass_Change_Person_Responsible.TCED21103(Mass_Change_Person_Responsible.java:99)
	at sun.reflect.NativeMethodAccessorImpl.invoke0(Native Method)
	at sun.reflect.NativeMethodAccessorImpl.invoke(NativeMethodAccessorImpl.java:62)
	at sun.reflect.DelegatingMethodAccessorImpl.invoke(DelegatingMethodAccessorImpl.java:43)
	at java.lang.reflect.Method.invoke(Method.java:498)
	at org.testng.internal.MethodInvocationHelper.invokeMethod(MethodInvocationHelper.java:100)
	at org.testng.internal.Invoker.invokeMethod(Invoker.java:646)
	at org.testng.internal.Invoker.invokeTestMethod(Invoker.java:811)
	at org.testng.internal.Invoker.invokeTestMethods(Invoker.java:1137)
	at org.testng.internal.TestMethodWorker.invokeTestMethods(TestMethodWorker.java:129)
	at org.testng.internal.TestMethodWorker.run(TestMethodWorker.java:112)
	at org.testng.TestRunner.privateRun(TestRunner.java:753)
	at org.testng.TestRunner.run(TestRunner.java:607)
	at org.testng.SuiteRunner.runTest(SuiteRunner.java:368)
	at org.testng.SuiteRunner.runSequentially(SuiteRunner.java:363)
	at org.testng.SuiteRunner.privateRun(SuiteRunner.java:321)
	at org.testng.SuiteRunner.run(SuiteRunner.java:270)
	at org.testng.SuiteRunnerWorker.runSuite(SuiteRunnerWorker.java:52)
	at org.testng.SuiteRunnerWorker.run(SuiteRunnerWorker.java:86)
	at org.testng.TestNG.runSuitesSequentially(TestNG.java:1284)
	at org.testng.TestNG.runSuitesLocally(TestNG.java:1209)
	at org.testng.TestNG.runSuites(TestNG.java:1124)
	at org.testng.TestNG.run(TestNG.java:1096)
	at org.testng.remote.AbstractRemoteTestNG.run(AbstractRemoteTestNG.java:132)
	at org.testng.remote.RemoteTestNG.initAndRun(RemoteTestNG.java:236)
	at org.testng.remote.RemoteTestNG.main(RemoteTestNG.java:81)
]]>
            </full-stacktrace>
          </exception> <!-- java.lang.AssertionError -->
          <reporter-output>
          </reporter-output>
        </test-method> <!-- TCED21103 -->
        <test-method status="PASS" signature="TCED21104()[pri:4, instance:com.MTSS.Mass_Change_Person_Responsible@4cf777e8]" name="TCED21104" duration-ms="112" started-at="2018-10-29T19:42:09Z" finished-at="2018-10-29T19:42:09Z">
          <reporter-output>
          </reporter-output>
        </test-method> <!-- TCED21104 -->
        <test-method status="PASS" signature="TCED21105()[pri:5, instance:com.MTSS.Mass_Change_Person_Responsible@4cf777e8]" name="TCED21105" duration-ms="18388" started-at="2018-10-29T19:42:09Z" finished-at="2018-10-29T19:42:27Z">
          <reporter-output>
          </reporter-output>
        </test-method> <!-- TCED21105 -->
        <test-method status="PASS" signature="tearDown()[pri:0, instance:com.MTSS.Mass_Change_Person_Responsible@4cf777e8]" name="tearDown" is-config="true" duration-ms="1" started-at="2018-10-29T19:42:27Z" finished-at="2018-10-29T19:42:27Z">
          <reporter-output>
          </reporter-output>
        </test-method> <!-- tearDown -->
      </class> <!-- com.MTSS.Mass_Change_Person_Responsible -->
    </test> <!-- Default test -->
  </suite> <!-- Default suite -->
</testng-results>
