<?xml version="1.0" encoding="UTF-8"?>
<testng-results skipped="0" failed="0" total="23" passed="23">
  <reporter-output>
  </reporter-output>
  <suite name="Default suite" duration-ms="260627" started-at="2018-11-28T10:47:41Z" finished-at="2018-11-28T10:52:01Z">
    <groups>
    </groups>
    <test name="Default test" duration-ms="260627" started-at="2018-11-28T10:47:41Z" finished-at="2018-11-28T10:52:01Z">
      <class name="com.MTSS.Manage_meetings">
        <test-method status="PASS" signature="setup1()[pri:0, instance:com.MTSS.Manage_meetings@73ad2d6]" name="setup1" is-config="true" duration-ms="14712" started-at="2018-11-28T16:17:41Z" finished-at="2018-11-28T16:17:56Z">
          <reporter-output>
          </reporter-output>
        </test-method> <!-- setup1 -->
        <test-method status="PASS" signature="TCED20201()[pri:1, instance:com.MTSS.Manage_meetings@73ad2d6]" name="TCED20201" duration-ms="99387" started-at="2018-11-28T16:17:56Z" finished-at="2018-11-28T16:19:35Z">
          <reporter-output>
          </reporter-output>
        </test-method> <!-- TCED20201 -->
        <test-method status="PASS" signature="TCED20202()[pri:2, instance:com.MTSS.Manage_meetings@73ad2d6]" name="TCED20202" duration-ms="120" started-at="2018-11-28T16:19:35Z" finished-at="2018-11-28T16:19:35Z">
          <reporter-output>
          </reporter-output>
        </test-method> <!-- TCED20202 -->
        <test-method status="PASS" signature="TCED20203()[pri:3, instance:com.MTSS.Manage_meetings@73ad2d6]" name="TCED20203" duration-ms="2645" started-at="2018-11-28T16:19:35Z" finished-at="2018-11-28T16:19:38Z">
          <reporter-output>
          </reporter-output>
        </test-method> <!-- TCED20203 -->
        <test-method status="PASS" signature="TCED20204()[pri:4, instance:com.MTSS.Manage_meetings@73ad2d6]" name="TCED20204" duration-ms="3821" started-at="2018-11-28T16:19:38Z" finished-at="2018-11-28T16:19:42Z">
          <reporter-output>
          </reporter-output>
        </test-method> <!-- TCED20204 -->
        <test-method status="PASS" signature="TCED20205()[pri:5, instance:com.MTSS.Manage_meetings@73ad2d6]" name="TCED20205" duration-ms="136" started-at="2018-11-28T16:19:42Z" finished-at="2018-11-28T16:19:42Z">
          <reporter-output>
          </reporter-output>
        </test-method> <!-- TCED20205 -->
        <test-method status="PASS" signature="TCED20206()[pri:6, instance:com.MTSS.Manage_meetings@73ad2d6]" name="TCED20206" duration-ms="6482" started-at="2018-11-28T16:19:42Z" finished-at="2018-11-28T16:19:48Z">
          <reporter-output>
          </reporter-output>
        </test-method> <!-- TCED20206 -->
        <test-method status="PASS" signature="TCED20207()[pri:7, instance:com.MTSS.Manage_meetings@73ad2d6]" name="TCED20207" duration-ms="49" started-at="2018-11-28T16:19:48Z" finished-at="2018-11-28T16:19:48Z">
          <reporter-output>
          </reporter-output>
        </test-method> <!-- TCED20207 -->
        <test-method status="PASS" signature="TCED20208()[pri:8, instance:com.MTSS.Manage_meetings@73ad2d6]" name="TCED20208" duration-ms="8850" started-at="2018-11-28T16:19:48Z" finished-at="2018-11-28T16:19:57Z">
          <reporter-output>
          </reporter-output>
        </test-method> <!-- TCED20208 -->
        <test-method status="PASS" signature="TCED20209()[pri:9, instance:com.MTSS.Manage_meetings@73ad2d6]" name="TCED20209" duration-ms="4197" started-at="2018-11-28T16:19:57Z" finished-at="2018-11-28T16:20:01Z">
          <reporter-output>
          </reporter-output>
        </test-method> <!-- TCED20209 -->
        <test-method status="PASS" signature="TCED20210()[pri:10, instance:com.MTSS.Manage_meetings@73ad2d6]" name="TCED20210" duration-ms="8118" started-at="2018-11-28T16:20:01Z" finished-at="2018-11-28T16:20:09Z">
          <reporter-output>
          </reporter-output>
        </test-method> <!-- TCED20210 -->
        <test-method status="PASS" signature="TCED20211()[pri:11, instance:com.MTSS.Manage_meetings@73ad2d6]" name="TCED20211" duration-ms="10932" started-at="2018-11-28T16:20:09Z" finished-at="2018-11-28T16:20:20Z">
          <reporter-output>
          </reporter-output>
        </test-method> <!-- TCED20211 -->
        <test-method status="PASS" signature="TCED20212()[pri:12, instance:com.MTSS.Manage_meetings@73ad2d6]" name="TCED20212" duration-ms="10576" started-at="2018-11-28T16:20:20Z" finished-at="2018-11-28T16:20:31Z">
          <reporter-output>
          </reporter-output>
        </test-method> <!-- TCED20212 -->
        <test-method status="PASS" signature="TCED20213()[pri:13, instance:com.MTSS.Manage_meetings@73ad2d6]" name="TCED20213" duration-ms="52" started-at="2018-11-28T16:20:31Z" finished-at="2018-11-28T16:20:31Z">
          <reporter-output>
          </reporter-output>
        </test-method> <!-- TCED20213 -->
        <test-method status="PASS" signature="TCED20214()[pri:14, instance:com.MTSS.Manage_meetings@73ad2d6]" name="TCED20214" duration-ms="13738" started-at="2018-11-28T16:20:31Z" finished-at="2018-11-28T16:20:45Z">
          <reporter-output>
          </reporter-output>
        </test-method> <!-- TCED20214 -->
        <test-method status="PASS" signature="TCED20215()[pri:15, instance:com.MTSS.Manage_meetings@73ad2d6]" name="TCED20215" duration-ms="13259" started-at="2018-11-28T16:20:45Z" finished-at="2018-11-28T16:20:58Z">
          <reporter-output>
          </reporter-output>
        </test-method> <!-- TCED20215 -->
        <test-method status="PASS" signature="TCED20217()[pri:17, instance:com.MTSS.Manage_meetings@73ad2d6]" name="TCED20217" duration-ms="9573" started-at="2018-11-28T16:20:58Z" finished-at="2018-11-28T16:21:08Z">
          <reporter-output>
          </reporter-output>
        </test-method> <!-- TCED20217 -->
        <test-method status="PASS" signature="TCED20218()[pri:18, instance:com.MTSS.Manage_meetings@73ad2d6]" name="TCED20218" duration-ms="87" started-at="2018-11-28T16:21:08Z" finished-at="2018-11-28T16:21:08Z">
          <reporter-output>
          </reporter-output>
        </test-method> <!-- TCED20218 -->
        <test-method status="PASS" signature="TCED20219()[pri:19, instance:com.MTSS.Manage_meetings@73ad2d6]" name="TCED20219" duration-ms="11877" started-at="2018-11-28T16:21:08Z" finished-at="2018-11-28T16:21:20Z">
          <reporter-output>
          </reporter-output>
        </test-method> <!-- TCED20219 -->
        <test-method status="PASS" signature="TCED20220()[pri:20, instance:com.MTSS.Manage_meetings@73ad2d6]" name="TCED20220" duration-ms="177" started-at="2018-11-28T16:21:20Z" finished-at="2018-11-28T16:21:20Z">
          <reporter-output>
          </reporter-output>
        </test-method> <!-- TCED20220 -->
        <test-method status="PASS" signature="TCED20221()[pri:21, instance:com.MTSS.Manage_meetings@73ad2d6]" name="TCED20221" duration-ms="8216" started-at="2018-11-28T16:21:20Z" finished-at="2018-11-28T16:21:28Z">
          <reporter-output>
          </reporter-output>
        </test-method> <!-- TCED20221 -->
        <test-method status="PASS" signature="TCED20222()[pri:22, instance:com.MTSS.Manage_meetings@73ad2d6]" name="TCED20222" duration-ms="30776" started-at="2018-11-28T16:21:28Z" finished-at="2018-11-28T16:21:59Z">
          <reporter-output>
          </reporter-output>
        </test-method> <!-- TCED20222 -->
        <test-method status="PASS" signature="TCED20223()[pri:23, instance:com.MTSS.Manage_meetings@73ad2d6]" name="TCED20223" duration-ms="36" started-at="2018-11-28T16:21:59Z" finished-at="2018-11-28T16:21:59Z">
          <reporter-output>
          </reporter-output>
        </test-method> <!-- TCED20223 -->
        <test-method status="PASS" signature="TCED20224()[pri:24, instance:com.MTSS.Manage_meetings@73ad2d6]" name="TCED20224" duration-ms="2735" started-at="2018-11-28T16:21:59Z" finished-at="2018-11-28T16:22:01Z">
          <reporter-output>
          </reporter-output>
        </test-method> <!-- TCED20224 -->
        <test-method status="PASS" signature="tearDown()[pri:0, instance:com.MTSS.Manage_meetings@73ad2d6]" name="tearDown" is-config="true" duration-ms="0" started-at="2018-11-28T16:22:01Z" finished-at="2018-11-28T16:22:01Z">
          <reporter-output>
          </reporter-output>
        </test-method> <!-- tearDown -->
      </class> <!-- com.MTSS.Manage_meetings -->
    </test> <!-- Default test -->
  </suite> <!-- Default suite -->
</testng-results>
