<?xml version="1.0" encoding="UTF-8"?>
<testng-results skipped="0" failed="0" total="26" passed="26">
  <reporter-output>
  </reporter-output>
  <suite name="Default suite" duration-ms="422720" started-at="2018-11-30T11:54:50Z" finished-at="2018-11-30T12:01:53Z">
    <groups>
    </groups>
    <test name="Default test" duration-ms="422720" started-at="2018-11-30T11:54:50Z" finished-at="2018-11-30T12:01:53Z">
      <class name="com.analyzeByScore.AnalyzebyHigherOrderThinkingSkills">
        <test-method status="PASS" signature="setup1()[pri:0, instance:com.analyzeByScore.AnalyzebyHigherOrderThinkingSkills@271053e1]" name="setup1" is-config="true" duration-ms="11319" started-at="2018-11-30T17:24:50Z" finished-at="2018-11-30T17:25:01Z">
          <reporter-output>
          </reporter-output>
        </test-method> <!-- setup1 -->
        <test-method status="PASS" signature="TCED14401()[pri:1, instance:com.analyzeByScore.AnalyzebyHigherOrderThinkingSkills@271053e1]" name="TCED14401" duration-ms="11588" started-at="2018-11-30T17:25:01Z" finished-at="2018-11-30T17:25:13Z">
          <reporter-output>
          </reporter-output>
        </test-method> <!-- TCED14401 -->
        <test-method status="PASS" signature="TCED14402()[pri:2, instance:com.analyzeByScore.AnalyzebyHigherOrderThinkingSkills@271053e1]" name="TCED14402" duration-ms="163" started-at="2018-11-30T17:25:13Z" finished-at="2018-11-30T17:25:13Z">
          <reporter-output>
          </reporter-output>
        </test-method> <!-- TCED14402 -->
        <test-method status="PASS" signature="TCED14403()[pri:3, instance:com.analyzeByScore.AnalyzebyHigherOrderThinkingSkills@271053e1]" name="TCED14403" duration-ms="949" started-at="2018-11-30T17:25:13Z" finished-at="2018-11-30T17:25:14Z">
          <reporter-output>
          </reporter-output>
        </test-method> <!-- TCED14403 -->
        <test-method status="PASS" signature="TCED14404()[pri:4, instance:com.analyzeByScore.AnalyzebyHigherOrderThinkingSkills@271053e1]" name="TCED14404" duration-ms="4985" started-at="2018-11-30T17:25:14Z" finished-at="2018-11-30T17:25:19Z">
          <reporter-output>
          </reporter-output>
        </test-method> <!-- TCED14404 -->
        <test-method status="PASS" signature="TCED14405()[pri:5, instance:com.analyzeByScore.AnalyzebyHigherOrderThinkingSkills@271053e1]" name="TCED14405" duration-ms="5551" started-at="2018-11-30T17:25:19Z" finished-at="2018-11-30T17:25:25Z">
          <reporter-output>
          </reporter-output>
        </test-method> <!-- TCED14405 -->
        <test-method status="PASS" signature="TCED14406()[pri:6, instance:com.analyzeByScore.AnalyzebyHigherOrderThinkingSkills@271053e1]" name="TCED14406" duration-ms="13540" started-at="2018-11-30T17:25:25Z" finished-at="2018-11-30T17:25:38Z">
          <reporter-output>
          </reporter-output>
        </test-method> <!-- TCED14406 -->
        <test-method status="PASS" signature="TCED14407()[pri:7, instance:com.analyzeByScore.AnalyzebyHigherOrderThinkingSkills@271053e1]" name="TCED14407" duration-ms="72156" started-at="2018-11-30T17:25:38Z" finished-at="2018-11-30T17:26:50Z">
          <reporter-output>
          </reporter-output>
        </test-method> <!-- TCED14407 -->
        <test-method status="PASS" signature="TCED14408()[pri:8, instance:com.analyzeByScore.AnalyzebyHigherOrderThinkingSkills@271053e1]" name="TCED14408" duration-ms="15336" started-at="2018-11-30T17:26:50Z" finished-at="2018-11-30T17:27:06Z">
          <reporter-output>
          </reporter-output>
        </test-method> <!-- TCED14408 -->
        <test-method status="PASS" signature="TCED14409()[pri:9, instance:com.analyzeByScore.AnalyzebyHigherOrderThinkingSkills@271053e1]" name="TCED14409" duration-ms="7052" started-at="2018-11-30T17:27:06Z" finished-at="2018-11-30T17:27:13Z">
          <reporter-output>
          </reporter-output>
        </test-method> <!-- TCED14409 -->
        <test-method status="PASS" signature="TCED14410()[pri:10, instance:com.analyzeByScore.AnalyzebyHigherOrderThinkingSkills@271053e1]" name="TCED14410" duration-ms="1093" started-at="2018-11-30T17:27:13Z" finished-at="2018-11-30T17:27:14Z">
          <reporter-output>
          </reporter-output>
        </test-method> <!-- TCED14410 -->
        <test-method status="PASS" signature="TCED14411()[pri:11, instance:com.analyzeByScore.AnalyzebyHigherOrderThinkingSkills@271053e1]" name="TCED14411" duration-ms="5220" started-at="2018-11-30T17:27:14Z" finished-at="2018-11-30T17:27:19Z">
          <reporter-output>
          </reporter-output>
        </test-method> <!-- TCED14411 -->
        <test-method status="PASS" signature="TCED14412()[pri:12, instance:com.analyzeByScore.AnalyzebyHigherOrderThinkingSkills@271053e1]" name="TCED14412" duration-ms="5583" started-at="2018-11-30T17:27:19Z" finished-at="2018-11-30T17:27:25Z">
          <reporter-output>
          </reporter-output>
        </test-method> <!-- TCED14412 -->
        <test-method status="PASS" signature="TCED14413()[pri:13, instance:com.analyzeByScore.AnalyzebyHigherOrderThinkingSkills@271053e1]" name="TCED14413" duration-ms="13306" started-at="2018-11-30T17:27:25Z" finished-at="2018-11-30T17:27:38Z">
          <reporter-output>
          </reporter-output>
        </test-method> <!-- TCED14413 -->
        <test-method status="PASS" signature="TCED14414()[pri:14, instance:com.analyzeByScore.AnalyzebyHigherOrderThinkingSkills@271053e1]" name="TCED14414" duration-ms="17319" started-at="2018-11-30T17:27:38Z" finished-at="2018-11-30T17:27:55Z">
          <reporter-output>
          </reporter-output>
        </test-method> <!-- TCED14414 -->
        <test-method status="PASS" signature="TCED14415()[pri:15, instance:com.analyzeByScore.AnalyzebyHigherOrderThinkingSkills@271053e1]" name="TCED14415" duration-ms="13122" started-at="2018-11-30T17:27:55Z" finished-at="2018-11-30T17:28:08Z">
          <reporter-output>
          </reporter-output>
        </test-method> <!-- TCED14415 -->
        <test-method status="PASS" signature="TCED14416()[pri:16, instance:com.analyzeByScore.AnalyzebyHigherOrderThinkingSkills@271053e1]" name="TCED14416" duration-ms="6184" started-at="2018-11-30T17:28:08Z" finished-at="2018-11-30T17:28:15Z">
          <reporter-output>
          </reporter-output>
        </test-method> <!-- TCED14416 -->
        <test-method status="PASS" signature="TCED14417()[pri:17, instance:com.analyzeByScore.AnalyzebyHigherOrderThinkingSkills@271053e1]" name="TCED14417" duration-ms="1343" started-at="2018-11-30T17:28:15Z" finished-at="2018-11-30T17:28:16Z">
          <reporter-output>
          </reporter-output>
        </test-method> <!-- TCED14417 -->
        <test-method status="PASS" signature="TCED14418()[pri:18, instance:com.analyzeByScore.AnalyzebyHigherOrderThinkingSkills@271053e1]" name="TCED14418" duration-ms="5129" started-at="2018-11-30T17:28:16Z" finished-at="2018-11-30T17:28:21Z">
          <reporter-output>
          </reporter-output>
        </test-method> <!-- TCED14418 -->
        <test-method status="PASS" signature="TCED14419()[pri:19, instance:com.analyzeByScore.AnalyzebyHigherOrderThinkingSkills@271053e1]" name="TCED14419" duration-ms="4992" started-at="2018-11-30T17:28:21Z" finished-at="2018-11-30T17:28:26Z">
          <reporter-output>
          </reporter-output>
        </test-method> <!-- TCED14419 -->
        <test-method status="PASS" signature="TCED14420()[pri:20, instance:com.analyzeByScore.AnalyzebyHigherOrderThinkingSkills@271053e1]" name="TCED14420" duration-ms="13279" started-at="2018-11-30T17:28:26Z" finished-at="2018-11-30T17:28:39Z">
          <reporter-output>
          </reporter-output>
        </test-method> <!-- TCED14420 -->
        <test-method status="PASS" signature="TCED14421()[pri:21, instance:com.analyzeByScore.AnalyzebyHigherOrderThinkingSkills@271053e1]" name="TCED14421" duration-ms="16740" started-at="2018-11-30T17:28:39Z" finished-at="2018-11-30T17:28:56Z">
          <reporter-output>
          </reporter-output>
        </test-method> <!-- TCED14421 -->
        <test-method status="PASS" signature="TCED14422()[pri:22, instance:com.analyzeByScore.AnalyzebyHigherOrderThinkingSkills@271053e1]" name="TCED14422" duration-ms="13222" started-at="2018-11-30T17:28:56Z" finished-at="2018-11-30T17:29:09Z">
          <reporter-output>
          </reporter-output>
        </test-method> <!-- TCED14422 -->
        <test-method status="PASS" signature="TCED14423()[pri:23, instance:com.analyzeByScore.AnalyzebyHigherOrderThinkingSkills@271053e1]" name="TCED14423" duration-ms="13207" started-at="2018-11-30T17:29:09Z" finished-at="2018-11-30T17:29:23Z">
          <reporter-output>
          </reporter-output>
        </test-method> <!-- TCED14423 -->
        <test-method status="PASS" signature="TCED14424()[pri:24, instance:com.analyzeByScore.AnalyzebyHigherOrderThinkingSkills@271053e1]" name="TCED14424" duration-ms="8838" started-at="2018-11-30T17:29:23Z" finished-at="2018-11-30T17:29:31Z">
          <reporter-output>
          </reporter-output>
        </test-method> <!-- TCED14424 -->
        <test-method status="PASS" signature="TCED14425()[pri:25, instance:com.analyzeByScore.AnalyzebyHigherOrderThinkingSkills@271053e1]" name="TCED14425" duration-ms="27993" started-at="2018-11-30T17:29:31Z" finished-at="2018-11-30T17:29:59Z">
          <reporter-output>
          </reporter-output>
        </test-method> <!-- TCED14425 -->
        <test-method status="PASS" signature="TCED14426()[pri:26, instance:com.analyzeByScore.AnalyzebyHigherOrderThinkingSkills@271053e1]" name="TCED14426" duration-ms="113455" started-at="2018-11-30T17:29:59Z" finished-at="2018-11-30T17:31:53Z">
          <reporter-output>
          </reporter-output>
        </test-method> <!-- TCED14426 -->
        <test-method status="PASS" signature="tearDown()[pri:0, instance:com.analyzeByScore.AnalyzebyHigherOrderThinkingSkills@271053e1]" name="tearDown" is-config="true" duration-ms="0" started-at="2018-11-30T17:31:53Z" finished-at="2018-11-30T17:31:53Z">
          <reporter-output>
          </reporter-output>
        </test-method> <!-- tearDown -->
      </class> <!-- com.analyzeByScore.AnalyzebyHigherOrderThinkingSkills -->
    </test> <!-- Default test -->
  </suite> <!-- Default suite -->
</testng-results>
