<?xml version="1.0" encoding="UTF-8"?>
<testng-results skipped="0" failed="0" ignored="0" total="2" passed="2">
  <reporter-output>
  </reporter-output>
  <suite name="Suite" duration-ms="37421" started-at="2018-10-03T12:02:08Z" finished-at="2018-10-03T12:02:45Z">
    <groups>
    </groups>
    <test name="Test" duration-ms="37421" started-at="2018-10-03T12:02:08Z" finished-at="2018-10-03T12:02:45Z">
      <class name="com.curriculum.CompletionStatusReport">
        <test-method status="PASS" signature="setup1()[pri:0, instance:com.curriculum.CompletionStatusReport@64f6106c]" name="setup1" is-config="true" duration-ms="8410" started-at="2018-10-03T12:02:08Z" finished-at="2018-10-03T12:02:16Z">
          <reporter-output>
          </reporter-output>
        </test-method> <!-- setup1 -->
        <test-method status="PASS" signature="TCED30404()[pri:1, instance:com.curriculum.CompletionStatusReport@64f6106c]" name="TCED30404" duration-ms="19182" started-at="2018-10-03T12:02:16Z" finished-at="2018-10-03T12:02:35Z">
          <reporter-output>
          </reporter-output>
        </test-method> <!-- TCED30404 -->
        <test-method status="PASS" signature="TCED30405()[pri:2, instance:com.curriculum.CompletionStatusReport@64f6106c]" name="TCED30405" duration-ms="9796" started-at="2018-10-03T12:02:35Z" finished-at="2018-10-03T12:02:45Z">
          <reporter-output>
          </reporter-output>
        </test-method> <!-- TCED30405 -->
        <test-method status="PASS" signature="tearDown()[pri:0, instance:com.curriculum.CompletionStatusReport@64f6106c]" name="tearDown" is-config="true" duration-ms="1" started-at="2018-10-03T12:02:45Z" finished-at="2018-10-03T12:02:45Z">
          <reporter-output>
          </reporter-output>
        </test-method> <!-- tearDown -->
      </class> <!-- com.curriculum.CompletionStatusReport -->
    </test> <!-- Test -->
  </suite> <!-- Suite -->
</testng-results>
