<?xml version="1.0" encoding="UTF-8"?>
<testng-results skipped="0" failed="1" total="5" passed="4">
  <reporter-output>
  </reporter-output>
  <suite name="Default suite" duration-ms="65055" started-at="2018-09-19T09:56:47Z" finished-at="2018-09-19T09:57:52Z">
    <groups>
    </groups>
    <test name="Default test" duration-ms="65055" started-at="2018-09-19T09:56:47Z" finished-at="2018-09-19T09:57:52Z">
      <class name="com.curriculum.Batch_Print">
        <test-method status="PASS" signature="setup1()[pri:0, instance:com.curriculum.Batch_Print@1ee9989]" name="setup1" is-config="true" duration-ms="12407" started-at="2018-09-19T15:26:47Z" finished-at="2018-09-19T15:26:59Z">
          <reporter-output>
          </reporter-output>
        </test-method> <!-- setup1 -->
        <test-method status="PASS" signature="TCED28101()[pri:0, instance:com.curriculum.Batch_Print@1ee9989]" name="TCED28101" duration-ms="13656" started-at="2018-09-19T15:26:59Z" finished-at="2018-09-19T15:27:13Z">
          <reporter-output>
          </reporter-output>
        </test-method> <!-- TCED28101 -->
        <test-method status="FAIL" signature="TCED28102()[pri:1, instance:com.curriculum.Batch_Print@1ee9989]" name="TCED28102" duration-ms="2353" started-at="2018-09-19T15:27:13Z" finished-at="2018-09-19T15:27:15Z">
          <exception class="java.lang.AssertionError">
            <message>
              <![CDATA[Given xpath expression "//*[@id='ctl00_MainContent_tblContent]/tbody/tr/td[2]/table/tbody/tr[5]/td/b" is invalid: SyntaxError: The expression is not a legal expression.
For documentation on this error, please visit: http://seleniumhq.org/exceptions/invalid_selector_exception.html
Build info: version: '3.11.0', revision: 'e59cfb3', time: '2018-03-11T20:26:55.152Z'
System info: host: 'AKHIL-TS', ip: '192.168.10.122', os.name: 'Windows 7', os.arch: 'x86', os.version: '6.1', java.version: '1.8.0_112'
Driver info: org.openqa.selenium.firefox.FirefoxDriver
Capabilities {acceptInsecureCerts: true, browserName: firefox, browserVersion: 61.0, javascriptEnabled: true, moz:accessibilityChecks: false, moz:headless: false, moz:processID: 5920, moz:profile: D:\Users\Akhil-TS\AppData\L..., moz:useNonSpecCompliantPointerOrigin: false, moz:webdriverClick: true, pageLoadStrategy: normal, platform: XP, platformName: XP, platformVersion: 6.1, rotatable: false, timeouts: {implicit: 0, pageLoad: 300000, script: 30000}}
Session ID: 44e39853-1e0a-42fc-8169-8e6c05344da1
*** Element info: {Using=xpath, value=//*[@id='ctl00_MainContent_tblContent]/tbody/tr/td[2]/table/tbody/tr[5]/td/b}]]>
            </message>
            <full-stacktrace>
              <![CDATA[java.lang.AssertionError: Given xpath expression "//*[@id='ctl00_MainContent_tblContent]/tbody/tr/td[2]/table/tbody/tr[5]/td/b" is invalid: SyntaxError: The expression is not a legal expression.
For documentation on this error, please visit: http://seleniumhq.org/exceptions/invalid_selector_exception.html
Build info: version: '3.11.0', revision: 'e59cfb3', time: '2018-03-11T20:26:55.152Z'
System info: host: 'AKHIL-TS', ip: '192.168.10.122', os.name: 'Windows 7', os.arch: 'x86', os.version: '6.1', java.version: '1.8.0_112'
Driver info: org.openqa.selenium.firefox.FirefoxDriver
Capabilities {acceptInsecureCerts: true, browserName: firefox, browserVersion: 61.0, javascriptEnabled: true, moz:accessibilityChecks: false, moz:headless: false, moz:processID: 5920, moz:profile: D:\Users\Akhil-TS\AppData\L..., moz:useNonSpecCompliantPointerOrigin: false, moz:webdriverClick: true, pageLoadStrategy: normal, platform: XP, platformName: XP, platformVersion: 6.1, rotatable: false, timeouts: {implicit: 0, pageLoad: 300000, script: 30000}}
Session ID: 44e39853-1e0a-42fc-8169-8e6c05344da1
*** Element info: {Using=xpath, value=//*[@id='ctl00_MainContent_tblContent]/tbody/tr/td[2]/table/tbody/tr[5]/td/b}
	at org.testng.Assert.fail(Assert.java:94)
	at com.curriculum.Batch_Print.TCED28102(Batch_Print.java:118)
	at sun.reflect.NativeMethodAccessorImpl.invoke0(Native Method)
	at sun.reflect.NativeMethodAccessorImpl.invoke(NativeMethodAccessorImpl.java:62)
	at sun.reflect.DelegatingMethodAccessorImpl.invoke(DelegatingMethodAccessorImpl.java:43)
	at java.lang.reflect.Method.invoke(Method.java:498)
	at org.testng.internal.MethodInvocationHelper.invokeMethod(MethodInvocationHelper.java:100)
	at org.testng.internal.Invoker.invokeMethod(Invoker.java:646)
	at org.testng.internal.Invoker.invokeTestMethod(Invoker.java:811)
	at org.testng.internal.Invoker.invokeTestMethods(Invoker.java:1137)
	at org.testng.internal.TestMethodWorker.invokeTestMethods(TestMethodWorker.java:129)
	at org.testng.internal.TestMethodWorker.run(TestMethodWorker.java:112)
	at org.testng.TestRunner.privateRun(TestRunner.java:753)
	at org.testng.TestRunner.run(TestRunner.java:607)
	at org.testng.SuiteRunner.runTest(SuiteRunner.java:368)
	at org.testng.SuiteRunner.runSequentially(SuiteRunner.java:363)
	at org.testng.SuiteRunner.privateRun(SuiteRunner.java:321)
	at org.testng.SuiteRunner.run(SuiteRunner.java:270)
	at org.testng.SuiteRunnerWorker.runSuite(SuiteRunnerWorker.java:52)
	at org.testng.SuiteRunnerWorker.run(SuiteRunnerWorker.java:86)
	at org.testng.TestNG.runSuitesSequentially(TestNG.java:1284)
	at org.testng.TestNG.runSuitesLocally(TestNG.java:1209)
	at org.testng.TestNG.runSuites(TestNG.java:1124)
	at org.testng.TestNG.run(TestNG.java:1096)
	at org.testng.remote.AbstractRemoteTestNG.run(AbstractRemoteTestNG.java:132)
	at org.testng.remote.RemoteTestNG.initAndRun(RemoteTestNG.java:236)
	at org.testng.remote.RemoteTestNG.main(RemoteTestNG.java:81)
]]>
            </full-stacktrace>
          </exception> <!-- java.lang.AssertionError -->
          <reporter-output>
          </reporter-output>
        </test-method> <!-- TCED28102 -->
        <test-method status="PASS" signature="TCED28103()[pri:2, instance:com.curriculum.Batch_Print@1ee9989]" name="TCED28103" duration-ms="4211" started-at="2018-09-19T15:27:15Z" finished-at="2018-09-19T15:27:20Z">
          <reporter-output>
          </reporter-output>
        </test-method> <!-- TCED28103 -->
        <test-method status="PASS" signature="TCED28104()[pri:3, instance:com.curriculum.Batch_Print@1ee9989]" name="TCED28104" duration-ms="29798" started-at="2018-09-19T15:27:20Z" finished-at="2018-09-19T15:27:49Z">
          <reporter-output>
          </reporter-output>
        </test-method> <!-- TCED28104 -->
        <test-method status="PASS" signature="TCED28105()[pri:4, instance:com.curriculum.Batch_Print@1ee9989]" name="TCED28105" duration-ms="2588" started-at="2018-09-19T15:27:49Z" finished-at="2018-09-19T15:27:52Z">
          <reporter-output>
          </reporter-output>
        </test-method> <!-- TCED28105 -->
        <test-method status="PASS" signature="tearDown()[pri:0, instance:com.curriculum.Batch_Print@1ee9989]" name="tearDown" is-config="true" duration-ms="0" started-at="2018-09-19T15:27:52Z" finished-at="2018-09-19T15:27:52Z">
          <reporter-output>
          </reporter-output>
        </test-method> <!-- tearDown -->
      </class> <!-- com.curriculum.Batch_Print -->
    </test> <!-- Default test -->
  </suite> <!-- Default suite -->
</testng-results>
