<?xml version="1.0" encoding="UTF-8"?>
<testng-results skipped="0" failed="0" total="5" passed="5">
  <reporter-output>
  </reporter-output>
  <suite name="Default suite" duration-ms="95099" started-at="2018-09-12T12:50:45Z" finished-at="2018-09-12T12:52:20Z">
    <groups>
    </groups>
    <test name="Default test" duration-ms="95099" started-at="2018-09-12T12:50:45Z" finished-at="2018-09-12T12:52:20Z">
      <class name="com.curriculum.View_Print">
        <test-method status="PASS" signature="setup1()[pri:0, instance:com.curriculum.View_Print@f777e8]" name="setup1" is-config="true" duration-ms="8341" started-at="2018-09-12T18:20:45Z" finished-at="2018-09-12T18:20:53Z">
          <reporter-output>
          </reporter-output>
        </test-method> <!-- setup1 -->
        <test-method status="PASS" signature="TCED29601()[pri:0, instance:com.curriculum.View_Print@f777e8]" name="TCED29601" duration-ms="16583" started-at="2018-09-12T18:20:53Z" finished-at="2018-09-12T18:21:10Z">
          <reporter-output>
          </reporter-output>
        </test-method> <!-- TCED29601 -->
        <test-method status="PASS" signature="TCED29602()[pri:1, instance:com.curriculum.View_Print@f777e8]" name="TCED29602" duration-ms="14528" started-at="2018-09-12T18:21:10Z" finished-at="2018-09-12T18:21:24Z">
          <reporter-output>
          </reporter-output>
        </test-method> <!-- TCED29602 -->
        <test-method status="PASS" signature="TCED29603()[pri:2, instance:com.curriculum.View_Print@f777e8]" name="TCED29603" duration-ms="15737" started-at="2018-09-12T18:21:24Z" finished-at="2018-09-12T18:21:40Z">
          <reporter-output>
          </reporter-output>
        </test-method> <!-- TCED29603 -->
        <test-method status="PASS" signature="TCED29604()[pri:3, instance:com.curriculum.View_Print@f777e8]" name="TCED29604" duration-ms="15161" started-at="2018-09-12T18:21:40Z" finished-at="2018-09-12T18:21:55Z">
          <reporter-output>
          </reporter-output>
        </test-method> <!-- TCED29604 -->
        <test-method status="PASS" signature="TCED29605()[pri:4, instance:com.curriculum.View_Print@f777e8]" name="TCED29605" duration-ms="24697" started-at="2018-09-12T18:21:55Z" finished-at="2018-09-12T18:22:20Z">
          <reporter-output>
          </reporter-output>
        </test-method> <!-- TCED29605 -->
        <test-method status="PASS" signature="tearDown()[pri:0, instance:com.curriculum.View_Print@f777e8]" name="tearDown" is-config="true" duration-ms="0" started-at="2018-09-12T18:22:20Z" finished-at="2018-09-12T18:22:20Z">
          <reporter-output>
          </reporter-output>
        </test-method> <!-- tearDown -->
      </class> <!-- com.curriculum.View_Print -->
    </test> <!-- Default test -->
  </suite> <!-- Default suite -->
</testng-results>
