<?xml version="1.0" encoding="UTF-8"?>
<testng-results skipped="0" failed="1" ignored="0" total="27" passed="26">
  <reporter-output>
  </reporter-output>
  <suite name="Default suite" duration-ms="156596" started-at="2018-10-23T10:15:13Z" finished-at="2018-10-23T10:17:50Z">
    <groups>
    </groups>
    <test name="Default test" duration-ms="156596" started-at="2018-10-23T10:15:13Z" finished-at="2018-10-23T10:17:50Z">
      <class name="com.curriculum.Create_New_Map">
        <test-method status="PASS" signature="setup1()[pri:0, instance:com.curriculum.Create_New_Map@5891e32e]" name="setup1" is-config="true" duration-ms="45923" started-at="2018-10-23T10:15:13Z" finished-at="2018-10-23T10:15:59Z">
          <reporter-output>
          </reporter-output>
        </test-method> <!-- setup1 -->
        <test-method status="PASS" signature="TCED29101()[pri:1, instance:com.curriculum.Create_New_Map@5891e32e]" name="TCED29101" duration-ms="12878" started-at="2018-10-23T10:15:59Z" finished-at="2018-10-23T10:16:12Z">
          <reporter-output>
          </reporter-output>
        </test-method> <!-- TCED29101 -->
        <test-method status="PASS" signature="TCED29102()[pri:2, instance:com.curriculum.Create_New_Map@5891e32e]" name="TCED29102" duration-ms="59" started-at="2018-10-23T10:16:12Z" finished-at="2018-10-23T10:16:12Z">
          <reporter-output>
          </reporter-output>
        </test-method> <!-- TCED29102 -->
        <test-method status="PASS" signature="TCED29103()[pri:3, instance:com.curriculum.Create_New_Map@5891e32e]" name="TCED29103" duration-ms="2058" started-at="2018-10-23T10:16:12Z" finished-at="2018-10-23T10:16:14Z">
          <reporter-output>
          </reporter-output>
        </test-method> <!-- TCED29103 -->
        <test-method status="PASS" signature="TCED29104()[pri:4, instance:com.curriculum.Create_New_Map@5891e32e]" name="TCED29104" duration-ms="644" started-at="2018-10-23T10:16:14Z" finished-at="2018-10-23T10:16:15Z">
          <reporter-output>
          </reporter-output>
        </test-method> <!-- TCED29104 -->
        <test-method status="PASS" signature="TCED29105()[pri:5, instance:com.curriculum.Create_New_Map@5891e32e]" name="TCED29105" duration-ms="2964" started-at="2018-10-23T10:16:15Z" finished-at="2018-10-23T10:16:18Z">
          <reporter-output>
          </reporter-output>
        </test-method> <!-- TCED29105 -->
        <test-method status="PASS" signature="TCED29106()[pri:6, instance:com.curriculum.Create_New_Map@5891e32e]" name="TCED29106" duration-ms="4158" started-at="2018-10-23T10:16:18Z" finished-at="2018-10-23T10:16:22Z">
          <reporter-output>
          </reporter-output>
        </test-method> <!-- TCED29106 -->
        <test-method status="PASS" signature="TCED29120()[pri:20, instance:com.curriculum.Create_New_Map@5891e32e]" name="TCED29120" duration-ms="2407" started-at="2018-10-23T10:16:22Z" finished-at="2018-10-23T10:16:24Z">
          <reporter-output>
          </reporter-output>
        </test-method> <!-- TCED29120 -->
        <test-method status="PASS" signature="TCED29121()[pri:21, instance:com.curriculum.Create_New_Map@5891e32e]" name="TCED29121" duration-ms="761" started-at="2018-10-23T10:16:24Z" finished-at="2018-10-23T10:16:25Z">
          <reporter-output>
          </reporter-output>
        </test-method> <!-- TCED29121 -->
        <test-method status="PASS" signature="TCED29122()[pri:22, instance:com.curriculum.Create_New_Map@5891e32e]" name="TCED29122" duration-ms="1773" started-at="2018-10-23T10:16:25Z" finished-at="2018-10-23T10:16:27Z">
          <reporter-output>
          </reporter-output>
        </test-method> <!-- TCED29122 -->
        <test-method status="PASS" signature="TCED29123()[pri:23, instance:com.curriculum.Create_New_Map@5891e32e]" name="TCED29123" duration-ms="420" started-at="2018-10-23T10:16:27Z" finished-at="2018-10-23T10:16:27Z">
          <reporter-output>
          </reporter-output>
        </test-method> <!-- TCED29123 -->
        <test-method status="PASS" signature="TCED29124()[pri:24, instance:com.curriculum.Create_New_Map@5891e32e]" name="TCED29124" duration-ms="315" started-at="2018-10-23T10:16:27Z" finished-at="2018-10-23T10:16:27Z">
          <reporter-output>
          </reporter-output>
        </test-method> <!-- TCED29124 -->
        <test-method status="PASS" signature="TCED29125()[pri:25, instance:com.curriculum.Create_New_Map@5891e32e]" name="TCED29125" duration-ms="4464" started-at="2018-10-23T10:16:27Z" finished-at="2018-10-23T10:16:32Z">
          <reporter-output>
          </reporter-output>
        </test-method> <!-- TCED29125 -->
        <test-method status="PASS" signature="TCED29126()[pri:26, instance:com.curriculum.Create_New_Map@5891e32e]" name="TCED29126" duration-ms="1964" started-at="2018-10-23T10:16:32Z" finished-at="2018-10-23T10:16:34Z">
          <reporter-output>
          </reporter-output>
        </test-method> <!-- TCED29126 -->
        <test-method status="PASS" signature="TCED29127()[pri:27, instance:com.curriculum.Create_New_Map@5891e32e]" name="TCED29127" duration-ms="1622" started-at="2018-10-23T10:16:34Z" finished-at="2018-10-23T10:16:36Z">
          <reporter-output>
          </reporter-output>
        </test-method> <!-- TCED29127 -->
        <test-method status="PASS" signature="TCED29128()[pri:28, instance:com.curriculum.Create_New_Map@5891e32e]" name="TCED29128" duration-ms="218" started-at="2018-10-23T10:16:36Z" finished-at="2018-10-23T10:16:36Z">
          <reporter-output>
          </reporter-output>
        </test-method> <!-- TCED29128 -->
        <test-method status="PASS" signature="TCED29129()[pri:29, instance:com.curriculum.Create_New_Map@5891e32e]" name="TCED29129" duration-ms="1735" started-at="2018-10-23T10:16:36Z" finished-at="2018-10-23T10:16:38Z">
          <reporter-output>
          </reporter-output>
        </test-method> <!-- TCED29129 -->
        <test-method status="PASS" signature="TCED29130()[pri:30, instance:com.curriculum.Create_New_Map@5891e32e]" name="TCED29130" duration-ms="3374" started-at="2018-10-23T10:16:38Z" finished-at="2018-10-23T10:16:41Z">
          <reporter-output>
          </reporter-output>
        </test-method> <!-- TCED29130 -->
        <test-method status="PASS" signature="TCED29137()[pri:37, instance:com.curriculum.Create_New_Map@5891e32e]" name="TCED29137" duration-ms="16746" started-at="2018-10-23T10:16:41Z" finished-at="2018-10-23T10:16:58Z">
          <reporter-output>
          </reporter-output>
        </test-method> <!-- TCED29137 -->
        <test-method status="PASS" signature="TCED29138()[pri:38, instance:com.curriculum.Create_New_Map@5891e32e]" name="TCED29138" duration-ms="3860" started-at="2018-10-23T10:16:58Z" finished-at="2018-10-23T10:17:02Z">
          <reporter-output>
          </reporter-output>
        </test-method> <!-- TCED29138 -->
        <test-method status="PASS" signature="TCED29139()[pri:39, instance:com.curriculum.Create_New_Map@5891e32e]" name="TCED29139" duration-ms="3455" started-at="2018-10-23T10:17:02Z" finished-at="2018-10-23T10:17:05Z">
          <reporter-output>
          </reporter-output>
        </test-method> <!-- TCED29139 -->
        <test-method status="PASS" signature="TCED29140()[pri:40, instance:com.curriculum.Create_New_Map@5891e32e]" name="TCED29140" duration-ms="361" started-at="2018-10-23T10:17:05Z" finished-at="2018-10-23T10:17:05Z">
          <reporter-output>
          </reporter-output>
        </test-method> <!-- TCED29140 -->
        <test-method status="PASS" signature="TCED29141()[pri:41, instance:com.curriculum.Create_New_Map@5891e32e]" name="TCED29141" duration-ms="4069" started-at="2018-10-23T10:17:05Z" finished-at="2018-10-23T10:17:09Z">
          <reporter-output>
          </reporter-output>
        </test-method> <!-- TCED29141 -->
        <test-method status="PASS" signature="TCED29142()[pri:42, instance:com.curriculum.Create_New_Map@5891e32e]" name="TCED29142" duration-ms="2143" started-at="2018-10-23T10:17:09Z" finished-at="2018-10-23T10:17:12Z">
          <reporter-output>
          </reporter-output>
        </test-method> <!-- TCED29142 -->
        <test-method status="PASS" signature="TCED29143()[pri:43, instance:com.curriculum.Create_New_Map@5891e32e]" name="TCED29143" duration-ms="16594" started-at="2018-10-23T10:17:12Z" finished-at="2018-10-23T10:17:28Z">
          <reporter-output>
          </reporter-output>
        </test-method> <!-- TCED29143 -->
        <test-method status="PASS" signature="TCED29144()[pri:44, instance:com.curriculum.Create_New_Map@5891e32e]" name="TCED29144" duration-ms="85" started-at="2018-10-23T10:17:28Z" finished-at="2018-10-23T10:17:28Z">
          <reporter-output>
          </reporter-output>
        </test-method> <!-- TCED29144 -->
        <test-method status="PASS" signature="TCED29145()[pri:45, instance:com.curriculum.Create_New_Map@5891e32e]" name="TCED29145" duration-ms="1807" started-at="2018-10-23T10:17:28Z" finished-at="2018-10-23T10:17:30Z">
          <reporter-output>
          </reporter-output>
        </test-method> <!-- TCED29145 -->
        <test-method status="FAIL" signature="TCED29146()[pri:46, instance:com.curriculum.Create_New_Map@5891e32e]" name="TCED29146" duration-ms="19467" started-at="2018-10-23T10:17:30Z" finished-at="2018-10-23T10:17:49Z">
          <exception class="java.lang.AssertionError">
            <message>
              <![CDATA[Cannot locate element with text: Test Rubric
For documentation on this error, please visit: http://seleniumhq.org/exceptions/no_such_element.html
Build info: version: '3.11.0', revision: 'e59cfb3', time: '2018-03-11T20:26:55.152Z'
System info: host: 'VOFOX-SEBASTIAN', ip: '192.168.10.130', os.name: 'Windows 10', os.arch: 'amd64', os.version: '10.0', java.version: '1.8.0_111'
Driver info: driver.version: unknown]]>
            </message>
            <full-stacktrace>
              <![CDATA[java.lang.AssertionError: Cannot locate element with text: Test Rubric
For documentation on this error, please visit: http://seleniumhq.org/exceptions/no_such_element.html
Build info: version: '3.11.0', revision: 'e59cfb3', time: '2018-03-11T20:26:55.152Z'
System info: host: 'VOFOX-SEBASTIAN', ip: '192.168.10.130', os.name: 'Windows 10', os.arch: 'amd64', os.version: '10.0', java.version: '1.8.0_111'
Driver info: driver.version: unknown
at org.testng.Assert.fail(Assert.java:96)
at com.curriculum.Create_New_Map.TCED29146(Create_New_Map.java:1443)
at sun.reflect.NativeMethodAccessorImpl.invoke0(Native Method)
at sun.reflect.NativeMethodAccessorImpl.invoke(NativeMethodAccessorImpl.java:62)
at sun.reflect.DelegatingMethodAccessorImpl.invoke(DelegatingMethodAccessorImpl.java:43)
at java.lang.reflect.Method.invoke(Method.java:498)
at org.testng.internal.MethodInvocationHelper.invokeMethod(MethodInvocationHelper.java:124)
at org.testng.internal.Invoker.invokeMethod(Invoker.java:583)
at org.testng.internal.Invoker.invokeTestMethod(Invoker.java:719)
at org.testng.internal.Invoker.invokeTestMethods(Invoker.java:989)
at org.testng.internal.TestMethodWorker.invokeTestMethods(TestMethodWorker.java:125)
at org.testng.internal.TestMethodWorker.run(TestMethodWorker.java:109)
at org.testng.TestRunner.privateRun(TestRunner.java:648)
at org.testng.TestRunner.run(TestRunner.java:505)
at org.testng.SuiteRunner.runTest(SuiteRunner.java:455)
at org.testng.SuiteRunner.runSequentially(SuiteRunner.java:450)
at org.testng.SuiteRunner.privateRun(SuiteRunner.java:415)
at org.testng.SuiteRunner.run(SuiteRunner.java:364)
at org.testng.SuiteRunnerWorker.runSuite(SuiteRunnerWorker.java:52)
at org.testng.SuiteRunnerWorker.run(SuiteRunnerWorker.java:84)
at org.testng.TestNG.runSuitesSequentially(TestNG.java:1208)
at org.testng.TestNG.runSuitesLocally(TestNG.java:1137)
at org.testng.TestNG.runSuites(TestNG.java:1049)
at org.testng.TestNG.run(TestNG.java:1017)
at org.testng.remote.AbstractRemoteTestNG.run(AbstractRemoteTestNG.java:114)
at org.testng.remote.RemoteTestNG.initAndRun(RemoteTestNG.java:251)
at org.testng.remote.RemoteTestNG.main(RemoteTestNG.java:77)
]]>
            </full-stacktrace>
          </exception> <!-- java.lang.AssertionError -->
          <reporter-output>
          </reporter-output>
        </test-method> <!-- TCED29146 -->
        <test-method status="PASS" signature="tearDown()[pri:0, instance:com.curriculum.Create_New_Map@5891e32e]" name="tearDown" is-config="true" duration-ms="0" started-at="2018-10-23T10:17:50Z" finished-at="2018-10-23T10:17:50Z">
          <reporter-output>
          </reporter-output>
        </test-method> <!-- tearDown -->
      </class> <!-- com.curriculum.Create_New_Map -->
    </test> <!-- Default test -->
  </suite> <!-- Default suite -->
</testng-results>
