<?xml version="1.0" encoding="UTF-8"?>
<testng-results skipped="0" failed="3" ignored="0" total="26" passed="23">
  <reporter-output>
  </reporter-output>
  <suite name="Default suite" duration-ms="424713" started-at="2018-11-30T11:45:06Z" finished-at="2018-11-30T11:52:11Z">
    <groups>
    </groups>
    <test name="Default test" duration-ms="424713" started-at="2018-11-30T11:45:06Z" finished-at="2018-11-30T11:52:11Z">
      <class name="com.analyzeByScore.AnalyzebyHigherOrderThinkingSkills">
        <test-method status="PASS" signature="setup1()[pri:0, instance:com.analyzeByScore.AnalyzebyHigherOrderThinkingSkills@7cbd213e]" name="setup1" is-config="true" duration-ms="8730" started-at="2018-11-30T11:45:06Z" finished-at="2018-11-30T11:45:15Z">
          <reporter-output>
          </reporter-output>
        </test-method> <!-- setup1 -->
        <test-method status="PASS" signature="TCED14401()[pri:1, instance:com.analyzeByScore.AnalyzebyHigherOrderThinkingSkills@7cbd213e]" name="TCED14401" duration-ms="12521" started-at="2018-11-30T11:45:15Z" finished-at="2018-11-30T11:45:27Z">
          <reporter-output>
          </reporter-output>
        </test-method> <!-- TCED14401 -->
        <test-method status="PASS" signature="TCED14402()[pri:2, instance:com.analyzeByScore.AnalyzebyHigherOrderThinkingSkills@7cbd213e]" name="TCED14402" duration-ms="340" started-at="2018-11-30T11:45:27Z" finished-at="2018-11-30T11:45:28Z">
          <reporter-output>
          </reporter-output>
        </test-method> <!-- TCED14402 -->
        <test-method status="PASS" signature="TCED14403()[pri:3, instance:com.analyzeByScore.AnalyzebyHigherOrderThinkingSkills@7cbd213e]" name="TCED14403" duration-ms="1250" started-at="2018-11-30T11:45:28Z" finished-at="2018-11-30T11:45:29Z">
          <reporter-output>
          </reporter-output>
        </test-method> <!-- TCED14403 -->
        <test-method status="PASS" signature="TCED14404()[pri:4, instance:com.analyzeByScore.AnalyzebyHigherOrderThinkingSkills@7cbd213e]" name="TCED14404" duration-ms="6385" started-at="2018-11-30T11:45:29Z" finished-at="2018-11-30T11:45:35Z">
          <reporter-output>
          </reporter-output>
        </test-method> <!-- TCED14404 -->
        <test-method status="PASS" signature="TCED14405()[pri:5, instance:com.analyzeByScore.AnalyzebyHigherOrderThinkingSkills@7cbd213e]" name="TCED14405" duration-ms="6368" started-at="2018-11-30T11:45:35Z" finished-at="2018-11-30T11:45:42Z">
          <reporter-output>
          </reporter-output>
        </test-method> <!-- TCED14405 -->
        <test-method status="FAIL" signature="TCED14406()[pri:6, instance:com.analyzeByScore.AnalyzebyHigherOrderThinkingSkills@7cbd213e]" name="TCED14406" duration-ms="28574" started-at="2018-11-30T11:45:42Z" finished-at="2018-11-30T11:46:10Z">
          <exception class="java.lang.AssertionError">
            <message>
              <![CDATA[Could not find any element matching '//*[@id='ctl00_tdContentCell']/table/tbody/tr[3]/td/table/tbody/tr[1]/td/span']]>
            </message>
            <full-stacktrace>
              <![CDATA[java.lang.AssertionError: Could not find any element matching '//*[@id='ctl00_tdContentCell']/table/tbody/tr[3]/td/table/tbody/tr[1]/td/span'
at Library.BaseClassOne.find(BaseClassOne.java:226)
at Library.BaseClassOne.getText(BaseClassOne.java:396)
at Library.BaseClassOne.getText(BaseClassOne.java:346)
at com.analyzeByScore.AnalyzebyHigherOrderThinkingSkills.Studentdrilldownlabels2(AnalyzebyHigherOrderThinkingSkills.java:753)
at com.analyzeByScore.AnalyzebyHigherOrderThinkingSkills.TCED14406(AnalyzebyHigherOrderThinkingSkills.java:149)
at sun.reflect.NativeMethodAccessorImpl.invoke0(Native Method)
at sun.reflect.NativeMethodAccessorImpl.invoke(NativeMethodAccessorImpl.java:62)
at sun.reflect.DelegatingMethodAccessorImpl.invoke(DelegatingMethodAccessorImpl.java:43)
at java.lang.reflect.Method.invoke(Method.java:498)
at org.testng.internal.MethodInvocationHelper.invokeMethod(MethodInvocationHelper.java:124)
at org.testng.internal.Invoker.invokeMethod(Invoker.java:583)
at org.testng.internal.Invoker.invokeTestMethod(Invoker.java:719)
at org.testng.internal.Invoker.invokeTestMethods(Invoker.java:989)
at org.testng.internal.TestMethodWorker.invokeTestMethods(TestMethodWorker.java:125)
at org.testng.internal.TestMethodWorker.run(TestMethodWorker.java:109)
at org.testng.TestRunner.privateRun(TestRunner.java:648)
at org.testng.TestRunner.run(TestRunner.java:505)
at org.testng.SuiteRunner.runTest(SuiteRunner.java:455)
at org.testng.SuiteRunner.runSequentially(SuiteRunner.java:450)
at org.testng.SuiteRunner.privateRun(SuiteRunner.java:415)
at org.testng.SuiteRunner.run(SuiteRunner.java:364)
at org.testng.SuiteRunnerWorker.runSuite(SuiteRunnerWorker.java:52)
at org.testng.SuiteRunnerWorker.run(SuiteRunnerWorker.java:84)
at org.testng.TestNG.runSuitesSequentially(TestNG.java:1208)
at org.testng.TestNG.runSuitesLocally(TestNG.java:1137)
at org.testng.TestNG.runSuites(TestNG.java:1049)
at org.testng.TestNG.run(TestNG.java:1017)
at org.testng.remote.AbstractRemoteTestNG.run(AbstractRemoteTestNG.java:114)
at org.testng.remote.RemoteTestNG.initAndRun(RemoteTestNG.java:251)
at org.testng.remote.RemoteTestNG.main(RemoteTestNG.java:77)
]]>
            </full-stacktrace>
          </exception> <!-- java.lang.AssertionError -->
          <reporter-output>
          </reporter-output>
        </test-method> <!-- TCED14406 -->
        <test-method status="PASS" signature="TCED14407()[pri:7, instance:com.analyzeByScore.AnalyzebyHigherOrderThinkingSkills@7cbd213e]" name="TCED14407" duration-ms="17802" started-at="2018-11-30T11:46:10Z" finished-at="2018-11-30T11:46:28Z">
          <reporter-output>
          </reporter-output>
        </test-method> <!-- TCED14407 -->
        <test-method status="PASS" signature="TCED14408()[pri:8, instance:com.analyzeByScore.AnalyzebyHigherOrderThinkingSkills@7cbd213e]" name="TCED14408" duration-ms="14170" started-at="2018-11-30T11:46:28Z" finished-at="2018-11-30T11:46:42Z">
          <reporter-output>
          </reporter-output>
        </test-method> <!-- TCED14408 -->
        <test-method status="PASS" signature="TCED14409()[pri:9, instance:com.analyzeByScore.AnalyzebyHigherOrderThinkingSkills@7cbd213e]" name="TCED14409" duration-ms="7025" started-at="2018-11-30T11:46:42Z" finished-at="2018-11-30T11:46:49Z">
          <reporter-output>
          </reporter-output>
        </test-method> <!-- TCED14409 -->
        <test-method status="PASS" signature="TCED14410()[pri:10, instance:com.analyzeByScore.AnalyzebyHigherOrderThinkingSkills@7cbd213e]" name="TCED14410" duration-ms="1125" started-at="2018-11-30T11:46:49Z" finished-at="2018-11-30T11:46:51Z">
          <reporter-output>
          </reporter-output>
        </test-method> <!-- TCED14410 -->
        <test-method status="PASS" signature="TCED14411()[pri:11, instance:com.analyzeByScore.AnalyzebyHigherOrderThinkingSkills@7cbd213e]" name="TCED14411" duration-ms="5815" started-at="2018-11-30T11:46:51Z" finished-at="2018-11-30T11:46:56Z">
          <reporter-output>
          </reporter-output>
        </test-method> <!-- TCED14411 -->
        <test-method status="PASS" signature="TCED14412()[pri:12, instance:com.analyzeByScore.AnalyzebyHigherOrderThinkingSkills@7cbd213e]" name="TCED14412" duration-ms="7419" started-at="2018-11-30T11:46:56Z" finished-at="2018-11-30T11:47:04Z">
          <reporter-output>
          </reporter-output>
        </test-method> <!-- TCED14412 -->
        <test-method status="FAIL" signature="TCED14413()[pri:13, instance:com.analyzeByScore.AnalyzebyHigherOrderThinkingSkills@7cbd213e]" name="TCED14413" duration-ms="28193" started-at="2018-11-30T11:47:04Z" finished-at="2018-11-30T11:47:32Z">
          <exception class="java.lang.AssertionError">
            <message>
              <![CDATA[Could not find any element matching '//*[@id='ctl00_tdContentCell']/table/tbody/tr[3]/td/table/tbody/tr[1]/td/span']]>
            </message>
            <full-stacktrace>
              <![CDATA[java.lang.AssertionError: Could not find any element matching '//*[@id='ctl00_tdContentCell']/table/tbody/tr[3]/td/table/tbody/tr[1]/td/span'
at Library.BaseClassOne.find(BaseClassOne.java:226)
at Library.BaseClassOne.getText(BaseClassOne.java:396)
at Library.BaseClassOne.getText(BaseClassOne.java:346)
at com.analyzeByScore.AnalyzebyHigherOrderThinkingSkills.Studentdrilldownlabels2(AnalyzebyHigherOrderThinkingSkills.java:753)
at com.analyzeByScore.AnalyzebyHigherOrderThinkingSkills.TCED14413(AnalyzebyHigherOrderThinkingSkills.java:316)
at sun.reflect.NativeMethodAccessorImpl.invoke0(Native Method)
at sun.reflect.NativeMethodAccessorImpl.invoke(NativeMethodAccessorImpl.java:62)
at sun.reflect.DelegatingMethodAccessorImpl.invoke(DelegatingMethodAccessorImpl.java:43)
at java.lang.reflect.Method.invoke(Method.java:498)
at org.testng.internal.MethodInvocationHelper.invokeMethod(MethodInvocationHelper.java:124)
at org.testng.internal.Invoker.invokeMethod(Invoker.java:583)
at org.testng.internal.Invoker.invokeTestMethod(Invoker.java:719)
at org.testng.internal.Invoker.invokeTestMethods(Invoker.java:989)
at org.testng.internal.TestMethodWorker.invokeTestMethods(TestMethodWorker.java:125)
at org.testng.internal.TestMethodWorker.run(TestMethodWorker.java:109)
at org.testng.TestRunner.privateRun(TestRunner.java:648)
at org.testng.TestRunner.run(TestRunner.java:505)
at org.testng.SuiteRunner.runTest(SuiteRunner.java:455)
at org.testng.SuiteRunner.runSequentially(SuiteRunner.java:450)
at org.testng.SuiteRunner.privateRun(SuiteRunner.java:415)
at org.testng.SuiteRunner.run(SuiteRunner.java:364)
at org.testng.SuiteRunnerWorker.runSuite(SuiteRunnerWorker.java:52)
at org.testng.SuiteRunnerWorker.run(SuiteRunnerWorker.java:84)
at org.testng.TestNG.runSuitesSequentially(TestNG.java:1208)
at org.testng.TestNG.runSuitesLocally(TestNG.java:1137)
at org.testng.TestNG.runSuites(TestNG.java:1049)
at org.testng.TestNG.run(TestNG.java:1017)
at org.testng.remote.AbstractRemoteTestNG.run(AbstractRemoteTestNG.java:114)
at org.testng.remote.RemoteTestNG.initAndRun(RemoteTestNG.java:251)
at org.testng.remote.RemoteTestNG.main(RemoteTestNG.java:77)
]]>
            </full-stacktrace>
          </exception> <!-- java.lang.AssertionError -->
          <reporter-output>
          </reporter-output>
        </test-method> <!-- TCED14413 -->
        <test-method status="PASS" signature="TCED14414()[pri:14, instance:com.analyzeByScore.AnalyzebyHigherOrderThinkingSkills@7cbd213e]" name="TCED14414" duration-ms="18301" started-at="2018-11-30T11:47:32Z" finished-at="2018-11-30T11:47:50Z">
          <reporter-output>
          </reporter-output>
        </test-method> <!-- TCED14414 -->
        <test-method status="PASS" signature="TCED14415()[pri:15, instance:com.analyzeByScore.AnalyzebyHigherOrderThinkingSkills@7cbd213e]" name="TCED14415" duration-ms="14491" started-at="2018-11-30T11:47:50Z" finished-at="2018-11-30T11:48:05Z">
          <reporter-output>
          </reporter-output>
        </test-method> <!-- TCED14415 -->
        <test-method status="PASS" signature="TCED14416()[pri:16, instance:com.analyzeByScore.AnalyzebyHigherOrderThinkingSkills@7cbd213e]" name="TCED14416" duration-ms="7784" started-at="2018-11-30T11:48:05Z" finished-at="2018-11-30T11:48:13Z">
          <reporter-output>
          </reporter-output>
        </test-method> <!-- TCED14416 -->
        <test-method status="PASS" signature="TCED14417()[pri:17, instance:com.analyzeByScore.AnalyzebyHigherOrderThinkingSkills@7cbd213e]" name="TCED14417" duration-ms="1202" started-at="2018-11-30T11:48:13Z" finished-at="2018-11-30T11:48:14Z">
          <reporter-output>
          </reporter-output>
        </test-method> <!-- TCED14417 -->
        <test-method status="PASS" signature="TCED14418()[pri:18, instance:com.analyzeByScore.AnalyzebyHigherOrderThinkingSkills@7cbd213e]" name="TCED14418" duration-ms="6071" started-at="2018-11-30T11:48:14Z" finished-at="2018-11-30T11:48:20Z">
          <reporter-output>
          </reporter-output>
        </test-method> <!-- TCED14418 -->
        <test-method status="PASS" signature="TCED14419()[pri:19, instance:com.analyzeByScore.AnalyzebyHigherOrderThinkingSkills@7cbd213e]" name="TCED14419" duration-ms="6131" started-at="2018-11-30T11:48:20Z" finished-at="2018-11-30T11:48:26Z">
          <reporter-output>
          </reporter-output>
        </test-method> <!-- TCED14419 -->
        <test-method status="FAIL" signature="TCED14420()[pri:20, instance:com.analyzeByScore.AnalyzebyHigherOrderThinkingSkills@7cbd213e]" name="TCED14420" duration-ms="28279" started-at="2018-11-30T11:48:26Z" finished-at="2018-11-30T11:48:54Z">
          <exception class="java.lang.AssertionError">
            <message>
              <![CDATA[Could not find any element matching '//*[@id='ctl00_tdContentCell']/table/tbody/tr[3]/td/table/tbody/tr[1]/td/span']]>
            </message>
            <full-stacktrace>
              <![CDATA[java.lang.AssertionError: Could not find any element matching '//*[@id='ctl00_tdContentCell']/table/tbody/tr[3]/td/table/tbody/tr[1]/td/span'
at Library.BaseClassOne.find(BaseClassOne.java:226)
at Library.BaseClassOne.getText(BaseClassOne.java:396)
at Library.BaseClassOne.getText(BaseClassOne.java:346)
at com.analyzeByScore.AnalyzebyHigherOrderThinkingSkills.Studentdrilldownlabels2(AnalyzebyHigherOrderThinkingSkills.java:753)
at com.analyzeByScore.AnalyzebyHigherOrderThinkingSkills.TCED14420(AnalyzebyHigherOrderThinkingSkills.java:480)
at sun.reflect.NativeMethodAccessorImpl.invoke0(Native Method)
at sun.reflect.NativeMethodAccessorImpl.invoke(NativeMethodAccessorImpl.java:62)
at sun.reflect.DelegatingMethodAccessorImpl.invoke(DelegatingMethodAccessorImpl.java:43)
at java.lang.reflect.Method.invoke(Method.java:498)
at org.testng.internal.MethodInvocationHelper.invokeMethod(MethodInvocationHelper.java:124)
at org.testng.internal.Invoker.invokeMethod(Invoker.java:583)
at org.testng.internal.Invoker.invokeTestMethod(Invoker.java:719)
at org.testng.internal.Invoker.invokeTestMethods(Invoker.java:989)
at org.testng.internal.TestMethodWorker.invokeTestMethods(TestMethodWorker.java:125)
at org.testng.internal.TestMethodWorker.run(TestMethodWorker.java:109)
at org.testng.TestRunner.privateRun(TestRunner.java:648)
at org.testng.TestRunner.run(TestRunner.java:505)
at org.testng.SuiteRunner.runTest(SuiteRunner.java:455)
at org.testng.SuiteRunner.runSequentially(SuiteRunner.java:450)
at org.testng.SuiteRunner.privateRun(SuiteRunner.java:415)
at org.testng.SuiteRunner.run(SuiteRunner.java:364)
at org.testng.SuiteRunnerWorker.runSuite(SuiteRunnerWorker.java:52)
at org.testng.SuiteRunnerWorker.run(SuiteRunnerWorker.java:84)
at org.testng.TestNG.runSuitesSequentially(TestNG.java:1208)
at org.testng.TestNG.runSuitesLocally(TestNG.java:1137)
at org.testng.TestNG.runSuites(TestNG.java:1049)
at org.testng.TestNG.run(TestNG.java:1017)
at org.testng.remote.AbstractRemoteTestNG.run(AbstractRemoteTestNG.java:114)
at org.testng.remote.RemoteTestNG.initAndRun(RemoteTestNG.java:251)
at org.testng.remote.RemoteTestNG.main(RemoteTestNG.java:77)
]]>
            </full-stacktrace>
          </exception> <!-- java.lang.AssertionError -->
          <reporter-output>
          </reporter-output>
        </test-method> <!-- TCED14420 -->
        <test-method status="PASS" signature="TCED14421()[pri:21, instance:com.analyzeByScore.AnalyzebyHigherOrderThinkingSkills@7cbd213e]" name="TCED14421" duration-ms="17458" started-at="2018-11-30T11:48:54Z" finished-at="2018-11-30T11:49:12Z">
          <reporter-output>
          </reporter-output>
        </test-method> <!-- TCED14421 -->
        <test-method status="PASS" signature="TCED14422()[pri:22, instance:com.analyzeByScore.AnalyzebyHigherOrderThinkingSkills@7cbd213e]" name="TCED14422" duration-ms="14099" started-at="2018-11-30T11:49:12Z" finished-at="2018-11-30T11:49:26Z">
          <reporter-output>
          </reporter-output>
        </test-method> <!-- TCED14422 -->
        <test-method status="PASS" signature="TCED14423()[pri:23, instance:com.analyzeByScore.AnalyzebyHigherOrderThinkingSkills@7cbd213e]" name="TCED14423" duration-ms="14277" started-at="2018-11-30T11:49:26Z" finished-at="2018-11-30T11:49:40Z">
          <reporter-output>
          </reporter-output>
        </test-method> <!-- TCED14423 -->
        <test-method status="PASS" signature="TCED14424()[pri:24, instance:com.analyzeByScore.AnalyzebyHigherOrderThinkingSkills@7cbd213e]" name="TCED14424" duration-ms="8321" started-at="2018-11-30T11:49:40Z" finished-at="2018-11-30T11:49:48Z">
          <reporter-output>
          </reporter-output>
        </test-method> <!-- TCED14424 -->
        <test-method status="PASS" signature="TCED14425()[pri:25, instance:com.analyzeByScore.AnalyzebyHigherOrderThinkingSkills@7cbd213e]" name="TCED14425" duration-ms="28803" started-at="2018-11-30T11:49:48Z" finished-at="2018-11-30T11:50:17Z">
          <reporter-output>
          </reporter-output>
        </test-method> <!-- TCED14425 -->
        <test-method status="PASS" signature="TCED14426()[pri:26, instance:com.analyzeByScore.AnalyzebyHigherOrderThinkingSkills@7cbd213e]" name="TCED14426" duration-ms="113690" started-at="2018-11-30T11:50:17Z" finished-at="2018-11-30T11:52:11Z">
          <reporter-output>
          </reporter-output>
        </test-method> <!-- TCED14426 -->
        <test-method status="PASS" signature="tearDown()[pri:0, instance:com.analyzeByScore.AnalyzebyHigherOrderThinkingSkills@7cbd213e]" name="tearDown" is-config="true" duration-ms="0" started-at="2018-11-30T11:52:11Z" finished-at="2018-11-30T11:52:11Z">
          <reporter-output>
          </reporter-output>
        </test-method> <!-- tearDown -->
      </class> <!-- com.analyzeByScore.AnalyzebyHigherOrderThinkingSkills -->
    </test> <!-- Default test -->
  </suite> <!-- Default suite -->
</testng-results>
