<?xml version="1.0" encoding="UTF-8"?>
<testng-results skipped="0" failed="1" total="7" passed="6">
  <reporter-output>
  </reporter-output>
  <suite name="Default suite" duration-ms="96957" started-at="2018-10-17T10:40:45Z" finished-at="2018-10-17T10:42:22Z">
    <groups>
    </groups>
    <test name="Default test" duration-ms="96957" started-at="2018-10-17T10:40:45Z" finished-at="2018-10-17T10:42:22Z">
      <class name="com.analyzeByScore.AdministrationComparisonbyStudent">
        <test-method status="PASS" signature="setup1()[pri:0, instance:com.analyzeByScore.AdministrationComparisonbyStudent@5700d6b1]" name="setup1" is-config="true" duration-ms="10579" started-at="2018-10-17T16:10:45Z" finished-at="2018-10-17T16:10:56Z">
          <reporter-output>
          </reporter-output>
        </test-method> <!-- setup1 -->
        <test-method status="FAIL" signature="TCED14291()[pri:1, instance:com.analyzeByScore.AdministrationComparisonbyStudent@5700d6b1]" name="TCED14291" duration-ms="9786" started-at="2018-10-17T16:10:56Z" finished-at="2018-10-17T16:11:05Z">
          <exception class="java.lang.AssertionError">
            <message>
              <![CDATA[expected [Test Administration Comparison Report] but found [Administration Comparison by Student]]]>
            </message>
            <full-stacktrace>
              <![CDATA[java.lang.AssertionError: expected [Test Administration Comparison Report] but found [Administration Comparison by Student]
	at org.testng.Assert.fail(Assert.java:94)
	at org.testng.Assert.failNotEquals(Assert.java:513)
	at org.testng.Assert.assertEqualsImpl(Assert.java:135)
	at org.testng.Assert.assertEquals(Assert.java:116)
	at org.testng.Assert.assertEquals(Assert.java:190)
	at org.testng.Assert.assertEquals(Assert.java:200)
	at com.analyzeByScore.AdministrationComparisonbyStudent.TCED14291(AdministrationComparisonbyStudent.java:32)
	at sun.reflect.NativeMethodAccessorImpl.invoke0(Native Method)
	at sun.reflect.NativeMethodAccessorImpl.invoke(NativeMethodAccessorImpl.java:62)
	at sun.reflect.DelegatingMethodAccessorImpl.invoke(DelegatingMethodAccessorImpl.java:43)
	at java.lang.reflect.Method.invoke(Method.java:498)
	at org.testng.internal.MethodInvocationHelper.invokeMethod(MethodInvocationHelper.java:100)
	at org.testng.internal.Invoker.invokeMethod(Invoker.java:646)
	at org.testng.internal.Invoker.invokeTestMethod(Invoker.java:811)
	at org.testng.internal.Invoker.invokeTestMethods(Invoker.java:1137)
	at org.testng.internal.TestMethodWorker.invokeTestMethods(TestMethodWorker.java:129)
	at org.testng.internal.TestMethodWorker.run(TestMethodWorker.java:112)
	at org.testng.TestRunner.privateRun(TestRunner.java:753)
	at org.testng.TestRunner.run(TestRunner.java:607)
	at org.testng.SuiteRunner.runTest(SuiteRunner.java:368)
	at org.testng.SuiteRunner.runSequentially(SuiteRunner.java:363)
	at org.testng.SuiteRunner.privateRun(SuiteRunner.java:321)
	at org.testng.SuiteRunner.run(SuiteRunner.java:270)
	at org.testng.SuiteRunnerWorker.runSuite(SuiteRunnerWorker.java:52)
	at org.testng.SuiteRunnerWorker.run(SuiteRunnerWorker.java:86)
	at org.testng.TestNG.runSuitesSequentially(TestNG.java:1284)
	at org.testng.TestNG.runSuitesLocally(TestNG.java:1209)
	at org.testng.TestNG.runSuites(TestNG.java:1124)
	at org.testng.TestNG.run(TestNG.java:1096)
	at org.testng.remote.AbstractRemoteTestNG.run(AbstractRemoteTestNG.java:132)
	at org.testng.remote.RemoteTestNG.initAndRun(RemoteTestNG.java:236)
	at org.testng.remote.RemoteTestNG.main(RemoteTestNG.java:81)
]]>
            </full-stacktrace>
          </exception> <!-- java.lang.AssertionError -->
          <reporter-output>
          </reporter-output>
        </test-method> <!-- TCED14291 -->
        <test-method status="PASS" signature="TCED14292()[pri:2, instance:com.analyzeByScore.AdministrationComparisonbyStudent@5700d6b1]" name="TCED14292" duration-ms="988" started-at="2018-10-17T16:11:05Z" finished-at="2018-10-17T16:11:06Z">
          <reporter-output>
          </reporter-output>
        </test-method> <!-- TCED14292 -->
        <test-method status="PASS" signature="TCED14293()[pri:3, instance:com.analyzeByScore.AdministrationComparisonbyStudent@5700d6b1]" name="TCED14293" duration-ms="6588" started-at="2018-10-17T16:11:06Z" finished-at="2018-10-17T16:11:13Z">
          <reporter-output>
          </reporter-output>
        </test-method> <!-- TCED14293 -->
        <test-method status="PASS" signature="TCED14294()[pri:4, instance:com.analyzeByScore.AdministrationComparisonbyStudent@5700d6b1]" name="TCED14294" duration-ms="1536" started-at="2018-10-17T16:11:13Z" finished-at="2018-10-17T16:11:15Z">
          <reporter-output>
          </reporter-output>
        </test-method> <!-- TCED14294 -->
        <test-method status="PASS" signature="TCED14295()[pri:5, instance:com.analyzeByScore.AdministrationComparisonbyStudent@5700d6b1]" name="TCED14295" duration-ms="30904" started-at="2018-10-17T16:11:15Z" finished-at="2018-10-17T16:11:45Z">
          <reporter-output>
          </reporter-output>
        </test-method> <!-- TCED14295 -->
        <test-method status="PASS" signature="TCED14296()[pri:6, instance:com.analyzeByScore.AdministrationComparisonbyStudent@5700d6b1]" name="TCED14296" duration-ms="2104" started-at="2018-10-17T16:11:45Z" finished-at="2018-10-17T16:11:48Z">
          <reporter-output>
          </reporter-output>
        </test-method> <!-- TCED14296 -->
        <test-method status="PASS" signature="TCED14297()[pri:7, instance:com.analyzeByScore.AdministrationComparisonbyStudent@5700d6b1]" name="TCED14297" duration-ms="34433" started-at="2018-10-17T16:11:48Z" finished-at="2018-10-17T16:12:22Z">
          <reporter-output>
          </reporter-output>
        </test-method> <!-- TCED14297 -->
        <test-method status="PASS" signature="tearDown()[pri:0, instance:com.analyzeByScore.AdministrationComparisonbyStudent@5700d6b1]" name="tearDown" is-config="true" duration-ms="0" started-at="2018-10-17T16:12:22Z" finished-at="2018-10-17T16:12:22Z">
          <reporter-output>
          </reporter-output>
        </test-method> <!-- tearDown -->
      </class> <!-- com.analyzeByScore.AdministrationComparisonbyStudent -->
    </test> <!-- Default test -->
  </suite> <!-- Default suite -->
</testng-results>
