<?xml version="1.0" encoding="UTF-8"?>
<testng-results skipped="0" failed="0" ignored="0" total="18" passed="18">
  <reporter-output>
  </reporter-output>
  <suite name="Suite" duration-ms="141303" started-at="2018-10-16T15:20:24Z" finished-at="2018-10-16T15:22:46Z">
    <groups>
    </groups>
    <test name="Test" duration-ms="141303" started-at="2018-10-16T15:20:24Z" finished-at="2018-10-16T15:22:46Z">
      <class name="com.curriculum.Analyze_curriculam">
        <test-method status="PASS" signature="setup1()[pri:0, instance:com.curriculum.Analyze_curriculam@4e718207]" name="setup1" is-config="true" duration-ms="8376" started-at="2018-10-16T15:20:24Z" finished-at="2018-10-16T15:20:33Z">
          <reporter-output>
          </reporter-output>
        </test-method> <!-- setup1 -->
        <test-method status="PASS" signature="TCED29701()[pri:0, instance:com.curriculum.Analyze_curriculam@4e718207]" name="TCED29701" duration-ms="23893" started-at="2018-10-16T15:20:33Z" finished-at="2018-10-16T15:20:57Z">
          <reporter-output>
          </reporter-output>
        </test-method> <!-- TCED29701 -->
        <test-method status="PASS" signature="TCED29702()[pri:1, instance:com.curriculum.Analyze_curriculam@4e718207]" name="TCED29702" duration-ms="5678" started-at="2018-10-16T15:20:57Z" finished-at="2018-10-16T15:21:02Z">
          <reporter-output>
          </reporter-output>
        </test-method> <!-- TCED29702 -->
        <test-method status="PASS" signature="TCED29703()[pri:2, instance:com.curriculum.Analyze_curriculam@4e718207]" name="TCED29703" duration-ms="717" started-at="2018-10-16T15:21:02Z" finished-at="2018-10-16T15:21:03Z">
          <reporter-output>
          </reporter-output>
        </test-method> <!-- TCED29703 -->
        <test-method status="PASS" signature="TCED29704()[pri:3, instance:com.curriculum.Analyze_curriculam@4e718207]" name="TCED29704" duration-ms="4132" started-at="2018-10-16T15:21:03Z" finished-at="2018-10-16T15:21:07Z">
          <reporter-output>
          </reporter-output>
        </test-method> <!-- TCED29704 -->
        <test-method status="PASS" signature="TCED29705()[pri:4, instance:com.curriculum.Analyze_curriculam@4e718207]" name="TCED29705" duration-ms="137" started-at="2018-10-16T15:21:07Z" finished-at="2018-10-16T15:21:07Z">
          <reporter-output>
          </reporter-output>
        </test-method> <!-- TCED29705 -->
        <test-method status="PASS" signature="TCED29706()[pri:5, instance:com.curriculum.Analyze_curriculam@4e718207]" name="TCED29706" duration-ms="2432" started-at="2018-10-16T15:21:07Z" finished-at="2018-10-16T15:21:10Z">
          <reporter-output>
          </reporter-output>
        </test-method> <!-- TCED29706 -->
        <test-method status="PASS" signature="TCED29707()[pri:6, instance:com.curriculum.Analyze_curriculam@4e718207]" name="TCED29707" duration-ms="136" started-at="2018-10-16T15:21:10Z" finished-at="2018-10-16T15:21:10Z">
          <reporter-output>
          </reporter-output>
        </test-method> <!-- TCED29707 -->
        <test-method status="PASS" signature="TCED29708()[pri:7, instance:com.curriculum.Analyze_curriculam@4e718207]" name="TCED29708" duration-ms="11310" started-at="2018-10-16T15:21:10Z" finished-at="2018-10-16T15:21:21Z">
          <reporter-output>
          </reporter-output>
        </test-method> <!-- TCED29708 -->
        <test-method status="PASS" signature="TCED29709()[pri:8, instance:com.curriculum.Analyze_curriculam@4e718207]" name="TCED29709" duration-ms="11318" started-at="2018-10-16T15:21:21Z" finished-at="2018-10-16T15:21:33Z">
          <reporter-output>
          </reporter-output>
        </test-method> <!-- TCED29709 -->
        <test-method status="PASS" signature="TCED29710()[pri:9, instance:com.curriculum.Analyze_curriculam@4e718207]" name="TCED29710" duration-ms="4585" started-at="2018-10-16T15:21:33Z" finished-at="2018-10-16T15:21:37Z">
          <reporter-output>
          </reporter-output>
        </test-method> <!-- TCED29710 -->
        <test-method status="PASS" signature="TCED29711()[pri:10, instance:com.curriculum.Analyze_curriculam@4e718207]" name="TCED29711" duration-ms="13531" started-at="2018-10-16T15:21:37Z" finished-at="2018-10-16T15:21:51Z">
          <reporter-output>
          </reporter-output>
        </test-method> <!-- TCED29711 -->
        <test-method status="PASS" signature="TCED29712()[pri:11, instance:com.curriculum.Analyze_curriculam@4e718207]" name="TCED29712" duration-ms="11424" started-at="2018-10-16T15:21:51Z" finished-at="2018-10-16T15:22:02Z">
          <reporter-output>
          </reporter-output>
        </test-method> <!-- TCED29712 -->
        <test-method status="PASS" signature="TCED29713()[pri:12, instance:com.curriculum.Analyze_curriculam@4e718207]" name="TCED29713" duration-ms="11290" started-at="2018-10-16T15:22:02Z" finished-at="2018-10-16T15:22:13Z">
          <reporter-output>
          </reporter-output>
        </test-method> <!-- TCED29713 -->
        <test-method status="PASS" signature="TCED29714()[pri:13, instance:com.curriculum.Analyze_curriculam@4e718207]" name="TCED29714" duration-ms="1026" started-at="2018-10-16T15:22:13Z" finished-at="2018-10-16T15:22:14Z">
          <reporter-output>
          </reporter-output>
        </test-method> <!-- TCED29714 -->
        <test-method status="PASS" signature="TCED29715()[pri:14, instance:com.curriculum.Analyze_curriculam@4e718207]" name="TCED29715" duration-ms="273" started-at="2018-10-16T15:22:14Z" finished-at="2018-10-16T15:22:15Z">
          <reporter-output>
          </reporter-output>
        </test-method> <!-- TCED29715 -->
        <test-method status="PASS" signature="TCED29716()[pri:15, instance:com.curriculum.Analyze_curriculam@4e718207]" name="TCED29716" duration-ms="6186" started-at="2018-10-16T15:22:15Z" finished-at="2018-10-16T15:22:21Z">
          <reporter-output>
          </reporter-output>
        </test-method> <!-- TCED29716 -->
        <test-method status="PASS" signature="TCED29717()[pri:16, instance:com.curriculum.Analyze_curriculam@4e718207]" name="TCED29717" duration-ms="23442" started-at="2018-10-16T15:22:21Z" finished-at="2018-10-16T15:22:44Z">
          <reporter-output>
          </reporter-output>
        </test-method> <!-- TCED29717 -->
        <test-method status="PASS" signature="TCED29718()[pri:17, instance:com.curriculum.Analyze_curriculam@4e718207]" name="TCED29718" duration-ms="1348" started-at="2018-10-16T15:22:44Z" finished-at="2018-10-16T15:22:46Z">
          <reporter-output>
          </reporter-output>
        </test-method> <!-- TCED29718 -->
        <test-method status="PASS" signature="tearDown()[pri:0, instance:com.curriculum.Analyze_curriculam@4e718207]" name="tearDown" is-config="true" duration-ms="0" started-at="2018-10-16T15:22:46Z" finished-at="2018-10-16T15:22:46Z">
          <reporter-output>
          </reporter-output>
        </test-method> <!-- tearDown -->
      </class> <!-- com.curriculum.Analyze_curriculam -->
    </test> <!-- Test -->
  </suite> <!-- Suite -->
</testng-results>
