<?xml version="1.0" encoding="UTF-8"?>
<testng-results skipped="0" failed="0" total="5" passed="5">
  <reporter-output>
  </reporter-output>
  <suite name="Default suite" duration-ms="33298" started-at="2018-10-16T09:45:37Z" finished-at="2018-10-16T09:46:10Z">
    <groups>
    </groups>
    <test name="Default test" duration-ms="33298" started-at="2018-10-16T09:45:37Z" finished-at="2018-10-16T09:46:10Z">
      <class name="com.MTSS.Test_Suite_MTSS_T1_Interventions">
        <test-method status="PASS" signature="setup1()[pri:0, instance:com.MTSS.Test_Suite_MTSS_T1_Interventions@17d0008]" name="setup1" is-config="true" duration-ms="7255" started-at="2018-10-16T15:15:37Z" finished-at="2018-10-16T15:15:44Z">
          <reporter-output>
          </reporter-output>
        </test-method> <!-- setup1 -->
        <test-method status="PASS" signature="TCED19701()[pri:0, instance:com.MTSS.Test_Suite_MTSS_T1_Interventions@17d0008]" name="TCED19701" duration-ms="9676" started-at="2018-10-16T15:15:44Z" finished-at="2018-10-16T15:15:54Z">
          <reporter-output>
          </reporter-output>
        </test-method> <!-- TCED19701 -->
        <test-method status="PASS" signature="TCED19702()[pri:1, instance:com.MTSS.Test_Suite_MTSS_T1_Interventions@17d0008]" name="TCED19702" duration-ms="209" started-at="2018-10-16T15:15:54Z" finished-at="2018-10-16T15:15:54Z">
          <reporter-output>
          </reporter-output>
        </test-method> <!-- TCED19702 -->
        <test-method status="PASS" signature="TCED19703()[pri:2, instance:com.MTSS.Test_Suite_MTSS_T1_Interventions@17d0008]" name="TCED19703" duration-ms="3474" started-at="2018-10-16T15:15:54Z" finished-at="2018-10-16T15:15:57Z">
          <reporter-output>
          </reporter-output>
        </test-method> <!-- TCED19703 -->
        <test-method status="PASS" signature="TCED19704()[pri:3, instance:com.MTSS.Test_Suite_MTSS_T1_Interventions@17d0008]" name="TCED19704" duration-ms="11307" started-at="2018-10-16T15:15:57Z" finished-at="2018-10-16T15:16:09Z">
          <reporter-output>
          </reporter-output>
        </test-method> <!-- TCED19704 -->
        <test-method status="PASS" signature="TCED19705()[pri:4, instance:com.MTSS.Test_Suite_MTSS_T1_Interventions@17d0008]" name="TCED19705" duration-ms="1349" started-at="2018-10-16T15:16:09Z" finished-at="2018-10-16T15:16:10Z">
          <reporter-output>
          </reporter-output>
        </test-method> <!-- TCED19705 -->
        <test-method status="PASS" signature="tearDown()[pri:0, instance:com.MTSS.Test_Suite_MTSS_T1_Interventions@17d0008]" name="tearDown" is-config="true" duration-ms="0" started-at="2018-10-16T15:16:10Z" finished-at="2018-10-16T15:16:10Z">
          <reporter-output>
          </reporter-output>
        </test-method> <!-- tearDown -->
      </class> <!-- com.MTSS.Test_Suite_MTSS_T1_Interventions -->
    </test> <!-- Default test -->
  </suite> <!-- Default suite -->
</testng-results>
