<?xml version="1.0" encoding="UTF-8"?>
<testng-results skipped="0" failed="0" ignored="0" total="4" passed="4">
  <reporter-output>
  </reporter-output>
  <suite name="Default suite" duration-ms="23134" started-at="2018-10-18T08:36:14Z" finished-at="2018-10-18T08:36:37Z">
    <groups>
    </groups>
    <test name="Default test" duration-ms="23134" started-at="2018-10-18T08:36:14Z" finished-at="2018-10-18T08:36:37Z">
      <class name="com.MTSS.Track_Student_Interventions">
        <test-method status="PASS" signature="setup1()[pri:0, instance:com.MTSS.Track_Student_Interventions@52f759d7]" name="setup1" is-config="true" duration-ms="7777" started-at="2018-10-18T08:36:14Z" finished-at="2018-10-18T08:36:21Z">
          <reporter-output>
          </reporter-output>
        </test-method> <!-- setup1 -->
        <test-method status="PASS" signature="TCED19601()[pri:0, instance:com.MTSS.Track_Student_Interventions@52f759d7]" name="TCED19601" duration-ms="9589" started-at="2018-10-18T08:36:21Z" finished-at="2018-10-18T08:36:31Z">
          <reporter-output>
          </reporter-output>
        </test-method> <!-- TCED19601 -->
        <test-method status="PASS" signature="TCED19602()[pri:1, instance:com.MTSS.Track_Student_Interventions@52f759d7]" name="TCED19602" duration-ms="265" started-at="2018-10-18T08:36:31Z" finished-at="2018-10-18T08:36:31Z">
          <reporter-output>
          </reporter-output>
        </test-method> <!-- TCED19602 -->
        <test-method status="PASS" signature="TCED19603()[pri:2, instance:com.MTSS.Track_Student_Interventions@52f759d7]" name="TCED19603" duration-ms="2828" started-at="2018-10-18T08:36:31Z" finished-at="2018-10-18T08:36:34Z">
          <reporter-output>
          </reporter-output>
        </test-method> <!-- TCED19603 -->
        <test-method status="PASS" signature="TCED19604()[pri:3, instance:com.MTSS.Track_Student_Interventions@52f759d7]" name="TCED19604" duration-ms="2638" started-at="2018-10-18T08:36:34Z" finished-at="2018-10-18T08:36:37Z">
          <reporter-output>
          </reporter-output>
        </test-method> <!-- TCED19604 -->
        <test-method status="PASS" signature="tearDown()[pri:0, instance:com.MTSS.Track_Student_Interventions@52f759d7]" name="tearDown" is-config="true" duration-ms="1" started-at="2018-10-18T08:36:37Z" finished-at="2018-10-18T08:36:37Z">
          <reporter-output>
          </reporter-output>
        </test-method> <!-- tearDown -->
      </class> <!-- com.MTSS.Track_Student_Interventions -->
    </test> <!-- Default test -->
  </suite> <!-- Default suite -->
</testng-results>
