<?xml version="1.0" encoding="UTF-8"?>
<testng-results skipped="0" failed="0" total="1" passed="1">
  <reporter-output>
  </reporter-output>
  <suite name="Default suite" duration-ms="14575" started-at="2018-11-27T07:12:18Z" finished-at="2018-11-27T07:12:33Z">
    <groups>
    </groups>
    <test name="Default test" duration-ms="14575" started-at="2018-11-27T07:12:18Z" finished-at="2018-11-27T07:12:33Z">
      <class name="com.Student_Data_Depot.Student_Data_Depot_Configure_Testing_Periods">
        <test-method status="PASS" signature="setup1()[pri:0, instance:com.Student_Data_Depot.Student_Data_Depot_Configure_Testing_Periods@17d0008]" name="setup1" is-config="true" duration-ms="12390" started-at="2018-11-27T12:42:18Z" finished-at="2018-11-27T12:42:30Z">
          <reporter-output>
          </reporter-output>
        </test-method> <!-- setup1 -->
        <test-method status="PASS" signature="TCED62201()[pri:1, instance:com.Student_Data_Depot.Student_Data_Depot_Configure_Testing_Periods@17d0008]" name="TCED62201" duration-ms="2082" started-at="2018-11-27T12:42:31Z" finished-at="2018-11-27T12:42:33Z">
          <reporter-output>
          </reporter-output>
        </test-method> <!-- TCED62201 -->
        <test-method status="PASS" signature="tearDown()[pri:0, instance:com.Student_Data_Depot.Student_Data_Depot_Configure_Testing_Periods@17d0008]" name="tearDown" is-config="true" duration-ms="0" started-at="2018-11-27T12:42:33Z" finished-at="2018-11-27T12:42:33Z">
          <reporter-output>
          </reporter-output>
        </test-method> <!-- tearDown -->
      </class> <!-- com.Student_Data_Depot.Student_Data_Depot_Configure_Testing_Periods -->
    </test> <!-- Default test -->
  </suite> <!-- Default suite -->
</testng-results>
