<?xml version="1.0" encoding="UTF-8"?>
<testng-results skipped="0" failed="0" total="14" passed="14">
  <reporter-output>
  </reporter-output>
  <suite name="Default suite" duration-ms="43494" started-at="2018-12-10T07:17:37Z" finished-at="2018-12-10T07:18:20Z">
    <groups>
    </groups>
    <test name="Default test" duration-ms="43494" started-at="2018-12-10T07:17:37Z" finished-at="2018-12-10T07:18:20Z">
      <class name="com.Student_Data_Depot.Data_Depot_Menu_Items">
        <test-method status="PASS" signature="setup1()[pri:0, instance:com.Student_Data_Depot.Data_Depot_Menu_Items@1686d1f]" name="setup1" is-config="true" duration-ms="11551" started-at="2018-12-10T12:47:37Z" finished-at="2018-12-10T12:47:49Z">
          <reporter-output>
          </reporter-output>
        </test-method> <!-- setup1 -->
        <test-method status="PASS" signature="TCED62401()[pri:1, instance:com.Student_Data_Depot.Data_Depot_Menu_Items@1686d1f]" name="TCED62401" duration-ms="8054" started-at="2018-12-10T12:47:49Z" finished-at="2018-12-10T12:47:57Z">
          <reporter-output>
          </reporter-output>
        </test-method> <!-- TCED62401 -->
        <test-method status="PASS" signature="TCED62402()[pri:2, instance:com.Student_Data_Depot.Data_Depot_Menu_Items@1686d1f]" name="TCED62402" duration-ms="250" started-at="2018-12-10T12:47:57Z" finished-at="2018-12-10T12:47:58Z">
          <reporter-output>
          </reporter-output>
        </test-method> <!-- TCED62402 -->
        <test-method status="PASS" signature="TCED62403()[pri:3, instance:com.Student_Data_Depot.Data_Depot_Menu_Items@1686d1f]" name="TCED62403" duration-ms="3140" started-at="2018-12-10T12:47:58Z" finished-at="2018-12-10T12:48:01Z">
          <reporter-output>
          </reporter-output>
        </test-method> <!-- TCED62403 -->
        <test-method status="PASS" signature="TCED62404()[pri:4, instance:com.Student_Data_Depot.Data_Depot_Menu_Items@1686d1f]" name="TCED62404" duration-ms="2096" started-at="2018-12-10T12:48:01Z" finished-at="2018-12-10T12:48:03Z">
          <reporter-output>
          </reporter-output>
        </test-method> <!-- TCED62404 -->
        <test-method status="PASS" signature="TCED62405()[pri:5, instance:com.Student_Data_Depot.Data_Depot_Menu_Items@1686d1f]" name="TCED62405" duration-ms="1809" started-at="2018-12-10T12:48:03Z" finished-at="2018-12-10T12:48:05Z">
          <reporter-output>
          </reporter-output>
        </test-method> <!-- TCED62405 -->
        <test-method status="PASS" signature="TCED62406()[pri:6, instance:com.Student_Data_Depot.Data_Depot_Menu_Items@1686d1f]" name="TCED62406" duration-ms="1657" started-at="2018-12-10T12:48:05Z" finished-at="2018-12-10T12:48:06Z">
          <reporter-output>
          </reporter-output>
        </test-method> <!-- TCED62406 -->
        <test-method status="PASS" signature="TCED62407()[pri:7, instance:com.Student_Data_Depot.Data_Depot_Menu_Items@1686d1f]" name="TCED62407" duration-ms="3217" started-at="2018-12-10T12:48:06Z" finished-at="2018-12-10T12:48:09Z">
          <reporter-output>
          </reporter-output>
        </test-method> <!-- TCED62407 -->
        <test-method status="PASS" signature="TCED62409()[pri:9, instance:com.Student_Data_Depot.Data_Depot_Menu_Items@1686d1f]" name="TCED62409" duration-ms="1748" started-at="2018-12-10T12:48:09Z" finished-at="2018-12-10T12:48:11Z">
          <reporter-output>
          </reporter-output>
        </test-method> <!-- TCED62409 -->
        <test-method status="PASS" signature="TCED62410()[pri:10, instance:com.Student_Data_Depot.Data_Depot_Menu_Items@1686d1f]" name="TCED62410" duration-ms="1621" started-at="2018-12-10T12:48:11Z" finished-at="2018-12-10T12:48:13Z">
          <reporter-output>
          </reporter-output>
        </test-method> <!-- TCED62410 -->
        <test-method status="PASS" signature="TCED62411()[pri:11, instance:com.Student_Data_Depot.Data_Depot_Menu_Items@1686d1f]" name="TCED62411" duration-ms="1434" started-at="2018-12-10T12:48:13Z" finished-at="2018-12-10T12:48:14Z">
          <reporter-output>
          </reporter-output>
        </test-method> <!-- TCED62411 -->
        <test-method status="PASS" signature="TCED62412()[pri:12, instance:com.Student_Data_Depot.Data_Depot_Menu_Items@1686d1f]" name="TCED62412" duration-ms="1953" started-at="2018-12-10T12:48:14Z" finished-at="2018-12-10T12:48:16Z">
          <reporter-output>
          </reporter-output>
        </test-method> <!-- TCED62412 -->
        <test-method status="PASS" signature="TCED62413()[pri:13, instance:com.Student_Data_Depot.Data_Depot_Menu_Items@1686d1f]" name="TCED62413" duration-ms="760" started-at="2018-12-10T12:48:16Z" finished-at="2018-12-10T12:48:17Z">
          <reporter-output>
          </reporter-output>
        </test-method> <!-- TCED62413 -->
        <test-method status="PASS" signature="TCED62414()[pri:14, instance:com.Student_Data_Depot.Data_Depot_Menu_Items@1686d1f]" name="TCED62414" duration-ms="1694" started-at="2018-12-10T12:48:17Z" finished-at="2018-12-10T12:48:19Z">
          <reporter-output>
          </reporter-output>
        </test-method> <!-- TCED62414 -->
        <test-method status="PASS" signature="TCED62415()[pri:15, instance:com.Student_Data_Depot.Data_Depot_Menu_Items@1686d1f]" name="TCED62415" duration-ms="1836" started-at="2018-12-10T12:48:19Z" finished-at="2018-12-10T12:48:20Z">
          <reporter-output>
          </reporter-output>
        </test-method> <!-- TCED62415 -->
        <test-method status="PASS" signature="tearDown()[pri:0, instance:com.Student_Data_Depot.Data_Depot_Menu_Items@1686d1f]" name="tearDown" is-config="true" duration-ms="0" started-at="2018-12-10T12:48:20Z" finished-at="2018-12-10T12:48:20Z">
          <reporter-output>
          </reporter-output>
        </test-method> <!-- tearDown -->
      </class> <!-- com.Student_Data_Depot.Data_Depot_Menu_Items -->
    </test> <!-- Default test -->
  </suite> <!-- Default suite -->
</testng-results>
