<?xml version="1.0" encoding="UTF-8"?>
<testng-results skipped="0" failed="0" total="7" passed="7">
  <reporter-output>
  </reporter-output>
  <suite name="Default suite" duration-ms="57811" started-at="2018-11-21T06:26:16Z" finished-at="2018-11-21T06:27:14Z">
    <groups>
    </groups>
    <test name="Default test" duration-ms="57811" started-at="2018-11-21T06:26:16Z" finished-at="2018-11-21T06:27:14Z">
      <class name="com.Home.Teacher_Course_Section_Attendance">
        <test-method status="PASS" signature="setup1()[pri:0, instance:com.Home.Teacher_Course_Section_Attendance@f777e8]" name="setup1" is-config="true" duration-ms="13507" started-at="2018-11-21T11:56:16Z" finished-at="2018-11-21T11:56:29Z">
          <reporter-output>
          </reporter-output>
        </test-method> <!-- setup1 -->
        <test-method status="PASS" signature="TCED35601()[pri:1, instance:com.Home.Teacher_Course_Section_Attendance@f777e8]" name="TCED35601" duration-ms="14368" started-at="2018-11-21T11:56:29Z" finished-at="2018-11-21T11:56:44Z">
          <reporter-output>
          </reporter-output>
        </test-method> <!-- TCED35601 -->
        <test-method status="PASS" signature="TCED35602()[pri:2, instance:com.Home.Teacher_Course_Section_Attendance@f777e8]" name="TCED35602" duration-ms="205" started-at="2018-11-21T11:56:44Z" finished-at="2018-11-21T11:56:44Z">
          <reporter-output>
          </reporter-output>
        </test-method> <!-- TCED35602 -->
        <test-method status="PASS" signature="TCED35603()[pri:3, instance:com.Home.Teacher_Course_Section_Attendance@f777e8]" name="TCED35603" duration-ms="11335" started-at="2018-11-21T11:56:44Z" finished-at="2018-11-21T11:56:55Z">
          <reporter-output>
          </reporter-output>
        </test-method> <!-- TCED35603 -->
        <test-method status="PASS" signature="TCED35604()[pri:4, instance:com.Home.Teacher_Course_Section_Attendance@f777e8]" name="TCED35604" duration-ms="5955" started-at="2018-11-21T11:56:55Z" finished-at="2018-11-21T11:57:01Z">
          <reporter-output>
          </reporter-output>
        </test-method> <!-- TCED35604 -->
        <test-method status="PASS" signature="TCED35605()[pri:5, instance:com.Home.Teacher_Course_Section_Attendance@f777e8]" name="TCED35605" duration-ms="11668" started-at="2018-11-21T11:57:01Z" finished-at="2018-11-21T11:57:13Z">
          <reporter-output>
          </reporter-output>
        </test-method> <!-- TCED35605 -->
        <test-method status="PASS" signature="TCED35606()[pri:6, instance:com.Home.Teacher_Course_Section_Attendance@f777e8]" name="TCED35606" duration-ms="82" started-at="2018-11-21T11:57:13Z" finished-at="2018-11-21T11:57:13Z">
          <reporter-output>
          </reporter-output>
        </test-method> <!-- TCED35606 -->
        <test-method status="PASS" signature="TCED35607()[pri:7, instance:com.Home.Teacher_Course_Section_Attendance@f777e8]" name="TCED35607" duration-ms="658" started-at="2018-11-21T11:57:13Z" finished-at="2018-11-21T11:57:14Z">
          <reporter-output>
          </reporter-output>
        </test-method> <!-- TCED35607 -->
        <test-method status="PASS" signature="tearDown()[pri:0, instance:com.Home.Teacher_Course_Section_Attendance@f777e8]" name="tearDown" is-config="true" duration-ms="0" started-at="2018-11-21T11:57:14Z" finished-at="2018-11-21T11:57:14Z">
          <reporter-output>
          </reporter-output>
        </test-method> <!-- tearDown -->
      </class> <!-- com.Home.Teacher_Course_Section_Attendance -->
    </test> <!-- Default test -->
  </suite> <!-- Default suite -->
</testng-results>
