<?xml version="1.0" encoding="UTF-8"?>
<testng-results skipped="0" failed="0" ignored="0" total="6" passed="6">
  <reporter-output>
  </reporter-output>
  <suite name="Default suite" duration-ms="26276" started-at="2018-10-26T07:03:18Z" finished-at="2018-10-26T07:03:44Z">
    <groups>
    </groups>
    <test name="Default test" duration-ms="26276" started-at="2018-10-26T07:03:18Z" finished-at="2018-10-26T07:03:44Z">
      <class name="com.localassessment.Copy_assessment_vendor">
        <test-method status="PASS" signature="setup1()[pri:0, instance:com.localassessment.Copy_assessment_vendor@64f6106c]" name="setup1" is-config="true" duration-ms="7639" started-at="2018-10-26T07:03:18Z" finished-at="2018-10-26T07:03:26Z">
          <reporter-output>
          </reporter-output>
        </test-method> <!-- setup1 -->
        <test-method status="PASS" signature="TCED15001()[pri:1, instance:com.localassessment.Copy_assessment_vendor@64f6106c]" name="TCED15001" duration-ms="6044" started-at="2018-10-26T07:03:26Z" finished-at="2018-10-26T07:03:32Z">
          <reporter-output>
          </reporter-output>
        </test-method> <!-- TCED15001 -->
        <test-method status="PASS" signature="TCED15002()[pri:2, instance:com.localassessment.Copy_assessment_vendor@64f6106c]" name="TCED15002" duration-ms="3033" started-at="2018-10-26T07:03:32Z" finished-at="2018-10-26T07:03:35Z">
          <reporter-output>
          </reporter-output>
        </test-method> <!-- TCED15002 -->
        <test-method status="PASS" signature="TCED15003()[pri:3, instance:com.localassessment.Copy_assessment_vendor@64f6106c]" name="TCED15003" duration-ms="55" started-at="2018-10-26T07:03:35Z" finished-at="2018-10-26T07:03:35Z">
          <reporter-output>
          </reporter-output>
        </test-method> <!-- TCED15003 -->
        <test-method status="PASS" signature="TCED15004()[pri:4, instance:com.localassessment.Copy_assessment_vendor@64f6106c]" name="TCED15004" duration-ms="136" started-at="2018-10-26T07:03:35Z" finished-at="2018-10-26T07:03:35Z">
          <reporter-output>
          </reporter-output>
        </test-method> <!-- TCED15004 -->
        <test-method status="PASS" signature="TCED15005()[pri:5, instance:com.localassessment.Copy_assessment_vendor@64f6106c]" name="TCED15005" duration-ms="5395" started-at="2018-10-26T07:03:35Z" finished-at="2018-10-26T07:03:40Z">
          <reporter-output>
          </reporter-output>
        </test-method> <!-- TCED15005 -->
        <test-method status="PASS" signature="TCED15006()[pri:6, instance:com.localassessment.Copy_assessment_vendor@64f6106c]" name="TCED15006" duration-ms="3931" started-at="2018-10-26T07:03:40Z" finished-at="2018-10-26T07:03:44Z">
          <reporter-output>
          </reporter-output>
        </test-method> <!-- TCED15006 -->
        <test-method status="PASS" signature="tearDown()[pri:0, instance:com.localassessment.Copy_assessment_vendor@64f6106c]" name="tearDown" is-config="true" duration-ms="0" started-at="2018-10-26T07:03:44Z" finished-at="2018-10-26T07:03:44Z">
          <reporter-output>
          </reporter-output>
        </test-method> <!-- tearDown -->
      </class> <!-- com.localassessment.Copy_assessment_vendor -->
    </test> <!-- Default test -->
  </suite> <!-- Default suite -->
</testng-results>
