<?xml version="1.0" encoding="UTF-8"?>
<testng-results skipped="0" failed="0" ignored="0" total="1" passed="1">
  <reporter-output>
  </reporter-output>
  <suite name="Suite" duration-ms="39098" started-at="2018-10-12T11:24:46Z" finished-at="2018-10-12T11:25:25Z">
    <groups>
    </groups>
    <test name="Test" duration-ms="39098" started-at="2018-10-12T11:24:46Z" finished-at="2018-10-12T11:25:25Z">
      <class name="com.curriculum.Browse_By_Standard">
        <test-method status="PASS" signature="setup1()[pri:0, instance:com.curriculum.Browse_By_Standard@64f6106c]" name="setup1" is-config="true" duration-ms="8375" started-at="2018-10-12T11:24:46Z" finished-at="2018-10-12T11:24:55Z">
          <reporter-output>
          </reporter-output>
        </test-method> <!-- setup1 -->
        <test-method status="PASS" signature="TCED30104()[pri:0, instance:com.curriculum.Browse_By_Standard@64f6106c]" name="TCED30104" duration-ms="30689" started-at="2018-10-12T11:24:55Z" finished-at="2018-10-12T11:25:25Z">
          <reporter-output>
          </reporter-output>
        </test-method> <!-- TCED30104 -->
        <test-method status="PASS" signature="tearDown()[pri:0, instance:com.curriculum.Browse_By_Standard@64f6106c]" name="tearDown" is-config="true" duration-ms="1" started-at="2018-10-12T11:25:25Z" finished-at="2018-10-12T11:25:25Z">
          <reporter-output>
          </reporter-output>
        </test-method> <!-- tearDown -->
      </class> <!-- com.curriculum.Browse_By_Standard -->
    </test> <!-- Test -->
  </suite> <!-- Suite -->
</testng-results>
