<?xml version="1.0" encoding="UTF-8"?>
<testng-results skipped="0" failed="2" ignored="0" total="15" passed="13">
  <reporter-output>
  </reporter-output>
  <suite name="Default suite" duration-ms="190721" started-at="2018-11-20T07:31:44Z" finished-at="2018-11-20T07:34:55Z">
    <groups>
    </groups>
    <test name="Default test" duration-ms="190721" started-at="2018-11-20T07:31:44Z" finished-at="2018-11-20T07:34:55Z">
      <class name="com.analyzeByScore.StudentAssessmentAdministrationResultsbyTeacher">
        <test-method status="PASS" signature="setup1()[pri:0, instance:com.analyzeByScore.StudentAssessmentAdministrationResultsbyTeacher@3ecd23d9]" name="setup1" is-config="true" duration-ms="8630" started-at="2018-11-20T07:31:44Z" finished-at="2018-11-20T07:31:53Z">
          <reporter-output>
          </reporter-output>
        </test-method> <!-- setup1 -->
        <test-method status="PASS" signature="TCED14151()[pri:1, instance:com.analyzeByScore.StudentAssessmentAdministrationResultsbyTeacher@3ecd23d9]" name="TCED14151" duration-ms="12267" started-at="2018-11-20T07:31:53Z" finished-at="2018-11-20T07:32:05Z">
          <reporter-output>
          </reporter-output>
        </test-method> <!-- TCED14151 -->
        <test-method status="PASS" signature="TCED14152()[pri:2, instance:com.analyzeByScore.StudentAssessmentAdministrationResultsbyTeacher@3ecd23d9]" name="TCED14152" duration-ms="282" started-at="2018-11-20T07:32:05Z" finished-at="2018-11-20T07:32:05Z">
          <reporter-output>
          </reporter-output>
        </test-method> <!-- TCED14152 -->
        <test-method status="PASS" signature="TCED14153()[pri:3, instance:com.analyzeByScore.StudentAssessmentAdministrationResultsbyTeacher@3ecd23d9]" name="TCED14153" duration-ms="1968" started-at="2018-11-20T07:32:05Z" finished-at="2018-11-20T07:32:07Z">
          <reporter-output>
          </reporter-output>
        </test-method> <!-- TCED14153 -->
        <test-method status="PASS" signature="TCED14154()[pri:4, instance:com.analyzeByScore.StudentAssessmentAdministrationResultsbyTeacher@3ecd23d9]" name="TCED14154" duration-ms="17265" started-at="2018-11-20T07:32:07Z" finished-at="2018-11-20T07:32:24Z">
          <reporter-output>
          </reporter-output>
        </test-method> <!-- TCED14154 -->
        <test-method status="FAIL" signature="TCED14155()[pri:5, instance:com.analyzeByScore.StudentAssessmentAdministrationResultsbyTeacher@3ecd23d9]" name="TCED14155" duration-ms="4275" started-at="2018-11-20T07:32:24Z" finished-at="2018-11-20T07:32:29Z">
          <exception class="java.lang.AssertionError">
            <message>
              <![CDATA[Failed to download document which has extension .PDF expected [true] but found [false]]]>
            </message>
            <full-stacktrace>
              <![CDATA[java.lang.AssertionError: Failed to download document which has extension .PDF expected [true] but found [false]
at org.testng.Assert.fail(Assert.java:96)
at org.testng.Assert.failNotEquals(Assert.java:776)
at org.testng.Assert.assertTrue(Assert.java:44)
at com.analyzeByScore.StudentAssessmentAdministrationResultsbyTeacher.TCED14155(StudentAssessmentAdministrationResultsbyTeacher.java:236)
at sun.reflect.NativeMethodAccessorImpl.invoke0(Native Method)
at sun.reflect.NativeMethodAccessorImpl.invoke(NativeMethodAccessorImpl.java:62)
at sun.reflect.DelegatingMethodAccessorImpl.invoke(DelegatingMethodAccessorImpl.java:43)
at java.lang.reflect.Method.invoke(Method.java:498)
at org.testng.internal.MethodInvocationHelper.invokeMethod(MethodInvocationHelper.java:124)
at org.testng.internal.Invoker.invokeMethod(Invoker.java:583)
at org.testng.internal.Invoker.invokeTestMethod(Invoker.java:719)
at org.testng.internal.Invoker.invokeTestMethods(Invoker.java:989)
at org.testng.internal.TestMethodWorker.invokeTestMethods(TestMethodWorker.java:125)
at org.testng.internal.TestMethodWorker.run(TestMethodWorker.java:109)
at org.testng.TestRunner.privateRun(TestRunner.java:648)
at org.testng.TestRunner.run(TestRunner.java:505)
at org.testng.SuiteRunner.runTest(SuiteRunner.java:455)
at org.testng.SuiteRunner.runSequentially(SuiteRunner.java:450)
at org.testng.SuiteRunner.privateRun(SuiteRunner.java:415)
at org.testng.SuiteRunner.run(SuiteRunner.java:364)
at org.testng.SuiteRunnerWorker.runSuite(SuiteRunnerWorker.java:52)
at org.testng.SuiteRunnerWorker.run(SuiteRunnerWorker.java:84)
at org.testng.TestNG.runSuitesSequentially(TestNG.java:1208)
at org.testng.TestNG.runSuitesLocally(TestNG.java:1137)
at org.testng.TestNG.runSuites(TestNG.java:1049)
at org.testng.TestNG.run(TestNG.java:1017)
at org.testng.remote.AbstractRemoteTestNG.run(AbstractRemoteTestNG.java:114)
at org.testng.remote.RemoteTestNG.initAndRun(RemoteTestNG.java:251)
at org.testng.remote.RemoteTestNG.main(RemoteTestNG.java:77)
]]>
            </full-stacktrace>
          </exception> <!-- java.lang.AssertionError -->
          <reporter-output>
          </reporter-output>
        </test-method> <!-- TCED14155 -->
        <test-method status="FAIL" signature="TCED14156()[pri:6, instance:com.analyzeByScore.StudentAssessmentAdministrationResultsbyTeacher@3ecd23d9]" name="TCED14156" duration-ms="4326" started-at="2018-11-20T07:32:29Z" finished-at="2018-11-20T07:32:33Z">
          <exception class="java.lang.AssertionError">
            <message>
              <![CDATA[Failed to download document which has extension .CSV expected [true] but found [false]]]>
            </message>
            <full-stacktrace>
              <![CDATA[java.lang.AssertionError: Failed to download document which has extension .CSV expected [true] but found [false]
at org.testng.Assert.fail(Assert.java:96)
at org.testng.Assert.failNotEquals(Assert.java:776)
at org.testng.Assert.assertTrue(Assert.java:44)
at com.analyzeByScore.StudentAssessmentAdministrationResultsbyTeacher.TCED14156(StudentAssessmentAdministrationResultsbyTeacher.java:258)
at sun.reflect.NativeMethodAccessorImpl.invoke0(Native Method)
at sun.reflect.NativeMethodAccessorImpl.invoke(NativeMethodAccessorImpl.java:62)
at sun.reflect.DelegatingMethodAccessorImpl.invoke(DelegatingMethodAccessorImpl.java:43)
at java.lang.reflect.Method.invoke(Method.java:498)
at org.testng.internal.MethodInvocationHelper.invokeMethod(MethodInvocationHelper.java:124)
at org.testng.internal.Invoker.invokeMethod(Invoker.java:583)
at org.testng.internal.Invoker.invokeTestMethod(Invoker.java:719)
at org.testng.internal.Invoker.invokeTestMethods(Invoker.java:989)
at org.testng.internal.TestMethodWorker.invokeTestMethods(TestMethodWorker.java:125)
at org.testng.internal.TestMethodWorker.run(TestMethodWorker.java:109)
at org.testng.TestRunner.privateRun(TestRunner.java:648)
at org.testng.TestRunner.run(TestRunner.java:505)
at org.testng.SuiteRunner.runTest(SuiteRunner.java:455)
at org.testng.SuiteRunner.runSequentially(SuiteRunner.java:450)
at org.testng.SuiteRunner.privateRun(SuiteRunner.java:415)
at org.testng.SuiteRunner.run(SuiteRunner.java:364)
at org.testng.SuiteRunnerWorker.runSuite(SuiteRunnerWorker.java:52)
at org.testng.SuiteRunnerWorker.run(SuiteRunnerWorker.java:84)
at org.testng.TestNG.runSuitesSequentially(TestNG.java:1208)
at org.testng.TestNG.runSuitesLocally(TestNG.java:1137)
at org.testng.TestNG.runSuites(TestNG.java:1049)
at org.testng.TestNG.run(TestNG.java:1017)
at org.testng.remote.AbstractRemoteTestNG.run(AbstractRemoteTestNG.java:114)
at org.testng.remote.RemoteTestNG.initAndRun(RemoteTestNG.java:251)
at org.testng.remote.RemoteTestNG.main(RemoteTestNG.java:77)
]]>
            </full-stacktrace>
          </exception> <!-- java.lang.AssertionError -->
          <reporter-output>
          </reporter-output>
        </test-method> <!-- TCED14156 -->
        <test-method status="PASS" signature="TCED14157()[pri:7, instance:com.analyzeByScore.StudentAssessmentAdministrationResultsbyTeacher@3ecd23d9]" name="TCED14157" duration-ms="2493" started-at="2018-11-20T07:32:33Z" finished-at="2018-11-20T07:32:35Z">
          <reporter-output>
          </reporter-output>
        </test-method> <!-- TCED14157 -->
        <test-method status="PASS" signature="TCED14158()[pri:8, instance:com.analyzeByScore.StudentAssessmentAdministrationResultsbyTeacher@3ecd23d9]" name="TCED14158" duration-ms="10451" started-at="2018-11-20T07:32:35Z" finished-at="2018-11-20T07:32:46Z">
          <reporter-output>
          </reporter-output>
        </test-method> <!-- TCED14158 -->
        <test-method status="PASS" signature="TCED14159()[pri:9, instance:com.analyzeByScore.StudentAssessmentAdministrationResultsbyTeacher@3ecd23d9]" name="TCED14159" duration-ms="9310" started-at="2018-11-20T07:32:46Z" finished-at="2018-11-20T07:32:55Z">
          <reporter-output>
          </reporter-output>
        </test-method> <!-- TCED14159 -->
        <test-method status="PASS" signature="TCED14160()[pri:10, instance:com.analyzeByScore.StudentAssessmentAdministrationResultsbyTeacher@3ecd23d9]" name="TCED14160" duration-ms="2564" started-at="2018-11-20T07:32:55Z" finished-at="2018-11-20T07:32:58Z">
          <reporter-output>
          </reporter-output>
        </test-method> <!-- TCED14160 -->
        <test-method status="PASS" signature="TCED14161()[pri:11, instance:com.analyzeByScore.StudentAssessmentAdministrationResultsbyTeacher@3ecd23d9]" name="TCED14161" duration-ms="10393" started-at="2018-11-20T07:32:58Z" finished-at="2018-11-20T07:33:08Z">
          <reporter-output>
          </reporter-output>
        </test-method> <!-- TCED14161 -->
        <test-method status="PASS" signature="TCED14162()[pri:12, instance:com.analyzeByScore.StudentAssessmentAdministrationResultsbyTeacher@3ecd23d9]" name="TCED14162" duration-ms="1982" started-at="2018-11-20T07:33:08Z" finished-at="2018-11-20T07:33:10Z">
          <reporter-output>
          </reporter-output>
        </test-method> <!-- TCED14162 -->
        <test-method status="PASS" signature="TCED14163()[pri:13, instance:com.analyzeByScore.StudentAssessmentAdministrationResultsbyTeacher@3ecd23d9]" name="TCED14163" duration-ms="12936" started-at="2018-11-20T07:33:10Z" finished-at="2018-11-20T07:33:23Z">
          <reporter-output>
          </reporter-output>
        </test-method> <!-- TCED14163 -->
        <test-method status="PASS" signature="TCED14164()[pri:14, instance:com.analyzeByScore.StudentAssessmentAdministrationResultsbyTeacher@3ecd23d9]" name="TCED14164" duration-ms="28191" started-at="2018-11-20T07:33:23Z" finished-at="2018-11-20T07:33:51Z">
          <reporter-output>
          </reporter-output>
        </test-method> <!-- TCED14164 -->
        <test-method status="PASS" signature="TCED14165()[pri:15, instance:com.analyzeByScore.StudentAssessmentAdministrationResultsbyTeacher@3ecd23d9]" name="TCED14165" duration-ms="63337" started-at="2018-11-20T07:33:51Z" finished-at="2018-11-20T07:34:55Z">
          <reporter-output>
          </reporter-output>
        </test-method> <!-- TCED14165 -->
        <test-method status="PASS" signature="tearDown()[pri:0, instance:com.analyzeByScore.StudentAssessmentAdministrationResultsbyTeacher@3ecd23d9]" name="tearDown" is-config="true" duration-ms="0" started-at="2018-11-20T07:34:55Z" finished-at="2018-11-20T07:34:55Z">
          <reporter-output>
          </reporter-output>
        </test-method> <!-- tearDown -->
      </class> <!-- com.analyzeByScore.StudentAssessmentAdministrationResultsbyTeacher -->
    </test> <!-- Default test -->
  </suite> <!-- Default suite -->
</testng-results>
