<?xml version="1.0" encoding="UTF-8"?>
<testng-results skipped="0" failed="0" total="18" passed="18">
  <reporter-output>
  </reporter-output>
  <suite name="Suite" duration-ms="162471" started-at="2018-10-15T13:40:14Z" finished-at="2018-10-15T13:42:56Z">
    <groups>
    </groups>
    <test name="Test" duration-ms="162471" started-at="2018-10-15T13:40:14Z" finished-at="2018-10-15T13:42:56Z">
      <class name="com.curriculum.Analyze_curriculam">
        <test-method status="PASS" signature="setup1()[pri:0, instance:com.curriculum.Analyze_curriculam@12108b5]" name="setup1" is-config="true" duration-ms="27965" started-at="2018-10-15T19:10:14Z" finished-at="2018-10-15T19:10:42Z">
          <reporter-output>
          </reporter-output>
        </test-method> <!-- setup1 -->
        <test-method status="PASS" signature="TCED29701()[pri:0, instance:com.curriculum.Analyze_curriculam@12108b5]" name="TCED29701" duration-ms="20462" started-at="2018-10-15T19:10:42Z" finished-at="2018-10-15T19:11:02Z">
          <reporter-output>
          </reporter-output>
        </test-method> <!-- TCED29701 -->
        <test-method status="PASS" signature="TCED29702()[pri:1, instance:com.curriculum.Analyze_curriculam@12108b5]" name="TCED29702" duration-ms="4534" started-at="2018-10-15T19:11:02Z" finished-at="2018-10-15T19:11:07Z">
          <reporter-output>
          </reporter-output>
        </test-method> <!-- TCED29702 -->
        <test-method status="PASS" signature="TCED29703()[pri:2, instance:com.curriculum.Analyze_curriculam@12108b5]" name="TCED29703" duration-ms="810" started-at="2018-10-15T19:11:07Z" finished-at="2018-10-15T19:11:08Z">
          <reporter-output>
          </reporter-output>
        </test-method> <!-- TCED29703 -->
        <test-method status="PASS" signature="TCED29704()[pri:3, instance:com.curriculum.Analyze_curriculam@12108b5]" name="TCED29704" duration-ms="4359" started-at="2018-10-15T19:11:08Z" finished-at="2018-10-15T19:11:12Z">
          <reporter-output>
          </reporter-output>
        </test-method> <!-- TCED29704 -->
        <test-method status="PASS" signature="TCED29705()[pri:4, instance:com.curriculum.Analyze_curriculam@12108b5]" name="TCED29705" duration-ms="178" started-at="2018-10-15T19:11:12Z" finished-at="2018-10-15T19:11:12Z">
          <reporter-output>
          </reporter-output>
        </test-method> <!-- TCED29705 -->
        <test-method status="PASS" signature="TCED29706()[pri:5, instance:com.curriculum.Analyze_curriculam@12108b5]" name="TCED29706" duration-ms="2763" started-at="2018-10-15T19:11:12Z" finished-at="2018-10-15T19:11:15Z">
          <reporter-output>
          </reporter-output>
        </test-method> <!-- TCED29706 -->
        <test-method status="PASS" signature="TCED29707()[pri:6, instance:com.curriculum.Analyze_curriculam@12108b5]" name="TCED29707" duration-ms="166" started-at="2018-10-15T19:11:15Z" finished-at="2018-10-15T19:11:15Z">
          <reporter-output>
          </reporter-output>
        </test-method> <!-- TCED29707 -->
        <test-method status="PASS" signature="TCED29708()[pri:7, instance:com.curriculum.Analyze_curriculam@12108b5]" name="TCED29708" duration-ms="11439" started-at="2018-10-15T19:11:15Z" finished-at="2018-10-15T19:11:26Z">
          <reporter-output>
          </reporter-output>
        </test-method> <!-- TCED29708 -->
        <test-method status="PASS" signature="TCED29709()[pri:8, instance:com.curriculum.Analyze_curriculam@12108b5]" name="TCED29709" duration-ms="11371" started-at="2018-10-15T19:11:26Z" finished-at="2018-10-15T19:11:38Z">
          <reporter-output>
          </reporter-output>
        </test-method> <!-- TCED29709 -->
        <test-method status="PASS" signature="TCED29710()[pri:9, instance:com.curriculum.Analyze_curriculam@12108b5]" name="TCED29710" duration-ms="4402" started-at="2018-10-15T19:11:38Z" finished-at="2018-10-15T19:11:42Z">
          <reporter-output>
          </reporter-output>
        </test-method> <!-- TCED29710 -->
        <test-method status="PASS" signature="TCED29711()[pri:10, instance:com.curriculum.Analyze_curriculam@12108b5]" name="TCED29711" duration-ms="18951" started-at="2018-10-15T19:11:42Z" finished-at="2018-10-15T19:12:01Z">
          <reporter-output>
          </reporter-output>
        </test-method> <!-- TCED29711 -->
        <test-method status="PASS" signature="TCED29712()[pri:11, instance:com.curriculum.Analyze_curriculam@12108b5]" name="TCED29712" duration-ms="11156" started-at="2018-10-15T19:12:01Z" finished-at="2018-10-15T19:12:12Z">
          <reporter-output>
          </reporter-output>
        </test-method> <!-- TCED29712 -->
        <test-method status="PASS" signature="TCED29713()[pri:12, instance:com.curriculum.Analyze_curriculam@12108b5]" name="TCED29713" duration-ms="11310" started-at="2018-10-15T19:12:12Z" finished-at="2018-10-15T19:12:24Z">
          <reporter-output>
          </reporter-output>
        </test-method> <!-- TCED29713 -->
        <test-method status="PASS" signature="TCED29714()[pri:13, instance:com.curriculum.Analyze_curriculam@12108b5]" name="TCED29714" duration-ms="1080" started-at="2018-10-15T19:12:24Z" finished-at="2018-10-15T19:12:25Z">
          <reporter-output>
          </reporter-output>
        </test-method> <!-- TCED29714 -->
        <test-method status="PASS" signature="TCED29715()[pri:14, instance:com.curriculum.Analyze_curriculam@12108b5]" name="TCED29715" duration-ms="360" started-at="2018-10-15T19:12:25Z" finished-at="2018-10-15T19:12:25Z">
          <reporter-output>
          </reporter-output>
        </test-method> <!-- TCED29715 -->
        <test-method status="PASS" signature="TCED29716()[pri:15, instance:com.curriculum.Analyze_curriculam@12108b5]" name="TCED29716" duration-ms="6290" started-at="2018-10-15T19:12:25Z" finished-at="2018-10-15T19:12:31Z">
          <reporter-output>
          </reporter-output>
        </test-method> <!-- TCED29716 -->
        <test-method status="PASS" signature="TCED29717()[pri:16, instance:com.curriculum.Analyze_curriculam@12108b5]" name="TCED29717" duration-ms="23461" started-at="2018-10-15T19:12:31Z" finished-at="2018-10-15T19:12:55Z">
          <reporter-output>
          </reporter-output>
        </test-method> <!-- TCED29717 -->
        <test-method status="PASS" signature="TCED29718()[pri:17, instance:com.curriculum.Analyze_curriculam@12108b5]" name="TCED29718" duration-ms="1357" started-at="2018-10-15T19:12:55Z" finished-at="2018-10-15T19:12:56Z">
          <reporter-output>
          </reporter-output>
        </test-method> <!-- TCED29718 -->
        <test-method status="PASS" signature="tearDown()[pri:0, instance:com.curriculum.Analyze_curriculam@12108b5]" name="tearDown" is-config="true" duration-ms="0" started-at="2018-10-15T19:12:56Z" finished-at="2018-10-15T19:12:56Z">
          <reporter-output>
          </reporter-output>
        </test-method> <!-- tearDown -->
      </class> <!-- com.curriculum.Analyze_curriculam -->
    </test> <!-- Test -->
  </suite> <!-- Suite -->
</testng-results>
