<?xml version="1.0" encoding="UTF-8"?>
<testng-results skipped="0" failed="0" total="15" passed="15">
  <reporter-output>
  </reporter-output>
  <suite name="Default suite" duration-ms="198365" started-at="2018-11-19T13:34:54Z" finished-at="2018-11-19T13:38:12Z">
    <groups>
    </groups>
    <test name="Default test" duration-ms="198365" started-at="2018-11-19T13:34:54Z" finished-at="2018-11-19T13:38:12Z">
      <class name="com.analyzeByScore.StudentAssessmentAdministrationResultsbyTeacher">
        <test-method status="PASS" signature="setup1()[pri:0, instance:com.analyzeByScore.StudentAssessmentAdministrationResultsbyTeacher@42dafa95]" name="setup1" is-config="true" duration-ms="10747" started-at="2018-11-19T19:04:54Z" finished-at="2018-11-19T19:05:05Z">
          <reporter-output>
          </reporter-output>
        </test-method> <!-- setup1 -->
        <test-method status="PASS" signature="TCED14151()[pri:1, instance:com.analyzeByScore.StudentAssessmentAdministrationResultsbyTeacher@42dafa95]" name="TCED14151" duration-ms="11757" started-at="2018-11-19T19:05:05Z" finished-at="2018-11-19T19:05:16Z">
          <reporter-output>
          </reporter-output>
        </test-method> <!-- TCED14151 -->
        <test-method status="PASS" signature="TCED14152()[pri:2, instance:com.analyzeByScore.StudentAssessmentAdministrationResultsbyTeacher@42dafa95]" name="TCED14152" duration-ms="172" started-at="2018-11-19T19:05:16Z" finished-at="2018-11-19T19:05:17Z">
          <reporter-output>
          </reporter-output>
        </test-method> <!-- TCED14152 -->
        <test-method status="PASS" signature="TCED14153()[pri:3, instance:com.analyzeByScore.StudentAssessmentAdministrationResultsbyTeacher@42dafa95]" name="TCED14153" duration-ms="1598" started-at="2018-11-19T19:05:17Z" finished-at="2018-11-19T19:05:18Z">
          <reporter-output>
          </reporter-output>
        </test-method> <!-- TCED14153 -->
        <test-method status="PASS" signature="TCED14154()[pri:4, instance:com.analyzeByScore.StudentAssessmentAdministrationResultsbyTeacher@42dafa95]" name="TCED14154" duration-ms="16530" started-at="2018-11-19T19:05:18Z" finished-at="2018-11-19T19:05:35Z">
          <reporter-output>
          </reporter-output>
        </test-method> <!-- TCED14154 -->
        <test-method status="PASS" signature="TCED14155()[pri:5, instance:com.analyzeByScore.StudentAssessmentAdministrationResultsbyTeacher@42dafa95]" name="TCED14155" duration-ms="9273" started-at="2018-11-19T19:05:35Z" finished-at="2018-11-19T19:05:44Z">
          <reporter-output>
          </reporter-output>
        </test-method> <!-- TCED14155 -->
        <test-method status="PASS" signature="TCED14156()[pri:6, instance:com.analyzeByScore.StudentAssessmentAdministrationResultsbyTeacher@42dafa95]" name="TCED14156" duration-ms="9277" started-at="2018-11-19T19:05:44Z" finished-at="2018-11-19T19:05:53Z">
          <reporter-output>
          </reporter-output>
        </test-method> <!-- TCED14156 -->
        <test-method status="PASS" signature="TCED14157()[pri:7, instance:com.analyzeByScore.StudentAssessmentAdministrationResultsbyTeacher@42dafa95]" name="TCED14157" duration-ms="2305" started-at="2018-11-19T19:05:53Z" finished-at="2018-11-19T19:05:56Z">
          <reporter-output>
          </reporter-output>
        </test-method> <!-- TCED14157 -->
        <test-method status="PASS" signature="TCED14158()[pri:8, instance:com.analyzeByScore.StudentAssessmentAdministrationResultsbyTeacher@42dafa95]" name="TCED14158" duration-ms="10355" started-at="2018-11-19T19:05:56Z" finished-at="2018-11-19T19:06:06Z">
          <reporter-output>
          </reporter-output>
        </test-method> <!-- TCED14158 -->
        <test-method status="PASS" signature="TCED14159()[pri:9, instance:com.analyzeByScore.StudentAssessmentAdministrationResultsbyTeacher@42dafa95]" name="TCED14159" duration-ms="9278" started-at="2018-11-19T19:06:06Z" finished-at="2018-11-19T19:06:15Z">
          <reporter-output>
          </reporter-output>
        </test-method> <!-- TCED14159 -->
        <test-method status="PASS" signature="TCED14160()[pri:10, instance:com.analyzeByScore.StudentAssessmentAdministrationResultsbyTeacher@42dafa95]" name="TCED14160" duration-ms="1575" started-at="2018-11-19T19:06:15Z" finished-at="2018-11-19T19:06:17Z">
          <reporter-output>
          </reporter-output>
        </test-method> <!-- TCED14160 -->
        <test-method status="PASS" signature="TCED14161()[pri:11, instance:com.analyzeByScore.StudentAssessmentAdministrationResultsbyTeacher@42dafa95]" name="TCED14161" duration-ms="10328" started-at="2018-11-19T19:06:17Z" finished-at="2018-11-19T19:06:27Z">
          <reporter-output>
          </reporter-output>
        </test-method> <!-- TCED14161 -->
        <test-method status="PASS" signature="TCED14162()[pri:12, instance:com.analyzeByScore.StudentAssessmentAdministrationResultsbyTeacher@42dafa95]" name="TCED14162" duration-ms="1627" started-at="2018-11-19T19:06:27Z" finished-at="2018-11-19T19:06:29Z">
          <reporter-output>
          </reporter-output>
        </test-method> <!-- TCED14162 -->
        <test-method status="PASS" signature="TCED14163()[pri:13, instance:com.analyzeByScore.StudentAssessmentAdministrationResultsbyTeacher@42dafa95]" name="TCED14163" duration-ms="12685" started-at="2018-11-19T19:06:29Z" finished-at="2018-11-19T19:06:41Z">
          <reporter-output>
          </reporter-output>
        </test-method> <!-- TCED14163 -->
        <test-method status="PASS" signature="TCED14164()[pri:14, instance:com.analyzeByScore.StudentAssessmentAdministrationResultsbyTeacher@42dafa95]" name="TCED14164" duration-ms="27974" started-at="2018-11-19T19:06:41Z" finished-at="2018-11-19T19:07:09Z">
          <reporter-output>
          </reporter-output>
        </test-method> <!-- TCED14164 -->
        <test-method status="PASS" signature="TCED14165()[pri:15, instance:com.analyzeByScore.StudentAssessmentAdministrationResultsbyTeacher@42dafa95]" name="TCED14165" duration-ms="62821" started-at="2018-11-19T19:07:09Z" finished-at="2018-11-19T19:08:12Z">
          <reporter-output>
          </reporter-output>
        </test-method> <!-- TCED14165 -->
        <test-method status="PASS" signature="tearDown()[pri:0, instance:com.analyzeByScore.StudentAssessmentAdministrationResultsbyTeacher@42dafa95]" name="tearDown" is-config="true" duration-ms="0" started-at="2018-11-19T19:08:12Z" finished-at="2018-11-19T19:08:12Z">
          <reporter-output>
          </reporter-output>
        </test-method> <!-- tearDown -->
      </class> <!-- com.analyzeByScore.StudentAssessmentAdministrationResultsbyTeacher -->
    </test> <!-- Default test -->
  </suite> <!-- Default suite -->
</testng-results>
