<?xml version="1.0" encoding="UTF-8"?>
<testng-results skipped="0" failed="0" ignored="0" total="3" passed="3">
  <reporter-output>
  </reporter-output>
  <suite name="Default suite" duration-ms="65589" started-at="2018-09-12T10:03:19Z" finished-at="2018-09-12T10:04:24Z">
    <groups>
    </groups>
    <test name="Default test" duration-ms="65589" started-at="2018-09-12T10:03:19Z" finished-at="2018-09-12T10:04:24Z">
      <class name="com.MTSS.TieredStudentsWithNoInterventionPlan">
        <test-method status="PASS" signature="setup1()[pri:0, instance:com.MTSS.TieredStudentsWithNoInterventionPlan@52f759d7]" name="setup1" is-config="true" duration-ms="25924" started-at="2018-09-12T10:03:19Z" finished-at="2018-09-12T10:03:44Z">
          <reporter-output>
          </reporter-output>
        </test-method> <!-- setup1 -->
        <test-method status="PASS" signature="TCED221105()[pri:1, instance:com.MTSS.TieredStudentsWithNoInterventionPlan@52f759d7]" name="TCED221105" duration-ms="21034" started-at="2018-09-12T10:03:45Z" finished-at="2018-09-12T10:04:06Z">
          <reporter-output>
          </reporter-output>
        </test-method> <!-- TCED221105 -->
        <test-method status="PASS" signature="TCED221106()[pri:2, instance:com.MTSS.TieredStudentsWithNoInterventionPlan@52f759d7]" name="TCED221106" duration-ms="9306" started-at="2018-09-12T10:04:06Z" finished-at="2018-09-12T10:04:15Z">
          <reporter-output>
          </reporter-output>
        </test-method> <!-- TCED221106 -->
        <test-method status="PASS" signature="TCED221111()[pri:3, instance:com.MTSS.TieredStudentsWithNoInterventionPlan@52f759d7]" name="TCED221111" duration-ms="9293" started-at="2018-09-12T10:04:15Z" finished-at="2018-09-12T10:04:24Z">
          <reporter-output>
          </reporter-output>
        </test-method> <!-- TCED221111 -->
        <test-method status="PASS" signature="tearDown()[pri:0, instance:com.MTSS.TieredStudentsWithNoInterventionPlan@52f759d7]" name="tearDown" is-config="true" duration-ms="0" started-at="2018-09-12T10:04:24Z" finished-at="2018-09-12T10:04:24Z">
          <reporter-output>
          </reporter-output>
        </test-method> <!-- tearDown -->
      </class> <!-- com.MTSS.TieredStudentsWithNoInterventionPlan -->
    </test> <!-- Default test -->
  </suite> <!-- Default suite -->
</testng-results>
