<?xml version="1.0" encoding="UTF-8"?>
<testng-results skipped="5" failed="0" total="5" passed="0">
  <reporter-output>
  </reporter-output>
  <suite name="Default suite" duration-ms="258" started-at="2018-10-26T06:43:51Z" finished-at="2018-10-26T06:43:51Z">
    <groups>
    </groups>
    <test name="Default test" duration-ms="258" started-at="2018-10-26T06:43:51Z" finished-at="2018-10-26T06:43:51Z">
      <class name="com.MTSS.Manage_meetings">
        <test-method status="FAIL" signature="setup1()[pri:0, instance:com.MTSS.Manage_meetings@4cf777e8]" name="setup1" is-config="true" duration-ms="0" started-at="2018-10-26T12:13:51Z" finished-at="2018-10-26T12:13:51Z">
          <exception class="java.lang.IllegalStateException">
            <message>
              <![CDATA[The driver executable does not exist: f:\Jars\geckodriver.exe]]>
            </message>
            <full-stacktrace>
              <![CDATA[java.lang.IllegalStateException: The driver executable does not exist: f:\Jars\geckodriver.exe
	at com.google.common.base.Preconditions.checkState(Preconditions.java:585)
	at org.openqa.selenium.remote.service.DriverService.checkExecutable(DriverService.java:136)
	at org.openqa.selenium.remote.service.DriverService.findExecutable(DriverService.java:131)
	at org.openqa.selenium.firefox.GeckoDriverService.access$100(GeckoDriverService.java:41)
	at org.openqa.selenium.firefox.GeckoDriverService$Builder.findDefaultExecutable(GeckoDriverService.java:141)
	at org.openqa.selenium.remote.service.DriverService$Builder.build(DriverService.java:339)
	at org.openqa.selenium.firefox.FirefoxDriver.toExecutor(FirefoxDriver.java:158)
	at org.openqa.selenium.firefox.FirefoxDriver.<init>(FirefoxDriver.java:120)
	at Library.BaseClassOne.setup1(BaseClassOne.java:114)
	at sun.reflect.NativeMethodAccessorImpl.invoke0(Native Method)
	at sun.reflect.NativeMethodAccessorImpl.invoke(NativeMethodAccessorImpl.java:62)
	at sun.reflect.DelegatingMethodAccessorImpl.invoke(DelegatingMethodAccessorImpl.java:43)
	at java.lang.reflect.Method.invoke(Method.java:498)
	at org.testng.internal.MethodInvocationHelper.invokeMethod(MethodInvocationHelper.java:100)
	at org.testng.internal.Invoker.invokeConfigurationMethod(Invoker.java:515)
	at org.testng.internal.Invoker.invokeConfigurations(Invoker.java:216)
	at org.testng.internal.Invoker.invokeConfigurations(Invoker.java:143)
	at org.testng.TestRunner.beforeRun(TestRunner.java:631)
	at org.testng.TestRunner.run(TestRunner.java:599)
	at org.testng.SuiteRunner.runTest(SuiteRunner.java:368)
	at org.testng.SuiteRunner.runSequentially(SuiteRunner.java:363)
	at org.testng.SuiteRunner.privateRun(SuiteRunner.java:321)
	at org.testng.SuiteRunner.run(SuiteRunner.java:270)
	at org.testng.SuiteRunnerWorker.runSuite(SuiteRunnerWorker.java:52)
	at org.testng.SuiteRunnerWorker.run(SuiteRunnerWorker.java:86)
	at org.testng.TestNG.runSuitesSequentially(TestNG.java:1284)
	at org.testng.TestNG.runSuitesLocally(TestNG.java:1209)
	at org.testng.TestNG.runSuites(TestNG.java:1124)
	at org.testng.TestNG.run(TestNG.java:1096)
	at org.testng.remote.AbstractRemoteTestNG.run(AbstractRemoteTestNG.java:132)
	at org.testng.remote.RemoteTestNG.initAndRun(RemoteTestNG.java:236)
	at org.testng.remote.RemoteTestNG.main(RemoteTestNG.java:81)
]]>
            </full-stacktrace>
          </exception> <!-- java.lang.IllegalStateException -->
          <reporter-output>
          </reporter-output>
        </test-method> <!-- setup1 -->
        <test-method status="SKIP" signature="TCED20201()[pri:1, instance:com.MTSS.Manage_meetings@4cf777e8]" name="TCED20201" duration-ms="1" started-at="2018-10-26T12:13:51Z" finished-at="2018-10-26T12:13:51Z">
          <reporter-output>
          </reporter-output>
        </test-method> <!-- TCED20201 -->
        <test-method status="SKIP" signature="TCED20202()[pri:2, instance:com.MTSS.Manage_meetings@4cf777e8]" name="TCED20202" duration-ms="1" started-at="2018-10-26T12:13:51Z" finished-at="2018-10-26T12:13:51Z">
          <reporter-output>
          </reporter-output>
        </test-method> <!-- TCED20202 -->
        <test-method status="SKIP" signature="TCED20203()[pri:3, instance:com.MTSS.Manage_meetings@4cf777e8]" name="TCED20203" duration-ms="1" started-at="2018-10-26T12:13:51Z" finished-at="2018-10-26T12:13:51Z">
          <reporter-output>
          </reporter-output>
        </test-method> <!-- TCED20203 -->
        <test-method status="SKIP" signature="TCED20204()[pri:4, instance:com.MTSS.Manage_meetings@4cf777e8]" name="TCED20204" duration-ms="1" started-at="2018-10-26T12:13:51Z" finished-at="2018-10-26T12:13:51Z">
          <reporter-output>
          </reporter-output>
        </test-method> <!-- TCED20204 -->
        <test-method status="SKIP" signature="TCED20205()[pri:5, instance:com.MTSS.Manage_meetings@4cf777e8]" name="TCED20205" duration-ms="0" started-at="2018-10-26T12:13:51Z" finished-at="2018-10-26T12:13:51Z">
          <reporter-output>
          </reporter-output>
        </test-method> <!-- TCED20205 -->
        <test-method status="SKIP" signature="tearDown()[pri:0, instance:com.MTSS.Manage_meetings@4cf777e8]" name="tearDown" is-config="true" duration-ms="0" started-at="2018-10-26T12:13:51Z" finished-at="2018-10-26T12:13:51Z">
          <reporter-output>
          </reporter-output>
        </test-method> <!-- tearDown -->
      </class> <!-- com.MTSS.Manage_meetings -->
    </test> <!-- Default test -->
  </suite> <!-- Default suite -->
</testng-results>
