<?xml version="1.0" encoding="UTF-8"?>
<testng-results skipped="0" failed="0" ignored="0" total="7" passed="7">
  <reporter-output>
  </reporter-output>
  <suite name="Default suite" duration-ms="122650" started-at="2018-09-11T14:41:28Z" finished-at="2018-09-11T14:43:31Z">
    <groups>
    </groups>
    <test name="Default test" duration-ms="122650" started-at="2018-09-11T14:41:28Z" finished-at="2018-09-11T14:43:31Z">
      <class name="com.MTSS.FacilitatorPersonResponsibleList">
        <test-method status="PASS" signature="setup1()[pri:0, instance:com.MTSS.FacilitatorPersonResponsibleList@5700d6b1]" name="setup1" is-config="true" duration-ms="22025" started-at="2018-09-11T20:11:28Z" finished-at="2018-09-11T20:11:50Z">
          <reporter-output>
          </reporter-output>
        </test-method> <!-- setup1 -->
        <test-method status="PASS" signature="TCED22906()[pri:1, instance:com.MTSS.FacilitatorPersonResponsibleList@5700d6b1]" name="TCED22906" duration-ms="20631" started-at="2018-09-11T20:11:50Z" finished-at="2018-09-11T20:12:11Z">
          <reporter-output>
          </reporter-output>
        </test-method> <!-- TCED22906 -->
        <test-method status="PASS" signature="TCED22907()[pri:2, instance:com.MTSS.FacilitatorPersonResponsibleList@5700d6b1]" name="TCED22907" duration-ms="9337" started-at="2018-09-11T20:12:11Z" finished-at="2018-09-11T20:12:20Z">
          <reporter-output>
          </reporter-output>
        </test-method> <!-- TCED22907 -->
        <test-method status="PASS" signature="TCED22911()[pri:3, instance:com.MTSS.FacilitatorPersonResponsibleList@5700d6b1]" name="TCED22911" duration-ms="20966" started-at="2018-09-11T20:12:20Z" finished-at="2018-09-11T20:12:41Z">
          <reporter-output>
          </reporter-output>
        </test-method> <!-- TCED22911 -->
        <test-method status="PASS" signature="TCED22912()[pri:4, instance:com.MTSS.FacilitatorPersonResponsibleList@5700d6b1]" name="TCED22912" duration-ms="10283" started-at="2018-09-11T20:12:41Z" finished-at="2018-09-11T20:12:51Z">
          <reporter-output>
          </reporter-output>
        </test-method> <!-- TCED22912 -->
        <test-method status="PASS" signature="TCED22914()[pri:5, instance:com.MTSS.FacilitatorPersonResponsibleList@5700d6b1]" name="TCED22914" duration-ms="18730" started-at="2018-09-11T20:12:51Z" finished-at="2018-09-11T20:13:10Z">
          <reporter-output>
          </reporter-output>
        </test-method> <!-- TCED22914 -->
        <test-method status="PASS" signature="TCED22915()[pri:6, instance:com.MTSS.FacilitatorPersonResponsibleList@5700d6b1]" name="TCED22915" duration-ms="10329" started-at="2018-09-11T20:13:10Z" finished-at="2018-09-11T20:13:20Z">
          <reporter-output>
          </reporter-output>
        </test-method> <!-- TCED22915 -->
        <test-method status="PASS" signature="TCED22916()[pri:7, instance:com.MTSS.FacilitatorPersonResponsibleList@5700d6b1]" name="TCED22916" duration-ms="10301" started-at="2018-09-11T20:13:20Z" finished-at="2018-09-11T20:13:31Z">
          <reporter-output>
          </reporter-output>
        </test-method> <!-- TCED22916 -->
        <test-method status="PASS" signature="tearDown()[pri:0, instance:com.MTSS.FacilitatorPersonResponsibleList@5700d6b1]" name="tearDown" is-config="true" duration-ms="0" started-at="2018-09-11T20:13:31Z" finished-at="2018-09-11T20:13:31Z">
          <reporter-output>
          </reporter-output>
        </test-method> <!-- tearDown -->
      </class> <!-- com.MTSS.FacilitatorPersonResponsibleList -->
    </test> <!-- Default test -->
  </suite> <!-- Default suite -->
</testng-results>
