<?xml version="1.0" encoding="UTF-8"?>
<testng-results skipped="0" failed="0" ignored="0" total="3" passed="3">
  <reporter-output>
  </reporter-output>
  <suite name="Suite" duration-ms="42440" started-at="2018-09-21T06:23:02Z" finished-at="2018-09-21T06:23:44Z">
    <groups>
    </groups>
    <test name="Test" duration-ms="42440" started-at="2018-09-21T06:23:02Z" finished-at="2018-09-21T06:23:44Z">
      <class name="com.MTSS.TieredStudentsWithNoInterventionPlan">
        <test-method status="PASS" signature="setup1()[pri:0, instance:com.MTSS.TieredStudentsWithNoInterventionPlan@66d1af89]" name="setup1" is-config="true" duration-ms="5814" started-at="2018-09-21T06:23:02Z" finished-at="2018-09-21T06:23:08Z">
          <reporter-output>
          </reporter-output>
        </test-method> <!-- setup1 -->
        <test-method status="PASS" signature="TCED221105()[pri:1, instance:com.MTSS.TieredStudentsWithNoInterventionPlan@66d1af89]" name="TCED221105" duration-ms="18011" started-at="2018-09-21T06:23:08Z" finished-at="2018-09-21T06:23:26Z">
          <reporter-output>
          </reporter-output>
        </test-method> <!-- TCED221105 -->
        <test-method status="PASS" signature="TCED221106()[pri:2, instance:com.MTSS.TieredStudentsWithNoInterventionPlan@66d1af89]" name="TCED221106" duration-ms="9306" started-at="2018-09-21T06:23:26Z" finished-at="2018-09-21T06:23:35Z">
          <reporter-output>
          </reporter-output>
        </test-method> <!-- TCED221106 -->
        <test-method status="PASS" signature="TCED221111()[pri:3, instance:com.MTSS.TieredStudentsWithNoInterventionPlan@66d1af89]" name="TCED221111" duration-ms="9279" started-at="2018-09-21T06:23:35Z" finished-at="2018-09-21T06:23:44Z">
          <reporter-output>
          </reporter-output>
        </test-method> <!-- TCED221111 -->
        <test-method status="PASS" signature="tearDown()[pri:0, instance:com.MTSS.TieredStudentsWithNoInterventionPlan@66d1af89]" name="tearDown" is-config="true" duration-ms="0" started-at="2018-09-21T06:23:44Z" finished-at="2018-09-21T06:23:44Z">
          <reporter-output>
          </reporter-output>
        </test-method> <!-- tearDown -->
      </class> <!-- com.MTSS.TieredStudentsWithNoInterventionPlan -->
    </test> <!-- Test -->
  </suite> <!-- Suite -->
</testng-results>
