<?xml version="1.0" encoding="UTF-8"?>
<testng-results ignored="0" total="6" passed="5" failed="1" skipped="0">
  <reporter-output>
  </reporter-output>
  <suite started-at="2018-11-05T11:41:56Z" name="Suite" finished-at="2018-11-05T11:42:53Z" duration-ms="56449">
    <groups>
    </groups>
    <test started-at="2018-11-05T11:41:56Z" name="Test" finished-at="2018-11-05T11:42:53Z" duration-ms="56449">
      <class name="com.curriculum.Report_By_Standard">
        <test-method is-config="true" signature="setup1()[pri:0, instance:com.curriculum.Report_By_Standard@53aac487]" started-at="2018-11-05T11:41:56Z" name="setup1" finished-at="2018-11-05T11:42:08Z" duration-ms="11628" status="PASS">
          <reporter-output>
          </reporter-output>
        </test-method> <!-- setup1 -->
        <test-method signature="TCED26101()[pri:0, instance:com.curriculum.Report_By_Standard@53aac487]" started-at="2018-11-05T11:42:08Z" name="TCED26101" finished-at="2018-11-05T11:42:20Z" duration-ms="11662" status="PASS">
          <reporter-output>
          </reporter-output>
        </test-method> <!-- TCED26101 -->
        <test-method signature="TCED26102()[pri:1, instance:com.curriculum.Report_By_Standard@53aac487]" started-at="2018-11-05T11:42:20Z" name="TCED26102" finished-at="2018-11-05T11:42:21Z" duration-ms="1581" status="PASS">
          <reporter-output>
          </reporter-output>
        </test-method> <!-- TCED26102 -->
        <test-method signature="TCED26103()[pri:2, instance:com.curriculum.Report_By_Standard@53aac487]" started-at="2018-11-05T11:42:21Z" name="TCED26103" finished-at="2018-11-05T11:42:24Z" duration-ms="2548" status="PASS">
          <reporter-output>
          </reporter-output>
        </test-method> <!-- TCED26103 -->
        <test-method signature="TCED26104()[pri:3, instance:com.curriculum.Report_By_Standard@53aac487]" started-at="2018-11-05T11:42:24Z" name="TCED26104" finished-at="2018-11-05T11:42:49Z" duration-ms="24852" status="FAIL">
          <exception class="java.lang.AssertionError">
            <message>
              <![CDATA[Failed to download document which has extension .CSV expected [true] but found [false]]]>
            </message>
            <full-stacktrace>
              <![CDATA[java.lang.AssertionError: Failed to download document which has extension .CSV expected [true] but found [false]
at org.testng.Assert.fail(Assert.java:96)
at org.testng.Assert.failNotEquals(Assert.java:776)
at org.testng.Assert.assertTrue(Assert.java:44)
at com.curriculum.Report_By_Standard.TCED26104(Report_By_Standard.java:145)
at java.base/jdk.internal.reflect.NativeMethodAccessorImpl.invoke0(Native Method)
at java.base/jdk.internal.reflect.NativeMethodAccessorImpl.invoke(NativeMethodAccessorImpl.java:62)
at java.base/jdk.internal.reflect.DelegatingMethodAccessorImpl.invoke(DelegatingMethodAccessorImpl.java:43)
at java.base/java.lang.reflect.Method.invoke(Method.java:564)
at org.testng.internal.MethodInvocationHelper.invokeMethod(MethodInvocationHelper.java:124)
at org.testng.internal.Invoker.invokeMethod(Invoker.java:580)
at org.testng.internal.Invoker.invokeTestMethod(Invoker.java:716)
at org.testng.internal.Invoker.invokeTestMethods(Invoker.java:988)
at org.testng.internal.TestMethodWorker.invokeTestMethods(TestMethodWorker.java:125)
at org.testng.internal.TestMethodWorker.run(TestMethodWorker.java:109)
at org.testng.TestRunner.privateRun(TestRunner.java:648)
at org.testng.TestRunner.run(TestRunner.java:505)
at org.testng.SuiteRunner.runTest(SuiteRunner.java:455)
at org.testng.SuiteRunner.runSequentially(SuiteRunner.java:450)
at org.testng.SuiteRunner.privateRun(SuiteRunner.java:415)
at org.testng.SuiteRunner.run(SuiteRunner.java:364)
at org.testng.SuiteRunnerWorker.runSuite(SuiteRunnerWorker.java:52)
at org.testng.SuiteRunnerWorker.run(SuiteRunnerWorker.java:84)
at org.testng.TestNG.runSuitesSequentially(TestNG.java:1208)
at org.testng.TestNG.runSuitesLocally(TestNG.java:1137)
at org.testng.TestNG.runSuites(TestNG.java:1049)
at org.testng.TestNG.run(TestNG.java:1017)
at org.testng.remote.AbstractRemoteTestNG.run(AbstractRemoteTestNG.java:114)
at org.testng.remote.RemoteTestNG.initAndRun(RemoteTestNG.java:251)
at org.testng.remote.RemoteTestNG.main(RemoteTestNG.java:77)
]]>
            </full-stacktrace>
          </exception> <!-- java.lang.AssertionError -->
          <reporter-output>
          </reporter-output>
        </test-method> <!-- TCED26104 -->
        <test-method signature="TCED26105()[pri:4, instance:com.curriculum.Report_By_Standard@53aac487]" started-at="2018-11-05T11:42:49Z" name="TCED26105" finished-at="2018-11-05T11:42:51Z" duration-ms="2193" status="PASS">
          <reporter-output>
          </reporter-output>
        </test-method> <!-- TCED26105 -->
        <test-method signature="TCED26106()[pri:5, instance:com.curriculum.Report_By_Standard@53aac487]" started-at="2018-11-05T11:42:51Z" name="TCED26106" finished-at="2018-11-05T11:42:53Z" duration-ms="1956" status="PASS">
          <reporter-output>
          </reporter-output>
        </test-method> <!-- TCED26106 -->
        <test-method is-config="true" signature="tearDown()[pri:0, instance:com.curriculum.Report_By_Standard@53aac487]" started-at="2018-11-05T11:42:53Z" name="tearDown" finished-at="2018-11-05T11:42:53Z" duration-ms="0" status="PASS">
          <reporter-output>
          </reporter-output>
        </test-method> <!-- tearDown -->
      </class> <!-- com.curriculum.Report_By_Standard -->
    </test> <!-- Test -->
  </suite> <!-- Suite -->
</testng-results>
