<?xml version="1.0" encoding="UTF-8"?>
<testng-results skipped="0" failed="0" total="17" passed="17">
  <reporter-output>
  </reporter-output>
  <suite name="Default suite" duration-ms="220858" started-at="2018-10-30T09:40:59Z" finished-at="2018-10-30T09:44:40Z">
    <groups>
    </groups>
    <test name="Default test" duration-ms="220858" started-at="2018-10-30T09:40:59Z" finished-at="2018-10-30T09:44:40Z">
      <class name="com.MTSS.Meeting_History_Report">
        <test-method status="PASS" signature="setup1()[pri:0, instance:com.MTSS.Meeting_History_Report@1686d1f]" name="setup1" is-config="true" duration-ms="75048" started-at="2018-10-30T15:10:59Z" finished-at="2018-10-30T15:12:14Z">
          <reporter-output>
          </reporter-output>
        </test-method> <!-- setup1 -->
        <test-method status="PASS" signature="TCED22501()[pri:1, instance:com.MTSS.Meeting_History_Report@1686d1f]" name="TCED22501" duration-ms="35683" started-at="2018-10-30T15:12:16Z" finished-at="2018-10-30T15:12:51Z">
          <reporter-output>
          </reporter-output>
        </test-method> <!-- TCED22501 -->
        <test-method status="PASS" signature="TCED22502()[pri:2, instance:com.MTSS.Meeting_History_Report@1686d1f]" name="TCED22502" duration-ms="199" started-at="2018-10-30T15:12:51Z" finished-at="2018-10-30T15:12:52Z">
          <reporter-output>
          </reporter-output>
        </test-method> <!-- TCED22502 -->
        <test-method status="PASS" signature="TCED22503()[pri:3, instance:com.MTSS.Meeting_History_Report@1686d1f]" name="TCED22503" duration-ms="1541" started-at="2018-10-30T15:12:52Z" finished-at="2018-10-30T15:12:53Z">
          <reporter-output>
          </reporter-output>
        </test-method> <!-- TCED22503 -->
        <test-method status="PASS" signature="TCED22504()[pri:4, instance:com.MTSS.Meeting_History_Report@1686d1f]" name="TCED22504" duration-ms="99" started-at="2018-10-30T15:12:53Z" finished-at="2018-10-30T15:12:53Z">
          <reporter-output>
          </reporter-output>
        </test-method> <!-- TCED22504 -->
        <test-method status="PASS" signature="TCED22505()[pri:5, instance:com.MTSS.Meeting_History_Report@1686d1f]" name="TCED22505" duration-ms="313" started-at="2018-10-30T15:12:53Z" finished-at="2018-10-30T15:12:54Z">
          <reporter-output>
          </reporter-output>
        </test-method> <!-- TCED22505 -->
        <test-method status="PASS" signature="TCED22506()[pri:6, instance:com.MTSS.Meeting_History_Report@1686d1f]" name="TCED22506" duration-ms="11286" started-at="2018-10-30T15:12:54Z" finished-at="2018-10-30T15:13:05Z">
          <reporter-output>
          </reporter-output>
        </test-method> <!-- TCED22506 -->
        <test-method status="PASS" signature="TCED22507()[pri:7, instance:com.MTSS.Meeting_History_Report@1686d1f]" name="TCED22507" duration-ms="11300" started-at="2018-10-30T15:13:05Z" finished-at="2018-10-30T15:13:16Z">
          <reporter-output>
          </reporter-output>
        </test-method> <!-- TCED22507 -->
        <test-method status="PASS" signature="TCED22508()[pri:8, instance:com.MTSS.Meeting_History_Report@1686d1f]" name="TCED22508" duration-ms="2211" started-at="2018-10-30T15:13:16Z" finished-at="2018-10-30T15:13:18Z">
          <reporter-output>
          </reporter-output>
        </test-method> <!-- TCED22508 -->
        <test-method status="PASS" signature="TCED22509()[pri:9, instance:com.MTSS.Meeting_History_Report@1686d1f]" name="TCED22509" duration-ms="1368" started-at="2018-10-30T15:13:18Z" finished-at="2018-10-30T15:13:20Z">
          <reporter-output>
          </reporter-output>
        </test-method> <!-- TCED22509 -->
        <test-method status="PASS" signature="TCED22510()[pri:10, instance:com.MTSS.Meeting_History_Report@1686d1f]" name="TCED22510" duration-ms="1333" started-at="2018-10-30T15:13:20Z" finished-at="2018-10-30T15:13:21Z">
          <reporter-output>
          </reporter-output>
        </test-method> <!-- TCED22510 -->
        <test-method status="PASS" signature="TCED22511()[pri:11, instance:com.MTSS.Meeting_History_Report@1686d1f]" name="TCED22511" duration-ms="18077" started-at="2018-10-30T15:13:21Z" finished-at="2018-10-30T15:13:39Z">
          <reporter-output>
          </reporter-output>
        </test-method> <!-- TCED22511 -->
        <test-method status="PASS" signature="TCED22512()[pri:12, instance:com.MTSS.Meeting_History_Report@1686d1f]" name="TCED22512" duration-ms="11280" started-at="2018-10-30T15:13:39Z" finished-at="2018-10-30T15:13:50Z">
          <reporter-output>
          </reporter-output>
        </test-method> <!-- TCED22512 -->
        <test-method status="PASS" signature="TCED22513()[pri:13, instance:com.MTSS.Meeting_History_Report@1686d1f]" name="TCED22513" duration-ms="11274" started-at="2018-10-30T15:13:50Z" finished-at="2018-10-30T15:14:02Z">
          <reporter-output>
          </reporter-output>
        </test-method> <!-- TCED22513 -->
        <test-method status="PASS" signature="TCED22514()[pri:14, instance:com.MTSS.Meeting_History_Report@1686d1f]" name="TCED22514" duration-ms="3909" started-at="2018-10-30T15:14:02Z" finished-at="2018-10-30T15:14:06Z">
          <reporter-output>
          </reporter-output>
        </test-method> <!-- TCED22514 -->
        <test-method status="PASS" signature="TCED22515()[pri:15, instance:com.MTSS.Meeting_History_Report@1686d1f]" name="TCED22515" duration-ms="11284" started-at="2018-10-30T15:14:06Z" finished-at="2018-10-30T15:14:17Z">
          <reporter-output>
          </reporter-output>
        </test-method> <!-- TCED22515 -->
        <test-method status="PASS" signature="TCED22516()[pri:16, instance:com.MTSS.Meeting_History_Report@1686d1f]" name="TCED22516" duration-ms="11297" started-at="2018-10-30T15:14:17Z" finished-at="2018-10-30T15:14:28Z">
          <reporter-output>
          </reporter-output>
        </test-method> <!-- TCED22516 -->
        <test-method status="PASS" signature="TCED22517()[pri:17, instance:com.MTSS.Meeting_History_Report@1686d1f]" name="TCED22517" duration-ms="11809" started-at="2018-10-30T15:14:28Z" finished-at="2018-10-30T15:14:40Z">
          <reporter-output>
          </reporter-output>
        </test-method> <!-- TCED22517 -->
        <test-method status="PASS" signature="tearDown()[pri:0, instance:com.MTSS.Meeting_History_Report@1686d1f]" name="tearDown" is-config="true" duration-ms="0" started-at="2018-10-30T15:14:40Z" finished-at="2018-10-30T15:14:40Z">
          <reporter-output>
          </reporter-output>
        </test-method> <!-- tearDown -->
      </class> <!-- com.MTSS.Meeting_History_Report -->
    </test> <!-- Default test -->
  </suite> <!-- Default suite -->
</testng-results>
