<?xml version="1.0" encoding="UTF-8"?>
<testng-results skipped="0" failed="0" ignored="0" total="5" passed="5">
  <reporter-output>
  </reporter-output>
  <suite name="Default suite" duration-ms="152685" started-at="2018-10-03T07:08:04Z" finished-at="2018-10-03T07:10:37Z">
    <groups>
    </groups>
    <test name="Default test" duration-ms="152685" started-at="2018-10-03T07:08:04Z" finished-at="2018-10-03T07:10:37Z">
      <class name="com.curriculum.CTE_Competency_List">
        <test-method status="PASS" signature="setup1()[pri:0, instance:com.curriculum.CTE_Competency_List@64f6106c]" name="setup1" is-config="true" duration-ms="12043" started-at="2018-10-03T07:08:04Z" finished-at="2018-10-03T07:08:16Z">
          <reporter-output>
          </reporter-output>
        </test-method> <!-- setup1 -->
        <test-method status="PASS" signature="TCED30701()[pri:0, instance:com.curriculum.CTE_Competency_List@64f6106c]" name="TCED30701" duration-ms="31868" started-at="2018-10-03T07:08:16Z" finished-at="2018-10-03T07:08:48Z">
          <reporter-output>
          </reporter-output>
        </test-method> <!-- TCED30701 -->
        <test-method status="PASS" signature="TCED30702()[pri:1, instance:com.curriculum.CTE_Competency_List@64f6106c]" name="TCED30702" duration-ms="736" started-at="2018-10-03T07:08:48Z" finished-at="2018-10-03T07:08:49Z">
          <reporter-output>
          </reporter-output>
        </test-method> <!-- TCED30702 -->
        <test-method status="PASS" signature="TCED30703()[pri:2, instance:com.curriculum.CTE_Competency_List@64f6106c]" name="TCED30703" duration-ms="35676" started-at="2018-10-03T07:08:49Z" finished-at="2018-10-03T07:09:25Z">
          <reporter-output>
          </reporter-output>
        </test-method> <!-- TCED30703 -->
        <test-method status="PASS" signature="TCED30704()[pri:3, instance:com.curriculum.CTE_Competency_List@64f6106c]" name="TCED30704" duration-ms="35697" started-at="2018-10-03T07:09:25Z" finished-at="2018-10-03T07:10:00Z">
          <reporter-output>
          </reporter-output>
        </test-method> <!-- TCED30704 -->
        <test-method status="PASS" signature="TCED30705()[pri:4, instance:com.curriculum.CTE_Competency_List@64f6106c]" name="TCED30705" duration-ms="36641" started-at="2018-10-03T07:10:00Z" finished-at="2018-10-03T07:10:37Z">
          <reporter-output>
          </reporter-output>
        </test-method> <!-- TCED30705 -->
        <test-method status="PASS" signature="tearDown()[pri:0, instance:com.curriculum.CTE_Competency_List@64f6106c]" name="tearDown" is-config="true" duration-ms="0" started-at="2018-10-03T07:10:37Z" finished-at="2018-10-03T07:10:37Z">
          <reporter-output>
          </reporter-output>
        </test-method> <!-- tearDown -->
      </class> <!-- com.curriculum.CTE_Competency_List -->
    </test> <!-- Default test -->
  </suite> <!-- Default suite -->
</testng-results>
