<?xml version="1.0" encoding="UTF-8"?>
<testng-results ignored="0" total="8" passed="8" failed="0" skipped="0">
  <reporter-output>
  </reporter-output>
  <suite started-at="2018-10-08T09:48:51Z" name="Suite" finished-at="2018-10-08T09:49:40Z" duration-ms="48234">
    <groups>
    </groups>
    <test started-at="2018-10-08T09:48:51Z" name="Test" finished-at="2018-10-08T09:49:40Z" duration-ms="48234">
      <class name="com.Home.Attendance">
        <test-method is-config="true" signature="setup1()[pri:0, instance:com.Home.Attendance@771a660]" started-at="2018-10-08T09:48:51Z" name="setup1" finished-at="2018-10-08T09:48:58Z" duration-ms="6478" status="PASS">
          <reporter-output>
          </reporter-output>
        </test-method> <!-- setup1 -->
        <test-method signature="TCED34301()[pri:0, instance:com.Home.Attendance@771a660]" started-at="2018-10-08T09:48:58Z" name="TCED34301" finished-at="2018-10-08T09:49:12Z" duration-ms="14213" status="PASS">
          <reporter-output>
          </reporter-output>
        </test-method> <!-- TCED34301 -->
        <test-method signature="TCED34302()[pri:1, instance:com.Home.Attendance@771a660]" started-at="2018-10-08T09:49:12Z" name="TCED34302" finished-at="2018-10-08T09:49:12Z" duration-ms="275" status="PASS">
          <reporter-output>
          </reporter-output>
        </test-method> <!-- TCED34302 -->
        <test-method signature="TCED34303()[pri:2, instance:com.Home.Attendance@771a660]" started-at="2018-10-08T09:49:12Z" name="TCED34303" finished-at="2018-10-08T09:49:14Z" duration-ms="1737" status="PASS">
          <reporter-output>
          </reporter-output>
        </test-method> <!-- TCED34303 -->
        <test-method signature="TCED34304()[pri:3, instance:com.Home.Attendance@771a660]" started-at="2018-10-08T09:49:14Z" name="TCED34304" finished-at="2018-10-08T09:49:16Z" duration-ms="1373" status="PASS">
          <reporter-output>
          </reporter-output>
        </test-method> <!-- TCED34304 -->
        <test-method signature="TCED34305()[pri:4, instance:com.Home.Attendance@771a660]" started-at="2018-10-08T09:49:16Z" name="TCED34305" finished-at="2018-10-08T09:49:20Z" duration-ms="4082" status="PASS">
          <reporter-output>
          </reporter-output>
        </test-method> <!-- TCED34305 -->
        <test-method signature="TCED34306()[pri:5, instance:com.Home.Attendance@771a660]" started-at="2018-10-08T09:49:20Z" name="TCED34306" finished-at="2018-10-08T09:49:24Z" duration-ms="3962" status="PASS">
          <reporter-output>
          </reporter-output>
        </test-method> <!-- TCED34306 -->
        <test-method signature="TCED34307()[pri:6, instance:com.Home.Attendance@771a660]" started-at="2018-10-08T09:49:24Z" name="TCED34307" finished-at="2018-10-08T09:49:25Z" duration-ms="1667" status="PASS">
          <reporter-output>
          </reporter-output>
        </test-method> <!-- TCED34307 -->
        <test-method signature="TCED34308()[pri:7, instance:com.Home.Attendance@771a660]" started-at="2018-10-08T09:49:25Z" name="TCED34308" finished-at="2018-10-08T09:49:38Z" duration-ms="12947" status="PASS">
          <reporter-output>
          </reporter-output>
        </test-method> <!-- TCED34308 -->
        <test-method is-config="true" signature="tearDown()[pri:0, instance:com.Home.Attendance@771a660]" started-at="2018-10-08T09:49:38Z" name="tearDown" finished-at="2018-10-08T09:49:40Z" duration-ms="1317" status="PASS">
          <reporter-output>
          </reporter-output>
        </test-method> <!-- tearDown -->
      </class> <!-- com.Home.Attendance -->
    </test> <!-- Test -->
  </suite> <!-- Suite -->
</testng-results>
