<?xml version="1.0" encoding="UTF-8"?>
<testng-results skipped="0" failed="0" total="7" passed="7">
  <reporter-output>
  </reporter-output>
  <suite name="Default suite" duration-ms="74774" started-at="2018-10-11T11:59:09Z" finished-at="2018-10-11T12:00:23Z">
    <groups>
    </groups>
    <test name="Default test" duration-ms="74774" started-at="2018-10-11T11:59:09Z" finished-at="2018-10-11T12:00:23Z">
      <class name="com.localassessment.Test_Suite_Print_Login_Codes">
        <test-method status="PASS" signature="setup1()[pri:0, instance:com.localassessment.Test_Suite_Print_Login_Codes@9838eb]" name="setup1" is-config="true" duration-ms="11007" started-at="2018-10-11T17:29:09Z" finished-at="2018-10-11T17:29:20Z">
          <reporter-output>
          </reporter-output>
        </test-method> <!-- setup1 -->
        <test-method status="PASS" signature="TCED13301()[pri:0, instance:com.localassessment.Test_Suite_Print_Login_Codes@9838eb]" name="TCED13301" duration-ms="6199" started-at="2018-10-11T17:29:20Z" finished-at="2018-10-11T17:29:26Z">
          <reporter-output>
          </reporter-output>
        </test-method> <!-- TCED13301 -->
        <test-method status="PASS" signature="TCED13302()[pri:1, instance:com.localassessment.Test_Suite_Print_Login_Codes@9838eb]" name="TCED13302" duration-ms="5249" started-at="2018-10-11T17:29:26Z" finished-at="2018-10-11T17:29:31Z">
          <reporter-output>
          </reporter-output>
        </test-method> <!-- TCED13302 -->
        <test-method status="PASS" signature="TCED13303()[pri:2, instance:com.localassessment.Test_Suite_Print_Login_Codes@9838eb]" name="TCED13303" duration-ms="484" started-at="2018-10-11T17:29:31Z" finished-at="2018-10-11T17:29:32Z">
          <reporter-output>
          </reporter-output>
        </test-method> <!-- TCED13303 -->
        <test-method status="PASS" signature="TCED13304()[pri:3, instance:com.localassessment.Test_Suite_Print_Login_Codes@9838eb]" name="TCED13304" duration-ms="1988" started-at="2018-10-11T17:29:32Z" finished-at="2018-10-11T17:29:34Z">
          <reporter-output>
          </reporter-output>
        </test-method> <!-- TCED13304 -->
        <test-method status="PASS" signature="TCED13305()[pri:4, instance:com.localassessment.Test_Suite_Print_Login_Codes@9838eb]" name="TCED13305" duration-ms="4073" started-at="2018-10-11T17:29:34Z" finished-at="2018-10-11T17:29:38Z">
          <reporter-output>
          </reporter-output>
        </test-method> <!-- TCED13305 -->
        <test-method status="PASS" signature="TCED13306()[pri:5, instance:com.localassessment.Test_Suite_Print_Login_Codes@9838eb]" name="TCED13306" duration-ms="22907" started-at="2018-10-11T17:29:38Z" finished-at="2018-10-11T17:30:01Z">
          <reporter-output>
          </reporter-output>
        </test-method> <!-- TCED13306 -->
        <test-method status="PASS" signature="TCED13307()[pri:6, instance:com.localassessment.Test_Suite_Print_Login_Codes@9838eb]" name="TCED13307" duration-ms="22829" started-at="2018-10-11T17:30:01Z" finished-at="2018-10-11T17:30:23Z">
          <reporter-output>
          </reporter-output>
        </test-method> <!-- TCED13307 -->
        <test-method status="PASS" signature="tearDown()[pri:0, instance:com.localassessment.Test_Suite_Print_Login_Codes@9838eb]" name="tearDown" is-config="true" duration-ms="1" started-at="2018-10-11T17:30:23Z" finished-at="2018-10-11T17:30:23Z">
          <reporter-output>
          </reporter-output>
        </test-method> <!-- tearDown -->
      </class> <!-- com.localassessment.Test_Suite_Print_Login_Codes -->
    </test> <!-- Default test -->
  </suite> <!-- Default suite -->
</testng-results>
