<?xml version="1.0" encoding="UTF-8"?>
<testng-results ignored="0" total="6" passed="6" failed="0" skipped="0">
  <reporter-output>
  </reporter-output>
  <suite started-at="2018-11-27T11:00:40Z" name="Suite" finished-at="2018-11-27T11:01:37Z" duration-ms="57002">
    <groups>
    </groups>
    <test started-at="2018-11-27T11:00:40Z" name="Test" finished-at="2018-11-27T11:01:37Z" duration-ms="57002">
      <class name="com.Home.Teacher_Course_Section_MTSS">
        <test-method is-config="true" signature="setup1()[pri:0, instance:com.Home.Teacher_Course_Section_MTSS@2d52216b]" started-at="2018-11-27T11:00:40Z" name="setup1" finished-at="2018-11-27T11:00:46Z" duration-ms="5475" status="PASS">
          <reporter-output>
          </reporter-output>
        </test-method> <!-- setup1 -->
        <test-method signature="TCED351101()[pri:1, instance:com.Home.Teacher_Course_Section_MTSS@2d52216b]" started-at="2018-11-27T11:00:46Z" name="TCED351101" finished-at="2018-11-27T11:00:58Z" duration-ms="12592" status="PASS">
          <reporter-output>
          </reporter-output>
        </test-method> <!-- TCED351101 -->
        <test-method signature="TCED351102()[pri:2, instance:com.Home.Teacher_Course_Section_MTSS@2d52216b]" started-at="2018-11-27T11:00:58Z" name="TCED351102" finished-at="2018-11-27T11:00:59Z" duration-ms="152" status="PASS">
          <reporter-output>
          </reporter-output>
        </test-method> <!-- TCED351102 -->
        <test-method signature="TCED351103()[pri:3, instance:com.Home.Teacher_Course_Section_MTSS@2d52216b]" started-at="2018-11-27T11:00:59Z" name="TCED351103" finished-at="2018-11-27T11:01:10Z" duration-ms="11264" status="PASS">
          <reporter-output>
          </reporter-output>
        </test-method> <!-- TCED351103 -->
        <test-method signature="TCED351104()[pri:4, instance:com.Home.Teacher_Course_Section_MTSS@2d52216b]" started-at="2018-11-27T11:01:10Z" name="TCED351104" finished-at="2018-11-27T11:01:21Z" duration-ms="11315" status="PASS">
          <reporter-output>
          </reporter-output>
        </test-method> <!-- TCED351104 -->
        <test-method signature="TCED351105()[pri:5, instance:com.Home.Teacher_Course_Section_MTSS@2d52216b]" started-at="2018-11-27T11:01:21Z" name="TCED351105" finished-at="2018-11-27T11:01:27Z" duration-ms="5707" status="PASS">
          <reporter-output>
          </reporter-output>
        </test-method> <!-- TCED351105 -->
        <test-method signature="TCED351106()[pri:6, instance:com.Home.Teacher_Course_Section_MTSS@2d52216b]" started-at="2018-11-27T11:01:27Z" name="TCED351106" finished-at="2018-11-27T11:01:37Z" duration-ms="10466" status="PASS">
          <reporter-output>
          </reporter-output>
        </test-method> <!-- TCED351106 -->
        <test-method is-config="true" signature="tearDown()[pri:0, instance:com.Home.Teacher_Course_Section_MTSS@2d52216b]" started-at="2018-11-27T11:01:37Z" name="tearDown" finished-at="2018-11-27T11:01:37Z" duration-ms="0" status="PASS">
          <reporter-output>
          </reporter-output>
        </test-method> <!-- tearDown -->
      </class> <!-- com.Home.Teacher_Course_Section_MTSS -->
    </test> <!-- Test -->
  </suite> <!-- Suite -->
</testng-results>
