<?xml version="1.0" encoding="UTF-8"?>
<testng-results skipped="0" failed="0" total="5" passed="5">
  <reporter-output>
  </reporter-output>
  <suite name="Default suite" duration-ms="54182" started-at="2018-09-13T07:35:12Z" finished-at="2018-09-13T07:36:06Z">
    <groups>
    </groups>
    <test name="Default test" duration-ms="54182" started-at="2018-09-13T07:35:12Z" finished-at="2018-09-13T07:36:06Z">
      <class name="com.curriculum.Current_Map">
        <test-method status="PASS" signature="setup1()[pri:0, instance:com.curriculum.Current_Map@45f292]" name="setup1" is-config="true" duration-ms="15741" started-at="2018-09-13T13:05:12Z" finished-at="2018-09-13T13:05:28Z">
          <reporter-output>
          </reporter-output>
        </test-method> <!-- setup1 -->
        <test-method status="PASS" signature="TCED29501()[pri:0, instance:com.curriculum.Current_Map@45f292]" name="TCED29501" duration-ms="15651" started-at="2018-09-13T13:05:28Z" finished-at="2018-09-13T13:05:43Z">
          <reporter-output>
          </reporter-output>
        </test-method> <!-- TCED29501 -->
        <test-method status="PASS" signature="TCED29502()[pri:1, instance:com.curriculum.Current_Map@45f292]" name="TCED29502" duration-ms="1377" started-at="2018-09-13T13:05:43Z" finished-at="2018-09-13T13:05:45Z">
          <reporter-output>
          </reporter-output>
        </test-method> <!-- TCED29502 -->
        <test-method status="PASS" signature="TCED29503()[pri:2, instance:com.curriculum.Current_Map@45f292]" name="TCED29503" duration-ms="1526" started-at="2018-09-13T13:05:45Z" finished-at="2018-09-13T13:05:46Z">
          <reporter-output>
          </reporter-output>
        </test-method> <!-- TCED29503 -->
        <test-method status="PASS" signature="TCED29212()[pri:3, instance:com.curriculum.Current_Map@45f292]" name="TCED29212" duration-ms="5352" started-at="2018-09-13T13:05:46Z" finished-at="2018-09-13T13:05:52Z">
          <reporter-output>
          </reporter-output>
        </test-method> <!-- TCED29212 -->
        <test-method status="PASS" signature="TCED29213()[pri:4, instance:com.curriculum.Current_Map@45f292]" name="TCED29213" duration-ms="14502" started-at="2018-09-13T13:05:52Z" finished-at="2018-09-13T13:06:06Z">
          <reporter-output>
          </reporter-output>
        </test-method> <!-- TCED29213 -->
        <test-method status="PASS" signature="tearDown()[pri:0, instance:com.curriculum.Current_Map@45f292]" name="tearDown" is-config="true" duration-ms="1" started-at="2018-09-13T13:06:06Z" finished-at="2018-09-13T13:06:06Z">
          <reporter-output>
          </reporter-output>
        </test-method> <!-- tearDown -->
      </class> <!-- com.curriculum.Current_Map -->
    </test> <!-- Default test -->
  </suite> <!-- Default suite -->
</testng-results>
