<?xml version="1.0" encoding="UTF-8"?>
<testng-results skipped="0" failed="0" ignored="0" total="17" passed="17">
  <reporter-output>
  </reporter-output>
  <suite name="Default suite" duration-ms="117740" started-at="2018-11-19T11:37:52Z" finished-at="2018-11-19T11:39:50Z">
    <groups>
    </groups>
    <test name="Default test" duration-ms="117740" started-at="2018-11-19T11:37:52Z" finished-at="2018-11-19T11:39:50Z">
      <class name="com.MTSS.Meeting_History_Report">
        <test-method status="PASS" signature="setup1()[pri:0, instance:com.MTSS.Meeting_History_Report@553a3d88]" name="setup1" is-config="true" duration-ms="8962" started-at="2018-11-19T11:37:52Z" finished-at="2018-11-19T11:38:01Z">
          <reporter-output>
          </reporter-output>
        </test-method> <!-- setup1 -->
        <test-method status="PASS" signature="TCED22501()[pri:1, instance:com.MTSS.Meeting_History_Report@553a3d88]" name="TCED22501" duration-ms="7627" started-at="2018-11-19T11:38:01Z" finished-at="2018-11-19T11:38:09Z">
          <reporter-output>
          </reporter-output>
        </test-method> <!-- TCED22501 -->
        <test-method status="PASS" signature="TCED22502()[pri:2, instance:com.MTSS.Meeting_History_Report@553a3d88]" name="TCED22502" duration-ms="199" started-at="2018-11-19T11:38:09Z" finished-at="2018-11-19T11:38:09Z">
          <reporter-output>
          </reporter-output>
        </test-method> <!-- TCED22502 -->
        <test-method status="PASS" signature="TCED22503()[pri:3, instance:com.MTSS.Meeting_History_Report@553a3d88]" name="TCED22503" duration-ms="1036" started-at="2018-11-19T11:38:09Z" finished-at="2018-11-19T11:38:10Z">
          <reporter-output>
          </reporter-output>
        </test-method> <!-- TCED22503 -->
        <test-method status="PASS" signature="TCED22504()[pri:4, instance:com.MTSS.Meeting_History_Report@553a3d88]" name="TCED22504" duration-ms="57" started-at="2018-11-19T11:38:10Z" finished-at="2018-11-19T11:38:10Z">
          <reporter-output>
          </reporter-output>
        </test-method> <!-- TCED22504 -->
        <test-method status="PASS" signature="TCED22505()[pri:5, instance:com.MTSS.Meeting_History_Report@553a3d88]" name="TCED22505" duration-ms="295" started-at="2018-11-19T11:38:10Z" finished-at="2018-11-19T11:38:10Z">
          <reporter-output>
          </reporter-output>
        </test-method> <!-- TCED22505 -->
        <test-method status="PASS" signature="TCED22506()[pri:6, instance:com.MTSS.Meeting_History_Report@553a3d88]" name="TCED22506" duration-ms="11275" started-at="2018-11-19T11:38:10Z" finished-at="2018-11-19T11:38:22Z">
          <reporter-output>
          </reporter-output>
        </test-method> <!-- TCED22506 -->
        <test-method status="PASS" signature="TCED22507()[pri:7, instance:com.MTSS.Meeting_History_Report@553a3d88]" name="TCED22507" duration-ms="11311" started-at="2018-11-19T11:38:22Z" finished-at="2018-11-19T11:38:33Z">
          <reporter-output>
          </reporter-output>
        </test-method> <!-- TCED22507 -->
        <test-method status="PASS" signature="TCED22508()[pri:8, instance:com.MTSS.Meeting_History_Report@553a3d88]" name="TCED22508" duration-ms="2876" started-at="2018-11-19T11:38:33Z" finished-at="2018-11-19T11:38:36Z">
          <reporter-output>
          </reporter-output>
        </test-method> <!-- TCED22508 -->
        <test-method status="PASS" signature="TCED22509()[pri:9, instance:com.MTSS.Meeting_History_Report@553a3d88]" name="TCED22509" duration-ms="1002" started-at="2018-11-19T11:38:36Z" finished-at="2018-11-19T11:38:37Z">
          <reporter-output>
          </reporter-output>
        </test-method> <!-- TCED22509 -->
        <test-method status="PASS" signature="TCED22510()[pri:10, instance:com.MTSS.Meeting_History_Report@553a3d88]" name="TCED22510" duration-ms="285" started-at="2018-11-19T11:38:37Z" finished-at="2018-11-19T11:38:37Z">
          <reporter-output>
          </reporter-output>
        </test-method> <!-- TCED22510 -->
        <test-method status="PASS" signature="TCED22511()[pri:11, instance:com.MTSS.Meeting_History_Report@553a3d88]" name="TCED22511" duration-ms="12511" started-at="2018-11-19T11:38:37Z" finished-at="2018-11-19T11:38:50Z">
          <reporter-output>
          </reporter-output>
        </test-method> <!-- TCED22511 -->
        <test-method status="PASS" signature="TCED22512()[pri:12, instance:com.MTSS.Meeting_History_Report@553a3d88]" name="TCED22512" duration-ms="11274" started-at="2018-11-19T11:38:50Z" finished-at="2018-11-19T11:39:01Z">
          <reporter-output>
          </reporter-output>
        </test-method> <!-- TCED22512 -->
        <test-method status="PASS" signature="TCED22513()[pri:13, instance:com.MTSS.Meeting_History_Report@553a3d88]" name="TCED22513" duration-ms="11296" started-at="2018-11-19T11:39:01Z" finished-at="2018-11-19T11:39:12Z">
          <reporter-output>
          </reporter-output>
        </test-method> <!-- TCED22513 -->
        <test-method status="PASS" signature="TCED22514()[pri:14, instance:com.MTSS.Meeting_History_Report@553a3d88]" name="TCED22514" duration-ms="3323" started-at="2018-11-19T11:39:12Z" finished-at="2018-11-19T11:39:16Z">
          <reporter-output>
          </reporter-output>
        </test-method> <!-- TCED22514 -->
        <test-method status="PASS" signature="TCED22515()[pri:15, instance:com.MTSS.Meeting_History_Report@553a3d88]" name="TCED22515" duration-ms="11281" started-at="2018-11-19T11:39:16Z" finished-at="2018-11-19T11:39:27Z">
          <reporter-output>
          </reporter-output>
        </test-method> <!-- TCED22515 -->
        <test-method status="PASS" signature="TCED22516()[pri:16, instance:com.MTSS.Meeting_History_Report@553a3d88]" name="TCED22516" duration-ms="11311" started-at="2018-11-19T11:39:27Z" finished-at="2018-11-19T11:39:38Z">
          <reporter-output>
          </reporter-output>
        </test-method> <!-- TCED22516 -->
        <test-method status="PASS" signature="TCED22517()[pri:17, instance:com.MTSS.Meeting_History_Report@553a3d88]" name="TCED22517" duration-ms="11765" started-at="2018-11-19T11:39:38Z" finished-at="2018-11-19T11:39:50Z">
          <reporter-output>
          </reporter-output>
        </test-method> <!-- TCED22517 -->
        <test-method status="PASS" signature="tearDown()[pri:0, instance:com.MTSS.Meeting_History_Report@553a3d88]" name="tearDown" is-config="true" duration-ms="0" started-at="2018-11-19T11:39:50Z" finished-at="2018-11-19T11:39:50Z">
          <reporter-output>
          </reporter-output>
        </test-method> <!-- tearDown -->
      </class> <!-- com.MTSS.Meeting_History_Report -->
    </test> <!-- Default test -->
  </suite> <!-- Default suite -->
</testng-results>
