<?xml version="1.0" encoding="UTF-8"?>
<testng-results skipped="0" failed="1" total="5" passed="4">
  <reporter-output>
  </reporter-output>
  <suite name="Default suite" duration-ms="65259" started-at="2018-10-23T12:53:03Z" finished-at="2018-10-23T12:54:08Z">
    <groups>
    </groups>
    <test name="Default test" duration-ms="65259" started-at="2018-10-23T12:53:03Z" finished-at="2018-10-23T12:54:08Z">
      <class name="com.localassessment.Copy_assessment_vendor">
        <test-method status="PASS" signature="setup1()[pri:0, instance:com.localassessment.Copy_assessment_vendor@45f292]" name="setup1" is-config="true" duration-ms="43768" started-at="2018-10-23T18:23:03Z" finished-at="2018-10-23T18:23:47Z">
          <reporter-output>
          </reporter-output>
        </test-method> <!-- setup1 -->
        <test-method status="PASS" signature="TCED15001()[pri:1, instance:com.localassessment.Copy_assessment_vendor@45f292]" name="TCED15001" duration-ms="4448" started-at="2018-10-23T18:23:47Z" finished-at="2018-10-23T18:23:51Z">
          <reporter-output>
          </reporter-output>
        </test-method> <!-- TCED15001 -->
        <test-method status="PASS" signature="TCED15002()[pri:2, instance:com.localassessment.Copy_assessment_vendor@45f292]" name="TCED15002" duration-ms="14404" started-at="2018-10-23T18:23:51Z" finished-at="2018-10-23T18:24:05Z">
          <reporter-output>
          </reporter-output>
        </test-method> <!-- TCED15002 -->
        <test-method status="PASS" signature="TCED15003()[pri:3, instance:com.localassessment.Copy_assessment_vendor@45f292]" name="TCED15003" duration-ms="248" started-at="2018-10-23T18:24:05Z" finished-at="2018-10-23T18:24:06Z">
          <reporter-output>
          </reporter-output>
        </test-method> <!-- TCED15003 -->
        <test-method status="PASS" signature="TCED15004()[pri:4, instance:com.localassessment.Copy_assessment_vendor@45f292]" name="TCED15004" duration-ms="350" started-at="2018-10-23T18:24:06Z" finished-at="2018-10-23T18:24:06Z">
          <reporter-output>
          </reporter-output>
        </test-method> <!-- TCED15004 -->
        <test-method status="FAIL" signature="TCED15005()[pri:5, instance:com.localassessment.Copy_assessment_vendor@45f292]" name="TCED15005" duration-ms="1902" started-at="2018-10-23T18:24:06Z" finished-at="2018-10-23T18:24:08Z">
          <exception class="java.lang.AssertionError">
            <message>
              <![CDATA[Element should have been "select" but was "input"
Build info: version: '3.11.0', revision: 'e59cfb3', time: '2018-03-11T20:26:55.152Z'
System info: host: 'AKHIL-TS', ip: '192.168.10.122', os.name: 'Windows 7', os.arch: 'x86', os.version: '6.1', java.version: '1.8.0_112'
Driver info: driver.version: unknown]]>
            </message>
            <full-stacktrace>
              <![CDATA[java.lang.AssertionError: Element should have been "select" but was "input"
Build info: version: '3.11.0', revision: 'e59cfb3', time: '2018-03-11T20:26:55.152Z'
System info: host: 'AKHIL-TS', ip: '192.168.10.122', os.name: 'Windows 7', os.arch: 'x86', os.version: '6.1', java.version: '1.8.0_112'
Driver info: driver.version: unknown
	at org.testng.Assert.fail(Assert.java:94)
	at com.localassessment.Copy_assessment_vendor.TCED15005(Copy_assessment_vendor.java:169)
	at sun.reflect.NativeMethodAccessorImpl.invoke0(Native Method)
	at sun.reflect.NativeMethodAccessorImpl.invoke(NativeMethodAccessorImpl.java:62)
	at sun.reflect.DelegatingMethodAccessorImpl.invoke(DelegatingMethodAccessorImpl.java:43)
	at java.lang.reflect.Method.invoke(Method.java:498)
	at org.testng.internal.MethodInvocationHelper.invokeMethod(MethodInvocationHelper.java:100)
	at org.testng.internal.Invoker.invokeMethod(Invoker.java:646)
	at org.testng.internal.Invoker.invokeTestMethod(Invoker.java:811)
	at org.testng.internal.Invoker.invokeTestMethods(Invoker.java:1137)
	at org.testng.internal.TestMethodWorker.invokeTestMethods(TestMethodWorker.java:129)
	at org.testng.internal.TestMethodWorker.run(TestMethodWorker.java:112)
	at org.testng.TestRunner.privateRun(TestRunner.java:753)
	at org.testng.TestRunner.run(TestRunner.java:607)
	at org.testng.SuiteRunner.runTest(SuiteRunner.java:368)
	at org.testng.SuiteRunner.runSequentially(SuiteRunner.java:363)
	at org.testng.SuiteRunner.privateRun(SuiteRunner.java:321)
	at org.testng.SuiteRunner.run(SuiteRunner.java:270)
	at org.testng.SuiteRunnerWorker.runSuite(SuiteRunnerWorker.java:52)
	at org.testng.SuiteRunnerWorker.run(SuiteRunnerWorker.java:86)
	at org.testng.TestNG.runSuitesSequentially(TestNG.java:1284)
	at org.testng.TestNG.runSuitesLocally(TestNG.java:1209)
	at org.testng.TestNG.runSuites(TestNG.java:1124)
	at org.testng.TestNG.run(TestNG.java:1096)
	at org.testng.remote.AbstractRemoteTestNG.run(AbstractRemoteTestNG.java:132)
	at org.testng.remote.RemoteTestNG.initAndRun(RemoteTestNG.java:236)
	at org.testng.remote.RemoteTestNG.main(RemoteTestNG.java:81)
]]>
            </full-stacktrace>
          </exception> <!-- java.lang.AssertionError -->
          <reporter-output>
          </reporter-output>
        </test-method> <!-- TCED15005 -->
        <test-method status="PASS" signature="tearDown()[pri:0, instance:com.localassessment.Copy_assessment_vendor@45f292]" name="tearDown" is-config="true" duration-ms="1" started-at="2018-10-23T18:24:08Z" finished-at="2018-10-23T18:24:08Z">
          <reporter-output>
          </reporter-output>
        </test-method> <!-- tearDown -->
      </class> <!-- com.localassessment.Copy_assessment_vendor -->
    </test> <!-- Default test -->
  </suite> <!-- Default suite -->
</testng-results>
