<?xml version="1.0" encoding="UTF-8"?>
<testng-results ignored="0" total="15" passed="15" failed="0" skipped="0">
  <reporter-output>
  </reporter-output>
  <suite started-at="2018-11-28T11:45:08Z" name="Suite" finished-at="2018-11-28T11:48:31Z" duration-ms="202916">
    <groups>
    </groups>
    <test started-at="2018-11-28T11:45:08Z" name="Test" finished-at="2018-11-28T11:48:31Z" duration-ms="202916">
      <class name="com.analyzeByScore.StudentAssessmentAdministrationResultsbyTeacher">
        <test-method is-config="true" signature="setup1()[pri:0, instance:com.analyzeByScore.StudentAssessmentAdministrationResultsbyTeacher@942a29c]" started-at="2018-11-28T11:45:08Z" name="setup1" finished-at="2018-11-28T11:45:13Z" duration-ms="5394" status="PASS">
          <reporter-output>
          </reporter-output>
        </test-method> <!-- setup1 -->
        <test-method signature="TCED14151()[pri:1, instance:com.analyzeByScore.StudentAssessmentAdministrationResultsbyTeacher@942a29c]" started-at="2018-11-28T11:45:13Z" name="TCED14151" finished-at="2018-11-28T11:45:23Z" duration-ms="10279" status="PASS">
          <reporter-output>
          </reporter-output>
        </test-method> <!-- TCED14151 -->
        <test-method signature="TCED14152()[pri:2, instance:com.analyzeByScore.StudentAssessmentAdministrationResultsbyTeacher@942a29c]" started-at="2018-11-28T11:45:23Z" name="TCED14152" finished-at="2018-11-28T11:45:23Z" duration-ms="184" status="PASS">
          <reporter-output>
          </reporter-output>
        </test-method> <!-- TCED14152 -->
        <test-method signature="TCED14153()[pri:3, instance:com.analyzeByScore.StudentAssessmentAdministrationResultsbyTeacher@942a29c]" started-at="2018-11-28T11:45:23Z" name="TCED14153" finished-at="2018-11-28T11:45:25Z" duration-ms="1602" status="PASS">
          <reporter-output>
          </reporter-output>
        </test-method> <!-- TCED14153 -->
        <test-method signature="TCED14154()[pri:4, instance:com.analyzeByScore.StudentAssessmentAdministrationResultsbyTeacher@942a29c]" started-at="2018-11-28T11:45:25Z" name="TCED14154" finished-at="2018-11-28T11:45:41Z" duration-ms="16135" status="PASS">
          <reporter-output>
          </reporter-output>
        </test-method> <!-- TCED14154 -->
        <test-method signature="TCED14155()[pri:5, instance:com.analyzeByScore.StudentAssessmentAdministrationResultsbyTeacher@942a29c]" started-at="2018-11-28T11:45:41Z" name="TCED14155" finished-at="2018-11-28T11:45:57Z" duration-ms="15396" status="PASS">
          <reporter-output>
          </reporter-output>
        </test-method> <!-- TCED14155 -->
        <test-method signature="TCED14156()[pri:6, instance:com.analyzeByScore.StudentAssessmentAdministrationResultsbyTeacher@942a29c]" started-at="2018-11-28T11:45:57Z" name="TCED14156" finished-at="2018-11-28T11:46:09Z" duration-ms="12275" status="PASS">
          <reporter-output>
          </reporter-output>
        </test-method> <!-- TCED14156 -->
        <test-method signature="TCED14157()[pri:7, instance:com.analyzeByScore.StudentAssessmentAdministrationResultsbyTeacher@942a29c]" started-at="2018-11-28T11:46:09Z" name="TCED14157" finished-at="2018-11-28T11:46:11Z" duration-ms="1835" status="PASS">
          <reporter-output>
          </reporter-output>
        </test-method> <!-- TCED14157 -->
        <test-method signature="TCED14158()[pri:8, instance:com.analyzeByScore.StudentAssessmentAdministrationResultsbyTeacher@942a29c]" started-at="2018-11-28T11:46:11Z" name="TCED14158" finished-at="2018-11-28T11:46:21Z" duration-ms="10248" status="PASS">
          <reporter-output>
          </reporter-output>
        </test-method> <!-- TCED14158 -->
        <test-method signature="TCED14159()[pri:9, instance:com.analyzeByScore.StudentAssessmentAdministrationResultsbyTeacher@942a29c]" started-at="2018-11-28T11:46:21Z" name="TCED14159" finished-at="2018-11-28T11:46:33Z" duration-ms="12369" status="PASS">
          <reporter-output>
          </reporter-output>
        </test-method> <!-- TCED14159 -->
        <test-method signature="TCED14160()[pri:10, instance:com.analyzeByScore.StudentAssessmentAdministrationResultsbyTeacher@942a29c]" started-at="2018-11-28T11:46:33Z" name="TCED14160" finished-at="2018-11-28T11:46:35Z" duration-ms="1176" status="PASS">
          <reporter-output>
          </reporter-output>
        </test-method> <!-- TCED14160 -->
        <test-method signature="TCED14161()[pri:11, instance:com.analyzeByScore.StudentAssessmentAdministrationResultsbyTeacher@942a29c]" started-at="2018-11-28T11:46:35Z" name="TCED14161" finished-at="2018-11-28T11:46:45Z" duration-ms="10326" status="PASS">
          <reporter-output>
          </reporter-output>
        </test-method> <!-- TCED14161 -->
        <test-method signature="TCED14162()[pri:12, instance:com.analyzeByScore.StudentAssessmentAdministrationResultsbyTeacher@942a29c]" started-at="2018-11-28T11:46:45Z" name="TCED14162" finished-at="2018-11-28T11:46:46Z" duration-ms="1520" status="PASS">
          <reporter-output>
          </reporter-output>
        </test-method> <!-- TCED14162 -->
        <test-method signature="TCED14163()[pri:13, instance:com.analyzeByScore.StudentAssessmentAdministrationResultsbyTeacher@942a29c]" started-at="2018-11-28T11:46:46Z" name="TCED14163" finished-at="2018-11-28T11:47:00Z" duration-ms="13688" status="PASS">
          <reporter-output>
          </reporter-output>
        </test-method> <!-- TCED14163 -->
        <test-method signature="TCED14164()[pri:14, instance:com.analyzeByScore.StudentAssessmentAdministrationResultsbyTeacher@942a29c]" started-at="2018-11-28T11:47:00Z" name="TCED14164" finished-at="2018-11-28T11:47:28Z" duration-ms="27923" status="PASS">
          <reporter-output>
          </reporter-output>
        </test-method> <!-- TCED14164 -->
        <test-method signature="TCED14165()[pri:15, instance:com.analyzeByScore.StudentAssessmentAdministrationResultsbyTeacher@942a29c]" started-at="2018-11-28T11:47:28Z" name="TCED14165" finished-at="2018-11-28T11:48:31Z" duration-ms="62546" status="PASS">
          <reporter-output>
          </reporter-output>
        </test-method> <!-- TCED14165 -->
        <test-method is-config="true" signature="tearDown()[pri:0, instance:com.analyzeByScore.StudentAssessmentAdministrationResultsbyTeacher@942a29c]" started-at="2018-11-28T11:48:31Z" name="tearDown" finished-at="2018-11-28T11:48:31Z" duration-ms="0" status="PASS">
          <reporter-output>
          </reporter-output>
        </test-method> <!-- tearDown -->
      </class> <!-- com.analyzeByScore.StudentAssessmentAdministrationResultsbyTeacher -->
    </test> <!-- Test -->
  </suite> <!-- Suite -->
</testng-results>
