<?xml version="1.0" encoding="UTF-8"?>
<testng-results skipped="0" failed="1" total="15" passed="14">
  <reporter-output>
  </reporter-output>
  <suite name="Default suite" duration-ms="207553" started-at="2018-11-08T11:45:02Z" finished-at="2018-11-08T11:48:29Z">
    <groups>
    </groups>
    <test name="Default test" duration-ms="207553" started-at="2018-11-08T11:45:02Z" finished-at="2018-11-08T11:48:29Z">
      <class name="com.analyzeByScore.analyzebytagname">
        <test-method status="PASS" signature="setup1()[pri:0, instance:com.analyzeByScore.analyzebytagname@1686d1f]" name="setup1" is-config="true" duration-ms="6945" started-at="2018-11-08T17:15:02Z" finished-at="2018-11-08T17:15:09Z">
          <reporter-output>
          </reporter-output>
        </test-method> <!-- setup1 -->
        <test-method status="PASS" signature="TCED14301()[pri:1, instance:com.analyzeByScore.analyzebytagname@1686d1f]" name="TCED14301" duration-ms="6978" started-at="2018-11-08T17:15:09Z" finished-at="2018-11-08T17:15:16Z">
          <reporter-output>
          </reporter-output>
        </test-method> <!-- TCED14301 -->
        <test-method status="PASS" signature="TCED14309()[pri:9, instance:com.analyzeByScore.analyzebytagname@1686d1f]" name="TCED14309" duration-ms="12120" started-at="2018-11-08T17:15:16Z" finished-at="2018-11-08T17:15:28Z">
          <reporter-output>
          </reporter-output>
        </test-method> <!-- TCED14309 -->
        <test-method status="PASS" signature="TCED14315()[pri:15, instance:com.analyzeByScore.analyzebytagname@1686d1f]" name="TCED14315" duration-ms="15100" started-at="2018-11-08T17:15:28Z" finished-at="2018-11-08T17:15:43Z">
          <reporter-output>
          </reporter-output>
        </test-method> <!-- TCED14315 -->
        <test-method status="PASS" signature="TCED14316()[pri:16, instance:com.analyzeByScore.analyzebytagname@1686d1f]" name="TCED14316" duration-ms="14114" started-at="2018-11-08T17:15:43Z" finished-at="2018-11-08T17:15:57Z">
          <reporter-output>
          </reporter-output>
        </test-method> <!-- TCED14316 -->
        <test-method status="PASS" signature="TCED14317()[pri:17, instance:com.analyzeByScore.analyzebytagname@1686d1f]" name="TCED14317" duration-ms="7909" started-at="2018-11-08T17:15:57Z" finished-at="2018-11-08T17:16:05Z">
          <reporter-output>
          </reporter-output>
        </test-method> <!-- TCED14317 -->
        <test-method status="FAIL" signature="TCED14318()[pri:18, instance:com.analyzeByScore.analyzebytagname@1686d1f]" name="TCED14318" duration-ms="954" started-at="2018-11-08T17:16:05Z" finished-at="2018-11-08T17:16:06Z">
          <exception class="java.lang.AssertionError">
            <message>
              <![CDATA[expected [Analyze by Tag] but found [Analyze By Tag]]]>
            </message>
            <full-stacktrace>
              <![CDATA[java.lang.AssertionError: expected [Analyze by Tag] but found [Analyze By Tag]
	at org.testng.Assert.fail(Assert.java:94)
	at org.testng.Assert.failNotEquals(Assert.java:513)
	at org.testng.Assert.assertEqualsImpl(Assert.java:135)
	at org.testng.Assert.assertEquals(Assert.java:116)
	at org.testng.Assert.assertEquals(Assert.java:190)
	at org.testng.Assert.assertEquals(Assert.java:200)
	at com.analyzeByScore.analyzebytagname.TCED14318(analyzebytagname.java:1268)
	at sun.reflect.NativeMethodAccessorImpl.invoke0(Native Method)
	at sun.reflect.NativeMethodAccessorImpl.invoke(NativeMethodAccessorImpl.java:62)
	at sun.reflect.DelegatingMethodAccessorImpl.invoke(DelegatingMethodAccessorImpl.java:43)
	at java.lang.reflect.Method.invoke(Method.java:498)
	at org.testng.internal.MethodInvocationHelper.invokeMethod(MethodInvocationHelper.java:100)
	at org.testng.internal.Invoker.invokeMethod(Invoker.java:646)
	at org.testng.internal.Invoker.invokeTestMethod(Invoker.java:811)
	at org.testng.internal.Invoker.invokeTestMethods(Invoker.java:1137)
	at org.testng.internal.TestMethodWorker.invokeTestMethods(TestMethodWorker.java:129)
	at org.testng.internal.TestMethodWorker.run(TestMethodWorker.java:112)
	at org.testng.TestRunner.privateRun(TestRunner.java:753)
	at org.testng.TestRunner.run(TestRunner.java:607)
	at org.testng.SuiteRunner.runTest(SuiteRunner.java:368)
	at org.testng.SuiteRunner.runSequentially(SuiteRunner.java:363)
	at org.testng.SuiteRunner.privateRun(SuiteRunner.java:321)
	at org.testng.SuiteRunner.run(SuiteRunner.java:270)
	at org.testng.SuiteRunnerWorker.runSuite(SuiteRunnerWorker.java:52)
	at org.testng.SuiteRunnerWorker.run(SuiteRunnerWorker.java:86)
	at org.testng.TestNG.runSuitesSequentially(TestNG.java:1284)
	at org.testng.TestNG.runSuitesLocally(TestNG.java:1209)
	at org.testng.TestNG.runSuites(TestNG.java:1124)
	at org.testng.TestNG.run(TestNG.java:1096)
	at org.testng.remote.AbstractRemoteTestNG.run(AbstractRemoteTestNG.java:132)
	at org.testng.remote.RemoteTestNG.initAndRun(RemoteTestNG.java:236)
	at org.testng.remote.RemoteTestNG.main(RemoteTestNG.java:81)
]]>
            </full-stacktrace>
          </exception> <!-- java.lang.AssertionError -->
          <reporter-output>
          </reporter-output>
        </test-method> <!-- TCED14318 -->
        <test-method status="PASS" signature="TCED14319()[pri:19, instance:com.analyzeByScore.analyzebytagname@1686d1f]" name="TCED14319" duration-ms="8730" started-at="2018-11-08T17:16:06Z" finished-at="2018-11-08T17:16:15Z">
          <reporter-output>
          </reporter-output>
        </test-method> <!-- TCED14319 -->
        <test-method status="PASS" signature="TCED14320()[pri:20, instance:com.analyzeByScore.analyzebytagname@1686d1f]" name="TCED14320" duration-ms="9223" started-at="2018-11-08T17:16:15Z" finished-at="2018-11-08T17:16:24Z">
          <reporter-output>
          </reporter-output>
        </test-method> <!-- TCED14320 -->
        <test-method status="PASS" signature="TCED14321()[pri:21, instance:com.analyzeByScore.analyzebytagname@1686d1f]" name="TCED14321" duration-ms="8721" started-at="2018-11-08T17:16:24Z" finished-at="2018-11-08T17:16:33Z">
          <reporter-output>
          </reporter-output>
        </test-method> <!-- TCED14321 -->
        <test-method status="PASS" signature="TCED14322()[pri:22, instance:com.analyzeByScore.analyzebytagname@1686d1f]" name="TCED14322" duration-ms="8521" started-at="2018-11-08T17:16:33Z" finished-at="2018-11-08T17:16:41Z">
          <reporter-output>
          </reporter-output>
        </test-method> <!-- TCED14322 -->
        <test-method status="PASS" signature="TCED14323()[pri:23, instance:com.analyzeByScore.analyzebytagname@1686d1f]" name="TCED14323" duration-ms="12287" started-at="2018-11-08T17:16:41Z" finished-at="2018-11-08T17:16:54Z">
          <reporter-output>
          </reporter-output>
        </test-method> <!-- TCED14323 -->
        <test-method status="PASS" signature="TCED14324()[pri:24, instance:com.analyzeByScore.analyzebytagname@1686d1f]" name="TCED14324" duration-ms="14392" started-at="2018-11-08T17:16:54Z" finished-at="2018-11-08T17:17:08Z">
          <reporter-output>
          </reporter-output>
        </test-method> <!-- TCED14324 -->
        <test-method status="PASS" signature="TCED14325()[pri:25, instance:com.analyzeByScore.analyzebytagname@1686d1f]" name="TCED14325" duration-ms="8797" started-at="2018-11-08T17:17:08Z" finished-at="2018-11-08T17:17:17Z">
          <reporter-output>
          </reporter-output>
        </test-method> <!-- TCED14325 -->
        <test-method status="PASS" signature="TCED14326()[pri:26, instance:com.analyzeByScore.analyzebytagname@1686d1f]" name="TCED14326" duration-ms="17859" started-at="2018-11-08T17:17:17Z" finished-at="2018-11-08T17:17:35Z">
          <reporter-output>
          </reporter-output>
        </test-method> <!-- TCED14326 -->
        <test-method status="PASS" signature="TCED14327()[pri:27, instance:com.analyzeByScore.analyzebytagname@1686d1f]" name="TCED14327" duration-ms="54817" started-at="2018-11-08T17:17:35Z" finished-at="2018-11-08T17:18:29Z">
          <reporter-output>
          </reporter-output>
        </test-method> <!-- TCED14327 -->
        <test-method status="PASS" signature="tearDown()[pri:0, instance:com.analyzeByScore.analyzebytagname@1686d1f]" name="tearDown" is-config="true" duration-ms="0" started-at="2018-11-08T17:18:29Z" finished-at="2018-11-08T17:18:29Z">
          <reporter-output>
          </reporter-output>
        </test-method> <!-- tearDown -->
      </class> <!-- com.analyzeByScore.analyzebytagname -->
    </test> <!-- Default test -->
  </suite> <!-- Default suite -->
</testng-results>
