<?xml version="1.0" encoding="UTF-8"?>
<testng-results skipped="0" failed="1" total="2" passed="1">
  <reporter-output>
  </reporter-output>
  <suite name="Default suite" duration-ms="38476" started-at="2018-11-07T12:56:04Z" finished-at="2018-11-07T12:56:42Z">
    <groups>
    </groups>
    <test name="Default test" duration-ms="38476" started-at="2018-11-07T12:56:04Z" finished-at="2018-11-07T12:56:42Z">
      <class name="com.analyzeByScore.analyzebytagname">
        <test-method status="PASS" signature="setup1()[pri:0, instance:com.analyzeByScore.analyzebytagname@f777e8]" name="setup1" is-config="true" duration-ms="19057" started-at="2018-11-07T18:26:04Z" finished-at="2018-11-07T18:26:23Z">
          <reporter-output>
          </reporter-output>
        </test-method> <!-- setup1 -->
        <test-method status="PASS" signature="TCED14301()[pri:1, instance:com.analyzeByScore.analyzebytagname@f777e8]" name="TCED14301" duration-ms="5908" started-at="2018-11-07T18:26:23Z" finished-at="2018-11-07T18:26:29Z">
          <reporter-output>
          </reporter-output>
        </test-method> <!-- TCED14301 -->
        <test-method status="FAIL" signature="TCED14314()[pri:14, instance:com.analyzeByScore.analyzebytagname@f777e8]" name="TCED14314" duration-ms="13419" started-at="2018-11-07T18:26:29Z" finished-at="2018-11-07T18:26:42Z">
          <exception class="java.lang.AssertionError">
            <message>
              <![CDATA[(500.5, 842.5) is out of bounds of viewport width (1600) and height (786)
Build info: version: '3.11.0', revision: 'e59cfb3', time: '2018-03-11T20:26:55.152Z'
System info: host: 'AKHIL-TS', ip: '192.168.10.122', os.name: 'Windows 7', os.arch: 'x86', os.version: '6.1', java.version: '1.8.0_112'
Driver info: org.openqa.selenium.firefox.FirefoxDriver
Capabilities {acceptInsecureCerts: true, browserName: firefox, browserVersion: 61.0, javascriptEnabled: true, moz:accessibilityChecks: false, moz:headless: false, moz:processID: 8244, moz:profile: D:\Users\Akhil-TS\AppData\L..., moz:useNonSpecCompliantPointerOrigin: false, moz:webdriverClick: true, pageLoadStrategy: normal, platform: XP, platformName: XP, platformVersion: 6.1, rotatable: false, timeouts: {implicit: 0, pageLoad: 300000, script: 30000}}
Session ID: 9f0b5176-53dc-4079-a34f-c61f8aa2c026]]>
            </message>
            <full-stacktrace>
              <![CDATA[java.lang.AssertionError: (500.5, 842.5) is out of bounds of viewport width (1600) and height (786)
Build info: version: '3.11.0', revision: 'e59cfb3', time: '2018-03-11T20:26:55.152Z'
System info: host: 'AKHIL-TS', ip: '192.168.10.122', os.name: 'Windows 7', os.arch: 'x86', os.version: '6.1', java.version: '1.8.0_112'
Driver info: org.openqa.selenium.firefox.FirefoxDriver
Capabilities {acceptInsecureCerts: true, browserName: firefox, browserVersion: 61.0, javascriptEnabled: true, moz:accessibilityChecks: false, moz:headless: false, moz:processID: 8244, moz:profile: D:\Users\Akhil-TS\AppData\L..., moz:useNonSpecCompliantPointerOrigin: false, moz:webdriverClick: true, pageLoadStrategy: normal, platform: XP, platformName: XP, platformVersion: 6.1, rotatable: false, timeouts: {implicit: 0, pageLoad: 300000, script: 30000}}
Session ID: 9f0b5176-53dc-4079-a34f-c61f8aa2c026
	at org.testng.Assert.fail(Assert.java:94)
	at com.analyzeByScore.analyzebytagname.TCED14314(analyzebytagname.java:983)
	at sun.reflect.NativeMethodAccessorImpl.invoke0(Native Method)
	at sun.reflect.NativeMethodAccessorImpl.invoke(NativeMethodAccessorImpl.java:62)
	at sun.reflect.DelegatingMethodAccessorImpl.invoke(DelegatingMethodAccessorImpl.java:43)
	at java.lang.reflect.Method.invoke(Method.java:498)
	at org.testng.internal.MethodInvocationHelper.invokeMethod(MethodInvocationHelper.java:100)
	at org.testng.internal.Invoker.invokeMethod(Invoker.java:646)
	at org.testng.internal.Invoker.invokeTestMethod(Invoker.java:811)
	at org.testng.internal.Invoker.invokeTestMethods(Invoker.java:1137)
	at org.testng.internal.TestMethodWorker.invokeTestMethods(TestMethodWorker.java:129)
	at org.testng.internal.TestMethodWorker.run(TestMethodWorker.java:112)
	at org.testng.TestRunner.privateRun(TestRunner.java:753)
	at org.testng.TestRunner.run(TestRunner.java:607)
	at org.testng.SuiteRunner.runTest(SuiteRunner.java:368)
	at org.testng.SuiteRunner.runSequentially(SuiteRunner.java:363)
	at org.testng.SuiteRunner.privateRun(SuiteRunner.java:321)
	at org.testng.SuiteRunner.run(SuiteRunner.java:270)
	at org.testng.SuiteRunnerWorker.runSuite(SuiteRunnerWorker.java:52)
	at org.testng.SuiteRunnerWorker.run(SuiteRunnerWorker.java:86)
	at org.testng.TestNG.runSuitesSequentially(TestNG.java:1284)
	at org.testng.TestNG.runSuitesLocally(TestNG.java:1209)
	at org.testng.TestNG.runSuites(TestNG.java:1124)
	at org.testng.TestNG.run(TestNG.java:1096)
	at org.testng.remote.AbstractRemoteTestNG.run(AbstractRemoteTestNG.java:132)
	at org.testng.remote.RemoteTestNG.initAndRun(RemoteTestNG.java:236)
	at org.testng.remote.RemoteTestNG.main(RemoteTestNG.java:81)
]]>
            </full-stacktrace>
          </exception> <!-- java.lang.AssertionError -->
          <reporter-output>
          </reporter-output>
        </test-method> <!-- TCED14314 -->
        <test-method status="PASS" signature="tearDown()[pri:0, instance:com.analyzeByScore.analyzebytagname@f777e8]" name="tearDown" is-config="true" duration-ms="0" started-at="2018-11-07T18:26:42Z" finished-at="2018-11-07T18:26:42Z">
          <reporter-output>
          </reporter-output>
        </test-method> <!-- tearDown -->
      </class> <!-- com.analyzeByScore.analyzebytagname -->
    </test> <!-- Default test -->
  </suite> <!-- Default suite -->
</testng-results>
