<?xml version="1.0" encoding="UTF-8"?>
<testng-results skipped="0" failed="1" total="8" passed="7">
  <reporter-output>
  </reporter-output>
  <suite name="Default suite" duration-ms="81517" started-at="2018-10-11T14:03:37Z" finished-at="2018-10-11T14:04:59Z">
    <groups>
    </groups>
    <test name="Default test" duration-ms="81517" started-at="2018-10-11T14:03:37Z" finished-at="2018-10-11T14:04:59Z">
      <class name="com.localassessment.apply_standard">
        <test-method status="PASS" signature="setup1()[pri:0, instance:com.localassessment.apply_standard@1686d1f]" name="setup1" is-config="true" duration-ms="16358" started-at="2018-10-11T19:33:37Z" finished-at="2018-10-11T19:33:53Z">
          <reporter-output>
          </reporter-output>
        </test-method> <!-- setup1 -->
        <test-method status="PASS" signature="TCED16201()[pri:0, instance:com.localassessment.apply_standard@1686d1f]" name="TCED16201" duration-ms="6597" started-at="2018-10-11T19:33:53Z" finished-at="2018-10-11T19:34:00Z">
          <reporter-output>
          </reporter-output>
        </test-method> <!-- TCED16201 -->
        <test-method status="PASS" signature="TCED16202()[pri:1, instance:com.localassessment.apply_standard@1686d1f]" name="TCED16202" duration-ms="7455" started-at="2018-10-11T19:34:00Z" finished-at="2018-10-11T19:34:07Z">
          <reporter-output>
          </reporter-output>
        </test-method> <!-- TCED16202 -->
        <test-method status="PASS" signature="TCED16203()[pri:2, instance:com.localassessment.apply_standard@1686d1f]" name="TCED16203" duration-ms="768" started-at="2018-10-11T19:34:07Z" finished-at="2018-10-11T19:34:08Z">
          <reporter-output>
          </reporter-output>
        </test-method> <!-- TCED16203 -->
        <test-method status="PASS" signature="TCED16204()[pri:3, instance:com.localassessment.apply_standard@1686d1f]" name="TCED16204" duration-ms="2786" started-at="2018-10-11T19:34:08Z" finished-at="2018-10-11T19:34:11Z">
          <reporter-output>
          </reporter-output>
        </test-method> <!-- TCED16204 -->
        <test-method status="PASS" signature="TCED16205()[pri:4, instance:com.localassessment.apply_standard@1686d1f]" name="TCED16205" duration-ms="10181" started-at="2018-10-11T19:34:11Z" finished-at="2018-10-11T19:34:21Z">
          <reporter-output>
          </reporter-output>
        </test-method> <!-- TCED16205 -->
        <test-method status="PASS" signature="TCED16206()[pri:5, instance:com.localassessment.apply_standard@1686d1f]" name="TCED16206" duration-ms="11651" started-at="2018-10-11T19:34:21Z" finished-at="2018-10-11T19:34:33Z">
          <reporter-output>
          </reporter-output>
        </test-method> <!-- TCED16206 -->
        <test-method status="PASS" signature="TCED16207()[pri:6, instance:com.localassessment.apply_standard@1686d1f]" name="TCED16207" duration-ms="16980" started-at="2018-10-11T19:34:33Z" finished-at="2018-10-11T19:34:50Z">
          <reporter-output>
          </reporter-output>
        </test-method> <!-- TCED16207 -->
        <test-method status="FAIL" signature="TCED16208()[pri:7, instance:com.localassessment.apply_standard@1686d1f]" name="TCED16208" duration-ms="8641" started-at="2018-10-11T19:34:50Z" finished-at="2018-10-11T19:34:58Z">
          <exception class="java.lang.AssertionError">
            <message>
              <![CDATA[Browsing context has been discarded
Build info: version: '3.11.0', revision: 'e59cfb3', time: '2018-03-11T20:26:55.152Z'
System info: host: 'AKHIL-TS', ip: '192.168.10.122', os.name: 'Windows 7', os.arch: 'x86', os.version: '6.1', java.version: '1.8.0_112'
Driver info: org.openqa.selenium.firefox.FirefoxDriver
Capabilities {acceptInsecureCerts: true, browserName: firefox, browserVersion: 61.0, javascriptEnabled: true, moz:accessibilityChecks: false, moz:headless: false, moz:processID: 6448, moz:profile: D:\Users\Akhil-TS\AppData\L..., moz:useNonSpecCompliantPointerOrigin: false, moz:webdriverClick: true, pageLoadStrategy: normal, platform: XP, platformName: XP, platformVersion: 6.1, rotatable: false, timeouts: {implicit: 0, pageLoad: 300000, script: 30000}}
Session ID: d775ca36-b599-4230-8618-8273d1d6afd6]]>
            </message>
            <full-stacktrace>
              <![CDATA[java.lang.AssertionError: Browsing context has been discarded
Build info: version: '3.11.0', revision: 'e59cfb3', time: '2018-03-11T20:26:55.152Z'
System info: host: 'AKHIL-TS', ip: '192.168.10.122', os.name: 'Windows 7', os.arch: 'x86', os.version: '6.1', java.version: '1.8.0_112'
Driver info: org.openqa.selenium.firefox.FirefoxDriver
Capabilities {acceptInsecureCerts: true, browserName: firefox, browserVersion: 61.0, javascriptEnabled: true, moz:accessibilityChecks: false, moz:headless: false, moz:processID: 6448, moz:profile: D:\Users\Akhil-TS\AppData\L..., moz:useNonSpecCompliantPointerOrigin: false, moz:webdriverClick: true, pageLoadStrategy: normal, platform: XP, platformName: XP, platformVersion: 6.1, rotatable: false, timeouts: {implicit: 0, pageLoad: 300000, script: 30000}}
Session ID: d775ca36-b599-4230-8618-8273d1d6afd6
	at org.testng.Assert.fail(Assert.java:94)
	at com.localassessment.apply_standard.TCED16208(apply_standard.java:393)
	at sun.reflect.NativeMethodAccessorImpl.invoke0(Native Method)
	at sun.reflect.NativeMethodAccessorImpl.invoke(NativeMethodAccessorImpl.java:62)
	at sun.reflect.DelegatingMethodAccessorImpl.invoke(DelegatingMethodAccessorImpl.java:43)
	at java.lang.reflect.Method.invoke(Method.java:498)
	at org.testng.internal.MethodInvocationHelper.invokeMethod(MethodInvocationHelper.java:100)
	at org.testng.internal.Invoker.invokeMethod(Invoker.java:646)
	at org.testng.internal.Invoker.invokeTestMethod(Invoker.java:811)
	at org.testng.internal.Invoker.invokeTestMethods(Invoker.java:1137)
	at org.testng.internal.TestMethodWorker.invokeTestMethods(TestMethodWorker.java:129)
	at org.testng.internal.TestMethodWorker.run(TestMethodWorker.java:112)
	at org.testng.TestRunner.privateRun(TestRunner.java:753)
	at org.testng.TestRunner.run(TestRunner.java:607)
	at org.testng.SuiteRunner.runTest(SuiteRunner.java:368)
	at org.testng.SuiteRunner.runSequentially(SuiteRunner.java:363)
	at org.testng.SuiteRunner.privateRun(SuiteRunner.java:321)
	at org.testng.SuiteRunner.run(SuiteRunner.java:270)
	at org.testng.SuiteRunnerWorker.runSuite(SuiteRunnerWorker.java:52)
	at org.testng.SuiteRunnerWorker.run(SuiteRunnerWorker.java:86)
	at org.testng.TestNG.runSuitesSequentially(TestNG.java:1284)
	at org.testng.TestNG.runSuitesLocally(TestNG.java:1209)
	at org.testng.TestNG.runSuites(TestNG.java:1124)
	at org.testng.TestNG.run(TestNG.java:1096)
	at org.testng.remote.AbstractRemoteTestNG.run(AbstractRemoteTestNG.java:132)
	at org.testng.remote.RemoteTestNG.initAndRun(RemoteTestNG.java:236)
	at org.testng.remote.RemoteTestNG.main(RemoteTestNG.java:81)
]]>
            </full-stacktrace>
          </exception> <!-- java.lang.AssertionError -->
          <reporter-output>
          </reporter-output>
        </test-method> <!-- TCED16208 -->
        <test-method status="PASS" signature="tearDown()[pri:0, instance:com.localassessment.apply_standard@1686d1f]" name="tearDown" is-config="true" duration-ms="0" started-at="2018-10-11T19:34:59Z" finished-at="2018-10-11T19:34:59Z">
          <reporter-output>
          </reporter-output>
        </test-method> <!-- tearDown -->
      </class> <!-- com.localassessment.apply_standard -->
    </test> <!-- Default test -->
  </suite> <!-- Default suite -->
</testng-results>
