<?xml version="1.0" encoding="UTF-8"?>
<testng-results skipped="0" failed="0" ignored="0" total="10" passed="10">
  <reporter-output>
  </reporter-output>
  <suite name="Suite" duration-ms="60582" started-at="2018-10-17T08:25:11Z" finished-at="2018-10-17T08:26:12Z">
    <groups>
    </groups>
    <test name="Test" duration-ms="60582" started-at="2018-10-17T08:25:11Z" finished-at="2018-10-17T08:26:12Z">
      <class name="com.MTSS.Unsubmitted_Intervention_Plans">
        <test-method status="PASS" signature="setup1()[pri:0, instance:com.MTSS.Unsubmitted_Intervention_Plans@3ecd23d9]" name="setup1" is-config="true" duration-ms="7858" started-at="2018-10-17T08:25:11Z" finished-at="2018-10-17T08:25:19Z">
          <reporter-output>
          </reporter-output>
        </test-method> <!-- setup1 -->
        <test-method status="PASS" signature="TCED221001()[pri:0, instance:com.MTSS.Unsubmitted_Intervention_Plans@3ecd23d9]" name="TCED221001" duration-ms="8488" started-at="2018-10-17T08:25:19Z" finished-at="2018-10-17T08:25:28Z">
          <reporter-output>
          </reporter-output>
        </test-method> <!-- TCED221001 -->
        <test-method status="PASS" signature="TCED221002()[pri:1, instance:com.MTSS.Unsubmitted_Intervention_Plans@3ecd23d9]" name="TCED221002" duration-ms="46" started-at="2018-10-17T08:25:28Z" finished-at="2018-10-17T08:25:28Z">
          <reporter-output>
          </reporter-output>
        </test-method> <!-- TCED221002 -->
        <test-method status="PASS" signature="TCED221003()[pri:2, instance:com.MTSS.Unsubmitted_Intervention_Plans@3ecd23d9]" name="TCED221003" duration-ms="1334" started-at="2018-10-17T08:25:28Z" finished-at="2018-10-17T08:25:29Z">
          <reporter-output>
          </reporter-output>
        </test-method> <!-- TCED221003 -->
        <test-method status="PASS" signature="TCED221004()[pri:3, instance:com.MTSS.Unsubmitted_Intervention_Plans@3ecd23d9]" name="TCED221004" duration-ms="546" started-at="2018-10-17T08:25:29Z" finished-at="2018-10-17T08:25:29Z">
          <reporter-output>
          </reporter-output>
        </test-method> <!-- TCED221004 -->
        <test-method status="PASS" signature="TCED221005()[pri:4, instance:com.MTSS.Unsubmitted_Intervention_Plans@3ecd23d9]" name="TCED221005" duration-ms="13314" started-at="2018-10-17T08:25:29Z" finished-at="2018-10-17T08:25:43Z">
          <reporter-output>
          </reporter-output>
        </test-method> <!-- TCED221005 -->
        <test-method status="PASS" signature="TCED221006()[pri:5, instance:com.MTSS.Unsubmitted_Intervention_Plans@3ecd23d9]" name="TCED221006" duration-ms="11335" started-at="2018-10-17T08:25:43Z" finished-at="2018-10-17T08:25:54Z">
          <reporter-output>
          </reporter-output>
        </test-method> <!-- TCED221006 -->
        <test-method status="PASS" signature="TCED221007()[pri:6, instance:com.MTSS.Unsubmitted_Intervention_Plans@3ecd23d9]" name="TCED221007" duration-ms="2474" started-at="2018-10-17T08:25:54Z" finished-at="2018-10-17T08:25:57Z">
          <reporter-output>
          </reporter-output>
        </test-method> <!-- TCED221007 -->
        <test-method status="PASS" signature="TCED221008()[pri:7, instance:com.MTSS.Unsubmitted_Intervention_Plans@3ecd23d9]" name="TCED221008" duration-ms="2436" started-at="2018-10-17T08:25:57Z" finished-at="2018-10-17T08:25:59Z">
          <reporter-output>
          </reporter-output>
        </test-method> <!-- TCED221008 -->
        <test-method status="PASS" signature="TCED221009()[pri:8, instance:com.MTSS.Unsubmitted_Intervention_Plans@3ecd23d9]" name="TCED221009" duration-ms="975" started-at="2018-10-17T08:25:59Z" finished-at="2018-10-17T08:26:00Z">
          <reporter-output>
          </reporter-output>
        </test-method> <!-- TCED221009 -->
        <test-method status="PASS" signature="TCED221010()[pri:9, instance:com.MTSS.Unsubmitted_Intervention_Plans@3ecd23d9]" name="TCED221010" duration-ms="11746" started-at="2018-10-17T08:26:00Z" finished-at="2018-10-17T08:26:12Z">
          <reporter-output>
          </reporter-output>
        </test-method> <!-- TCED221010 -->
        <test-method status="PASS" signature="tearDown()[pri:0, instance:com.MTSS.Unsubmitted_Intervention_Plans@3ecd23d9]" name="tearDown" is-config="true" duration-ms="0" started-at="2018-10-17T08:26:12Z" finished-at="2018-10-17T08:26:12Z">
          <reporter-output>
          </reporter-output>
        </test-method> <!-- tearDown -->
      </class> <!-- com.MTSS.Unsubmitted_Intervention_Plans -->
    </test> <!-- Test -->
  </suite> <!-- Suite -->
</testng-results>
