<?xml version="1.0" encoding="UTF-8"?>
<testng-results skipped="0" failed="0" ignored="0" total="1" passed="1">
  <reporter-output>
  </reporter-output>
  <suite name="Suite" duration-ms="33961" started-at="2018-10-11T12:31:55Z" finished-at="2018-10-11T12:32:29Z">
    <groups>
    </groups>
    <test name="Test" duration-ms="33961" started-at="2018-10-11T12:31:55Z" finished-at="2018-10-11T12:32:29Z">
      <class name="com.Home.Schedule">
        <test-method status="PASS" signature="setup1()[pri:0, instance:com.Home.Schedule@64f6106c]" name="setup1" is-config="true" duration-ms="13653" started-at="2018-10-11T12:31:55Z" finished-at="2018-10-11T12:32:09Z">
          <reporter-output>
          </reporter-output>
        </test-method> <!-- setup1 -->
        <test-method status="PASS" signature="TCED34603()[pri:1, instance:com.Home.Schedule@64f6106c]" name="TCED34603" duration-ms="20284" started-at="2018-10-11T12:32:09Z" finished-at="2018-10-11T12:32:29Z">
          <reporter-output>
          </reporter-output>
        </test-method> <!-- TCED34603 -->
        <test-method status="PASS" signature="tearDown()[pri:0, instance:com.Home.Schedule@64f6106c]" name="tearDown" is-config="true" duration-ms="1" started-at="2018-10-11T12:32:29Z" finished-at="2018-10-11T12:32:29Z">
          <reporter-output>
          </reporter-output>
        </test-method> <!-- tearDown -->
      </class> <!-- com.Home.Schedule -->
    </test> <!-- Test -->
  </suite> <!-- Suite -->
</testng-results>
