<?xml version="1.0" encoding="UTF-8"?>
<testng-results skipped="0" failed="0" total="8" passed="8">
  <reporter-output>
  </reporter-output>
  <suite name="Default suite" duration-ms="84796" started-at="2018-10-12T05:30:14Z" finished-at="2018-10-12T05:31:39Z">
    <groups>
    </groups>
    <test name="Default test" duration-ms="84796" started-at="2018-10-12T05:30:14Z" finished-at="2018-10-12T05:31:39Z">
      <class name="com.localassessment.apply_standard">
        <test-method status="PASS" signature="setup1()[pri:0, instance:com.localassessment.apply_standard@1686d1f]" name="setup1" is-config="true" duration-ms="17161" started-at="2018-10-12T11:00:14Z" finished-at="2018-10-12T11:00:31Z">
          <reporter-output>
          </reporter-output>
        </test-method> <!-- setup1 -->
        <test-method status="PASS" signature="TCED16201()[pri:0, instance:com.localassessment.apply_standard@1686d1f]" name="TCED16201" duration-ms="6343" started-at="2018-10-12T11:00:31Z" finished-at="2018-10-12T11:00:37Z">
          <reporter-output>
          </reporter-output>
        </test-method> <!-- TCED16201 -->
        <test-method status="PASS" signature="TCED16202()[pri:1, instance:com.localassessment.apply_standard@1686d1f]" name="TCED16202" duration-ms="7320" started-at="2018-10-12T11:00:37Z" finished-at="2018-10-12T11:00:45Z">
          <reporter-output>
          </reporter-output>
        </test-method> <!-- TCED16202 -->
        <test-method status="PASS" signature="TCED16203()[pri:2, instance:com.localassessment.apply_standard@1686d1f]" name="TCED16203" duration-ms="690" started-at="2018-10-12T11:00:45Z" finished-at="2018-10-12T11:00:45Z">
          <reporter-output>
          </reporter-output>
        </test-method> <!-- TCED16203 -->
        <test-method status="PASS" signature="TCED16204()[pri:3, instance:com.localassessment.apply_standard@1686d1f]" name="TCED16204" duration-ms="2625" started-at="2018-10-12T11:00:45Z" finished-at="2018-10-12T11:00:48Z">
          <reporter-output>
          </reporter-output>
        </test-method> <!-- TCED16204 -->
        <test-method status="PASS" signature="TCED16205()[pri:4, instance:com.localassessment.apply_standard@1686d1f]" name="TCED16205" duration-ms="10608" started-at="2018-10-12T11:00:48Z" finished-at="2018-10-12T11:00:59Z">
          <reporter-output>
          </reporter-output>
        </test-method> <!-- TCED16205 -->
        <test-method status="PASS" signature="TCED16206()[pri:5, instance:com.localassessment.apply_standard@1686d1f]" name="TCED16206" duration-ms="11444" started-at="2018-10-12T11:00:59Z" finished-at="2018-10-12T11:01:10Z">
          <reporter-output>
          </reporter-output>
        </test-method> <!-- TCED16206 -->
        <test-method status="PASS" signature="TCED16207()[pri:6, instance:com.localassessment.apply_standard@1686d1f]" name="TCED16207" duration-ms="16937" started-at="2018-10-12T11:01:10Z" finished-at="2018-10-12T11:01:27Z">
          <reporter-output>
          </reporter-output>
        </test-method> <!-- TCED16207 -->
        <test-method status="PASS" signature="TCED16208()[pri:7, instance:com.localassessment.apply_standard@1686d1f]" name="TCED16208" duration-ms="11613" started-at="2018-10-12T11:01:27Z" finished-at="2018-10-12T11:01:39Z">
          <reporter-output>
          </reporter-output>
        </test-method> <!-- TCED16208 -->
        <test-method status="PASS" signature="tearDown()[pri:0, instance:com.localassessment.apply_standard@1686d1f]" name="tearDown" is-config="true" duration-ms="0" started-at="2018-10-12T11:01:39Z" finished-at="2018-10-12T11:01:39Z">
          <reporter-output>
          </reporter-output>
        </test-method> <!-- tearDown -->
      </class> <!-- com.localassessment.apply_standard -->
    </test> <!-- Default test -->
  </suite> <!-- Default suite -->
</testng-results>
