<?xml version="1.0" encoding="UTF-8"?>
<testng-results skipped="0" failed="0" total="5" passed="5">
  <reporter-output>
  </reporter-output>
  <suite name="Default suite" duration-ms="25830" started-at="2018-10-23T13:46:13Z" finished-at="2018-10-23T13:46:39Z">
    <groups>
    </groups>
    <test name="Default test" duration-ms="25830" started-at="2018-10-23T13:46:13Z" finished-at="2018-10-23T13:46:39Z">
      <class name="com.MTSS.MTSS_Tier_Intervention_Menu">
        <test-method status="PASS" signature="setup1()[pri:0, instance:com.MTSS.MTSS_Tier_Intervention_Menu@4f7d0008]" name="setup1" is-config="true" duration-ms="10674" started-at="2018-10-23T19:16:13Z" finished-at="2018-10-23T19:16:24Z">
          <reporter-output>
          </reporter-output>
        </test-method> <!-- setup1 -->
        <test-method status="PASS" signature="TCED19101()[pri:1, instance:com.MTSS.MTSS_Tier_Intervention_Menu@4f7d0008]" name="TCED19101" duration-ms="8977" started-at="2018-10-23T19:16:24Z" finished-at="2018-10-23T19:16:33Z">
          <reporter-output>
          </reporter-output>
        </test-method> <!-- TCED19101 -->
        <test-method status="PASS" signature="TCED19102()[pri:2, instance:com.MTSS.MTSS_Tier_Intervention_Menu@4f7d0008]" name="TCED19102" duration-ms="967" started-at="2018-10-23T19:16:33Z" finished-at="2018-10-23T19:16:34Z">
          <reporter-output>
          </reporter-output>
        </test-method> <!-- TCED19102 -->
        <test-method status="PASS" signature="TCED19103()[pri:3, instance:com.MTSS.MTSS_Tier_Intervention_Menu@4f7d0008]" name="TCED19103" duration-ms="1860" started-at="2018-10-23T19:16:34Z" finished-at="2018-10-23T19:16:36Z">
          <reporter-output>
          </reporter-output>
        </test-method> <!-- TCED19103 -->
        <test-method status="PASS" signature="TCED19104()[pri:4, instance:com.MTSS.MTSS_Tier_Intervention_Menu@4f7d0008]" name="TCED19104" duration-ms="1624" started-at="2018-10-23T19:16:36Z" finished-at="2018-10-23T19:16:37Z">
          <reporter-output>
          </reporter-output>
        </test-method> <!-- TCED19104 -->
        <test-method status="PASS" signature="TCED19105()[pri:5, instance:com.MTSS.MTSS_Tier_Intervention_Menu@4f7d0008]" name="TCED19105" duration-ms="1696" started-at="2018-10-23T19:16:37Z" finished-at="2018-10-23T19:16:39Z">
          <reporter-output>
          </reporter-output>
        </test-method> <!-- TCED19105 -->
        <test-method status="PASS" signature="tearDown()[pri:0, instance:com.MTSS.MTSS_Tier_Intervention_Menu@4f7d0008]" name="tearDown" is-config="true" duration-ms="1" started-at="2018-10-23T19:16:39Z" finished-at="2018-10-23T19:16:39Z">
          <reporter-output>
          </reporter-output>
        </test-method> <!-- tearDown -->
      </class> <!-- com.MTSS.MTSS_Tier_Intervention_Menu -->
    </test> <!-- Default test -->
  </suite> <!-- Default suite -->
</testng-results>
