<?xml version="1.0" encoding="UTF-8"?>
<testng-results skipped="0" failed="0" total="1" passed="1">
  <reporter-output>
  </reporter-output>
  <suite name="Default suite" duration-ms="15762" started-at="2018-10-19T09:10:17Z" finished-at="2018-10-19T09:10:32Z">
    <groups>
    </groups>
    <test name="Default test" duration-ms="15762" started-at="2018-10-19T09:10:17Z" finished-at="2018-10-19T09:10:32Z">
      <class name="com.administerAssessment.Create_New_Administration">
        <test-method status="PASS" signature="setup1()[pri:0, instance:com.administerAssessment.Create_New_Administration@100df86]" name="setup1" is-config="true" duration-ms="15731" started-at="2018-10-19T14:40:17Z" finished-at="2018-10-19T14:40:32Z">
          <reporter-output>
          </reporter-output>
        </test-method> <!-- setup1 -->
        <test-method status="PASS" signature="TCED11003()[pri:3, instance:com.administerAssessment.Create_New_Administration@100df86]" name="TCED11003" duration-ms="7" started-at="2018-10-19T14:40:32Z" finished-at="2018-10-19T14:40:32Z">
          <reporter-output>
          </reporter-output>
        </test-method> <!-- TCED11003 -->
        <test-method status="PASS" signature="tearDown()[pri:0, instance:com.administerAssessment.Create_New_Administration@100df86]" name="tearDown" is-config="true" duration-ms="0" started-at="2018-10-19T14:40:32Z" finished-at="2018-10-19T14:40:32Z">
          <reporter-output>
          </reporter-output>
        </test-method> <!-- tearDown -->
      </class> <!-- com.administerAssessment.Create_New_Administration -->
    </test> <!-- Default test -->
  </suite> <!-- Default suite -->
</testng-results>
