<?xml version="1.0" encoding="UTF-8"?>
<testng-results skipped="0" failed="0" total="3" passed="3">
  <reporter-output>
  </reporter-output>
  <suite name="Default suite" duration-ms="47011" started-at="2018-09-27T13:34:28Z" finished-at="2018-09-27T13:35:15Z">
    <groups>
    </groups>
    <test name="Default test" duration-ms="47011" started-at="2018-09-27T13:34:28Z" finished-at="2018-09-27T13:35:15Z">
      <class name="com.Home.Attendance">
        <test-method status="PASS" signature="setup1()[pri:0, instance:com.Home.Attendance@1ee9989]" name="setup1" is-config="true" duration-ms="24626" started-at="2018-09-27T19:04:28Z" finished-at="2018-09-27T19:04:52Z">
          <reporter-output>
          </reporter-output>
        </test-method> <!-- setup1 -->
        <test-method status="PASS" signature="TCED34301()[pri:0, instance:com.Home.Attendance@1ee9989]" name="TCED34301" duration-ms="21718" started-at="2018-09-27T19:04:52Z" finished-at="2018-09-27T19:05:14Z">
          <reporter-output>
          </reporter-output>
        </test-method> <!-- TCED34301 -->
        <test-method status="PASS" signature="TCED34302()[pri:1, instance:com.Home.Attendance@1ee9989]" name="TCED34302" duration-ms="32" started-at="2018-09-27T19:05:14Z" finished-at="2018-09-27T19:05:14Z">
          <reporter-output>
          </reporter-output>
        </test-method> <!-- TCED34302 -->
        <test-method status="PASS" signature="TCED34303()[pri:2, instance:com.Home.Attendance@1ee9989]" name="TCED34303" duration-ms="604" started-at="2018-09-27T19:05:14Z" finished-at="2018-09-27T19:05:15Z">
          <reporter-output>
          </reporter-output>
        </test-method> <!-- TCED34303 -->
        <test-method status="PASS" signature="tearDown()[pri:0, instance:com.Home.Attendance@1ee9989]" name="tearDown" is-config="true" duration-ms="0" started-at="2018-09-27T19:05:15Z" finished-at="2018-09-27T19:05:15Z">
          <reporter-output>
          </reporter-output>
        </test-method> <!-- tearDown -->
      </class> <!-- com.Home.Attendance -->
    </test> <!-- Default test -->
  </suite> <!-- Default suite -->
</testng-results>
