<?xml version="1.0" encoding="UTF-8"?>
<testng-results ignored="0" total="28" passed="28" failed="0" skipped="0">
  <reporter-output>
  </reporter-output>
  <suite started-at="2018-11-22T10:35:13Z" name="Suite" finished-at="2018-11-22T10:38:11Z" duration-ms="178005">
    <groups>
    </groups>
    <test started-at="2018-11-22T10:35:13Z" name="Test" finished-at="2018-11-22T10:38:11Z" duration-ms="178005">
      <class name="com.curriculum.Print_Lessons">
        <test-method is-config="true" signature="setup1()[pri:0, instance:com.curriculum.Print_Lessons@70e9c95d]" started-at="2018-11-22T10:35:13Z" name="setup1" finished-at="2018-11-22T10:35:19Z" duration-ms="5438" status="PASS">
          <reporter-output>
          </reporter-output>
        </test-method> <!-- setup1 -->
        <test-method signature="TCED25101()[pri:0, instance:com.curriculum.Print_Lessons@70e9c95d]" started-at="2018-11-22T10:35:19Z" name="TCED25101" finished-at="2018-11-22T10:35:27Z" duration-ms="8065" status="PASS">
          <reporter-output>
          </reporter-output>
        </test-method> <!-- TCED25101 -->
        <test-method signature="TCED25102()[pri:1, instance:com.curriculum.Print_Lessons@70e9c95d]" started-at="2018-11-22T10:35:27Z" name="TCED25102" finished-at="2018-11-22T10:35:28Z" duration-ms="1442" status="PASS">
          <reporter-output>
          </reporter-output>
        </test-method> <!-- TCED25102 -->
        <test-method signature="TCED25103()[pri:2, instance:com.curriculum.Print_Lessons@70e9c95d]" started-at="2018-11-22T10:35:28Z" name="TCED25103" finished-at="2018-11-22T10:35:29Z" duration-ms="1380" status="PASS">
          <reporter-output>
          </reporter-output>
        </test-method> <!-- TCED25103 -->
        <test-method signature="TCED25104()[pri:3, instance:com.curriculum.Print_Lessons@70e9c95d]" started-at="2018-11-22T10:35:29Z" name="TCED25104" finished-at="2018-11-22T10:35:42Z" duration-ms="12646" status="PASS">
          <reporter-output>
          </reporter-output>
        </test-method> <!-- TCED25104 -->
        <test-method signature="TCED25105()[pri:4, instance:com.curriculum.Print_Lessons@70e9c95d]" started-at="2018-11-22T10:35:42Z" name="TCED25105" finished-at="2018-11-22T10:35:55Z" duration-ms="12686" status="PASS">
          <reporter-output>
          </reporter-output>
        </test-method> <!-- TCED25105 -->
        <test-method signature="TCED25106()[pri:5, instance:com.curriculum.Print_Lessons@70e9c95d]" started-at="2018-11-22T10:35:55Z" name="TCED25106" finished-at="2018-11-22T10:35:57Z" duration-ms="1928" status="PASS">
          <reporter-output>
          </reporter-output>
        </test-method> <!-- TCED25106 -->
        <test-method signature="TCED25107()[pri:6, instance:com.curriculum.Print_Lessons@70e9c95d]" started-at="2018-11-22T10:35:57Z" name="TCED25107" finished-at="2018-11-22T10:35:59Z" duration-ms="1926" status="PASS">
          <reporter-output>
          </reporter-output>
        </test-method> <!-- TCED25107 -->
        <test-method signature="TCED25108()[pri:7, instance:com.curriculum.Print_Lessons@70e9c95d]" started-at="2018-11-22T10:35:59Z" name="TCED25108" finished-at="2018-11-22T10:36:00Z" duration-ms="1253" status="PASS">
          <reporter-output>
          </reporter-output>
        </test-method> <!-- TCED25108 -->
        <test-method signature="TCED25109()[pri:8, instance:com.curriculum.Print_Lessons@70e9c95d]" started-at="2018-11-22T10:36:00Z" name="TCED25109" finished-at="2018-11-22T10:36:01Z" duration-ms="1237" status="PASS">
          <reporter-output>
          </reporter-output>
        </test-method> <!-- TCED25109 -->
        <test-method signature="TCED25110()[pri:9, instance:com.curriculum.Print_Lessons@70e9c95d]" started-at="2018-11-22T10:36:01Z" name="TCED25110" finished-at="2018-11-22T10:36:14Z" duration-ms="12513" status="PASS">
          <reporter-output>
          </reporter-output>
        </test-method> <!-- TCED25110 -->
        <test-method signature="TCED25111()[pri:10, instance:com.curriculum.Print_Lessons@70e9c95d]" started-at="2018-11-22T10:36:14Z" name="TCED25111" finished-at="2018-11-22T10:36:26Z" duration-ms="12620" status="PASS">
          <reporter-output>
          </reporter-output>
        </test-method> <!-- TCED25111 -->
        <test-method signature="TCED25112()[pri:11, instance:com.curriculum.Print_Lessons@70e9c95d]" started-at="2018-11-22T10:36:26Z" name="TCED25112" finished-at="2018-11-22T10:36:28Z" duration-ms="2121" status="PASS">
          <reporter-output>
          </reporter-output>
        </test-method> <!-- TCED25112 -->
        <test-method signature="TCED25113()[pri:12, instance:com.curriculum.Print_Lessons@70e9c95d]" started-at="2018-11-22T10:36:28Z" name="TCED25113" finished-at="2018-11-22T10:36:30Z" duration-ms="1367" status="PASS">
          <reporter-output>
          </reporter-output>
        </test-method> <!-- TCED25113 -->
        <test-method signature="TCED25114()[pri:13, instance:com.curriculum.Print_Lessons@70e9c95d]" started-at="2018-11-22T10:36:30Z" name="TCED25114" finished-at="2018-11-22T10:36:31Z" duration-ms="1322" status="PASS">
          <reporter-output>
          </reporter-output>
        </test-method> <!-- TCED25114 -->
        <test-method signature="TCED25115()[pri:14, instance:com.curriculum.Print_Lessons@70e9c95d]" started-at="2018-11-22T10:36:31Z" name="TCED25115" finished-at="2018-11-22T10:36:44Z" duration-ms="12454" status="PASS">
          <reporter-output>
          </reporter-output>
        </test-method> <!-- TCED25115 -->
        <test-method signature="TCED25116()[pri:15, instance:com.curriculum.Print_Lessons@70e9c95d]" started-at="2018-11-22T10:36:44Z" name="TCED25116" finished-at="2018-11-22T10:36:56Z" duration-ms="12615" status="PASS">
          <reporter-output>
          </reporter-output>
        </test-method> <!-- TCED25116 -->
        <test-method signature="TCED25117()[pri:16, instance:com.curriculum.Print_Lessons@70e9c95d]" started-at="2018-11-22T10:36:56Z" name="TCED25117" finished-at="2018-11-22T10:36:58Z" duration-ms="2137" status="PASS">
          <reporter-output>
          </reporter-output>
        </test-method> <!-- TCED25117 -->
        <test-method signature="TCED25118()[pri:17, instance:com.curriculum.Print_Lessons@70e9c95d]" started-at="2018-11-22T10:36:58Z" name="TCED25118" finished-at="2018-11-22T10:37:00Z" duration-ms="1268" status="PASS">
          <reporter-output>
          </reporter-output>
        </test-method> <!-- TCED25118 -->
        <test-method signature="TCED25119()[pri:18, instance:com.curriculum.Print_Lessons@70e9c95d]" started-at="2018-11-22T10:37:00Z" name="TCED25119" finished-at="2018-11-22T10:37:01Z" duration-ms="1354" status="PASS">
          <reporter-output>
          </reporter-output>
        </test-method> <!-- TCED25119 -->
        <test-method signature="TCED25120()[pri:19, instance:com.curriculum.Print_Lessons@70e9c95d]" started-at="2018-11-22T10:37:01Z" name="TCED25120" finished-at="2018-11-22T10:37:13Z" duration-ms="12473" status="PASS">
          <reporter-output>
          </reporter-output>
        </test-method> <!-- TCED25120 -->
        <test-method signature="TCED25121()[pri:20, instance:com.curriculum.Print_Lessons@70e9c95d]" started-at="2018-11-22T10:37:13Z" name="TCED25121" finished-at="2018-11-22T10:37:26Z" duration-ms="12638" status="PASS">
          <reporter-output>
          </reporter-output>
        </test-method> <!-- TCED25121 -->
        <test-method signature="TCED25122()[pri:21, instance:com.curriculum.Print_Lessons@70e9c95d]" started-at="2018-11-22T10:37:26Z" name="TCED25122" finished-at="2018-11-22T10:37:28Z" duration-ms="2039" status="PASS">
          <reporter-output>
          </reporter-output>
        </test-method> <!-- TCED25122 -->
        <test-method signature="TCED25123()[pri:22, instance:com.curriculum.Print_Lessons@70e9c95d]" started-at="2018-11-22T10:37:28Z" name="TCED25123" finished-at="2018-11-22T10:37:29Z" duration-ms="1388" status="PASS">
          <reporter-output>
          </reporter-output>
        </test-method> <!-- TCED25123 -->
        <test-method signature="TCED25124()[pri:23, instance:com.curriculum.Print_Lessons@70e9c95d]" started-at="2018-11-22T10:37:29Z" name="TCED25124" finished-at="2018-11-22T10:37:31Z" duration-ms="1290" status="PASS">
          <reporter-output>
          </reporter-output>
        </test-method> <!-- TCED25124 -->
        <test-method signature="TCED25125()[pri:24, instance:com.curriculum.Print_Lessons@70e9c95d]" started-at="2018-11-22T10:37:31Z" name="TCED25125" finished-at="2018-11-22T10:37:49Z" duration-ms="18500" status="PASS">
          <reporter-output>
          </reporter-output>
        </test-method> <!-- TCED25125 -->
        <test-method signature="TCED25126()[pri:25, instance:com.curriculum.Print_Lessons@70e9c95d]" started-at="2018-11-22T10:37:49Z" name="TCED25126" finished-at="2018-11-22T10:38:08Z" duration-ms="18638" status="PASS">
          <reporter-output>
          </reporter-output>
        </test-method> <!-- TCED25126 -->
        <test-method signature="TCED25127()[pri:26, instance:com.curriculum.Print_Lessons@70e9c95d]" started-at="2018-11-22T10:38:08Z" name="TCED25127" finished-at="2018-11-22T10:38:10Z" duration-ms="2038" status="PASS">
          <reporter-output>
          </reporter-output>
        </test-method> <!-- TCED25127 -->
        <test-method signature="TCED27128()[pri:27, instance:com.curriculum.Print_Lessons@70e9c95d]" started-at="2018-11-22T10:38:10Z" name="TCED27128" finished-at="2018-11-22T10:38:11Z" duration-ms="1189" status="PASS">
          <reporter-output>
          </reporter-output>
        </test-method> <!-- TCED27128 -->
        <test-method is-config="true" signature="tearDown()[pri:0, instance:com.curriculum.Print_Lessons@70e9c95d]" started-at="2018-11-22T10:38:11Z" name="tearDown" finished-at="2018-11-22T10:38:11Z" duration-ms="0" status="PASS">
          <reporter-output>
          </reporter-output>
        </test-method> <!-- tearDown -->
      </class> <!-- com.curriculum.Print_Lessons -->
    </test> <!-- Test -->
  </suite> <!-- Suite -->
</testng-results>
