<?xml version="1.0" encoding="UTF-8"?>
<testng-results skipped="0" failed="0" total="9" passed="9">
  <reporter-output>
  </reporter-output>
  <suite name="Default suite" duration-ms="40054" started-at="2018-10-12T05:39:31Z" finished-at="2018-10-12T05:40:11Z">
    <groups>
    </groups>
    <test name="Default test" duration-ms="40054" started-at="2018-10-12T05:39:31Z" finished-at="2018-10-12T05:40:11Z">
      <class name="com.ScoreClassResultsOnline.ScoreClassResultsOnline">
        <test-method status="PASS" signature="setup1()[pri:0, instance:com.ScoreClassResultsOnline.ScoreClassResultsOnline@271053e1]" name="setup1" is-config="true" duration-ms="13745" started-at="2018-10-12T11:09:31Z" finished-at="2018-10-12T11:09:45Z">
          <reporter-output>
          </reporter-output>
        </test-method> <!-- setup1 -->
        <test-method status="PASS" signature="TCED13022()[pri:1, instance:com.ScoreClassResultsOnline.ScoreClassResultsOnline@271053e1]" name="TCED13022" duration-ms="11920" started-at="2018-10-12T11:09:45Z" finished-at="2018-10-12T11:09:57Z">
          <reporter-output>
          </reporter-output>
        </test-method> <!-- TCED13022 -->
        <test-method status="PASS" signature="TCED13023()[pri:2, instance:com.ScoreClassResultsOnline.ScoreClassResultsOnline@271053e1]" name="TCED13023" duration-ms="162" started-at="2018-10-12T11:09:57Z" finished-at="2018-10-12T11:09:57Z">
          <reporter-output>
          </reporter-output>
        </test-method> <!-- TCED13023 -->
        <test-method status="PASS" signature="TCED13024()[pri:3, instance:com.ScoreClassResultsOnline.ScoreClassResultsOnline@271053e1]" name="TCED13024" duration-ms="629" started-at="2018-10-12T11:09:57Z" finished-at="2018-10-12T11:09:58Z">
          <reporter-output>
          </reporter-output>
        </test-method> <!-- TCED13024 -->
        <test-method status="PASS" signature="TCED13025()[pri:4, instance:com.ScoreClassResultsOnline.ScoreClassResultsOnline@271053e1]" name="TCED13025" duration-ms="852" started-at="2018-10-12T11:09:58Z" finished-at="2018-10-12T11:09:58Z">
          <reporter-output>
          </reporter-output>
        </test-method> <!-- TCED13025 -->
        <test-method status="PASS" signature="TCED13026()[pri:5, instance:com.ScoreClassResultsOnline.ScoreClassResultsOnline@271053e1]" name="TCED13026" duration-ms="1920" started-at="2018-10-12T11:09:58Z" finished-at="2018-10-12T11:10:00Z">
          <reporter-output>
          </reporter-output>
        </test-method> <!-- TCED13026 -->
        <test-method status="PASS" signature="TCED13027()[pri:6, instance:com.ScoreClassResultsOnline.ScoreClassResultsOnline@271053e1]" name="TCED13027" duration-ms="3592" started-at="2018-10-12T11:10:00Z" finished-at="2018-10-12T11:10:04Z">
          <reporter-output>
          </reporter-output>
        </test-method> <!-- TCED13027 -->
        <test-method status="PASS" signature="TCED13028()[pri:7, instance:com.ScoreClassResultsOnline.ScoreClassResultsOnline@271053e1]" name="TCED13028" duration-ms="2708" started-at="2018-10-12T11:10:04Z" finished-at="2018-10-12T11:10:07Z">
          <reporter-output>
          </reporter-output>
        </test-method> <!-- TCED13028 -->
        <test-method status="PASS" signature="TCED13029()[pri:8, instance:com.ScoreClassResultsOnline.ScoreClassResultsOnline@271053e1]" name="TCED13029" duration-ms="843" started-at="2018-10-12T11:10:07Z" finished-at="2018-10-12T11:10:07Z">
          <reporter-output>
          </reporter-output>
        </test-method> <!-- TCED13029 -->
        <test-method status="PASS" signature="TCED13030()[pri:9, instance:com.ScoreClassResultsOnline.ScoreClassResultsOnline@271053e1]" name="TCED13030" duration-ms="3648" started-at="2018-10-12T11:10:07Z" finished-at="2018-10-12T11:10:11Z">
          <reporter-output>
          </reporter-output>
        </test-method> <!-- TCED13030 -->
        <test-method status="PASS" signature="tearDown()[pri:0, instance:com.ScoreClassResultsOnline.ScoreClassResultsOnline@271053e1]" name="tearDown" is-config="true" duration-ms="1" started-at="2018-10-12T11:10:11Z" finished-at="2018-10-12T11:10:11Z">
          <reporter-output>
          </reporter-output>
        </test-method> <!-- tearDown -->
      </class> <!-- com.ScoreClassResultsOnline.ScoreClassResultsOnline -->
    </test> <!-- Default test -->
  </suite> <!-- Default suite -->
</testng-results>
