<?xml version="1.0" encoding="UTF-8"?>
<testng-results skipped="0" failed="0" ignored="0" total="16" passed="16">
  <reporter-output>
  </reporter-output>
  <suite name="Default suite" duration-ms="108132" started-at="2018-10-18T06:47:16Z" finished-at="2018-10-18T06:49:04Z">
    <groups>
    </groups>
    <test name="Default test" duration-ms="108132" started-at="2018-10-18T06:47:16Z" finished-at="2018-10-18T06:49:04Z">
      <class name="com.Home.Assessments">
        <test-method status="PASS" signature="setup1()[pri:0, instance:com.Home.Assessments@543c6f6d]" name="setup1" is-config="true" duration-ms="10782" started-at="2018-10-18T06:47:16Z" finished-at="2018-10-18T06:47:27Z">
          <reporter-output>
          </reporter-output>
        </test-method> <!-- setup1 -->
        <test-method status="PASS" signature="TCED34201()[pri:0, instance:com.Home.Assessments@543c6f6d]" name="TCED34201" duration-ms="20350" started-at="2018-10-18T06:47:27Z" finished-at="2018-10-18T06:47:47Z">
          <reporter-output>
          </reporter-output>
        </test-method> <!-- TCED34201 -->
        <test-method status="PASS" signature="TCED34202()[pri:1, instance:com.Home.Assessments@543c6f6d]" name="TCED34202" duration-ms="167" started-at="2018-10-18T06:47:47Z" finished-at="2018-10-18T06:47:48Z">
          <reporter-output>
          </reporter-output>
        </test-method> <!-- TCED34202 -->
        <test-method status="PASS" signature="TCED34203()[pri:2, instance:com.Home.Assessments@543c6f6d]" name="TCED34203" duration-ms="2391" started-at="2018-10-18T06:47:48Z" finished-at="2018-10-18T06:47:50Z">
          <reporter-output>
          </reporter-output>
        </test-method> <!-- TCED34203 -->
        <test-method status="PASS" signature="TCED34204()[pri:3, instance:com.Home.Assessments@543c6f6d]" name="TCED34204" duration-ms="187" started-at="2018-10-18T06:47:50Z" finished-at="2018-10-18T06:47:50Z">
          <reporter-output>
          </reporter-output>
        </test-method> <!-- TCED34204 -->
        <test-method status="PASS" signature="TCED34205()[pri:4, instance:com.Home.Assessments@543c6f6d]" name="TCED34205" duration-ms="11301" started-at="2018-10-18T06:47:50Z" finished-at="2018-10-18T06:48:01Z">
          <reporter-output>
          </reporter-output>
        </test-method> <!-- TCED34205 -->
        <test-method status="PASS" signature="TCED34206()[pri:5, instance:com.Home.Assessments@543c6f6d]" name="TCED34206" duration-ms="5928" started-at="2018-10-18T06:48:01Z" finished-at="2018-10-18T06:48:07Z">
          <reporter-output>
          </reporter-output>
        </test-method> <!-- TCED34206 -->
        <test-method status="PASS" signature="TCED34207()[pri:6, instance:com.Home.Assessments@543c6f6d]" name="TCED34207" duration-ms="328" started-at="2018-10-18T06:48:07Z" finished-at="2018-10-18T06:48:08Z">
          <reporter-output>
          </reporter-output>
        </test-method> <!-- TCED34207 -->
        <test-method status="PASS" signature="TCED34208()[pri:7, instance:com.Home.Assessments@543c6f6d]" name="TCED34208" duration-ms="3050" started-at="2018-10-18T06:48:08Z" finished-at="2018-10-18T06:48:11Z">
          <reporter-output>
          </reporter-output>
        </test-method> <!-- TCED34208 -->
        <test-method status="PASS" signature="TCED34209()[pri:8, instance:com.Home.Assessments@543c6f6d]" name="TCED34209" duration-ms="11292" started-at="2018-10-18T06:48:11Z" finished-at="2018-10-18T06:48:22Z">
          <reporter-output>
          </reporter-output>
        </test-method> <!-- TCED34209 -->
        <test-method status="PASS" signature="TCED34210()[pri:9, instance:com.Home.Assessments@543c6f6d]" name="TCED34210" duration-ms="5049" started-at="2018-10-18T06:48:22Z" finished-at="2018-10-18T06:48:27Z">
          <reporter-output>
          </reporter-output>
        </test-method> <!-- TCED34210 -->
        <test-method status="PASS" signature="TCED34211()[pri:10, instance:com.Home.Assessments@543c6f6d]" name="TCED34211" duration-ms="1045" started-at="2018-10-18T06:48:27Z" finished-at="2018-10-18T06:48:28Z">
          <reporter-output>
          </reporter-output>
        </test-method> <!-- TCED34211 -->
        <test-method status="PASS" signature="TCED34212()[pri:11, instance:com.Home.Assessments@543c6f6d]" name="TCED34212" duration-ms="6703" started-at="2018-10-18T06:48:28Z" finished-at="2018-10-18T06:48:35Z">
          <reporter-output>
          </reporter-output>
        </test-method> <!-- TCED34212 -->
        <test-method status="PASS" signature="TCED34213()[pri:12, instance:com.Home.Assessments@543c6f6d]" name="TCED34213" duration-ms="11298" started-at="2018-10-18T06:48:35Z" finished-at="2018-10-18T06:48:46Z">
          <reporter-output>
          </reporter-output>
        </test-method> <!-- TCED34213 -->
        <test-method status="PASS" signature="TCED34214()[pri:13, instance:com.Home.Assessments@543c6f6d]" name="TCED34214" duration-ms="6146" started-at="2018-10-18T06:48:46Z" finished-at="2018-10-18T06:48:52Z">
          <reporter-output>
          </reporter-output>
        </test-method> <!-- TCED34214 -->
        <test-method status="PASS" signature="TCED34215()[pri:14, instance:com.Home.Assessments@543c6f6d]" name="TCED34215" duration-ms="247" started-at="2018-10-18T06:48:52Z" finished-at="2018-10-18T06:48:53Z">
          <reporter-output>
          </reporter-output>
        </test-method> <!-- TCED34215 -->
        <test-method status="PASS" signature="TCED34216()[pri:15, instance:com.Home.Assessments@543c6f6d]" name="TCED34216" duration-ms="11808" started-at="2018-10-18T06:48:53Z" finished-at="2018-10-18T06:49:04Z">
          <reporter-output>
          </reporter-output>
        </test-method> <!-- TCED34216 -->
        <test-method status="PASS" signature="tearDown()[pri:0, instance:com.Home.Assessments@543c6f6d]" name="tearDown" is-config="true" duration-ms="1" started-at="2018-10-18T06:49:04Z" finished-at="2018-10-18T06:49:04Z">
          <reporter-output>
          </reporter-output>
        </test-method> <!-- tearDown -->
      </class> <!-- com.Home.Assessments -->
    </test> <!-- Default test -->
  </suite> <!-- Default suite -->
</testng-results>
