<?xml version="1.0" encoding="UTF-8"?>
<testng-results skipped="0" failed="1" ignored="0" total="24" passed="23">
  <reporter-output>
  </reporter-output>
  <suite name="Default suite" duration-ms="369560" started-at="2018-11-20T11:37:26Z" finished-at="2018-11-20T11:43:35Z">
    <groups>
    </groups>
    <test name="Default test" duration-ms="369560" started-at="2018-11-20T11:37:26Z" finished-at="2018-11-20T11:43:35Z">
      <class name="com.analyzeByScore.ItemAnalysisbyQuestion">
        <test-method status="PASS" signature="setup1()[pri:0, instance:com.analyzeByScore.ItemAnalysisbyQuestion@7cbd213e]" name="setup1" is-config="true" duration-ms="8542" started-at="2018-11-20T11:37:26Z" finished-at="2018-11-20T11:37:34Z">
          <reporter-output>
          </reporter-output>
        </test-method> <!-- setup1 -->
        <test-method status="PASS" signature="TCED14081()[pri:1, instance:com.analyzeByScore.ItemAnalysisbyQuestion@7cbd213e]" name="TCED14081" duration-ms="13037" started-at="2018-11-20T11:37:34Z" finished-at="2018-11-20T11:37:48Z">
          <reporter-output>
          </reporter-output>
        </test-method> <!-- TCED14081 -->
        <test-method status="PASS" signature="TCED14082()[pri:2, instance:com.analyzeByScore.ItemAnalysisbyQuestion@7cbd213e]" name="TCED14082" duration-ms="259" started-at="2018-11-20T11:37:48Z" finished-at="2018-11-20T11:37:48Z">
          <reporter-output>
          </reporter-output>
        </test-method> <!-- TCED14082 -->
        <test-method status="PASS" signature="TCED14083()[pri:3, instance:com.analyzeByScore.ItemAnalysisbyQuestion@7cbd213e]" name="TCED14083" duration-ms="1113" started-at="2018-11-20T11:37:48Z" finished-at="2018-11-20T11:37:49Z">
          <reporter-output>
          </reporter-output>
        </test-method> <!-- TCED14083 -->
        <test-method status="PASS" signature="TCED14084()[pri:4, instance:com.analyzeByScore.ItemAnalysisbyQuestion@7cbd213e]" name="TCED14084" duration-ms="1571" started-at="2018-11-20T11:37:49Z" finished-at="2018-11-20T11:37:50Z">
          <reporter-output>
          </reporter-output>
        </test-method> <!-- TCED14084 -->
        <test-method status="PASS" signature="TCED14085()[pri:5, instance:com.analyzeByScore.ItemAnalysisbyQuestion@7cbd213e]" name="TCED14085" duration-ms="8332" started-at="2018-11-20T11:37:50Z" finished-at="2018-11-20T11:37:59Z">
          <reporter-output>
          </reporter-output>
        </test-method> <!-- TCED14085 -->
        <test-method status="PASS" signature="TCED14086()[pri:6, instance:com.analyzeByScore.ItemAnalysisbyQuestion@7cbd213e]" name="TCED14086" duration-ms="7908" started-at="2018-11-20T11:37:59Z" finished-at="2018-11-20T11:38:07Z">
          <reporter-output>
          </reporter-output>
        </test-method> <!-- TCED14086 -->
        <test-method status="PASS" signature="TCED14087()[pri:7, instance:com.analyzeByScore.ItemAnalysisbyQuestion@7cbd213e]" name="TCED14087" duration-ms="8586" started-at="2018-11-20T11:38:07Z" finished-at="2018-11-20T11:38:15Z">
          <reporter-output>
          </reporter-output>
        </test-method> <!-- TCED14087 -->
        <test-method status="PASS" signature="TCED14088()[pri:8, instance:com.analyzeByScore.ItemAnalysisbyQuestion@7cbd213e]" name="TCED14088" duration-ms="9937" started-at="2018-11-20T11:38:15Z" finished-at="2018-11-20T11:38:25Z">
          <reporter-output>
          </reporter-output>
        </test-method> <!-- TCED14088 -->
        <test-method status="PASS" signature="TCED14089()[pri:9, instance:com.analyzeByScore.ItemAnalysisbyQuestion@7cbd213e]" name="TCED14089" duration-ms="12650" started-at="2018-11-20T11:38:25Z" finished-at="2018-11-20T11:38:38Z">
          <reporter-output>
          </reporter-output>
        </test-method> <!-- TCED14089 -->
        <test-method status="PASS" signature="TCED14090()[pri:10, instance:com.analyzeByScore.ItemAnalysisbyQuestion@7cbd213e]" name="TCED14090" duration-ms="1462" started-at="2018-11-20T11:38:38Z" finished-at="2018-11-20T11:38:39Z">
          <reporter-output>
          </reporter-output>
        </test-method> <!-- TCED14090 -->
        <test-method status="PASS" signature="TCED14091()[pri:11, instance:com.analyzeByScore.ItemAnalysisbyQuestion@7cbd213e]" name="TCED14091" duration-ms="13798" started-at="2018-11-20T11:38:39Z" finished-at="2018-11-20T11:38:53Z">
          <reporter-output>
          </reporter-output>
        </test-method> <!-- TCED14091 -->
        <test-method status="PASS" signature="TCED14092()[pri:12, instance:com.analyzeByScore.ItemAnalysisbyQuestion@7cbd213e]" name="TCED14092" duration-ms="13233" started-at="2018-11-20T11:38:53Z" finished-at="2018-11-20T11:39:06Z">
          <reporter-output>
          </reporter-output>
        </test-method> <!-- TCED14092 -->
        <test-method status="PASS" signature="TCED14093()[pri:13, instance:com.analyzeByScore.ItemAnalysisbyQuestion@7cbd213e]" name="TCED14093" duration-ms="12674" started-at="2018-11-20T11:39:06Z" finished-at="2018-11-20T11:39:19Z">
          <reporter-output>
          </reporter-output>
        </test-method> <!-- TCED14093 -->
        <test-method status="PASS" signature="TCED14094()[pri:14, instance:com.analyzeByScore.ItemAnalysisbyQuestion@7cbd213e]" name="TCED14094" duration-ms="14156" started-at="2018-11-20T11:39:19Z" finished-at="2018-11-20T11:39:33Z">
          <reporter-output>
          </reporter-output>
        </test-method> <!-- TCED14094 -->
        <test-method status="PASS" signature="TCED14095()[pri:15, instance:com.analyzeByScore.ItemAnalysisbyQuestion@7cbd213e]" name="TCED14095" duration-ms="9543" started-at="2018-11-20T11:39:33Z" finished-at="2018-11-20T11:39:43Z">
          <reporter-output>
          </reporter-output>
        </test-method> <!-- TCED14095 -->
        <test-method status="PASS" signature="TCED14096()[pri:16, instance:com.analyzeByScore.ItemAnalysisbyQuestion@7cbd213e]" name="TCED14096" duration-ms="1245" started-at="2018-11-20T11:39:43Z" finished-at="2018-11-20T11:39:44Z">
          <reporter-output>
          </reporter-output>
        </test-method> <!-- TCED14096 -->
        <test-method status="PASS" signature="TCED14097()[pri:17, instance:com.analyzeByScore.ItemAnalysisbyQuestion@7cbd213e]" name="TCED14097" duration-ms="13945" started-at="2018-11-20T11:39:44Z" finished-at="2018-11-20T11:39:58Z">
          <reporter-output>
          </reporter-output>
        </test-method> <!-- TCED14097 -->
        <test-method status="PASS" signature="TCED14098()[pri:18, instance:com.analyzeByScore.ItemAnalysisbyQuestion@7cbd213e]" name="TCED14098" duration-ms="12391" started-at="2018-11-20T11:39:58Z" finished-at="2018-11-20T11:40:10Z">
          <reporter-output>
          </reporter-output>
        </test-method> <!-- TCED14098 -->
        <test-method status="PASS" signature="TCED14099()[pri:19, instance:com.analyzeByScore.ItemAnalysisbyQuestion@7cbd213e]" name="TCED14099" duration-ms="12833" started-at="2018-11-20T11:40:10Z" finished-at="2018-11-20T11:40:23Z">
          <reporter-output>
          </reporter-output>
        </test-method> <!-- TCED14099 -->
        <test-method status="PASS" signature="TCED14100()[pri:20, instance:com.analyzeByScore.ItemAnalysisbyQuestion@7cbd213e]" name="TCED14100" duration-ms="12011" started-at="2018-11-20T11:40:23Z" finished-at="2018-11-20T11:40:35Z">
          <reporter-output>
          </reporter-output>
        </test-method> <!-- TCED14100 -->
        <test-method status="FAIL" signature="TCED14101()[pri:21, instance:com.analyzeByScore.ItemAnalysisbyQuestion@7cbd213e]" name="TCED14101" duration-ms="12378" started-at="2018-11-20T11:40:35Z" finished-at="2018-11-20T11:40:48Z">
          <exception class="java.lang.AssertionError">
            <message>
              <![CDATA[Failed to download document which has extension .PDF expected [true] but found [false]]]>
            </message>
            <full-stacktrace>
              <![CDATA[java.lang.AssertionError: Failed to download document which has extension .PDF expected [true] but found [false]
at org.testng.Assert.fail(Assert.java:96)
at org.testng.Assert.failNotEquals(Assert.java:776)
at org.testng.Assert.assertTrue(Assert.java:44)
at com.analyzeByScore.ItemAnalysisbyQuestion.TCED14101(ItemAnalysisbyQuestion.java:508)
at sun.reflect.NativeMethodAccessorImpl.invoke0(Native Method)
at sun.reflect.NativeMethodAccessorImpl.invoke(NativeMethodAccessorImpl.java:62)
at sun.reflect.DelegatingMethodAccessorImpl.invoke(DelegatingMethodAccessorImpl.java:43)
at java.lang.reflect.Method.invoke(Method.java:498)
at org.testng.internal.MethodInvocationHelper.invokeMethod(MethodInvocationHelper.java:124)
at org.testng.internal.Invoker.invokeMethod(Invoker.java:583)
at org.testng.internal.Invoker.invokeTestMethod(Invoker.java:719)
at org.testng.internal.Invoker.invokeTestMethods(Invoker.java:989)
at org.testng.internal.TestMethodWorker.invokeTestMethods(TestMethodWorker.java:125)
at org.testng.internal.TestMethodWorker.run(TestMethodWorker.java:109)
at org.testng.TestRunner.privateRun(TestRunner.java:648)
at org.testng.TestRunner.run(TestRunner.java:505)
at org.testng.SuiteRunner.runTest(SuiteRunner.java:455)
at org.testng.SuiteRunner.runSequentially(SuiteRunner.java:450)
at org.testng.SuiteRunner.privateRun(SuiteRunner.java:415)
at org.testng.SuiteRunner.run(SuiteRunner.java:364)
at org.testng.SuiteRunnerWorker.runSuite(SuiteRunnerWorker.java:52)
at org.testng.SuiteRunnerWorker.run(SuiteRunnerWorker.java:84)
at org.testng.TestNG.runSuitesSequentially(TestNG.java:1208)
at org.testng.TestNG.runSuitesLocally(TestNG.java:1137)
at org.testng.TestNG.runSuites(TestNG.java:1049)
at org.testng.TestNG.run(TestNG.java:1017)
at org.testng.remote.AbstractRemoteTestNG.run(AbstractRemoteTestNG.java:114)
at org.testng.remote.RemoteTestNG.initAndRun(RemoteTestNG.java:251)
at org.testng.remote.RemoteTestNG.main(RemoteTestNG.java:77)
]]>
            </full-stacktrace>
          </exception> <!-- java.lang.AssertionError -->
          <reporter-output>
          </reporter-output>
        </test-method> <!-- TCED14101 -->
        <test-method status="PASS" signature="TCED14102()[pri:22, instance:com.analyzeByScore.ItemAnalysisbyQuestion@7cbd213e]" name="TCED14102" duration-ms="20089" started-at="2018-11-20T11:40:48Z" finished-at="2018-11-20T11:41:08Z">
          <reporter-output>
          </reporter-output>
        </test-method> <!-- TCED14102 -->
        <test-method status="PASS" signature="TCED14103()[pri:23, instance:com.analyzeByScore.ItemAnalysisbyQuestion@7cbd213e]" name="TCED14103" duration-ms="35563" started-at="2018-11-20T11:41:08Z" finished-at="2018-11-20T11:41:43Z">
          <reporter-output>
          </reporter-output>
        </test-method> <!-- TCED14103 -->
        <test-method status="PASS" signature="TCED14104()[pri:24, instance:com.analyzeByScore.ItemAnalysisbyQuestion@7cbd213e]" name="TCED14104" duration-ms="112246" started-at="2018-11-20T11:41:43Z" finished-at="2018-11-20T11:43:35Z">
          <reporter-output>
          </reporter-output>
        </test-method> <!-- TCED14104 -->
        <test-method status="PASS" signature="tearDown()[pri:0, instance:com.analyzeByScore.ItemAnalysisbyQuestion@7cbd213e]" name="tearDown" is-config="true" duration-ms="1" started-at="2018-11-20T11:43:35Z" finished-at="2018-11-20T11:43:35Z">
          <reporter-output>
          </reporter-output>
        </test-method> <!-- tearDown -->
      </class> <!-- com.analyzeByScore.ItemAnalysisbyQuestion -->
    </test> <!-- Default test -->
  </suite> <!-- Default suite -->
</testng-results>
