<?xml version="1.0" encoding="UTF-8"?>
<testng-results skipped="0" failed="0" ignored="0" total="10" passed="10">
  <reporter-output>
  </reporter-output>
  <suite name="Default suite" duration-ms="107510" started-at="2018-10-12T08:12:56Z" finished-at="2018-10-12T08:14:44Z">
    <groups>
    </groups>
    <test name="Default test" duration-ms="107510" started-at="2018-10-12T08:12:56Z" finished-at="2018-10-12T08:14:44Z">
      <class name="com.localassessment.Test_Suite_Print_Login_Codes">
        <test-method status="PASS" signature="setup1()[pri:0, instance:com.localassessment.Test_Suite_Print_Login_Codes@3ecd23d9]" name="setup1" is-config="true" duration-ms="7191" started-at="2018-10-12T08:12:56Z" finished-at="2018-10-12T08:13:03Z">
          <reporter-output>
          </reporter-output>
        </test-method> <!-- setup1 -->
        <test-method status="PASS" signature="TCED13301()[pri:0, instance:com.localassessment.Test_Suite_Print_Login_Codes@3ecd23d9]" name="TCED13301" duration-ms="6245" started-at="2018-10-12T08:13:03Z" finished-at="2018-10-12T08:13:10Z">
          <reporter-output>
          </reporter-output>
        </test-method> <!-- TCED13301 -->
        <test-method status="PASS" signature="TCED13302()[pri:1, instance:com.localassessment.Test_Suite_Print_Login_Codes@3ecd23d9]" name="TCED13302" duration-ms="4988" started-at="2018-10-12T08:13:10Z" finished-at="2018-10-12T08:13:15Z">
          <reporter-output>
          </reporter-output>
        </test-method> <!-- TCED13302 -->
        <test-method status="PASS" signature="TCED13303()[pri:2, instance:com.localassessment.Test_Suite_Print_Login_Codes@3ecd23d9]" name="TCED13303" duration-ms="439" started-at="2018-10-12T08:13:15Z" finished-at="2018-10-12T08:13:15Z">
          <reporter-output>
          </reporter-output>
        </test-method> <!-- TCED13303 -->
        <test-method status="PASS" signature="TCED13304()[pri:3, instance:com.localassessment.Test_Suite_Print_Login_Codes@3ecd23d9]" name="TCED13304" duration-ms="1934" started-at="2018-10-12T08:13:15Z" finished-at="2018-10-12T08:13:17Z">
          <reporter-output>
          </reporter-output>
        </test-method> <!-- TCED13304 -->
        <test-method status="PASS" signature="TCED13305()[pri:4, instance:com.localassessment.Test_Suite_Print_Login_Codes@3ecd23d9]" name="TCED13305" duration-ms="4175" started-at="2018-10-12T08:13:17Z" finished-at="2018-10-12T08:13:21Z">
          <reporter-output>
          </reporter-output>
        </test-method> <!-- TCED13305 -->
        <test-method status="PASS" signature="TCED13306()[pri:5, instance:com.localassessment.Test_Suite_Print_Login_Codes@3ecd23d9]" name="TCED13306" duration-ms="22934" started-at="2018-10-12T08:13:21Z" finished-at="2018-10-12T08:13:44Z">
          <reporter-output>
          </reporter-output>
        </test-method> <!-- TCED13306 -->
        <test-method status="PASS" signature="TCED13307()[pri:6, instance:com.localassessment.Test_Suite_Print_Login_Codes@3ecd23d9]" name="TCED13307" duration-ms="22924" started-at="2018-10-12T08:13:44Z" finished-at="2018-10-12T08:14:07Z">
          <reporter-output>
          </reporter-output>
        </test-method> <!-- TCED13307 -->
        <test-method status="PASS" signature="TCED13308()[pri:7, instance:com.localassessment.Test_Suite_Print_Login_Codes@3ecd23d9]" name="TCED13308" duration-ms="23207" started-at="2018-10-12T08:14:07Z" finished-at="2018-10-12T08:14:30Z">
          <reporter-output>
          </reporter-output>
        </test-method> <!-- TCED13308 -->
        <test-method status="PASS" signature="TCED13309()[pri:8, instance:com.localassessment.Test_Suite_Print_Login_Codes@3ecd23d9]" name="TCED13309" duration-ms="12152" started-at="2018-10-12T08:14:30Z" finished-at="2018-10-12T08:14:42Z">
          <reporter-output>
          </reporter-output>
        </test-method> <!-- TCED13309 -->
        <test-method status="PASS" signature="TCED13310()[pri:9, instance:com.localassessment.Test_Suite_Print_Login_Codes@3ecd23d9]" name="TCED13310" duration-ms="1274" started-at="2018-10-12T08:14:42Z" finished-at="2018-10-12T08:14:44Z">
          <reporter-output>
          </reporter-output>
        </test-method> <!-- TCED13310 -->
        <test-method status="PASS" signature="tearDown()[pri:0, instance:com.localassessment.Test_Suite_Print_Login_Codes@3ecd23d9]" name="tearDown" is-config="true" duration-ms="0" started-at="2018-10-12T08:14:44Z" finished-at="2018-10-12T08:14:44Z">
          <reporter-output>
          </reporter-output>
        </test-method> <!-- tearDown -->
      </class> <!-- com.localassessment.Test_Suite_Print_Login_Codes -->
    </test> <!-- Default test -->
  </suite> <!-- Default suite -->
</testng-results>
