<?xml version="1.0" encoding="UTF-8"?>
<testng-results skipped="16" failed="0" total="16" passed="0">
  <reporter-output>
  </reporter-output>
  <suite name="Default suite" duration-ms="328" started-at="2018-10-18T07:13:03Z" finished-at="2018-10-18T07:13:03Z">
    <groups>
    </groups>
    <test name="Default test" duration-ms="328" started-at="2018-10-18T07:13:03Z" finished-at="2018-10-18T07:13:03Z">
      <class name="com.Home.Assessments">
        <test-method status="FAIL" signature="setup1()[pri:0, instance:com.Home.Assessments@3f49dace]" name="setup1" is-config="true" duration-ms="0" started-at="2018-10-18T12:43:03Z" finished-at="2018-10-18T12:43:03Z">
          <exception class="java.lang.IllegalStateException">
            <message>
              <![CDATA[The driver executable does not exist: D:\Jars\Drivers\New-geckodriver\geckodriver.exe]]>
            </message>
            <full-stacktrace>
              <![CDATA[java.lang.IllegalStateException: The driver executable does not exist: D:\Jars\Drivers\New-geckodriver\geckodriver.exe
	at com.google.common.base.Preconditions.checkState(Preconditions.java:585)
	at org.openqa.selenium.remote.service.DriverService.checkExecutable(DriverService.java:136)
	at org.openqa.selenium.remote.service.DriverService.findExecutable(DriverService.java:131)
	at org.openqa.selenium.firefox.GeckoDriverService.access$100(GeckoDriverService.java:41)
	at org.openqa.selenium.firefox.GeckoDriverService$Builder.findDefaultExecutable(GeckoDriverService.java:141)
	at org.openqa.selenium.remote.service.DriverService$Builder.build(DriverService.java:339)
	at org.openqa.selenium.firefox.FirefoxDriver.toExecutor(FirefoxDriver.java:158)
	at org.openqa.selenium.firefox.FirefoxDriver.<init>(FirefoxDriver.java:120)
	at Library.BaseClassOne.setup1(BaseClassOne.java:114)
	at sun.reflect.NativeMethodAccessorImpl.invoke0(Native Method)
	at sun.reflect.NativeMethodAccessorImpl.invoke(NativeMethodAccessorImpl.java:62)
	at sun.reflect.DelegatingMethodAccessorImpl.invoke(DelegatingMethodAccessorImpl.java:43)
	at java.lang.reflect.Method.invoke(Method.java:498)
	at org.testng.internal.MethodInvocationHelper.invokeMethod(MethodInvocationHelper.java:100)
	at org.testng.internal.Invoker.invokeConfigurationMethod(Invoker.java:515)
	at org.testng.internal.Invoker.invokeConfigurations(Invoker.java:216)
	at org.testng.internal.Invoker.invokeConfigurations(Invoker.java:143)
	at org.testng.TestRunner.beforeRun(TestRunner.java:631)
	at org.testng.TestRunner.run(TestRunner.java:599)
	at org.testng.SuiteRunner.runTest(SuiteRunner.java:368)
	at org.testng.SuiteRunner.runSequentially(SuiteRunner.java:363)
	at org.testng.SuiteRunner.privateRun(SuiteRunner.java:321)
	at org.testng.SuiteRunner.run(SuiteRunner.java:270)
	at org.testng.SuiteRunnerWorker.runSuite(SuiteRunnerWorker.java:52)
	at org.testng.SuiteRunnerWorker.run(SuiteRunnerWorker.java:86)
	at org.testng.TestNG.runSuitesSequentially(TestNG.java:1284)
	at org.testng.TestNG.runSuitesLocally(TestNG.java:1209)
	at org.testng.TestNG.runSuites(TestNG.java:1124)
	at org.testng.TestNG.run(TestNG.java:1096)
	at org.testng.remote.AbstractRemoteTestNG.run(AbstractRemoteTestNG.java:132)
	at org.testng.remote.RemoteTestNG.initAndRun(RemoteTestNG.java:236)
	at org.testng.remote.RemoteTestNG.main(RemoteTestNG.java:81)
]]>
            </full-stacktrace>
          </exception> <!-- java.lang.IllegalStateException -->
          <reporter-output>
          </reporter-output>
        </test-method> <!-- setup1 -->
        <test-method status="SKIP" signature="TCED34201()[pri:0, instance:com.Home.Assessments@3f49dace]" name="TCED34201" duration-ms="3" started-at="2018-10-18T12:43:03Z" finished-at="2018-10-18T12:43:03Z">
          <reporter-output>
          </reporter-output>
        </test-method> <!-- TCED34201 -->
        <test-method status="SKIP" signature="TCED34202()[pri:1, instance:com.Home.Assessments@3f49dace]" name="TCED34202" duration-ms="1" started-at="2018-10-18T12:43:03Z" finished-at="2018-10-18T12:43:03Z">
          <reporter-output>
          </reporter-output>
        </test-method> <!-- TCED34202 -->
        <test-method status="SKIP" signature="TCED34203()[pri:2, instance:com.Home.Assessments@3f49dace]" name="TCED34203" duration-ms="2" started-at="2018-10-18T12:43:03Z" finished-at="2018-10-18T12:43:03Z">
          <reporter-output>
          </reporter-output>
        </test-method> <!-- TCED34203 -->
        <test-method status="SKIP" signature="TCED34204()[pri:3, instance:com.Home.Assessments@3f49dace]" name="TCED34204" duration-ms="2" started-at="2018-10-18T12:43:03Z" finished-at="2018-10-18T12:43:03Z">
          <reporter-output>
          </reporter-output>
        </test-method> <!-- TCED34204 -->
        <test-method status="SKIP" signature="TCED34205()[pri:4, instance:com.Home.Assessments@3f49dace]" name="TCED34205" duration-ms="2" started-at="2018-10-18T12:43:03Z" finished-at="2018-10-18T12:43:03Z">
          <reporter-output>
          </reporter-output>
        </test-method> <!-- TCED34205 -->
        <test-method status="SKIP" signature="TCED34206()[pri:5, instance:com.Home.Assessments@3f49dace]" name="TCED34206" duration-ms="1" started-at="2018-10-18T12:43:03Z" finished-at="2018-10-18T12:43:03Z">
          <reporter-output>
          </reporter-output>
        </test-method> <!-- TCED34206 -->
        <test-method status="SKIP" signature="TCED34207()[pri:6, instance:com.Home.Assessments@3f49dace]" name="TCED34207" duration-ms="1" started-at="2018-10-18T12:43:03Z" finished-at="2018-10-18T12:43:03Z">
          <reporter-output>
          </reporter-output>
        </test-method> <!-- TCED34207 -->
        <test-method status="SKIP" signature="TCED34208()[pri:7, instance:com.Home.Assessments@3f49dace]" name="TCED34208" duration-ms="1" started-at="2018-10-18T12:43:03Z" finished-at="2018-10-18T12:43:03Z">
          <reporter-output>
          </reporter-output>
        </test-method> <!-- TCED34208 -->
        <test-method status="SKIP" signature="TCED34209()[pri:8, instance:com.Home.Assessments@3f49dace]" name="TCED34209" duration-ms="6" started-at="2018-10-18T12:43:03Z" finished-at="2018-10-18T12:43:03Z">
          <reporter-output>
          </reporter-output>
        </test-method> <!-- TCED34209 -->
        <test-method status="SKIP" signature="TCED34210()[pri:9, instance:com.Home.Assessments@3f49dace]" name="TCED34210" duration-ms="2" started-at="2018-10-18T12:43:03Z" finished-at="2018-10-18T12:43:03Z">
          <reporter-output>
          </reporter-output>
        </test-method> <!-- TCED34210 -->
        <test-method status="SKIP" signature="TCED34211()[pri:10, instance:com.Home.Assessments@3f49dace]" name="TCED34211" duration-ms="1" started-at="2018-10-18T12:43:03Z" finished-at="2018-10-18T12:43:03Z">
          <reporter-output>
          </reporter-output>
        </test-method> <!-- TCED34211 -->
        <test-method status="SKIP" signature="TCED34212()[pri:11, instance:com.Home.Assessments@3f49dace]" name="TCED34212" duration-ms="0" started-at="2018-10-18T12:43:03Z" finished-at="2018-10-18T12:43:03Z">
          <reporter-output>
          </reporter-output>
        </test-method> <!-- TCED34212 -->
        <test-method status="SKIP" signature="TCED34213()[pri:12, instance:com.Home.Assessments@3f49dace]" name="TCED34213" duration-ms="2" started-at="2018-10-18T12:43:03Z" finished-at="2018-10-18T12:43:03Z">
          <reporter-output>
          </reporter-output>
        </test-method> <!-- TCED34213 -->
        <test-method status="SKIP" signature="TCED34214()[pri:13, instance:com.Home.Assessments@3f49dace]" name="TCED34214" duration-ms="2" started-at="2018-10-18T12:43:03Z" finished-at="2018-10-18T12:43:03Z">
          <reporter-output>
          </reporter-output>
        </test-method> <!-- TCED34214 -->
        <test-method status="SKIP" signature="TCED34215()[pri:14, instance:com.Home.Assessments@3f49dace]" name="TCED34215" duration-ms="3" started-at="2018-10-18T12:43:03Z" finished-at="2018-10-18T12:43:03Z">
          <reporter-output>
          </reporter-output>
        </test-method> <!-- TCED34215 -->
        <test-method status="SKIP" signature="TCED34216()[pri:15, instance:com.Home.Assessments@3f49dace]" name="TCED34216" duration-ms="2" started-at="2018-10-18T12:43:03Z" finished-at="2018-10-18T12:43:03Z">
          <reporter-output>
          </reporter-output>
        </test-method> <!-- TCED34216 -->
        <test-method status="SKIP" signature="tearDown()[pri:0, instance:com.Home.Assessments@3f49dace]" name="tearDown" is-config="true" duration-ms="0" started-at="2018-10-18T12:43:03Z" finished-at="2018-10-18T12:43:03Z">
          <reporter-output>
          </reporter-output>
        </test-method> <!-- tearDown -->
      </class> <!-- com.Home.Assessments -->
    </test> <!-- Default test -->
  </suite> <!-- Default suite -->
</testng-results>
