<?xml version="1.0" encoding="UTF-8"?>
<testng-results skipped="0" failed="0" ignored="0" total="13" passed="13">
  <reporter-output>
  </reporter-output>
  <suite name="Default suite" duration-ms="166837" started-at="2018-09-26T06:03:00Z" finished-at="2018-09-26T06:05:47Z">
    <groups>
    </groups>
    <test name="Default test" duration-ms="166837" started-at="2018-09-26T06:03:00Z" finished-at="2018-09-26T06:05:47Z">
      <class name="com.curriculum.Edit_Curriculum">
        <test-method status="PASS" signature="setup1()[pri:0, instance:com.curriculum.Edit_Curriculum@4e718207]" name="setup1" is-config="true" duration-ms="10159" started-at="2018-09-26T06:03:00Z" finished-at="2018-09-26T06:03:11Z">
          <reporter-output>
          </reporter-output>
        </test-method> <!-- setup1 -->
        <test-method status="PASS" signature="TCED29201()[pri:0, instance:com.curriculum.Edit_Curriculum@4e718207]" name="TCED29201" duration-ms="8230" started-at="2018-09-26T06:03:11Z" finished-at="2018-09-26T06:03:19Z">
          <reporter-output>
          </reporter-output>
        </test-method> <!-- TCED29201 -->
        <test-method status="PASS" signature="TCED29202()[pri:1, instance:com.curriculum.Edit_Curriculum@4e718207]" name="TCED29202" duration-ms="1412" started-at="2018-09-26T06:03:19Z" finished-at="2018-09-26T06:03:20Z">
          <reporter-output>
          </reporter-output>
        </test-method> <!-- TCED29202 -->
        <test-method status="PASS" signature="TCED29203()[pri:2, instance:com.curriculum.Edit_Curriculum@4e718207]" name="TCED29203" duration-ms="12943" started-at="2018-09-26T06:03:20Z" finished-at="2018-09-26T06:03:33Z">
          <reporter-output>
          </reporter-output>
        </test-method> <!-- TCED29203 -->
        <test-method status="PASS" signature="TCED29204()[pri:3, instance:com.curriculum.Edit_Curriculum@4e718207]" name="TCED29204" duration-ms="14364" started-at="2018-09-26T06:03:33Z" finished-at="2018-09-26T06:03:48Z">
          <reporter-output>
          </reporter-output>
        </test-method> <!-- TCED29204 -->
        <test-method status="PASS" signature="TCED29205()[pri:4, instance:com.curriculum.Edit_Curriculum@4e718207]" name="TCED29205" duration-ms="15841" started-at="2018-09-26T06:03:48Z" finished-at="2018-09-26T06:04:03Z">
          <reporter-output>
          </reporter-output>
        </test-method> <!-- TCED29205 -->
        <test-method status="PASS" signature="TCED29206()[pri:5, instance:com.curriculum.Edit_Curriculum@4e718207]" name="TCED29206" duration-ms="23657" started-at="2018-09-26T06:04:03Z" finished-at="2018-09-26T06:04:27Z">
          <reporter-output>
          </reporter-output>
        </test-method> <!-- TCED29206 -->
        <test-method status="PASS" signature="TCED29207()[pri:6, instance:com.curriculum.Edit_Curriculum@4e718207]" name="TCED29207" duration-ms="23971" started-at="2018-09-26T06:04:27Z" finished-at="2018-09-26T06:04:51Z">
          <reporter-output>
          </reporter-output>
        </test-method> <!-- TCED29207 -->
        <test-method status="PASS" signature="TCED29208()[pri:7, instance:com.curriculum.Edit_Curriculum@4e718207]" name="TCED29208" duration-ms="9977" started-at="2018-09-26T06:04:51Z" finished-at="2018-09-26T06:05:01Z">
          <reporter-output>
          </reporter-output>
        </test-method> <!-- TCED29208 -->
        <test-method status="PASS" signature="TCED29209()[pri:8, instance:com.curriculum.Edit_Curriculum@4e718207]" name="TCED29209" duration-ms="9803" started-at="2018-09-26T06:05:01Z" finished-at="2018-09-26T06:05:11Z">
          <reporter-output>
          </reporter-output>
        </test-method> <!-- TCED29209 -->
        <test-method status="PASS" signature="TCED29210()[pri:9, instance:com.curriculum.Edit_Curriculum@4e718207]" name="TCED29210" duration-ms="9874" started-at="2018-09-26T06:05:11Z" finished-at="2018-09-26T06:05:21Z">
          <reporter-output>
          </reporter-output>
        </test-method> <!-- TCED29210 -->
        <test-method status="PASS" signature="TCED29211()[pri:10, instance:com.curriculum.Edit_Curriculum@4e718207]" name="TCED29211" duration-ms="1337" started-at="2018-09-26T06:05:21Z" finished-at="2018-09-26T06:05:22Z">
          <reporter-output>
          </reporter-output>
        </test-method> <!-- TCED29211 -->
        <test-method status="PASS" signature="TCED29212()[pri:11, instance:com.curriculum.Edit_Curriculum@4e718207]" name="TCED29212" duration-ms="4808" started-at="2018-09-26T06:05:22Z" finished-at="2018-09-26T06:05:27Z">
          <reporter-output>
          </reporter-output>
        </test-method> <!-- TCED29212 -->
        <test-method status="PASS" signature="TCED29213()[pri:12, instance:com.curriculum.Edit_Curriculum@4e718207]" name="TCED29213" duration-ms="20361" started-at="2018-09-26T06:05:27Z" finished-at="2018-09-26T06:05:47Z">
          <reporter-output>
          </reporter-output>
        </test-method> <!-- TCED29213 -->
        <test-method status="PASS" signature="tearDown()[pri:0, instance:com.curriculum.Edit_Curriculum@4e718207]" name="tearDown" is-config="true" duration-ms="0" started-at="2018-09-26T06:05:47Z" finished-at="2018-09-26T06:05:47Z">
          <reporter-output>
          </reporter-output>
        </test-method> <!-- tearDown -->
      </class> <!-- com.curriculum.Edit_Curriculum -->
    </test> <!-- Default test -->
  </suite> <!-- Default suite -->
</testng-results>
