<?xml version="1.0" encoding="UTF-8"?>
<testng-results ignored="0" total="3" passed="3" failed="0" skipped="0">
  <reporter-output>
  </reporter-output>
  <suite started-at="2018-10-10T04:47:36Z" name="Suite" finished-at="2018-10-10T04:48:21Z" duration-ms="44522">
    <groups>
    </groups>
    <test started-at="2018-10-10T04:47:36Z" name="Test" finished-at="2018-10-10T04:48:21Z" duration-ms="44522">
      <class name="com.MTSS.TierHistoryReport">
        <test-method is-config="true" signature="setup1()[pri:0, instance:com.MTSS.TierHistoryReport@b9b00e0]" started-at="2018-10-10T04:47:36Z" name="setup1" finished-at="2018-10-10T04:47:42Z" duration-ms="5628" status="PASS">
          <reporter-output>
          </reporter-output>
        </test-method> <!-- setup1 -->
        <test-method signature="TCED22706()[pri:1, instance:com.MTSS.TierHistoryReport@b9b00e0]" started-at="2018-10-10T04:47:42Z" name="TCED22706" finished-at="2018-10-10T04:48:01Z" duration-ms="18864" status="PASS">
          <reporter-output>
          </reporter-output>
        </test-method> <!-- TCED22706 -->
        <test-method signature="TCED22707()[pri:2, instance:com.MTSS.TierHistoryReport@b9b00e0]" started-at="2018-10-10T04:48:01Z" name="TCED22707" finished-at="2018-10-10T04:48:10Z" duration-ms="9297" status="PASS">
          <reporter-output>
          </reporter-output>
        </test-method> <!-- TCED22707 -->
        <test-method signature="TCED22711()[pri:3, instance:com.MTSS.TierHistoryReport@b9b00e0]" started-at="2018-10-10T04:48:10Z" name="TCED22711" finished-at="2018-10-10T04:48:19Z" duration-ms="9258" status="PASS">
          <reporter-output>
          </reporter-output>
        </test-method> <!-- TCED22711 -->
        <test-method is-config="true" signature="tearDown()[pri:0, instance:com.MTSS.TierHistoryReport@b9b00e0]" started-at="2018-10-10T04:48:19Z" name="tearDown" finished-at="2018-10-10T04:48:21Z" duration-ms="1318" status="PASS">
          <reporter-output>
          </reporter-output>
        </test-method> <!-- tearDown -->
      </class> <!-- com.MTSS.TierHistoryReport -->
    </test> <!-- Test -->
  </suite> <!-- Suite -->
</testng-results>
