<?xml version="1.0" encoding="UTF-8"?>
<testng-results skipped="0" failed="1" total="4" passed="3">
  <reporter-output>
  </reporter-output>
  <suite name="Default suite" duration-ms="48011" started-at="2018-10-19T12:02:57Z" finished-at="2018-10-19T12:03:45Z">
    <groups>
    </groups>
    <test name="Default test" duration-ms="48011" started-at="2018-10-19T12:02:57Z" finished-at="2018-10-19T12:03:45Z">
      <class name="com.analyzeByScore.StudentAssessmentAdministrationResultsbyTeacher">
        <test-method status="PASS" signature="setup1()[pri:0, instance:com.analyzeByScore.StudentAssessmentAdministrationResultsbyTeacher@4f7d0008]" name="setup1" is-config="true" duration-ms="9893" started-at="2018-10-19T17:32:57Z" finished-at="2018-10-19T17:33:07Z">
          <reporter-output>
          </reporter-output>
        </test-method> <!-- setup1 -->
        <test-method status="PASS" signature="TCED14151()[pri:1, instance:com.analyzeByScore.StudentAssessmentAdministrationResultsbyTeacher@4f7d0008]" name="TCED14151" duration-ms="14779" started-at="2018-10-19T17:33:07Z" finished-at="2018-10-19T17:33:22Z">
          <reporter-output>
          </reporter-output>
        </test-method> <!-- TCED14151 -->
        <test-method status="PASS" signature="TCED14152()[pri:2, instance:com.analyzeByScore.StudentAssessmentAdministrationResultsbyTeacher@4f7d0008]" name="TCED14152" duration-ms="408" started-at="2018-10-19T17:33:22Z" finished-at="2018-10-19T17:33:22Z">
          <reporter-output>
          </reporter-output>
        </test-method> <!-- TCED14152 -->
        <test-method status="PASS" signature="TCED14153()[pri:3, instance:com.analyzeByScore.StudentAssessmentAdministrationResultsbyTeacher@4f7d0008]" name="TCED14153" duration-ms="2134" started-at="2018-10-19T17:33:22Z" finished-at="2018-10-19T17:33:24Z">
          <reporter-output>
          </reporter-output>
        </test-method> <!-- TCED14153 -->
        <test-method status="FAIL" signature="TCED14154()[pri:4, instance:com.analyzeByScore.StudentAssessmentAdministrationResultsbyTeacher@4f7d0008]" name="TCED14154" duration-ms="20767" started-at="2018-10-19T17:33:24Z" finished-at="2018-10-19T17:33:45Z">
          <exception class="java.lang.AssertionError">
            <message>
              <![CDATA[Could not find any element matching '//td[contains(text(),'No.Of Questions On PDF Page')]']]>
            </message>
            <full-stacktrace>
              <![CDATA[java.lang.AssertionError: Could not find any element matching '//td[contains(text(),'No.Of Questions On PDF Page')]'
	at Library.BaseClassOne.find(BaseClassOne.java:219)
	at Library.BaseClassOne.getText(BaseClassOne.java:389)
	at Library.BaseClassOne.getText(BaseClassOne.java:339)
	at com.analyzeByScore.StudentAssessmentAdministrationResultsbyTeacher.TCED14154(StudentAssessmentAdministrationResultsbyTeacher.java:153)
	at sun.reflect.NativeMethodAccessorImpl.invoke0(Native Method)
	at sun.reflect.NativeMethodAccessorImpl.invoke(NativeMethodAccessorImpl.java:62)
	at sun.reflect.DelegatingMethodAccessorImpl.invoke(DelegatingMethodAccessorImpl.java:43)
	at java.lang.reflect.Method.invoke(Method.java:498)
	at org.testng.internal.MethodInvocationHelper.invokeMethod(MethodInvocationHelper.java:100)
	at org.testng.internal.Invoker.invokeMethod(Invoker.java:646)
	at org.testng.internal.Invoker.invokeTestMethod(Invoker.java:811)
	at org.testng.internal.Invoker.invokeTestMethods(Invoker.java:1137)
	at org.testng.internal.TestMethodWorker.invokeTestMethods(TestMethodWorker.java:129)
	at org.testng.internal.TestMethodWorker.run(TestMethodWorker.java:112)
	at org.testng.TestRunner.privateRun(TestRunner.java:753)
	at org.testng.TestRunner.run(TestRunner.java:607)
	at org.testng.SuiteRunner.runTest(SuiteRunner.java:368)
	at org.testng.SuiteRunner.runSequentially(SuiteRunner.java:363)
	at org.testng.SuiteRunner.privateRun(SuiteRunner.java:321)
	at org.testng.SuiteRunner.run(SuiteRunner.java:270)
	at org.testng.SuiteRunnerWorker.runSuite(SuiteRunnerWorker.java:52)
	at org.testng.SuiteRunnerWorker.run(SuiteRunnerWorker.java:86)
	at org.testng.TestNG.runSuitesSequentially(TestNG.java:1284)
	at org.testng.TestNG.runSuitesLocally(TestNG.java:1209)
	at org.testng.TestNG.runSuites(TestNG.java:1124)
	at org.testng.TestNG.run(TestNG.java:1096)
	at org.testng.remote.AbstractRemoteTestNG.run(AbstractRemoteTestNG.java:132)
	at org.testng.remote.RemoteTestNG.initAndRun(RemoteTestNG.java:236)
	at org.testng.remote.RemoteTestNG.main(RemoteTestNG.java:81)
]]>
            </full-stacktrace>
          </exception> <!-- java.lang.AssertionError -->
          <reporter-output>
          </reporter-output>
        </test-method> <!-- TCED14154 -->
        <test-method status="PASS" signature="tearDown()[pri:0, instance:com.analyzeByScore.StudentAssessmentAdministrationResultsbyTeacher@4f7d0008]" name="tearDown" is-config="true" duration-ms="0" started-at="2018-10-19T17:33:45Z" finished-at="2018-10-19T17:33:45Z">
          <reporter-output>
          </reporter-output>
        </test-method> <!-- tearDown -->
      </class> <!-- com.analyzeByScore.StudentAssessmentAdministrationResultsbyTeacher -->
    </test> <!-- Default test -->
  </suite> <!-- Default suite -->
</testng-results>
