<?xml version="1.0" encoding="UTF-8"?>
<testng-results ignored="0" total="1" passed="1" failed="0" skipped="0">
  <reporter-output>
  </reporter-output>
  <suite started-at="2018-11-06T11:44:19Z" name="Suite" finished-at="2018-11-06T11:44:45Z" duration-ms="25916">
    <groups>
    </groups>
    <test started-at="2018-11-06T11:44:19Z" name="Test" finished-at="2018-11-06T11:44:45Z" duration-ms="25916">
      <class name="com.Home.Grades">
        <test-method is-config="true" signature="setup1()[pri:0, instance:com.Home.Grades@b9b00e0]" started-at="2018-11-06T11:44:19Z" name="setup1" finished-at="2018-11-06T11:44:25Z" duration-ms="5595" status="PASS">
          <reporter-output>
          </reporter-output>
        </test-method> <!-- setup1 -->
        <test-method signature="TCED34508()[pri:1, instance:com.Home.Grades@b9b00e0]" started-at="2018-11-06T11:44:25Z" name="TCED34508" finished-at="2018-11-06T11:44:45Z" duration-ms="20310" status="PASS">
          <reporter-output>
          </reporter-output>
        </test-method> <!-- TCED34508 -->
        <test-method is-config="true" signature="tearDown()[pri:0, instance:com.Home.Grades@b9b00e0]" started-at="2018-11-06T11:44:45Z" name="tearDown" finished-at="2018-11-06T11:44:45Z" duration-ms="0" status="PASS">
          <reporter-output>
          </reporter-output>
        </test-method> <!-- tearDown -->
      </class> <!-- com.Home.Grades -->
    </test> <!-- Test -->
  </suite> <!-- Suite -->
</testng-results>
