<?xml version="1.0" encoding="UTF-8"?>
<testng-results ignored="0" total="10" passed="10" failed="0" skipped="0">
  <reporter-output>
  </reporter-output>
  <suite started-at="2018-11-14T11:31:03Z" name="Suite" finished-at="2018-11-14T11:31:33Z" duration-ms="30261">
    <groups>
    </groups>
    <test started-at="2018-11-14T11:31:03Z" name="Test" finished-at="2018-11-14T11:31:33Z" duration-ms="30261">
      <class name="com.localassessment.Score_Class_Results_Online">
        <test-method is-config="true" signature="setup1()[pri:0, instance:com.localassessment.Score_Class_Results_Online@272113c4]" started-at="2018-11-14T11:31:03Z" name="setup1" finished-at="2018-11-14T11:31:08Z" duration-ms="5347" status="PASS">
          <reporter-output>
          </reporter-output>
        </test-method> <!-- setup1 -->
        <test-method signature="TCED13021()[pri:0, instance:com.localassessment.Score_Class_Results_Online@272113c4]" started-at="2018-11-14T11:31:08Z" name="TCED13021" finished-at="2018-11-14T11:31:14Z" duration-ms="5788" status="PASS">
          <reporter-output>
          </reporter-output>
        </test-method> <!-- TCED13021 -->
        <test-method signature="TCED13022()[pri:1, instance:com.localassessment.Score_Class_Results_Online@272113c4]" started-at="2018-11-14T11:31:14Z" name="TCED13022" finished-at="2018-11-14T11:31:19Z" duration-ms="5054" status="PASS">
          <reporter-output>
          </reporter-output>
        </test-method> <!-- TCED13022 -->
        <test-method signature="TCED13023()[pri:2, instance:com.localassessment.Score_Class_Results_Online@272113c4]" started-at="2018-11-14T11:31:19Z" name="TCED13023" finished-at="2018-11-14T11:31:19Z" duration-ms="253" status="PASS">
          <reporter-output>
          </reporter-output>
        </test-method> <!-- TCED13023 -->
        <test-method signature="TCED13024()[pri:3, instance:com.localassessment.Score_Class_Results_Online@272113c4]" started-at="2018-11-14T11:31:19Z" name="TCED13024" finished-at="2018-11-14T11:31:20Z" duration-ms="674" status="PASS">
          <reporter-output>
          </reporter-output>
        </test-method> <!-- TCED13024 -->
        <test-method signature="TCED13025()[pri:4, instance:com.localassessment.Score_Class_Results_Online@272113c4]" started-at="2018-11-14T11:31:20Z" name="TCED13025" finished-at="2018-11-14T11:31:21Z" duration-ms="1018" status="PASS">
          <reporter-output>
          </reporter-output>
        </test-method> <!-- TCED13025 -->
        <test-method signature="TCED13026()[pri:5, instance:com.localassessment.Score_Class_Results_Online@272113c4]" started-at="2018-11-14T11:31:21Z" name="TCED13026" finished-at="2018-11-14T11:31:23Z" duration-ms="2140" status="PASS">
          <reporter-output>
          </reporter-output>
        </test-method> <!-- TCED13026 -->
        <test-method signature="TCED13027()[pri:6, instance:com.localassessment.Score_Class_Results_Online@272113c4]" started-at="2018-11-14T11:31:23Z" name="TCED13027" finished-at="2018-11-14T11:31:26Z" duration-ms="3072" status="PASS">
          <reporter-output>
          </reporter-output>
        </test-method> <!-- TCED13027 -->
        <test-method signature="TCED13028()[pri:7, instance:com.localassessment.Score_Class_Results_Online@272113c4]" started-at="2018-11-14T11:31:26Z" name="TCED13028" finished-at="2018-11-14T11:31:29Z" duration-ms="2414" status="PASS">
          <reporter-output>
          </reporter-output>
        </test-method> <!-- TCED13028 -->
        <test-method signature="TCED13029()[pri:8, instance:com.localassessment.Score_Class_Results_Online@272113c4]" started-at="2018-11-14T11:31:29Z" name="TCED13029" finished-at="2018-11-14T11:31:29Z" duration-ms="787" status="PASS">
          <reporter-output>
          </reporter-output>
        </test-method> <!-- TCED13029 -->
        <test-method signature="TCED13030()[pri:9, instance:com.localassessment.Score_Class_Results_Online@272113c4]" started-at="2018-11-14T11:31:29Z" name="TCED13030" finished-at="2018-11-14T11:31:33Z" duration-ms="3683" status="PASS">
          <reporter-output>
          </reporter-output>
        </test-method> <!-- TCED13030 -->
        <test-method is-config="true" signature="tearDown()[pri:0, instance:com.localassessment.Score_Class_Results_Online@272113c4]" started-at="2018-11-14T11:31:33Z" name="tearDown" finished-at="2018-11-14T11:31:33Z" duration-ms="0" status="PASS">
          <reporter-output>
          </reporter-output>
        </test-method> <!-- tearDown -->
      </class> <!-- com.localassessment.Score_Class_Results_Online -->
    </test> <!-- Test -->
  </suite> <!-- Suite -->
</testng-results>
