<?xml version="1.0" encoding="UTF-8"?>
<testng-results skipped="0" failed="0" total="24" passed="24">
  <reporter-output>
  </reporter-output>
  <suite name="Default suite" duration-ms="353111" started-at="2018-12-06T10:40:56Z" finished-at="2018-12-06T10:46:49Z">
    <groups>
    </groups>
    <test name="Default test" duration-ms="353111" started-at="2018-12-06T10:40:56Z" finished-at="2018-12-06T10:46:49Z">
      <class name="com.analyzeByScore.ItemAnalysisbyQuestion">
        <test-method status="PASS" signature="setup1()[pri:0, instance:com.analyzeByScore.ItemAnalysisbyQuestion@271053e1]" name="setup1" is-config="true" duration-ms="15395" started-at="2018-12-06T16:10:56Z" finished-at="2018-12-06T16:11:12Z">
          <reporter-output>
          </reporter-output>
        </test-method> <!-- setup1 -->
        <test-method status="PASS" signature="TCED14081()[pri:1, instance:com.analyzeByScore.ItemAnalysisbyQuestion@271053e1]" name="TCED14081" duration-ms="16202" started-at="2018-12-06T16:11:12Z" finished-at="2018-12-06T16:11:28Z">
          <reporter-output>
          </reporter-output>
        </test-method> <!-- TCED14081 -->
        <test-method status="PASS" signature="TCED14082()[pri:2, instance:com.analyzeByScore.ItemAnalysisbyQuestion@271053e1]" name="TCED14082" duration-ms="163" started-at="2018-12-06T16:11:28Z" finished-at="2018-12-06T16:11:28Z">
          <reporter-output>
          </reporter-output>
        </test-method> <!-- TCED14082 -->
        <test-method status="PASS" signature="TCED14083()[pri:3, instance:com.analyzeByScore.ItemAnalysisbyQuestion@271053e1]" name="TCED14083" duration-ms="1628" started-at="2018-12-06T16:11:28Z" finished-at="2018-12-06T16:11:30Z">
          <reporter-output>
          </reporter-output>
        </test-method> <!-- TCED14083 -->
        <test-method status="PASS" signature="TCED14084()[pri:4, instance:com.analyzeByScore.ItemAnalysisbyQuestion@271053e1]" name="TCED14084" duration-ms="1741" started-at="2018-12-06T16:11:30Z" finished-at="2018-12-06T16:11:31Z">
          <reporter-output>
          </reporter-output>
        </test-method> <!-- TCED14084 -->
        <test-method status="PASS" signature="TCED14085()[pri:5, instance:com.analyzeByScore.ItemAnalysisbyQuestion@271053e1]" name="TCED14085" duration-ms="6899" started-at="2018-12-06T16:11:31Z" finished-at="2018-12-06T16:11:38Z">
          <reporter-output>
          </reporter-output>
        </test-method> <!-- TCED14085 -->
        <test-method status="PASS" signature="TCED14086()[pri:6, instance:com.analyzeByScore.ItemAnalysisbyQuestion@271053e1]" name="TCED14086" duration-ms="7006" started-at="2018-12-06T16:11:38Z" finished-at="2018-12-06T16:11:45Z">
          <reporter-output>
          </reporter-output>
        </test-method> <!-- TCED14086 -->
        <test-method status="PASS" signature="TCED14087()[pri:7, instance:com.analyzeByScore.ItemAnalysisbyQuestion@271053e1]" name="TCED14087" duration-ms="6654" started-at="2018-12-06T16:11:45Z" finished-at="2018-12-06T16:11:52Z">
          <reporter-output>
          </reporter-output>
        </test-method> <!-- TCED14087 -->
        <test-method status="PASS" signature="TCED14088()[pri:8, instance:com.analyzeByScore.ItemAnalysisbyQuestion@271053e1]" name="TCED14088" duration-ms="7053" started-at="2018-12-06T16:11:52Z" finished-at="2018-12-06T16:11:59Z">
          <reporter-output>
          </reporter-output>
        </test-method> <!-- TCED14088 -->
        <test-method status="PASS" signature="TCED14089()[pri:9, instance:com.analyzeByScore.ItemAnalysisbyQuestion@271053e1]" name="TCED14089" duration-ms="12431" started-at="2018-12-06T16:11:59Z" finished-at="2018-12-06T16:12:11Z">
          <reporter-output>
          </reporter-output>
        </test-method> <!-- TCED14089 -->
        <test-method status="PASS" signature="TCED14090()[pri:10, instance:com.analyzeByScore.ItemAnalysisbyQuestion@271053e1]" name="TCED14090" duration-ms="971" started-at="2018-12-06T16:12:11Z" finished-at="2018-12-06T16:12:12Z">
          <reporter-output>
          </reporter-output>
        </test-method> <!-- TCED14090 -->
        <test-method status="PASS" signature="TCED14091()[pri:11, instance:com.analyzeByScore.ItemAnalysisbyQuestion@271053e1]" name="TCED14091" duration-ms="10947" started-at="2018-12-06T16:12:12Z" finished-at="2018-12-06T16:12:23Z">
          <reporter-output>
          </reporter-output>
        </test-method> <!-- TCED14091 -->
        <test-method status="PASS" signature="TCED14092()[pri:12, instance:com.analyzeByScore.ItemAnalysisbyQuestion@271053e1]" name="TCED14092" duration-ms="11097" started-at="2018-12-06T16:12:23Z" finished-at="2018-12-06T16:12:34Z">
          <reporter-output>
          </reporter-output>
        </test-method> <!-- TCED14092 -->
        <test-method status="PASS" signature="TCED14093()[pri:13, instance:com.analyzeByScore.ItemAnalysisbyQuestion@271053e1]" name="TCED14093" duration-ms="11097" started-at="2018-12-06T16:12:34Z" finished-at="2018-12-06T16:12:45Z">
          <reporter-output>
          </reporter-output>
        </test-method> <!-- TCED14093 -->
        <test-method status="PASS" signature="TCED14094()[pri:14, instance:com.analyzeByScore.ItemAnalysisbyQuestion@271053e1]" name="TCED14094" duration-ms="12733" started-at="2018-12-06T16:12:45Z" finished-at="2018-12-06T16:12:58Z">
          <reporter-output>
          </reporter-output>
        </test-method> <!-- TCED14094 -->
        <test-method status="PASS" signature="TCED14095()[pri:15, instance:com.analyzeByScore.ItemAnalysisbyQuestion@271053e1]" name="TCED14095" duration-ms="8667" started-at="2018-12-06T16:12:58Z" finished-at="2018-12-06T16:13:07Z">
          <reporter-output>
          </reporter-output>
        </test-method> <!-- TCED14095 -->
        <test-method status="PASS" signature="TCED14096()[pri:16, instance:com.analyzeByScore.ItemAnalysisbyQuestion@271053e1]" name="TCED14096" duration-ms="1229" started-at="2018-12-06T16:13:07Z" finished-at="2018-12-06T16:13:08Z">
          <reporter-output>
          </reporter-output>
        </test-method> <!-- TCED14096 -->
        <test-method status="PASS" signature="TCED14097()[pri:17, instance:com.analyzeByScore.ItemAnalysisbyQuestion@271053e1]" name="TCED14097" duration-ms="9671" started-at="2018-12-06T16:13:08Z" finished-at="2018-12-06T16:13:18Z">
          <reporter-output>
          </reporter-output>
        </test-method> <!-- TCED14097 -->
        <test-method status="PASS" signature="TCED14098()[pri:18, instance:com.analyzeByScore.ItemAnalysisbyQuestion@271053e1]" name="TCED14098" duration-ms="10201" started-at="2018-12-06T16:13:18Z" finished-at="2018-12-06T16:13:28Z">
          <reporter-output>
          </reporter-output>
        </test-method> <!-- TCED14098 -->
        <test-method status="PASS" signature="TCED14099()[pri:19, instance:com.analyzeByScore.ItemAnalysisbyQuestion@271053e1]" name="TCED14099" duration-ms="9707" started-at="2018-12-06T16:13:28Z" finished-at="2018-12-06T16:13:38Z">
          <reporter-output>
          </reporter-output>
        </test-method> <!-- TCED14099 -->
        <test-method status="PASS" signature="TCED14100()[pri:20, instance:com.analyzeByScore.ItemAnalysisbyQuestion@271053e1]" name="TCED14100" duration-ms="10196" started-at="2018-12-06T16:13:38Z" finished-at="2018-12-06T16:13:48Z">
          <reporter-output>
          </reporter-output>
        </test-method> <!-- TCED14100 -->
        <test-method status="PASS" signature="TCED14101()[pri:21, instance:com.analyzeByScore.ItemAnalysisbyQuestion@271053e1]" name="TCED14101" duration-ms="16635" started-at="2018-12-06T16:13:48Z" finished-at="2018-12-06T16:14:04Z">
          <reporter-output>
          </reporter-output>
        </test-method> <!-- TCED14101 -->
        <test-method status="PASS" signature="TCED14102()[pri:22, instance:com.analyzeByScore.ItemAnalysisbyQuestion@271053e1]" name="TCED14102" duration-ms="17300" started-at="2018-12-06T16:14:04Z" finished-at="2018-12-06T16:14:22Z">
          <reporter-output>
          </reporter-output>
        </test-method> <!-- TCED14102 -->
        <test-method status="PASS" signature="TCED14103()[pri:23, instance:com.analyzeByScore.ItemAnalysisbyQuestion@271053e1]" name="TCED14103" duration-ms="33812" started-at="2018-12-06T16:14:22Z" finished-at="2018-12-06T16:14:56Z">
          <reporter-output>
          </reporter-output>
        </test-method> <!-- TCED14103 -->
        <test-method status="PASS" signature="TCED14104()[pri:24, instance:com.analyzeByScore.ItemAnalysisbyQuestion@271053e1]" name="TCED14104" duration-ms="113616" started-at="2018-12-06T16:14:56Z" finished-at="2018-12-06T16:16:49Z">
          <reporter-output>
          </reporter-output>
        </test-method> <!-- TCED14104 -->
        <test-method status="PASS" signature="tearDown()[pri:0, instance:com.analyzeByScore.ItemAnalysisbyQuestion@271053e1]" name="tearDown" is-config="true" duration-ms="0" started-at="2018-12-06T16:16:49Z" finished-at="2018-12-06T16:16:49Z">
          <reporter-output>
          </reporter-output>
        </test-method> <!-- tearDown -->
      </class> <!-- com.analyzeByScore.ItemAnalysisbyQuestion -->
    </test> <!-- Default test -->
  </suite> <!-- Default suite -->
</testng-results>
