<?xml version="1.0" encoding="UTF-8"?>
<testng-results skipped="0" failed="2" total="6" passed="4">
  <reporter-output>
  </reporter-output>
  <suite name="Default suite" duration-ms="82811" started-at="2018-11-13T09:01:20Z" finished-at="2018-11-13T09:02:43Z">
    <groups>
    </groups>
    <test name="Default test" duration-ms="82811" started-at="2018-11-13T09:01:20Z" finished-at="2018-11-13T09:02:43Z">
      <class name="com.MTSS.Fix_and_Delete_intervention_plan">
        <test-method status="PASS" signature="setup1()[pri:0, instance:com.MTSS.Fix_and_Delete_intervention_plan@1ee9989]" name="setup1" is-config="true" duration-ms="22374" started-at="2018-11-13T14:31:20Z" finished-at="2018-11-13T14:31:43Z">
          <reporter-output>
          </reporter-output>
        </test-method> <!-- setup1 -->
        <test-method status="PASS" signature="TCED19801()[pri:1, instance:com.MTSS.Fix_and_Delete_intervention_plan@1ee9989]" name="TCED19801" duration-ms="9646" started-at="2018-11-13T14:31:43Z" finished-at="2018-11-13T14:31:52Z">
          <reporter-output>
          </reporter-output>
        </test-method> <!-- TCED19801 -->
        <test-method status="PASS" signature="TCED19802()[pri:2, instance:com.MTSS.Fix_and_Delete_intervention_plan@1ee9989]" name="TCED19802" duration-ms="305" started-at="2018-11-13T14:31:52Z" finished-at="2018-11-13T14:31:53Z">
          <reporter-output>
          </reporter-output>
        </test-method> <!-- TCED19802 -->
        <test-method status="PASS" signature="TCED19803()[pri:3, instance:com.MTSS.Fix_and_Delete_intervention_plan@1ee9989]" name="TCED19803" duration-ms="1668" started-at="2018-11-13T14:31:53Z" finished-at="2018-11-13T14:31:54Z">
          <reporter-output>
          </reporter-output>
        </test-method> <!-- TCED19803 -->
        <test-method status="PASS" signature="TCED19804()[pri:4, instance:com.MTSS.Fix_and_Delete_intervention_plan@1ee9989]" name="TCED19804" duration-ms="3100" started-at="2018-11-13T14:31:54Z" finished-at="2018-11-13T14:31:58Z">
          <reporter-output>
          </reporter-output>
        </test-method> <!-- TCED19804 -->
        <test-method status="FAIL" signature="TCED19805()[pri:5, instance:com.MTSS.Fix_and_Delete_intervention_plan@1ee9989]" name="TCED19805" duration-ms="30622" started-at="2018-11-13T14:31:58Z" finished-at="2018-11-13T14:32:28Z">
          <exception class="java.lang.AssertionError">
            <message>
              <![CDATA[No frame element found by name or id RadWindow1
Build info: version: '3.11.0', revision: 'e59cfb3', time: '2018-03-11T20:26:55.152Z'
System info: host: 'AKHIL-TS', ip: '192.168.10.122', os.name: 'Windows 7', os.arch: 'x86', os.version: '6.1', java.version: '1.8.0_112'
Driver info: driver.version: unknown]]>
            </message>
            <full-stacktrace>
              <![CDATA[java.lang.AssertionError: No frame element found by name or id RadWindow1
Build info: version: '3.11.0', revision: 'e59cfb3', time: '2018-03-11T20:26:55.152Z'
System info: host: 'AKHIL-TS', ip: '192.168.10.122', os.name: 'Windows 7', os.arch: 'x86', os.version: '6.1', java.version: '1.8.0_112'
Driver info: driver.version: unknown
	at org.testng.Assert.fail(Assert.java:94)
	at com.MTSS.Fix_and_Delete_intervention_plan.TCED19805(Fix_and_Delete_intervention_plan.java:189)
	at sun.reflect.NativeMethodAccessorImpl.invoke0(Native Method)
	at sun.reflect.NativeMethodAccessorImpl.invoke(NativeMethodAccessorImpl.java:62)
	at sun.reflect.DelegatingMethodAccessorImpl.invoke(DelegatingMethodAccessorImpl.java:43)
	at java.lang.reflect.Method.invoke(Method.java:498)
	at org.testng.internal.MethodInvocationHelper.invokeMethod(MethodInvocationHelper.java:100)
	at org.testng.internal.Invoker.invokeMethod(Invoker.java:646)
	at org.testng.internal.Invoker.invokeTestMethod(Invoker.java:811)
	at org.testng.internal.Invoker.invokeTestMethods(Invoker.java:1137)
	at org.testng.internal.TestMethodWorker.invokeTestMethods(TestMethodWorker.java:129)
	at org.testng.internal.TestMethodWorker.run(TestMethodWorker.java:112)
	at org.testng.TestRunner.privateRun(TestRunner.java:753)
	at org.testng.TestRunner.run(TestRunner.java:607)
	at org.testng.SuiteRunner.runTest(SuiteRunner.java:368)
	at org.testng.SuiteRunner.runSequentially(SuiteRunner.java:363)
	at org.testng.SuiteRunner.privateRun(SuiteRunner.java:321)
	at org.testng.SuiteRunner.run(SuiteRunner.java:270)
	at org.testng.SuiteRunnerWorker.runSuite(SuiteRunnerWorker.java:52)
	at org.testng.SuiteRunnerWorker.run(SuiteRunnerWorker.java:86)
	at org.testng.TestNG.runSuitesSequentially(TestNG.java:1284)
	at org.testng.TestNG.runSuitesLocally(TestNG.java:1209)
	at org.testng.TestNG.runSuites(TestNG.java:1124)
	at org.testng.TestNG.run(TestNG.java:1096)
	at org.testng.remote.AbstractRemoteTestNG.run(AbstractRemoteTestNG.java:132)
	at org.testng.remote.RemoteTestNG.initAndRun(RemoteTestNG.java:236)
	at org.testng.remote.RemoteTestNG.main(RemoteTestNG.java:81)
]]>
            </full-stacktrace>
          </exception> <!-- java.lang.AssertionError -->
          <reporter-output>
          </reporter-output>
        </test-method> <!-- TCED19805 -->
        <test-method status="FAIL" signature="TCED19806()[pri:6, instance:com.MTSS.Fix_and_Delete_intervention_plan@1ee9989]" name="TCED19806" duration-ms="15013" started-at="2018-11-13T14:32:28Z" finished-at="2018-11-13T14:32:43Z">
          <exception class="java.lang.AssertionError">
            <message>
              <![CDATA[Could not find any element matching '//*[@id='ctl00_ContentPlaceHolder1_divContents']/table[1]/tbody/tr[1]/td[1]/table/tbody/tr[3]/td[3]']]>
            </message>
            <full-stacktrace>
              <![CDATA[java.lang.AssertionError: Could not find any element matching '//*[@id='ctl00_ContentPlaceHolder1_divContents']/table[1]/tbody/tr[1]/td[1]/table/tbody/tr[3]/td[3]'
	at Library.BaseClassOne.find(BaseClassOne.java:226)
	at Library.BaseClassOne.getText(BaseClassOne.java:396)
	at Library.BaseClassOne.getText(BaseClassOne.java:346)
	at com.MTSS.Fix_and_Delete_intervention_plan.TCED19806(Fix_and_Delete_intervention_plan.java:202)
	at sun.reflect.NativeMethodAccessorImpl.invoke0(Native Method)
	at sun.reflect.NativeMethodAccessorImpl.invoke(NativeMethodAccessorImpl.java:62)
	at sun.reflect.DelegatingMethodAccessorImpl.invoke(DelegatingMethodAccessorImpl.java:43)
	at java.lang.reflect.Method.invoke(Method.java:498)
	at org.testng.internal.MethodInvocationHelper.invokeMethod(MethodInvocationHelper.java:100)
	at org.testng.internal.Invoker.invokeMethod(Invoker.java:646)
	at org.testng.internal.Invoker.invokeTestMethod(Invoker.java:811)
	at org.testng.internal.Invoker.invokeTestMethods(Invoker.java:1137)
	at org.testng.internal.TestMethodWorker.invokeTestMethods(TestMethodWorker.java:129)
	at org.testng.internal.TestMethodWorker.run(TestMethodWorker.java:112)
	at org.testng.TestRunner.privateRun(TestRunner.java:753)
	at org.testng.TestRunner.run(TestRunner.java:607)
	at org.testng.SuiteRunner.runTest(SuiteRunner.java:368)
	at org.testng.SuiteRunner.runSequentially(SuiteRunner.java:363)
	at org.testng.SuiteRunner.privateRun(SuiteRunner.java:321)
	at org.testng.SuiteRunner.run(SuiteRunner.java:270)
	at org.testng.SuiteRunnerWorker.runSuite(SuiteRunnerWorker.java:52)
	at org.testng.SuiteRunnerWorker.run(SuiteRunnerWorker.java:86)
	at org.testng.TestNG.runSuitesSequentially(TestNG.java:1284)
	at org.testng.TestNG.runSuitesLocally(TestNG.java:1209)
	at org.testng.TestNG.runSuites(TestNG.java:1124)
	at org.testng.TestNG.run(TestNG.java:1096)
	at org.testng.remote.AbstractRemoteTestNG.run(AbstractRemoteTestNG.java:132)
	at org.testng.remote.RemoteTestNG.initAndRun(RemoteTestNG.java:236)
	at org.testng.remote.RemoteTestNG.main(RemoteTestNG.java:81)
]]>
            </full-stacktrace>
          </exception> <!-- java.lang.AssertionError -->
          <reporter-output>
          </reporter-output>
        </test-method> <!-- TCED19806 -->
        <test-method status="PASS" signature="tearDown()[pri:0, instance:com.MTSS.Fix_and_Delete_intervention_plan@1ee9989]" name="tearDown" is-config="true" duration-ms="0" started-at="2018-11-13T14:32:43Z" finished-at="2018-11-13T14:32:43Z">
          <reporter-output>
          </reporter-output>
        </test-method> <!-- tearDown -->
      </class> <!-- com.MTSS.Fix_and_Delete_intervention_plan -->
    </test> <!-- Default test -->
  </suite> <!-- Default suite -->
</testng-results>
