<?xml version="1.0" encoding="UTF-8"?>
<testng-results skipped="0" failed="1" total="7" passed="6">
  <reporter-output>
  </reporter-output>
  <suite name="Default suite" duration-ms="48986" started-at="2018-11-09T11:30:58Z" finished-at="2018-11-09T11:31:47Z">
    <groups>
    </groups>
    <test name="Default test" duration-ms="48986" started-at="2018-11-09T11:30:58Z" finished-at="2018-11-09T11:31:47Z">
      <class name="com.Home.Student_Building_Grade_Lists">
        <test-method status="PASS" signature="setup1()[pri:0, instance:com.Home.Student_Building_Grade_Lists@1ee9989]" name="setup1" is-config="true" duration-ms="8669" started-at="2018-11-09T17:00:58Z" finished-at="2018-11-09T17:01:06Z">
          <reporter-output>
          </reporter-output>
        </test-method> <!-- setup1 -->
        <test-method status="PASS" signature="TCED33201()[pri:1, instance:com.Home.Student_Building_Grade_Lists@1ee9989]" name="TCED33201" duration-ms="8382" started-at="2018-11-09T17:01:06Z" finished-at="2018-11-09T17:01:15Z">
          <reporter-output>
          </reporter-output>
        </test-method> <!-- TCED33201 -->
        <test-method status="PASS" signature="TCED33202()[pri:2, instance:com.Home.Student_Building_Grade_Lists@1ee9989]" name="TCED33202" duration-ms="489" started-at="2018-11-09T17:01:15Z" finished-at="2018-11-09T17:01:15Z">
          <reporter-output>
          </reporter-output>
        </test-method> <!-- TCED33202 -->
        <test-method status="PASS" signature="TCED33203()[pri:3, instance:com.Home.Student_Building_Grade_Lists@1ee9989]" name="TCED33203" duration-ms="5878" started-at="2018-11-09T17:01:15Z" finished-at="2018-11-09T17:01:21Z">
          <reporter-output>
          </reporter-output>
        </test-method> <!-- TCED33203 -->
        <test-method status="PASS" signature="TCED33204()[pri:4, instance:com.Home.Student_Building_Grade_Lists@1ee9989]" name="TCED33204" duration-ms="270" started-at="2018-11-09T17:01:21Z" finished-at="2018-11-09T17:01:21Z">
          <reporter-output>
          </reporter-output>
        </test-method> <!-- TCED33204 -->
        <test-method status="FAIL" signature="TCED33205()[pri:5, instance:com.Home.Student_Building_Grade_Lists@1ee9989]" name="TCED33205" duration-ms="11386" started-at="2018-11-09T17:01:21Z" finished-at="2018-11-09T17:01:33Z">
          <exception class="java.lang.AssertionError">
            <message>
              <![CDATA[Failed to download document which has extension .CSV expected [true] but found [false]]]>
            </message>
            <full-stacktrace>
              <![CDATA[java.lang.AssertionError: Failed to download document which has extension .CSV expected [true] but found [false]
	at org.testng.Assert.fail(Assert.java:94)
	at org.testng.Assert.failNotEquals(Assert.java:513)
	at org.testng.Assert.assertTrue(Assert.java:42)
	at com.Home.Student_Building_Grade_Lists.TCED33205(Student_Building_Grade_Lists.java:202)
	at sun.reflect.NativeMethodAccessorImpl.invoke0(Native Method)
	at sun.reflect.NativeMethodAccessorImpl.invoke(NativeMethodAccessorImpl.java:62)
	at sun.reflect.DelegatingMethodAccessorImpl.invoke(DelegatingMethodAccessorImpl.java:43)
	at java.lang.reflect.Method.invoke(Method.java:498)
	at org.testng.internal.MethodInvocationHelper.invokeMethod(MethodInvocationHelper.java:100)
	at org.testng.internal.Invoker.invokeMethod(Invoker.java:646)
	at org.testng.internal.Invoker.invokeTestMethod(Invoker.java:811)
	at org.testng.internal.Invoker.invokeTestMethods(Invoker.java:1137)
	at org.testng.internal.TestMethodWorker.invokeTestMethods(TestMethodWorker.java:129)
	at org.testng.internal.TestMethodWorker.run(TestMethodWorker.java:112)
	at org.testng.TestRunner.privateRun(TestRunner.java:753)
	at org.testng.TestRunner.run(TestRunner.java:607)
	at org.testng.SuiteRunner.runTest(SuiteRunner.java:368)
	at org.testng.SuiteRunner.runSequentially(SuiteRunner.java:363)
	at org.testng.SuiteRunner.privateRun(SuiteRunner.java:321)
	at org.testng.SuiteRunner.run(SuiteRunner.java:270)
	at org.testng.SuiteRunnerWorker.runSuite(SuiteRunnerWorker.java:52)
	at org.testng.SuiteRunnerWorker.run(SuiteRunnerWorker.java:86)
	at org.testng.TestNG.runSuitesSequentially(TestNG.java:1284)
	at org.testng.TestNG.runSuitesLocally(TestNG.java:1209)
	at org.testng.TestNG.runSuites(TestNG.java:1124)
	at org.testng.TestNG.run(TestNG.java:1096)
	at org.testng.remote.AbstractRemoteTestNG.run(AbstractRemoteTestNG.java:132)
	at org.testng.remote.RemoteTestNG.initAndRun(RemoteTestNG.java:236)
	at org.testng.remote.RemoteTestNG.main(RemoteTestNG.java:81)
]]>
            </full-stacktrace>
          </exception> <!-- java.lang.AssertionError -->
          <reporter-output>
          </reporter-output>
        </test-method> <!-- TCED33205 -->
        <test-method status="PASS" signature="TCED33206()[pri:6, instance:com.Home.Student_Building_Grade_Lists@1ee9989]" name="TCED33206" duration-ms="11304" started-at="2018-11-09T17:01:33Z" finished-at="2018-11-09T17:01:44Z">
          <reporter-output>
          </reporter-output>
        </test-method> <!-- TCED33206 -->
        <test-method status="PASS" signature="TCED33207()[pri:7, instance:com.Home.Student_Building_Grade_Lists@1ee9989]" name="TCED33207" duration-ms="2578" started-at="2018-11-09T17:01:44Z" finished-at="2018-11-09T17:01:47Z">
          <reporter-output>
          </reporter-output>
        </test-method> <!-- TCED33207 -->
        <test-method status="PASS" signature="tearDown()[pri:0, instance:com.Home.Student_Building_Grade_Lists@1ee9989]" name="tearDown" is-config="true" duration-ms="0" started-at="2018-11-09T17:01:47Z" finished-at="2018-11-09T17:01:47Z">
          <reporter-output>
          </reporter-output>
        </test-method> <!-- tearDown -->
      </class> <!-- com.Home.Student_Building_Grade_Lists -->
    </test> <!-- Default test -->
  </suite> <!-- Default suite -->
</testng-results>
