<?xml version="1.0" encoding="UTF-8"?>
<testng-results skipped="0" failed="0" total="24" passed="24">
  <reporter-output>
  </reporter-output>
  <suite name="Default suite" duration-ms="316889" started-at="2018-10-18T07:27:25Z" finished-at="2018-10-18T07:32:42Z">
    <groups>
    </groups>
    <test name="Default test" duration-ms="316889" started-at="2018-10-18T07:27:25Z" finished-at="2018-10-18T07:32:42Z">
      <class name="com.analyzeByScore.ItemAnalysisbyQuestion">
        <test-method status="PASS" signature="setup1()[pri:0, instance:com.analyzeByScore.ItemAnalysisbyQuestion@271053e1]" name="setup1" is-config="true" duration-ms="9644" started-at="2018-10-18T12:57:25Z" finished-at="2018-10-18T12:57:35Z">
          <reporter-output>
          </reporter-output>
        </test-method> <!-- setup1 -->
        <test-method status="PASS" signature="TCED14081()[pri:1, instance:com.analyzeByScore.ItemAnalysisbyQuestion@271053e1]" name="TCED14081" duration-ms="13274" started-at="2018-10-18T12:57:35Z" finished-at="2018-10-18T12:57:48Z">
          <reporter-output>
          </reporter-output>
        </test-method> <!-- TCED14081 -->
        <test-method status="PASS" signature="TCED14082()[pri:2, instance:com.analyzeByScore.ItemAnalysisbyQuestion@271053e1]" name="TCED14082" duration-ms="173" started-at="2018-10-18T12:57:48Z" finished-at="2018-10-18T12:57:48Z">
          <reporter-output>
          </reporter-output>
        </test-method> <!-- TCED14082 -->
        <test-method status="PASS" signature="TCED14083()[pri:3, instance:com.analyzeByScore.ItemAnalysisbyQuestion@271053e1]" name="TCED14083" duration-ms="1352" started-at="2018-10-18T12:57:48Z" finished-at="2018-10-18T12:57:49Z">
          <reporter-output>
          </reporter-output>
        </test-method> <!-- TCED14083 -->
        <test-method status="PASS" signature="TCED14084()[pri:4, instance:com.analyzeByScore.ItemAnalysisbyQuestion@271053e1]" name="TCED14084" duration-ms="1391" started-at="2018-10-18T12:57:49Z" finished-at="2018-10-18T12:57:51Z">
          <reporter-output>
          </reporter-output>
        </test-method> <!-- TCED14084 -->
        <test-method status="PASS" signature="TCED14085()[pri:5, instance:com.analyzeByScore.ItemAnalysisbyQuestion@271053e1]" name="TCED14085" duration-ms="7386" started-at="2018-10-18T12:57:51Z" finished-at="2018-10-18T12:57:58Z">
          <reporter-output>
          </reporter-output>
        </test-method> <!-- TCED14085 -->
        <test-method status="PASS" signature="TCED14086()[pri:6, instance:com.analyzeByScore.ItemAnalysisbyQuestion@271053e1]" name="TCED14086" duration-ms="7650" started-at="2018-10-18T12:57:58Z" finished-at="2018-10-18T12:58:06Z">
          <reporter-output>
          </reporter-output>
        </test-method> <!-- TCED14086 -->
        <test-method status="PASS" signature="TCED14087()[pri:7, instance:com.analyzeByScore.ItemAnalysisbyQuestion@271053e1]" name="TCED14087" duration-ms="7211" started-at="2018-10-18T12:58:06Z" finished-at="2018-10-18T12:58:13Z">
          <reporter-output>
          </reporter-output>
        </test-method> <!-- TCED14087 -->
        <test-method status="PASS" signature="TCED14088()[pri:8, instance:com.analyzeByScore.ItemAnalysisbyQuestion@271053e1]" name="TCED14088" duration-ms="7655" started-at="2018-10-18T12:58:13Z" finished-at="2018-10-18T12:58:21Z">
          <reporter-output>
          </reporter-output>
        </test-method> <!-- TCED14088 -->
        <test-method status="PASS" signature="TCED14089()[pri:9, instance:com.analyzeByScore.ItemAnalysisbyQuestion@271053e1]" name="TCED14089" duration-ms="11220" started-at="2018-10-18T12:58:21Z" finished-at="2018-10-18T12:58:32Z">
          <reporter-output>
          </reporter-output>
        </test-method> <!-- TCED14089 -->
        <test-method status="PASS" signature="TCED14090()[pri:10, instance:com.analyzeByScore.ItemAnalysisbyQuestion@271053e1]" name="TCED14090" duration-ms="1609" started-at="2018-10-18T12:58:32Z" finished-at="2018-10-18T12:58:34Z">
          <reporter-output>
          </reporter-output>
        </test-method> <!-- TCED14090 -->
        <test-method status="PASS" signature="TCED14091()[pri:11, instance:com.analyzeByScore.ItemAnalysisbyQuestion@271053e1]" name="TCED14091" duration-ms="13787" started-at="2018-10-18T12:58:34Z" finished-at="2018-10-18T12:58:47Z">
          <reporter-output>
          </reporter-output>
        </test-method> <!-- TCED14091 -->
        <test-method status="PASS" signature="TCED14092()[pri:12, instance:com.analyzeByScore.ItemAnalysisbyQuestion@271053e1]" name="TCED14092" duration-ms="13380" started-at="2018-10-18T12:58:47Z" finished-at="2018-10-18T12:59:01Z">
          <reporter-output>
          </reporter-output>
        </test-method> <!-- TCED14092 -->
        <test-method status="PASS" signature="TCED14093()[pri:13, instance:com.analyzeByScore.ItemAnalysisbyQuestion@271053e1]" name="TCED14093" duration-ms="12497" started-at="2018-10-18T12:59:01Z" finished-at="2018-10-18T12:59:13Z">
          <reporter-output>
          </reporter-output>
        </test-method> <!-- TCED14093 -->
        <test-method status="PASS" signature="TCED14094()[pri:14, instance:com.analyzeByScore.ItemAnalysisbyQuestion@271053e1]" name="TCED14094" duration-ms="11804" started-at="2018-10-18T12:59:13Z" finished-at="2018-10-18T12:59:25Z">
          <reporter-output>
          </reporter-output>
        </test-method> <!-- TCED14094 -->
        <test-method status="PASS" signature="TCED14095()[pri:15, instance:com.analyzeByScore.ItemAnalysisbyQuestion@271053e1]" name="TCED14095" duration-ms="8788" started-at="2018-10-18T12:59:25Z" finished-at="2018-10-18T12:59:34Z">
          <reporter-output>
          </reporter-output>
        </test-method> <!-- TCED14095 -->
        <test-method status="PASS" signature="TCED14096()[pri:16, instance:com.analyzeByScore.ItemAnalysisbyQuestion@271053e1]" name="TCED14096" duration-ms="1047" started-at="2018-10-18T12:59:34Z" finished-at="2018-10-18T12:59:35Z">
          <reporter-output>
          </reporter-output>
        </test-method> <!-- TCED14096 -->
        <test-method status="PASS" signature="TCED14097()[pri:17, instance:com.analyzeByScore.ItemAnalysisbyQuestion@271053e1]" name="TCED14097" duration-ms="12482" started-at="2018-10-18T12:59:35Z" finished-at="2018-10-18T12:59:47Z">
          <reporter-output>
          </reporter-output>
        </test-method> <!-- TCED14097 -->
        <test-method status="PASS" signature="TCED14098()[pri:18, instance:com.analyzeByScore.ItemAnalysisbyQuestion@271053e1]" name="TCED14098" duration-ms="11725" started-at="2018-10-18T12:59:47Z" finished-at="2018-10-18T12:59:59Z">
          <reporter-output>
          </reporter-output>
        </test-method> <!-- TCED14098 -->
        <test-method status="PASS" signature="TCED14099()[pri:19, instance:com.analyzeByScore.ItemAnalysisbyQuestion@271053e1]" name="TCED14099" duration-ms="11580" started-at="2018-10-18T12:59:59Z" finished-at="2018-10-18T13:00:11Z">
          <reporter-output>
          </reporter-output>
        </test-method> <!-- TCED14099 -->
        <test-method status="PASS" signature="TCED14100()[pri:20, instance:com.analyzeByScore.ItemAnalysisbyQuestion@271053e1]" name="TCED14100" duration-ms="11560" started-at="2018-10-18T13:00:11Z" finished-at="2018-10-18T13:00:22Z">
          <reporter-output>
          </reporter-output>
        </test-method> <!-- TCED14100 -->
        <test-method status="PASS" signature="TCED14101()[pri:21, instance:com.analyzeByScore.ItemAnalysisbyQuestion@271053e1]" name="TCED14101" duration-ms="16081" started-at="2018-10-18T13:00:22Z" finished-at="2018-10-18T13:00:38Z">
          <reporter-output>
          </reporter-output>
        </test-method> <!-- TCED14101 -->
        <test-method status="PASS" signature="TCED14102()[pri:22, instance:com.analyzeByScore.ItemAnalysisbyQuestion@271053e1]" name="TCED14102" duration-ms="16970" started-at="2018-10-18T13:00:38Z" finished-at="2018-10-18T13:00:55Z">
          <reporter-output>
          </reporter-output>
        </test-method> <!-- TCED14102 -->
        <test-method status="PASS" signature="TCED14103()[pri:23, instance:com.analyzeByScore.ItemAnalysisbyQuestion@271053e1]" name="TCED14103" duration-ms="36863" started-at="2018-10-18T13:00:55Z" finished-at="2018-10-18T13:01:32Z">
          <reporter-output>
          </reporter-output>
        </test-method> <!-- TCED14103 -->
        <test-method status="PASS" signature="TCED14104()[pri:24, instance:com.analyzeByScore.ItemAnalysisbyQuestion@271053e1]" name="TCED14104" duration-ms="69703" started-at="2018-10-18T13:01:32Z" finished-at="2018-10-18T13:02:42Z">
          <reporter-output>
          </reporter-output>
        </test-method> <!-- TCED14104 -->
        <test-method status="PASS" signature="tearDown()[pri:0, instance:com.analyzeByScore.ItemAnalysisbyQuestion@271053e1]" name="tearDown" is-config="true" duration-ms="0" started-at="2018-10-18T13:02:42Z" finished-at="2018-10-18T13:02:42Z">
          <reporter-output>
          </reporter-output>
        </test-method> <!-- tearDown -->
      </class> <!-- com.analyzeByScore.ItemAnalysisbyQuestion -->
    </test> <!-- Default test -->
  </suite> <!-- Default suite -->
</testng-results>
