<?xml version="1.0" encoding="UTF-8"?>
<testng-results skipped="0" failed="0" total="5" passed="5">
  <reporter-output>
  </reporter-output>
  <suite name="Default suite" duration-ms="49267" started-at="2018-10-12T09:10:35Z" finished-at="2018-10-12T09:11:24Z">
    <groups>
    </groups>
    <test name="Default test" duration-ms="49267" started-at="2018-10-12T09:10:35Z" finished-at="2018-10-12T09:11:24Z">
      <class name="com.curriculum.Batch_Print">
        <test-method status="PASS" signature="setup1()[pri:0, instance:com.curriculum.Batch_Print@1ee9989]" name="setup1" is-config="true" duration-ms="10784" started-at="2018-10-12T14:40:35Z" finished-at="2018-10-12T14:40:45Z">
          <reporter-output>
          </reporter-output>
        </test-method> <!-- setup1 -->
        <test-method status="PASS" signature="TCED28101()[pri:0, instance:com.curriculum.Batch_Print@1ee9989]" name="TCED28101" duration-ms="7671" started-at="2018-10-12T14:40:45Z" finished-at="2018-10-12T14:40:53Z">
          <reporter-output>
          </reporter-output>
        </test-method> <!-- TCED28101 -->
        <test-method status="PASS" signature="TCED28102()[pri:1, instance:com.curriculum.Batch_Print@1ee9989]" name="TCED28102" duration-ms="1288" started-at="2018-10-12T14:40:53Z" finished-at="2018-10-12T14:40:54Z">
          <reporter-output>
          </reporter-output>
        </test-method> <!-- TCED28102 -->
        <test-method status="PASS" signature="TCED28103()[pri:2, instance:com.curriculum.Batch_Print@1ee9989]" name="TCED28103" duration-ms="5518" started-at="2018-10-12T14:40:54Z" finished-at="2018-10-12T14:41:00Z">
          <reporter-output>
          </reporter-output>
        </test-method> <!-- TCED28103 -->
        <test-method status="PASS" signature="TCED28104()[pri:3, instance:com.curriculum.Batch_Print@1ee9989]" name="TCED28104" duration-ms="23448" started-at="2018-10-12T14:41:00Z" finished-at="2018-10-12T14:41:23Z">
          <reporter-output>
          </reporter-output>
        </test-method> <!-- TCED28104 -->
        <test-method status="PASS" signature="TCED28105()[pri:4, instance:com.curriculum.Batch_Print@1ee9989]" name="TCED28105" duration-ms="522" started-at="2018-10-12T14:41:23Z" finished-at="2018-10-12T14:41:24Z">
          <reporter-output>
          </reporter-output>
        </test-method> <!-- TCED28105 -->
        <test-method status="PASS" signature="tearDown()[pri:0, instance:com.curriculum.Batch_Print@1ee9989]" name="tearDown" is-config="true" duration-ms="1" started-at="2018-10-12T14:41:24Z" finished-at="2018-10-12T14:41:24Z">
          <reporter-output>
          </reporter-output>
        </test-method> <!-- tearDown -->
      </class> <!-- com.curriculum.Batch_Print -->
    </test> <!-- Default test -->
  </suite> <!-- Default suite -->
</testng-results>
