<?xml version="1.0" encoding="UTF-8"?>
<testng-results skipped="0" failed="0" total="27" passed="27">
  <reporter-output>
  </reporter-output>
  <suite name="Default suite" duration-ms="291325" started-at="2018-11-19T06:49:04Z" finished-at="2018-11-19T06:53:56Z">
    <groups>
    </groups>
    <test name="Default test" duration-ms="291325" started-at="2018-11-19T06:49:04Z" finished-at="2018-11-19T06:53:56Z">
      <class name="com.analyzeByScore.Local_Assessment_AnalyzeByTag">
        <test-method status="PASS" signature="setup1()[pri:0, instance:com.analyzeByScore.Local_Assessment_AnalyzeByTag@13ad2d6]" name="setup1" is-config="true" duration-ms="16232" started-at="2018-11-19T12:19:04Z" finished-at="2018-11-19T12:19:21Z">
          <reporter-output>
          </reporter-output>
        </test-method> <!-- setup1 -->
        <test-method status="PASS" signature="TCED14301()[pri:1, instance:com.analyzeByScore.Local_Assessment_AnalyzeByTag@13ad2d6]" name="TCED14301" duration-ms="7358" started-at="2018-11-19T12:19:21Z" finished-at="2018-11-19T12:19:28Z">
          <reporter-output>
          </reporter-output>
        </test-method> <!-- TCED14301 -->
        <test-method status="PASS" signature="TCED14302()[pri:2, instance:com.analyzeByScore.Local_Assessment_AnalyzeByTag@13ad2d6]" name="TCED14302" duration-ms="6695" started-at="2018-11-19T12:19:28Z" finished-at="2018-11-19T12:19:35Z">
          <reporter-output>
          </reporter-output>
        </test-method> <!-- TCED14302 -->
        <test-method status="PASS" signature="TCED14303()[pri:3, instance:com.analyzeByScore.Local_Assessment_AnalyzeByTag@13ad2d6]" name="TCED14303" duration-ms="539" started-at="2018-11-19T12:19:35Z" finished-at="2018-11-19T12:19:35Z">
          <reporter-output>
          </reporter-output>
        </test-method> <!-- TCED14303 -->
        <test-method status="PASS" signature="TCED14304()[pri:4, instance:com.analyzeByScore.Local_Assessment_AnalyzeByTag@13ad2d6]" name="TCED14304" duration-ms="1270" started-at="2018-11-19T12:19:35Z" finished-at="2018-11-19T12:19:37Z">
          <reporter-output>
          </reporter-output>
        </test-method> <!-- TCED14304 -->
        <test-method status="PASS" signature="TCED14305()[pri:5, instance:com.analyzeByScore.Local_Assessment_AnalyzeByTag@13ad2d6]" name="TCED14305" duration-ms="6324" started-at="2018-11-19T12:19:37Z" finished-at="2018-11-19T12:19:43Z">
          <reporter-output>
          </reporter-output>
        </test-method> <!-- TCED14305 -->
        <test-method status="PASS" signature="TCED14306()[pri:6, instance:com.analyzeByScore.Local_Assessment_AnalyzeByTag@13ad2d6]" name="TCED14306" duration-ms="5880" started-at="2018-11-19T12:19:43Z" finished-at="2018-11-19T12:19:49Z">
          <reporter-output>
          </reporter-output>
        </test-method> <!-- TCED14306 -->
        <test-method status="PASS" signature="TCED14307()[pri:7, instance:com.analyzeByScore.Local_Assessment_AnalyzeByTag@13ad2d6]" name="TCED14307" duration-ms="8218" started-at="2018-11-19T12:19:49Z" finished-at="2018-11-19T12:19:57Z">
          <reporter-output>
          </reporter-output>
        </test-method> <!-- TCED14307 -->
        <test-method status="PASS" signature="TCED14308()[pri:8, instance:com.analyzeByScore.Local_Assessment_AnalyzeByTag@13ad2d6]" name="TCED14308" duration-ms="8095" started-at="2018-11-19T12:19:57Z" finished-at="2018-11-19T12:20:05Z">
          <reporter-output>
          </reporter-output>
        </test-method> <!-- TCED14308 -->
        <test-method status="PASS" signature="TCED14309()[pri:9, instance:com.analyzeByScore.Local_Assessment_AnalyzeByTag@13ad2d6]" name="TCED14309" duration-ms="11110" started-at="2018-11-19T12:20:05Z" finished-at="2018-11-19T12:20:16Z">
          <reporter-output>
          </reporter-output>
        </test-method> <!-- TCED14309 -->
        <test-method status="PASS" signature="TCED14310()[pri:10, instance:com.analyzeByScore.Local_Assessment_AnalyzeByTag@13ad2d6]" name="TCED14310" duration-ms="10362" started-at="2018-11-19T12:20:16Z" finished-at="2018-11-19T12:20:27Z">
          <reporter-output>
          </reporter-output>
        </test-method> <!-- TCED14310 -->
        <test-method status="PASS" signature="TCED14311()[pri:11, instance:com.analyzeByScore.Local_Assessment_AnalyzeByTag@13ad2d6]" name="TCED14311" duration-ms="1129" started-at="2018-11-19T12:20:27Z" finished-at="2018-11-19T12:20:28Z">
          <reporter-output>
          </reporter-output>
        </test-method> <!-- TCED14311 -->
        <test-method status="PASS" signature="TCED14312()[pri:12, instance:com.analyzeByScore.Local_Assessment_AnalyzeByTag@13ad2d6]" name="TCED14312" duration-ms="6466" started-at="2018-11-19T12:20:28Z" finished-at="2018-11-19T12:20:34Z">
          <reporter-output>
          </reporter-output>
        </test-method> <!-- TCED14312 -->
        <test-method status="PASS" signature="TCED14313()[pri:13, instance:com.analyzeByScore.Local_Assessment_AnalyzeByTag@13ad2d6]" name="TCED14313" duration-ms="11237" started-at="2018-11-19T12:20:34Z" finished-at="2018-11-19T12:20:46Z">
          <reporter-output>
          </reporter-output>
        </test-method> <!-- TCED14313 -->
        <test-method status="PASS" signature="TCED14314()[pri:14, instance:com.analyzeByScore.Local_Assessment_AnalyzeByTag@13ad2d6]" name="TCED14314" duration-ms="11511" started-at="2018-11-19T12:20:46Z" finished-at="2018-11-19T12:20:57Z">
          <reporter-output>
          </reporter-output>
        </test-method> <!-- TCED14314 -->
        <test-method status="PASS" signature="TCED14315()[pri:15, instance:com.analyzeByScore.Local_Assessment_AnalyzeByTag@13ad2d6]" name="TCED14315" duration-ms="13145" started-at="2018-11-19T12:20:57Z" finished-at="2018-11-19T12:21:10Z">
          <reporter-output>
          </reporter-output>
        </test-method> <!-- TCED14315 -->
        <test-method status="PASS" signature="TCED14316()[pri:16, instance:com.analyzeByScore.Local_Assessment_AnalyzeByTag@13ad2d6]" name="TCED14316" duration-ms="13332" started-at="2018-11-19T12:21:10Z" finished-at="2018-11-19T12:21:24Z">
          <reporter-output>
          </reporter-output>
        </test-method> <!-- TCED14316 -->
        <test-method status="PASS" signature="TCED14317()[pri:17, instance:com.analyzeByScore.Local_Assessment_AnalyzeByTag@13ad2d6]" name="TCED14317" duration-ms="7241" started-at="2018-11-19T12:21:24Z" finished-at="2018-11-19T12:21:31Z">
          <reporter-output>
          </reporter-output>
        </test-method> <!-- TCED14317 -->
        <test-method status="PASS" signature="TCED14318()[pri:18, instance:com.analyzeByScore.Local_Assessment_AnalyzeByTag@13ad2d6]" name="TCED14318" duration-ms="1325" started-at="2018-11-19T12:21:31Z" finished-at="2018-11-19T12:21:32Z">
          <reporter-output>
          </reporter-output>
        </test-method> <!-- TCED14318 -->
        <test-method status="PASS" signature="TCED14319()[pri:19, instance:com.analyzeByScore.Local_Assessment_AnalyzeByTag@13ad2d6]" name="TCED14319" duration-ms="8409" started-at="2018-11-19T12:21:32Z" finished-at="2018-11-19T12:21:40Z">
          <reporter-output>
          </reporter-output>
        </test-method> <!-- TCED14319 -->
        <test-method status="PASS" signature="TCED14320()[pri:20, instance:com.analyzeByScore.Local_Assessment_AnalyzeByTag@13ad2d6]" name="TCED14320" duration-ms="9768" started-at="2018-11-19T12:21:40Z" finished-at="2018-11-19T12:21:50Z">
          <reporter-output>
          </reporter-output>
        </test-method> <!-- TCED14320 -->
        <test-method status="PASS" signature="TCED14321()[pri:21, instance:com.analyzeByScore.Local_Assessment_AnalyzeByTag@13ad2d6]" name="TCED14321" duration-ms="8505" started-at="2018-11-19T12:21:50Z" finished-at="2018-11-19T12:21:59Z">
          <reporter-output>
          </reporter-output>
        </test-method> <!-- TCED14321 -->
        <test-method status="PASS" signature="TCED14322()[pri:22, instance:com.analyzeByScore.Local_Assessment_AnalyzeByTag@13ad2d6]" name="TCED14322" duration-ms="9710" started-at="2018-11-19T12:21:59Z" finished-at="2018-11-19T12:22:08Z">
          <reporter-output>
          </reporter-output>
        </test-method> <!-- TCED14322 -->
        <test-method status="PASS" signature="TCED14323()[pri:23, instance:com.analyzeByScore.Local_Assessment_AnalyzeByTag@13ad2d6]" name="TCED14323" duration-ms="11123" started-at="2018-11-19T12:22:08Z" finished-at="2018-11-19T12:22:20Z">
          <reporter-output>
          </reporter-output>
        </test-method> <!-- TCED14323 -->
        <test-method status="PASS" signature="TCED14324()[pri:24, instance:com.analyzeByScore.Local_Assessment_AnalyzeByTag@13ad2d6]" name="TCED14324" duration-ms="14698" started-at="2018-11-19T12:22:20Z" finished-at="2018-11-19T12:22:34Z">
          <reporter-output>
          </reporter-output>
        </test-method> <!-- TCED14324 -->
        <test-method status="PASS" signature="TCED14325()[pri:25, instance:com.analyzeByScore.Local_Assessment_AnalyzeByTag@13ad2d6]" name="TCED14325" duration-ms="8934" started-at="2018-11-19T12:22:34Z" finished-at="2018-11-19T12:22:43Z">
          <reporter-output>
          </reporter-output>
        </test-method> <!-- TCED14325 -->
        <test-method status="PASS" signature="TCED14326()[pri:26, instance:com.analyzeByScore.Local_Assessment_AnalyzeByTag@13ad2d6]" name="TCED14326" duration-ms="17911" started-at="2018-11-19T12:22:43Z" finished-at="2018-11-19T12:23:01Z">
          <reporter-output>
          </reporter-output>
        </test-method> <!-- TCED14326 -->
        <test-method status="PASS" signature="TCED14327()[pri:27, instance:com.analyzeByScore.Local_Assessment_AnalyzeByTag@13ad2d6]" name="TCED14327" duration-ms="54650" started-at="2018-11-19T12:23:01Z" finished-at="2018-11-19T12:23:56Z">
          <reporter-output>
          </reporter-output>
        </test-method> <!-- TCED14327 -->
        <test-method status="PASS" signature="tearDown()[pri:0, instance:com.analyzeByScore.Local_Assessment_AnalyzeByTag@13ad2d6]" name="tearDown" is-config="true" duration-ms="0" started-at="2018-11-19T12:23:56Z" finished-at="2018-11-19T12:23:56Z">
          <reporter-output>
          </reporter-output>
        </test-method> <!-- tearDown -->
      </class> <!-- com.analyzeByScore.Local_Assessment_AnalyzeByTag -->
    </test> <!-- Default test -->
  </suite> <!-- Default suite -->
</testng-results>
