<?xml version="1.0" encoding="UTF-8"?>
<testng-results skipped="0" failed="0" total="24" passed="24">
  <reporter-output>
  </reporter-output>
  <suite name="Default suite" duration-ms="340828" started-at="2018-11-28T11:33:56Z" finished-at="2018-11-28T11:39:37Z">
    <groups>
    </groups>
    <test name="Default test" duration-ms="340828" started-at="2018-11-28T11:33:56Z" finished-at="2018-11-28T11:39:37Z">
      <class name="com.analyzeByScore.ItemAnalysisbyQuestion">
        <test-method status="PASS" signature="setup1()[pri:0, instance:com.analyzeByScore.ItemAnalysisbyQuestion@271053e1]" name="setup1" is-config="true" duration-ms="10835" started-at="2018-11-28T17:03:56Z" finished-at="2018-11-28T17:04:07Z">
          <reporter-output>
          </reporter-output>
        </test-method> <!-- setup1 -->
        <test-method status="PASS" signature="TCED14081()[pri:1, instance:com.analyzeByScore.ItemAnalysisbyQuestion@271053e1]" name="TCED14081" duration-ms="11911" started-at="2018-11-28T17:04:07Z" finished-at="2018-11-28T17:04:19Z">
          <reporter-output>
          </reporter-output>
        </test-method> <!-- TCED14081 -->
        <test-method status="PASS" signature="TCED14082()[pri:2, instance:com.analyzeByScore.ItemAnalysisbyQuestion@271053e1]" name="TCED14082" duration-ms="135" started-at="2018-11-28T17:04:19Z" finished-at="2018-11-28T17:04:19Z">
          <reporter-output>
          </reporter-output>
        </test-method> <!-- TCED14082 -->
        <test-method status="PASS" signature="TCED14083()[pri:3, instance:com.analyzeByScore.ItemAnalysisbyQuestion@271053e1]" name="TCED14083" duration-ms="850" started-at="2018-11-28T17:04:19Z" finished-at="2018-11-28T17:04:20Z">
          <reporter-output>
          </reporter-output>
        </test-method> <!-- TCED14083 -->
        <test-method status="PASS" signature="TCED14084()[pri:4, instance:com.analyzeByScore.ItemAnalysisbyQuestion@271053e1]" name="TCED14084" duration-ms="1062" started-at="2018-11-28T17:04:20Z" finished-at="2018-11-28T17:04:21Z">
          <reporter-output>
          </reporter-output>
        </test-method> <!-- TCED14084 -->
        <test-method status="PASS" signature="TCED14085()[pri:5, instance:com.analyzeByScore.ItemAnalysisbyQuestion@271053e1]" name="TCED14085" duration-ms="5934" started-at="2018-11-28T17:04:21Z" finished-at="2018-11-28T17:04:27Z">
          <reporter-output>
          </reporter-output>
        </test-method> <!-- TCED14085 -->
        <test-method status="PASS" signature="TCED14086()[pri:6, instance:com.analyzeByScore.ItemAnalysisbyQuestion@271053e1]" name="TCED14086" duration-ms="6045" started-at="2018-11-28T17:04:27Z" finished-at="2018-11-28T17:04:33Z">
          <reporter-output>
          </reporter-output>
        </test-method> <!-- TCED14086 -->
        <test-method status="PASS" signature="TCED14087()[pri:7, instance:com.analyzeByScore.ItemAnalysisbyQuestion@271053e1]" name="TCED14087" duration-ms="6089" started-at="2018-11-28T17:04:33Z" finished-at="2018-11-28T17:04:39Z">
          <reporter-output>
          </reporter-output>
        </test-method> <!-- TCED14087 -->
        <test-method status="PASS" signature="TCED14088()[pri:8, instance:com.analyzeByScore.ItemAnalysisbyQuestion@271053e1]" name="TCED14088" duration-ms="9382" started-at="2018-11-28T17:04:39Z" finished-at="2018-11-28T17:04:48Z">
          <reporter-output>
          </reporter-output>
        </test-method> <!-- TCED14088 -->
        <test-method status="PASS" signature="TCED14089()[pri:9, instance:com.analyzeByScore.ItemAnalysisbyQuestion@271053e1]" name="TCED14089" duration-ms="12685" started-at="2018-11-28T17:04:48Z" finished-at="2018-11-28T17:05:01Z">
          <reporter-output>
          </reporter-output>
        </test-method> <!-- TCED14089 -->
        <test-method status="PASS" signature="TCED14090()[pri:10, instance:com.analyzeByScore.ItemAnalysisbyQuestion@271053e1]" name="TCED14090" duration-ms="1229" started-at="2018-11-28T17:05:01Z" finished-at="2018-11-28T17:05:02Z">
          <reporter-output>
          </reporter-output>
        </test-method> <!-- TCED14090 -->
        <test-method status="PASS" signature="TCED14091()[pri:11, instance:com.analyzeByScore.ItemAnalysisbyQuestion@271053e1]" name="TCED14091" duration-ms="13449" started-at="2018-11-28T17:05:02Z" finished-at="2018-11-28T17:05:16Z">
          <reporter-output>
          </reporter-output>
        </test-method> <!-- TCED14091 -->
        <test-method status="PASS" signature="TCED14092()[pri:12, instance:com.analyzeByScore.ItemAnalysisbyQuestion@271053e1]" name="TCED14092" duration-ms="12588" started-at="2018-11-28T17:05:16Z" finished-at="2018-11-28T17:05:28Z">
          <reporter-output>
          </reporter-output>
        </test-method> <!-- TCED14092 -->
        <test-method status="PASS" signature="TCED14093()[pri:13, instance:com.analyzeByScore.ItemAnalysisbyQuestion@271053e1]" name="TCED14093" duration-ms="10961" started-at="2018-11-28T17:05:28Z" finished-at="2018-11-28T17:05:39Z">
          <reporter-output>
          </reporter-output>
        </test-method> <!-- TCED14093 -->
        <test-method status="PASS" signature="TCED14094()[pri:14, instance:com.analyzeByScore.ItemAnalysisbyQuestion@271053e1]" name="TCED14094" duration-ms="12439" started-at="2018-11-28T17:05:39Z" finished-at="2018-11-28T17:05:51Z">
          <reporter-output>
          </reporter-output>
        </test-method> <!-- TCED14094 -->
        <test-method status="PASS" signature="TCED14095()[pri:15, instance:com.analyzeByScore.ItemAnalysisbyQuestion@271053e1]" name="TCED14095" duration-ms="8086" started-at="2018-11-28T17:05:51Z" finished-at="2018-11-28T17:06:00Z">
          <reporter-output>
          </reporter-output>
        </test-method> <!-- TCED14095 -->
        <test-method status="PASS" signature="TCED14096()[pri:16, instance:com.analyzeByScore.ItemAnalysisbyQuestion@271053e1]" name="TCED14096" duration-ms="1343" started-at="2018-11-28T17:06:00Z" finished-at="2018-11-28T17:06:01Z">
          <reporter-output>
          </reporter-output>
        </test-method> <!-- TCED14096 -->
        <test-method status="PASS" signature="TCED14097()[pri:17, instance:com.analyzeByScore.ItemAnalysisbyQuestion@271053e1]" name="TCED14097" duration-ms="9925" started-at="2018-11-28T17:06:01Z" finished-at="2018-11-28T17:06:11Z">
          <reporter-output>
          </reporter-output>
        </test-method> <!-- TCED14097 -->
        <test-method status="PASS" signature="TCED14098()[pri:18, instance:com.analyzeByScore.ItemAnalysisbyQuestion@271053e1]" name="TCED14098" duration-ms="10524" started-at="2018-11-28T17:06:11Z" finished-at="2018-11-28T17:06:21Z">
          <reporter-output>
          </reporter-output>
        </test-method> <!-- TCED14098 -->
        <test-method status="PASS" signature="TCED14099()[pri:19, instance:com.analyzeByScore.ItemAnalysisbyQuestion@271053e1]" name="TCED14099" duration-ms="9639" started-at="2018-11-28T17:06:21Z" finished-at="2018-11-28T17:06:31Z">
          <reporter-output>
          </reporter-output>
        </test-method> <!-- TCED14099 -->
        <test-method status="PASS" signature="TCED14100()[pri:20, instance:com.analyzeByScore.ItemAnalysisbyQuestion@271053e1]" name="TCED14100" duration-ms="9093" started-at="2018-11-28T17:06:31Z" finished-at="2018-11-28T17:06:40Z">
          <reporter-output>
          </reporter-output>
        </test-method> <!-- TCED14100 -->
        <test-method status="PASS" signature="TCED14101()[pri:21, instance:com.analyzeByScore.ItemAnalysisbyQuestion@271053e1]" name="TCED14101" duration-ms="14998" started-at="2018-11-28T17:06:40Z" finished-at="2018-11-28T17:06:55Z">
          <reporter-output>
          </reporter-output>
        </test-method> <!-- TCED14101 -->
        <test-method status="PASS" signature="TCED14102()[pri:22, instance:com.analyzeByScore.ItemAnalysisbyQuestion@271053e1]" name="TCED14102" duration-ms="17349" started-at="2018-11-28T17:06:55Z" finished-at="2018-11-28T17:07:12Z">
          <reporter-output>
          </reporter-output>
        </test-method> <!-- TCED14102 -->
        <test-method status="PASS" signature="TCED14103()[pri:23, instance:com.analyzeByScore.ItemAnalysisbyQuestion@271053e1]" name="TCED14103" duration-ms="33422" started-at="2018-11-28T17:07:12Z" finished-at="2018-11-28T17:07:46Z">
          <reporter-output>
          </reporter-output>
        </test-method> <!-- TCED14103 -->
        <test-method status="PASS" signature="TCED14104()[pri:24, instance:com.analyzeByScore.ItemAnalysisbyQuestion@271053e1]" name="TCED14104" duration-ms="110806" started-at="2018-11-28T17:07:46Z" finished-at="2018-11-28T17:09:37Z">
          <reporter-output>
          </reporter-output>
        </test-method> <!-- TCED14104 -->
        <test-method status="PASS" signature="tearDown()[pri:0, instance:com.analyzeByScore.ItemAnalysisbyQuestion@271053e1]" name="tearDown" is-config="true" duration-ms="0" started-at="2018-11-28T17:09:37Z" finished-at="2018-11-28T17:09:37Z">
          <reporter-output>
          </reporter-output>
        </test-method> <!-- tearDown -->
      </class> <!-- com.analyzeByScore.ItemAnalysisbyQuestion -->
    </test> <!-- Default test -->
  </suite> <!-- Default suite -->
</testng-results>
