<?xml version="1.0" encoding="UTF-8"?>
<testng-results skipped="0" failed="0" ignored="0" total="10" passed="10">
  <reporter-output>
  </reporter-output>
  <suite name="Suite" duration-ms="40798" started-at="2018-10-16T10:56:38Z" finished-at="2018-10-16T10:57:19Z">
    <groups>
    </groups>
    <test name="Test" duration-ms="40798" started-at="2018-10-16T10:56:38Z" finished-at="2018-10-16T10:57:19Z">
      <class name="com.localassessment.Score_Class_Results_Online">
        <test-method status="PASS" signature="setup1()[pri:0, instance:com.localassessment.Score_Class_Results_Online@7cbd213e]" name="setup1" is-config="true" duration-ms="9448" started-at="2018-10-16T10:56:38Z" finished-at="2018-10-16T10:56:47Z">
          <reporter-output>
          </reporter-output>
        </test-method> <!-- setup1 -->
        <test-method status="PASS" signature="TCED13021()[pri:0, instance:com.localassessment.Score_Class_Results_Online@7cbd213e]" name="TCED13021" duration-ms="6943" started-at="2018-10-16T10:56:47Z" finished-at="2018-10-16T10:56:54Z">
          <reporter-output>
          </reporter-output>
        </test-method> <!-- TCED13021 -->
        <test-method status="PASS" signature="TCED13022()[pri:1, instance:com.localassessment.Score_Class_Results_Online@7cbd213e]" name="TCED13022" duration-ms="7299" started-at="2018-10-16T10:56:54Z" finished-at="2018-10-16T10:57:02Z">
          <reporter-output>
          </reporter-output>
        </test-method> <!-- TCED13022 -->
        <test-method status="PASS" signature="TCED13023()[pri:2, instance:com.localassessment.Score_Class_Results_Online@7cbd213e]" name="TCED13023" duration-ms="406" started-at="2018-10-16T10:57:02Z" finished-at="2018-10-16T10:57:02Z">
          <reporter-output>
          </reporter-output>
        </test-method> <!-- TCED13023 -->
        <test-method status="PASS" signature="TCED13024()[pri:3, instance:com.localassessment.Score_Class_Results_Online@7cbd213e]" name="TCED13024" duration-ms="1052" started-at="2018-10-16T10:57:02Z" finished-at="2018-10-16T10:57:03Z">
          <reporter-output>
          </reporter-output>
        </test-method> <!-- TCED13024 -->
        <test-method status="PASS" signature="TCED13025()[pri:4, instance:com.localassessment.Score_Class_Results_Online@7cbd213e]" name="TCED13025" duration-ms="1181" started-at="2018-10-16T10:57:03Z" finished-at="2018-10-16T10:57:04Z">
          <reporter-output>
          </reporter-output>
        </test-method> <!-- TCED13025 -->
        <test-method status="PASS" signature="TCED13026()[pri:5, instance:com.localassessment.Score_Class_Results_Online@7cbd213e]" name="TCED13026" duration-ms="2660" started-at="2018-10-16T10:57:04Z" finished-at="2018-10-16T10:57:07Z">
          <reporter-output>
          </reporter-output>
        </test-method> <!-- TCED13026 -->
        <test-method status="PASS" signature="TCED13027()[pri:6, instance:com.localassessment.Score_Class_Results_Online@7cbd213e]" name="TCED13027" duration-ms="4056" started-at="2018-10-16T10:57:07Z" finished-at="2018-10-16T10:57:11Z">
          <reporter-output>
          </reporter-output>
        </test-method> <!-- TCED13027 -->
        <test-method status="PASS" signature="TCED13028()[pri:7, instance:com.localassessment.Score_Class_Results_Online@7cbd213e]" name="TCED13028" duration-ms="2819" started-at="2018-10-16T10:57:11Z" finished-at="2018-10-16T10:57:14Z">
          <reporter-output>
          </reporter-output>
        </test-method> <!-- TCED13028 -->
        <test-method status="PASS" signature="TCED13029()[pri:8, instance:com.localassessment.Score_Class_Results_Online@7cbd213e]" name="TCED13029" duration-ms="926" started-at="2018-10-16T10:57:14Z" finished-at="2018-10-16T10:57:15Z">
          <reporter-output>
          </reporter-output>
        </test-method> <!-- TCED13029 -->
        <test-method status="PASS" signature="TCED13030()[pri:9, instance:com.localassessment.Score_Class_Results_Online@7cbd213e]" name="TCED13030" duration-ms="3961" started-at="2018-10-16T10:57:15Z" finished-at="2018-10-16T10:57:19Z">
          <reporter-output>
          </reporter-output>
        </test-method> <!-- TCED13030 -->
        <test-method status="PASS" signature="tearDown()[pri:0, instance:com.localassessment.Score_Class_Results_Online@7cbd213e]" name="tearDown" is-config="true" duration-ms="0" started-at="2018-10-16T10:57:19Z" finished-at="2018-10-16T10:57:19Z">
          <reporter-output>
          </reporter-output>
        </test-method> <!-- tearDown -->
      </class> <!-- com.localassessment.Score_Class_Results_Online -->
    </test> <!-- Test -->
  </suite> <!-- Suite -->
</testng-results>
