<?xml version="1.0" encoding="UTF-8"?>
<testng-results skipped="0" failed="0" ignored="0" total="8" passed="8">
  <reporter-output>
  </reporter-output>
  <suite name="Suite" duration-ms="176546" started-at="2018-11-15T11:48:02Z" finished-at="2018-11-15T11:50:58Z">
    <groups>
    </groups>
    <test name="Test" duration-ms="176546" started-at="2018-11-15T11:48:02Z" finished-at="2018-11-15T11:50:58Z">
      <class name="com.analyzeByScore.Local_Assessment_Item_Analysisby_Student">
        <test-method status="PASS" signature="setup1()[pri:0, instance:com.analyzeByScore.Local_Assessment_Item_Analysisby_Student@7cbd213e]" name="setup1" is-config="true" duration-ms="7846" started-at="2018-11-15T11:48:02Z" finished-at="2018-11-15T11:48:10Z">
          <reporter-output>
          </reporter-output>
        </test-method> <!-- setup1 -->
        <test-method status="PASS" signature="TCED14121()[pri:0, instance:com.analyzeByScore.Local_Assessment_Item_Analysisby_Student@7cbd213e]" name="TCED14121" duration-ms="6825" started-at="2018-11-15T11:48:10Z" finished-at="2018-11-15T11:48:17Z">
          <reporter-output>
          </reporter-output>
        </test-method> <!-- TCED14121 -->
        <test-method status="PASS" signature="TCED14122()[pri:1, instance:com.analyzeByScore.Local_Assessment_Item_Analysisby_Student@7cbd213e]" name="TCED14122" duration-ms="7136" started-at="2018-11-15T11:48:17Z" finished-at="2018-11-15T11:48:24Z">
          <reporter-output>
          </reporter-output>
        </test-method> <!-- TCED14122 -->
        <test-method status="PASS" signature="TCED14123()[pri:2, instance:com.analyzeByScore.Local_Assessment_Item_Analysisby_Student@7cbd213e]" name="TCED14123" duration-ms="355" started-at="2018-11-15T11:48:24Z" finished-at="2018-11-15T11:48:24Z">
          <reporter-output>
          </reporter-output>
        </test-method> <!-- TCED14123 -->
        <test-method status="PASS" signature="TCED14124()[pri:3, instance:com.analyzeByScore.Local_Assessment_Item_Analysisby_Student@7cbd213e]" name="TCED14124" duration-ms="2671" started-at="2018-11-15T11:48:24Z" finished-at="2018-11-15T11:48:27Z">
          <reporter-output>
          </reporter-output>
        </test-method> <!-- TCED14124 -->
        <test-method status="PASS" signature="TCED14125()[pri:4, instance:com.analyzeByScore.Local_Assessment_Item_Analysisby_Student@7cbd213e]" name="TCED14125" duration-ms="2148" started-at="2018-11-15T11:48:27Z" finished-at="2018-11-15T11:48:29Z">
          <reporter-output>
          </reporter-output>
        </test-method> <!-- TCED14125 -->
        <test-method status="PASS" signature="TCED14126()[pri:5, instance:com.analyzeByScore.Local_Assessment_Item_Analysisby_Student@7cbd213e]" name="TCED14126" duration-ms="11273" started-at="2018-11-15T11:48:29Z" finished-at="2018-11-15T11:48:40Z">
          <reporter-output>
          </reporter-output>
        </test-method> <!-- TCED14126 -->
        <test-method status="PASS" signature="TCED14127()[pri:6, instance:com.analyzeByScore.Local_Assessment_Item_Analysisby_Student@7cbd213e]" name="TCED14127" duration-ms="28068" started-at="2018-11-15T11:48:40Z" finished-at="2018-11-15T11:49:08Z">
          <reporter-output>
          </reporter-output>
        </test-method> <!-- TCED14127 -->
        <test-method status="PASS" signature="TCED14128()[pri:7, instance:com.analyzeByScore.Local_Assessment_Item_Analysisby_Student@7cbd213e]" name="TCED14128" duration-ms="110188" started-at="2018-11-15T11:49:08Z" finished-at="2018-11-15T11:50:58Z">
          <reporter-output>
          </reporter-output>
        </test-method> <!-- TCED14128 -->
        <test-method status="PASS" signature="tearDown()[pri:0, instance:com.analyzeByScore.Local_Assessment_Item_Analysisby_Student@7cbd213e]" name="tearDown" is-config="true" duration-ms="0" started-at="2018-11-15T11:50:58Z" finished-at="2018-11-15T11:50:58Z">
          <reporter-output>
          </reporter-output>
        </test-method> <!-- tearDown -->
      </class> <!-- com.analyzeByScore.Local_Assessment_Item_Analysisby_Student -->
    </test> <!-- Test -->
  </suite> <!-- Suite -->
</testng-results>
