<?xml version="1.0" encoding="UTF-8"?>
<testng-results skipped="0" failed="0" total="8" passed="8">
  <reporter-output>
  </reporter-output>
  <suite name="Default suite" duration-ms="149373" started-at="2018-10-23T06:21:21Z" finished-at="2018-10-23T06:23:51Z">
    <groups>
    </groups>
    <test name="Default test" duration-ms="149373" started-at="2018-10-23T06:21:21Z" finished-at="2018-10-23T06:23:51Z">
      <class name="com.analyzeByScore.Local_Assessment_Item_Analysisby_Student">
        <test-method status="PASS" signature="setup1()[pri:0, instance:com.analyzeByScore.Local_Assessment_Item_Analysisby_Student@11053e1]" name="setup1" is-config="true" duration-ms="23161" started-at="2018-10-23T11:51:21Z" finished-at="2018-10-23T11:51:44Z">
          <reporter-output>
          </reporter-output>
        </test-method> <!-- setup1 -->
        <test-method status="PASS" signature="TCED14121()[pri:0, instance:com.analyzeByScore.Local_Assessment_Item_Analysisby_Student@11053e1]" name="TCED14121" duration-ms="6060" started-at="2018-10-23T11:51:45Z" finished-at="2018-10-23T11:51:51Z">
          <reporter-output>
          </reporter-output>
        </test-method> <!-- TCED14121 -->
        <test-method status="PASS" signature="TCED14122()[pri:1, instance:com.analyzeByScore.Local_Assessment_Item_Analysisby_Student@11053e1]" name="TCED14122" duration-ms="6297" started-at="2018-10-23T11:51:51Z" finished-at="2018-10-23T11:51:57Z">
          <reporter-output>
          </reporter-output>
        </test-method> <!-- TCED14122 -->
        <test-method status="PASS" signature="TCED14123()[pri:2, instance:com.analyzeByScore.Local_Assessment_Item_Analysisby_Student@11053e1]" name="TCED14123" duration-ms="321" started-at="2018-10-23T11:51:57Z" finished-at="2018-10-23T11:51:57Z">
          <reporter-output>
          </reporter-output>
        </test-method> <!-- TCED14123 -->
        <test-method status="PASS" signature="TCED14124()[pri:3, instance:com.analyzeByScore.Local_Assessment_Item_Analysisby_Student@11053e1]" name="TCED14124" duration-ms="2493" started-at="2018-10-23T11:51:57Z" finished-at="2018-10-23T11:52:00Z">
          <reporter-output>
          </reporter-output>
        </test-method> <!-- TCED14124 -->
        <test-method status="PASS" signature="TCED14125()[pri:4, instance:com.analyzeByScore.Local_Assessment_Item_Analysisby_Student@11053e1]" name="TCED14125" duration-ms="2274" started-at="2018-10-23T11:52:00Z" finished-at="2018-10-23T11:52:02Z">
          <reporter-output>
          </reporter-output>
        </test-method> <!-- TCED14125 -->
        <test-method status="PASS" signature="TCED14126()[pri:5, instance:com.analyzeByScore.Local_Assessment_Item_Analysisby_Student@11053e1]" name="TCED14126" duration-ms="11504" started-at="2018-10-23T11:52:02Z" finished-at="2018-10-23T11:52:13Z">
          <reporter-output>
          </reporter-output>
        </test-method> <!-- TCED14126 -->
        <test-method status="PASS" signature="TCED14127()[pri:6, instance:com.analyzeByScore.Local_Assessment_Item_Analysisby_Student@11053e1]" name="TCED14127" duration-ms="28245" started-at="2018-10-23T11:52:13Z" finished-at="2018-10-23T11:52:42Z">
          <reporter-output>
          </reporter-output>
        </test-method> <!-- TCED14127 -->
        <test-method status="PASS" signature="TCED14128()[pri:7, instance:com.analyzeByScore.Local_Assessment_Item_Analysisby_Student@11053e1]" name="TCED14128" duration-ms="68977" started-at="2018-10-23T11:52:42Z" finished-at="2018-10-23T11:53:51Z">
          <reporter-output>
          </reporter-output>
        </test-method> <!-- TCED14128 -->
        <test-method status="PASS" signature="tearDown()[pri:0, instance:com.analyzeByScore.Local_Assessment_Item_Analysisby_Student@11053e1]" name="tearDown" is-config="true" duration-ms="0" started-at="2018-10-23T11:53:51Z" finished-at="2018-10-23T11:53:51Z">
          <reporter-output>
          </reporter-output>
        </test-method> <!-- tearDown -->
      </class> <!-- com.analyzeByScore.Local_Assessment_Item_Analysisby_Student -->
    </test> <!-- Default test -->
  </suite> <!-- Default suite -->
</testng-results>
