<?xml version="1.0" encoding="UTF-8"?>
<testng-results skipped="0" failed="1" total="11" passed="10">
  <reporter-output>
  </reporter-output>
  <suite name="Default suite" duration-ms="67065" started-at="2018-11-14T11:07:39Z" finished-at="2018-11-14T11:08:46Z">
    <groups>
    </groups>
    <test name="Default test" duration-ms="67065" started-at="2018-11-14T11:07:39Z" finished-at="2018-11-14T11:08:46Z">
      <class name="com.MTSS.Meeting_History_Report">
        <test-method status="PASS" signature="setup1()[pri:0, instance:com.MTSS.Meeting_History_Report@1686d1f]" name="setup1" is-config="true" duration-ms="10570" started-at="2018-11-14T16:37:39Z" finished-at="2018-11-14T16:37:50Z">
          <reporter-output>
          </reporter-output>
        </test-method> <!-- setup1 -->
        <test-method status="PASS" signature="TCED22501()[pri:1, instance:com.MTSS.Meeting_History_Report@1686d1f]" name="TCED22501" duration-ms="8539" started-at="2018-11-14T16:37:50Z" finished-at="2018-11-14T16:37:58Z">
          <reporter-output>
          </reporter-output>
        </test-method> <!-- TCED22501 -->
        <test-method status="PASS" signature="TCED22502()[pri:2, instance:com.MTSS.Meeting_History_Report@1686d1f]" name="TCED22502" duration-ms="278" started-at="2018-11-14T16:37:58Z" finished-at="2018-11-14T16:37:58Z">
          <reporter-output>
          </reporter-output>
        </test-method> <!-- TCED22502 -->
        <test-method status="PASS" signature="TCED22503()[pri:3, instance:com.MTSS.Meeting_History_Report@1686d1f]" name="TCED22503" duration-ms="1084" started-at="2018-11-14T16:37:58Z" finished-at="2018-11-14T16:37:59Z">
          <reporter-output>
          </reporter-output>
        </test-method> <!-- TCED22503 -->
        <test-method status="PASS" signature="TCED22504()[pri:4, instance:com.MTSS.Meeting_History_Report@1686d1f]" name="TCED22504" duration-ms="64" started-at="2018-11-14T16:37:59Z" finished-at="2018-11-14T16:38:00Z">
          <reporter-output>
          </reporter-output>
        </test-method> <!-- TCED22504 -->
        <test-method status="PASS" signature="TCED22505()[pri:5, instance:com.MTSS.Meeting_History_Report@1686d1f]" name="TCED22505" duration-ms="321" started-at="2018-11-14T16:38:00Z" finished-at="2018-11-14T16:38:00Z">
          <reporter-output>
          </reporter-output>
        </test-method> <!-- TCED22505 -->
        <test-method status="PASS" signature="TCED22506()[pri:6, instance:com.MTSS.Meeting_History_Report@1686d1f]" name="TCED22506" duration-ms="11266" started-at="2018-11-14T16:38:00Z" finished-at="2018-11-14T16:38:11Z">
          <reporter-output>
          </reporter-output>
        </test-method> <!-- TCED22506 -->
        <test-method status="PASS" signature="TCED22507()[pri:7, instance:com.MTSS.Meeting_History_Report@1686d1f]" name="TCED22507" duration-ms="11298" started-at="2018-11-14T16:38:11Z" finished-at="2018-11-14T16:38:22Z">
          <reporter-output>
          </reporter-output>
        </test-method> <!-- TCED22507 -->
        <test-method status="PASS" signature="TCED22508()[pri:8, instance:com.MTSS.Meeting_History_Report@1686d1f]" name="TCED22508" duration-ms="2134" started-at="2018-11-14T16:38:22Z" finished-at="2018-11-14T16:38:25Z">
          <reporter-output>
          </reporter-output>
        </test-method> <!-- TCED22508 -->
        <test-method status="PASS" signature="TCED22509()[pri:9, instance:com.MTSS.Meeting_History_Report@1686d1f]" name="TCED22509" duration-ms="1090" started-at="2018-11-14T16:38:25Z" finished-at="2018-11-14T16:38:26Z">
          <reporter-output>
          </reporter-output>
        </test-method> <!-- TCED22509 -->
        <test-method status="PASS" signature="TCED22510()[pri:10, instance:com.MTSS.Meeting_History_Report@1686d1f]" name="TCED22510" duration-ms="1258" started-at="2018-11-14T16:38:26Z" finished-at="2018-11-14T16:38:27Z">
          <reporter-output>
          </reporter-output>
        </test-method> <!-- TCED22510 -->
        <test-method status="FAIL" signature="TCED22511()[pri:11, instance:com.MTSS.Meeting_History_Report@1686d1f]" name="TCED22511" duration-ms="19126" started-at="2018-11-14T16:38:27Z" finished-at="2018-11-14T16:38:46Z">
          <exception class="java.lang.AssertionError">
            <message>
              <![CDATA[Could not find any element matching '//*[@id='ctl00_MainContent_lblProviderLevel']']]>
            </message>
            <full-stacktrace>
              <![CDATA[java.lang.AssertionError: Could not find any element matching '//*[@id='ctl00_MainContent_lblProviderLevel']'
	at Library.BaseClassOne.find(BaseClassOne.java:226)
	at Library.BaseClassOne.getText(BaseClassOne.java:396)
	at Library.BaseClassOne.getText(BaseClassOne.java:346)
	at com.MTSS.Meeting_History_Report.TCED22511(Meeting_History_Report.java:354)
	at sun.reflect.NativeMethodAccessorImpl.invoke0(Native Method)
	at sun.reflect.NativeMethodAccessorImpl.invoke(NativeMethodAccessorImpl.java:62)
	at sun.reflect.DelegatingMethodAccessorImpl.invoke(DelegatingMethodAccessorImpl.java:43)
	at java.lang.reflect.Method.invoke(Method.java:498)
	at org.testng.internal.MethodInvocationHelper.invokeMethod(MethodInvocationHelper.java:100)
	at org.testng.internal.Invoker.invokeMethod(Invoker.java:646)
	at org.testng.internal.Invoker.invokeTestMethod(Invoker.java:811)
	at org.testng.internal.Invoker.invokeTestMethods(Invoker.java:1137)
	at org.testng.internal.TestMethodWorker.invokeTestMethods(TestMethodWorker.java:129)
	at org.testng.internal.TestMethodWorker.run(TestMethodWorker.java:112)
	at org.testng.TestRunner.privateRun(TestRunner.java:753)
	at org.testng.TestRunner.run(TestRunner.java:607)
	at org.testng.SuiteRunner.runTest(SuiteRunner.java:368)
	at org.testng.SuiteRunner.runSequentially(SuiteRunner.java:363)
	at org.testng.SuiteRunner.privateRun(SuiteRunner.java:321)
	at org.testng.SuiteRunner.run(SuiteRunner.java:270)
	at org.testng.SuiteRunnerWorker.runSuite(SuiteRunnerWorker.java:52)
	at org.testng.SuiteRunnerWorker.run(SuiteRunnerWorker.java:86)
	at org.testng.TestNG.runSuitesSequentially(TestNG.java:1284)
	at org.testng.TestNG.runSuitesLocally(TestNG.java:1209)
	at org.testng.TestNG.runSuites(TestNG.java:1124)
	at org.testng.TestNG.run(TestNG.java:1096)
	at org.testng.remote.AbstractRemoteTestNG.run(AbstractRemoteTestNG.java:132)
	at org.testng.remote.RemoteTestNG.initAndRun(RemoteTestNG.java:236)
	at org.testng.remote.RemoteTestNG.main(RemoteTestNG.java:81)
]]>
            </full-stacktrace>
          </exception> <!-- java.lang.AssertionError -->
          <reporter-output>
          </reporter-output>
        </test-method> <!-- TCED22511 -->
        <test-method status="PASS" signature="tearDown()[pri:0, instance:com.MTSS.Meeting_History_Report@1686d1f]" name="tearDown" is-config="true" duration-ms="0" started-at="2018-11-14T16:38:46Z" finished-at="2018-11-14T16:38:46Z">
          <reporter-output>
          </reporter-output>
        </test-method> <!-- tearDown -->
      </class> <!-- com.MTSS.Meeting_History_Report -->
    </test> <!-- Default test -->
  </suite> <!-- Default suite -->
</testng-results>
