<?xml version="1.0" encoding="UTF-8"?>
<testng-results skipped="0" failed="0" ignored="0" total="1" passed="1">
  <reporter-output>
  </reporter-output>
  <suite name="Default suite" duration-ms="49423" started-at="2018-10-11T09:51:47Z" finished-at="2018-10-11T09:52:37Z">
    <groups>
    </groups>
    <test name="Default test" duration-ms="49423" started-at="2018-10-11T09:51:47Z" finished-at="2018-10-11T09:52:37Z">
      <class name="com.Home.Grades">
        <test-method status="PASS" signature="setup1()[pri:0, instance:com.Home.Grades@52f759d7]" name="setup1" is-config="true" duration-ms="24109" started-at="2018-10-11T09:51:47Z" finished-at="2018-10-11T09:52:11Z">
          <reporter-output>
          </reporter-output>
        </test-method> <!-- setup1 -->
        <test-method status="PASS" signature="TCED34508()[pri:1, instance:com.Home.Grades@52f759d7]" name="TCED34508" duration-ms="25282" started-at="2018-10-11T09:52:11Z" finished-at="2018-10-11T09:52:37Z">
          <reporter-output>
          </reporter-output>
        </test-method> <!-- TCED34508 -->
        <test-method status="PASS" signature="tearDown()[pri:0, instance:com.Home.Grades@52f759d7]" name="tearDown" is-config="true" duration-ms="0" started-at="2018-10-11T09:52:37Z" finished-at="2018-10-11T09:52:37Z">
          <reporter-output>
          </reporter-output>
        </test-method> <!-- tearDown -->
      </class> <!-- com.Home.Grades -->
    </test> <!-- Default test -->
  </suite> <!-- Default suite -->
</testng-results>
