<?xml version="1.0" encoding="UTF-8"?>
<testng-results skipped="0" failed="0" total="15" passed="15">
  <reporter-output>
  </reporter-output>
  <suite name="Default suite" duration-ms="106095" started-at="2018-11-19T12:45:23Z" finished-at="2018-11-19T12:47:09Z">
    <groups>
    </groups>
    <test name="Default test" duration-ms="106095" started-at="2018-11-19T12:45:23Z" finished-at="2018-11-19T12:47:09Z">
      <class name="com.Home.Student_Building_Grade_Lists">
        <test-method status="PASS" signature="setup1()[pri:0, instance:com.Home.Student_Building_Grade_Lists@1686d1f]" name="setup1" is-config="true" duration-ms="22637" started-at="2018-11-19T18:15:23Z" finished-at="2018-11-19T18:15:45Z">
          <reporter-output>
          </reporter-output>
        </test-method> <!-- setup1 -->
        <test-method status="PASS" signature="TCED33201()[pri:1, instance:com.Home.Student_Building_Grade_Lists@1686d1f]" name="TCED33201" duration-ms="9176" started-at="2018-11-19T18:15:45Z" finished-at="2018-11-19T18:15:54Z">
          <reporter-output>
          </reporter-output>
        </test-method> <!-- TCED33201 -->
        <test-method status="PASS" signature="TCED33202()[pri:2, instance:com.Home.Student_Building_Grade_Lists@1686d1f]" name="TCED33202" duration-ms="445" started-at="2018-11-19T18:15:54Z" finished-at="2018-11-19T18:15:55Z">
          <reporter-output>
          </reporter-output>
        </test-method> <!-- TCED33202 -->
        <test-method status="PASS" signature="TCED33203()[pri:3, instance:com.Home.Student_Building_Grade_Lists@1686d1f]" name="TCED33203" duration-ms="5543" started-at="2018-11-19T18:15:55Z" finished-at="2018-11-19T18:16:00Z">
          <reporter-output>
          </reporter-output>
        </test-method> <!-- TCED33203 -->
        <test-method status="PASS" signature="TCED33204()[pri:4, instance:com.Home.Student_Building_Grade_Lists@1686d1f]" name="TCED33204" duration-ms="363" started-at="2018-11-19T18:16:00Z" finished-at="2018-11-19T18:16:01Z">
          <reporter-output>
          </reporter-output>
        </test-method> <!-- TCED33204 -->
        <test-method status="PASS" signature="TCED33205()[pri:5, instance:com.Home.Student_Building_Grade_Lists@1686d1f]" name="TCED33205" duration-ms="11317" started-at="2018-11-19T18:16:01Z" finished-at="2018-11-19T18:16:12Z">
          <reporter-output>
          </reporter-output>
        </test-method> <!-- TCED33205 -->
        <test-method status="PASS" signature="TCED33206()[pri:6, instance:com.Home.Student_Building_Grade_Lists@1686d1f]" name="TCED33206" duration-ms="11281" started-at="2018-11-19T18:16:12Z" finished-at="2018-11-19T18:16:23Z">
          <reporter-output>
          </reporter-output>
        </test-method> <!-- TCED33206 -->
        <test-method status="PASS" signature="TCED33207()[pri:7, instance:com.Home.Student_Building_Grade_Lists@1686d1f]" name="TCED33207" duration-ms="2115" started-at="2018-11-19T18:16:23Z" finished-at="2018-11-19T18:16:26Z">
          <reporter-output>
          </reporter-output>
        </test-method> <!-- TCED33207 -->
        <test-method status="PASS" signature="TCED33208()[pri:8, instance:com.Home.Student_Building_Grade_Lists@1686d1f]" name="TCED33208" duration-ms="1094" started-at="2018-11-19T18:16:26Z" finished-at="2018-11-19T18:16:27Z">
          <reporter-output>
          </reporter-output>
        </test-method> <!-- TCED33208 -->
        <test-method status="PASS" signature="TCED33209()[pri:9, instance:com.Home.Student_Building_Grade_Lists@1686d1f]" name="TCED33209" duration-ms="4198" started-at="2018-11-19T18:16:27Z" finished-at="2018-11-19T18:16:31Z">
          <reporter-output>
          </reporter-output>
        </test-method> <!-- TCED33209 -->
        <test-method status="PASS" signature="TCED33210()[pri:10, instance:com.Home.Student_Building_Grade_Lists@1686d1f]" name="TCED33210" duration-ms="193" started-at="2018-11-19T18:16:31Z" finished-at="2018-11-19T18:16:31Z">
          <reporter-output>
          </reporter-output>
        </test-method> <!-- TCED33210 -->
        <test-method status="PASS" signature="TCED33211()[pri:11, instance:com.Home.Student_Building_Grade_Lists@1686d1f]" name="TCED33211" duration-ms="11261" started-at="2018-11-19T18:16:31Z" finished-at="2018-11-19T18:16:42Z">
          <reporter-output>
          </reporter-output>
        </test-method> <!-- TCED33211 -->
        <test-method status="PASS" signature="TCED33212()[pri:12, instance:com.Home.Student_Building_Grade_Lists@1686d1f]" name="TCED33212" duration-ms="11300" started-at="2018-11-19T18:16:42Z" finished-at="2018-11-19T18:16:54Z">
          <reporter-output>
          </reporter-output>
        </test-method> <!-- TCED33212 -->
        <test-method status="PASS" signature="TCED33213()[pri:13, instance:com.Home.Student_Building_Grade_Lists@1686d1f]" name="TCED33213" duration-ms="2182" started-at="2018-11-19T18:16:54Z" finished-at="2018-11-19T18:16:56Z">
          <reporter-output>
          </reporter-output>
        </test-method> <!-- TCED33213 -->
        <test-method status="PASS" signature="TCED33214()[pri:14, instance:com.Home.Student_Building_Grade_Lists@1686d1f]" name="TCED33214" duration-ms="1060" started-at="2018-11-19T18:16:56Z" finished-at="2018-11-19T18:16:57Z">
          <reporter-output>
          </reporter-output>
        </test-method> <!-- TCED33214 -->
        <test-method status="PASS" signature="TCED33215()[pri:15, instance:com.Home.Student_Building_Grade_Lists@1686d1f]" name="TCED33215" duration-ms="11871" started-at="2018-11-19T18:16:57Z" finished-at="2018-11-19T18:17:09Z">
          <reporter-output>
          </reporter-output>
        </test-method> <!-- TCED33215 -->
        <test-method status="PASS" signature="tearDown()[pri:0, instance:com.Home.Student_Building_Grade_Lists@1686d1f]" name="tearDown" is-config="true" duration-ms="0" started-at="2018-11-19T18:17:09Z" finished-at="2018-11-19T18:17:09Z">
          <reporter-output>
          </reporter-output>
        </test-method> <!-- tearDown -->
      </class> <!-- com.Home.Student_Building_Grade_Lists -->
    </test> <!-- Default test -->
  </suite> <!-- Default suite -->
</testng-results>
