<?xml version="1.0" encoding="UTF-8"?>
<!-- Generated by org.testng.reporters.JUnitXMLReporter -->
<testsuite hostname="Vofox-Sebastian" ignored="0" name="Test" tests="5" failures="0" timestamp="31 Oct 2018 12:36:35 GMT" time="49.747" errors="0">
  <testcase name="TCED28101" time="10.627" classname="com.curriculum.Batch_Print"/>
  <testcase name="TCED28102" time="1.42" classname="com.curriculum.Batch_Print"/>
  <testcase name="TCED28103" time="5.638" classname="com.curriculum.Batch_Print"/>
  <testcase name="TCED28104" time="23.533" classname="com.curriculum.Batch_Print"/>
  <testcase name="TCED28105" time="0.666" classname="com.curriculum.Batch_Print"/>
</testsuite> <!-- Test -->
